#
# There is insufficient memory for the Java Runtime Environment to continue.
# Native memory allocation (malloc) failed to allocate 1040336 bytes for Chunk::new
# Possible reasons:
#   The system is out of physical RAM or swap space
#   The process is running with CompressedOops enabled, and the Java Heap may be blocking the growth of the native heap
# Possible solutions:
#   Reduce memory load on the system
#   Increase physical memory or swap space
#   Check if swap backing store is full
#   Decrease Java heap size (-Xmx/-Xms)
#   Decrease number of Java threads
#   Decrease Java thread stack sizes (-Xss)
#   Set larger code cache with -XX:ReservedCodeCacheSize=
#   JVM is running with Unscaled Compressed Oops mode in which the Java heap is
#     placed in the first 4GB address space. The Java Heap base address is the
#     maximum limit for the native heap growth. Please use -XX:HeapBaseMinAddress
#     to set the Java Heap base and to place the Java Heap above 4GB virtual address.
# This output file may be truncated or incomplete.
#
#  Out of Memory Error (arena.cpp:189), pid=6196, tid=9892
#
# JRE version: OpenJDK Runtime Environment (17.0.6) (build 17.0.6+0-b2043.56-9586694)
# Java VM: OpenJDK 64-Bit Server VM (17.0.6+0-b2043.56-9586694, mixed mode, tiered, compressed oops, compressed class ptrs, g1 gc, windows-amd64)
# No core dump will be written. Minidumps are not enabled by default on client versions of Windows
#

---------------  S U M M A R Y ------------

Command Line: --add-opens=java.base/java.util=ALL-UNNAMED --add-opens=java.base/java.lang=ALL-UNNAMED --add-opens=java.base/java.lang.invoke=ALL-UNNAMED --add-opens=java.prefs/java.util.prefs=ALL-UNNAMED --add-opens=java.base/java.nio.charset=ALL-UNNAMED --add-opens=java.base/java.net=ALL-UNNAMED --add-opens=java.base/java.util.concurrent.atomic=ALL-UNNAMED -Xmx2048m -Dfile.encoding=UTF-8 -Duser.country=US -Duser.language=en -Duser.variant org.gradle.launcher.daemon.bootstrap.GradleDaemon 8.0

Host: Intel(R) Core(TM) i3-2100 CPU @ 3.10GHz, 4 cores, 11G,  Windows 11 , 64 bit Build 22621 (10.0.22621.1)
Time: Sat Aug  3 18:11:33 2024 SE Asia Standard Time elapsed time: 18.660385 seconds (0d 0h 0m 18s)

---------------  T H R E A D  ---------------

Current thread (0x000001993fdd8760):  JavaThread "C2 CompilerThread1" daemon [_thread_in_native, id=9892, stack(0x000000390c500000,0x000000390c600000)]


Current CompileTask:
C2:  18660 7797       4       sun.reflect.generics.visitor.Reifier::visitClassTypeSignature (381 bytes)

Stack: [0x000000390c500000,0x000000390c600000]
Native frames: (J=compiled Java code, j=interpreted, Vv=VM code, C=native code)
V  [jvm.dll+0x683b4a]
V  [jvm.dll+0x842654]
V  [jvm.dll+0x843dfe]
V  [jvm.dll+0x844463]
V  [jvm.dll+0x249b75]
V  [jvm.dll+0xabcac]
V  [jvm.dll+0xac27c]
V  [jvm.dll+0x368802]
V  [jvm.dll+0x332f31]
V  [jvm.dll+0x3323da]
V  [jvm.dll+0x21c201]
V  [jvm.dll+0x21b621]
V  [jvm.dll+0x1a4fdd]
V  [jvm.dll+0x22b098]
V  [jvm.dll+0x229159]
V  [jvm.dll+0x7f809c]
V  [jvm.dll+0x7f25fa]
V  [jvm.dll+0x682985]
C  [ucrtbase.dll+0x29363]
C  [KERNEL32.DLL+0x1244d]
C  [ntdll.dll+0x5df88]


---------------  P R O C E S S  ---------------

Threads class SMR info:
_java_thread_list=0x000001993fd16c10, length=82, elements={
0x00000199242c7b80, 0x000001993d8acf60, 0x000001993e440140, 0x000001993e4834c0,
0x000001993e484070, 0x000001993e488a40, 0x000001993e4893f0, 0x000001993e493b60,
0x000001993e49d740, 0x000001993e49e650, 0x000001993e6004d0, 0x000001993e6057e0,
0x00000199413894f0, 0x000001993f82cc70, 0x000001993fadb730, 0x000001994086e290,
0x000001993fb72380, 0x0000019940ef08d0, 0x000001993fef5640, 0x000001993f1f7980,
0x000001993f1f5300, 0x000001993f1f4e30, 0x000001993f1f6640, 0x000001993f1f74b0,
0x000001993f1f6170, 0x000001993f1f4490, 0x000001993f1f6b10, 0x000001993f1f4960,
0x000001993f1f6fe0, 0x000001993f1f57d0, 0x0000019941ab46d0, 0x0000019941ab8a30,
0x0000019941ababe0, 0x0000019941ab63b0, 0x000001993fdd8760, 0x0000019941ab98a0,
0x0000019941ab5a10, 0x0000019941ab8f00, 0x0000019941ab5ee0, 0x0000019941aba240,
0x0000019941ab7220, 0x0000019941ab8090, 0x0000019941ab93d0, 0x0000019941ab76f0,
0x0000019941ab7bc0, 0x0000019941aba710, 0x0000019941abb580, 0x0000019941abba50,
0x0000019941ab4200, 0x00000199427c3ca0, 0x00000199427c54b0, 0x00000199427c6320,
0x00000199427c67f0, 0x00000199427c37d0, 0x00000199427c4170, 0x00000199427c4b10,
0x00000199427c5980, 0x00000199427c5e50, 0x00000199427c4640, 0x00000199427c2e30,
0x00000199427c3300, 0x00000199427c4fe0, 0x0000019940efc0a0, 0x0000019940efca40,
0x0000019940efcf10, 0x0000019940efebf0, 0x0000019940efb700, 0x0000019940efa3c0,
0x0000019940f00400, 0x0000019940eff590, 0x0000019940effa60, 0x0000019940efd3e0,
0x0000019940efff30, 0x0000019940efb230, 0x0000019940efbbd0, 0x0000019940efc570,
0x0000019940ef9a20, 0x0000019940efd8b0, 0x0000019940efa890, 0x0000019940efad60,
0x0000019940efdd80, 0x0000019940efe720
}

Java Threads: ( => current thread )
  0x00000199242c7b80 JavaThread "main" [_thread_blocked, id=2368, stack(0x0000003909900000,0x0000003909a00000)]
  0x000001993d8acf60 JavaThread "Reference Handler" daemon [_thread_blocked, id=3600, stack(0x000000390a000000,0x000000390a100000)]
  0x000001993e440140 JavaThread "Finalizer" daemon [_thread_blocked, id=5328, stack(0x000000390a100000,0x000000390a200000)]
  0x000001993e4834c0 JavaThread "Signal Dispatcher" daemon [_thread_blocked, id=6688, stack(0x000000390a200000,0x000000390a300000)]
  0x000001993e484070 JavaThread "Attach Listener" daemon [_thread_blocked, id=10980, stack(0x000000390a300000,0x000000390a400000)]
  0x000001993e488a40 JavaThread "Service Thread" daemon [_thread_blocked, id=9604, stack(0x000000390a400000,0x000000390a500000)]
  0x000001993e4893f0 JavaThread "Monitor Deflation Thread" daemon [_thread_blocked, id=3776, stack(0x000000390a500000,0x000000390a600000)]
  0x000001993e493b60 JavaThread "C2 CompilerThread0" daemon [_thread_in_native, id=8272, stack(0x000000390a600000,0x000000390a700000)]
  0x000001993e49d740 JavaThread "C1 CompilerThread0" daemon [_thread_blocked, id=10284, stack(0x000000390a700000,0x000000390a800000)]
  0x000001993e49e650 JavaThread "Sweeper thread" daemon [_thread_blocked, id=8008, stack(0x000000390a800000,0x000000390a900000)]
  0x000001993e6004d0 JavaThread "Common-Cleaner" daemon [_thread_blocked, id=11188, stack(0x000000390a900000,0x000000390aa00000)]
  0x000001993e6057e0 JavaThread "Notification Thread" daemon [_thread_blocked, id=9284, stack(0x000000390aa00000,0x000000390ab00000)]
  0x00000199413894f0 JavaThread "Daemon health stats" [_thread_blocked, id=10888, stack(0x000000390b000000,0x000000390b100000)]
  0x000001993f82cc70 JavaThread "Incoming local TCP Connector on port 63654" [_thread_in_native, id=6136, stack(0x000000390b100000,0x000000390b200000)]
  0x000001993fadb730 JavaThread "Daemon periodic checks" [_thread_blocked, id=2788, stack(0x000000390b200000,0x000000390b300000)]
  0x000001994086e290 JavaThread "Daemon" [_thread_blocked, id=4356, stack(0x000000390b300000,0x000000390b400000)]
  0x000001993fb72380 JavaThread "Handler for socket connection from /127.0.0.1:63654 to /127.0.0.1:63655" [_thread_in_native, id=9044, stack(0x000000390b400000,0x000000390b500000)]
  0x0000019940ef08d0 JavaThread "Cancel handler" [_thread_blocked, id=7008, stack(0x000000390b500000,0x000000390b600000)]
  0x000001993fef5640 JavaThread "Daemon worker" [_thread_in_vm, id=4412, stack(0x000000390b600000,0x000000390b700000)]
  0x000001993f1f7980 JavaThread "Asynchronous log dispatcher for DefaultDaemonConnection: socket connection from /127.0.0.1:63654 to /127.0.0.1:63655" [_thread_blocked, id=3748, stack(0x000000390b700000,0x000000390b800000)]
  0x000001993f1f5300 JavaThread "Stdin handler" [_thread_blocked, id=9472, stack(0x000000390b800000,0x000000390b900000)]
  0x000001993f1f4e30 JavaThread "Daemon client event forwarder" [_thread_blocked, id=6904, stack(0x000000390b900000,0x000000390ba00000)]
  0x000001993f1f6640 JavaThread "Cache worker for journal cache (C:\Users\Admin\.gradle\caches\journal-1)" [_thread_blocked, id=9784, stack(0x000000390ac00000,0x000000390ad00000)]
  0x000001993f1f74b0 JavaThread "File lock request listener" [_thread_in_native, id=6056, stack(0x000000390ba00000,0x000000390bb00000)]
  0x000001993f1f6170 JavaThread "Cache worker for file hash cache (C:\Users\Admin\.gradle\caches\8.0\fileHashes)" [_thread_blocked, id=1496, stack(0x000000390bb00000,0x000000390bc00000)]
  0x000001993f1f4490 JavaThread "File watcher server" daemon [_thread_in_native, id=9968, stack(0x000000390bd00000,0x000000390be00000)]
  0x000001993f1f6b10 JavaThread "File watcher consumer" daemon [_thread_blocked, id=7116, stack(0x000000390be00000,0x000000390bf00000)]
  0x000001993f1f4960 JavaThread "Cache worker for checksums cache (C:\Users\Admin\AndroidStudioProjects\PemrogramanBerbasisObjek\.gradle\8.0\checksums)" [_thread_blocked, id=484, stack(0x000000390bc00000,0x000000390bd00000)]
  0x000001993f1f6fe0 JavaThread "Cache worker for cache directory md-rule (C:\Users\Admin\.gradle\caches\8.0\md-rule)" [_thread_blocked, id=9320, stack(0x000000390bf00000,0x000000390c000000)]
  0x000001993f1f57d0 JavaThread "Cache worker for file content cache (C:\Users\Admin\.gradle\caches\8.0\fileContent)" [_thread_blocked, id=532, stack(0x000000390c000000,0x000000390c100000)]
  0x0000019941ab46d0 JavaThread "Cache worker for file hash cache (C:\Users\Admin\AndroidStudioProjects\PemrogramanBerbasisObjek\.gradle\8.0\fileHashes)" [_thread_blocked, id=10692, stack(0x000000390c200000,0x000000390c300000)]
  0x0000019941ab8a30 JavaThread "Cache worker for cache directory md-supplier (C:\Users\Admin\.gradle\caches\8.0\md-supplier)" [_thread_blocked, id=6132, stack(0x000000390c300000,0x000000390c400000)]
  0x0000019941ababe0 JavaThread "Cache worker for execution history cache (C:\Users\Admin\.gradle\caches\8.0\executionHistory)" [_thread_blocked, id=5436, stack(0x000000390c400000,0x000000390c500000)]
  0x0000019941ab63b0 JavaThread "jar transforms" [_thread_blocked, id=4144, stack(0x000000390c100000,0x000000390c200000)]
=>0x000001993fdd8760 JavaThread "C2 CompilerThread1" daemon [_thread_in_native, id=9892, stack(0x000000390c500000,0x000000390c600000)]
  0x0000019941ab98a0 JavaThread "jar transforms Thread 2" [_thread_blocked, id=9072, stack(0x000000390c600000,0x000000390c700000)]
  0x0000019941ab5a10 JavaThread "jar transforms Thread 3" [_thread_blocked, id=10896, stack(0x000000390c800000,0x000000390c900000)]
  0x0000019941ab8f00 JavaThread "jar transforms Thread 4" [_thread_blocked, id=9244, stack(0x000000390c900000,0x000000390ca00000)]
  0x0000019941ab5ee0 JavaThread "Cache worker for dependencies-accessors (C:\Users\Admin\AndroidStudioProjects\PemrogramanBerbasisObjek\.gradle\8.0\dependencies-accessors)" [_thread_blocked, id=6424, stack(0x000000390ca00000,0x000000390cb00000)]
  0x0000019941aba240 JavaThread "Cache worker for Build Output Cleanup Cache (C:\Users\Admin\AndroidStudioProjects\PemrogramanBerbasisObjek\.gradle\buildOutputCleanup)" [_thread_blocked, id=6184, stack(0x000000390cb00000,0x000000390cc00000)]
  0x0000019941ab7220 JavaThread "Unconstrained build operations" [_thread_blocked, id=9944, stack(0x000000390cc00000,0x000000390cd00000)]
  0x0000019941ab8090 JavaThread "Unconstrained build operations Thread 2" [_thread_blocked, id=336, stack(0x000000390cd00000,0x000000390ce00000)]
  0x0000019941ab93d0 JavaThread "Unconstrained build operations Thread 3" [_thread_blocked, id=4820, stack(0x000000390ce00000,0x000000390cf00000)]
  0x0000019941ab76f0 JavaThread "Unconstrained build operations Thread 4" [_thread_blocked, id=6376, stack(0x000000390cf00000,0x000000390d000000)]
  0x0000019941ab7bc0 JavaThread "Unconstrained build operations Thread 5" [_thread_blocked, id=9948, stack(0x000000390d000000,0x000000390d100000)]
  0x0000019941aba710 JavaThread "Unconstrained build operations Thread 6" [_thread_blocked, id=8140, stack(0x000000390d100000,0x000000390d200000)]
  0x0000019941abb580 JavaThread "Unconstrained build operations Thread 7" [_thread_blocked, id=10768, stack(0x000000390d200000,0x000000390d300000)]
  0x0000019941abba50 JavaThread "Unconstrained build operations Thread 8" [_thread_blocked, id=6716, stack(0x000000390d300000,0x000000390d400000)]
  0x0000019941ab4200 JavaThread "Unconstrained build operations Thread 9" [_thread_blocked, id=9808, stack(0x000000390d400000,0x000000390d500000)]
  0x00000199427c3ca0 JavaThread "Unconstrained build operations Thread 10" [_thread_blocked, id=4272, stack(0x000000390d500000,0x000000390d600000)]
  0x00000199427c54b0 JavaThread "Unconstrained build operations Thread 11" [_thread_blocked, id=8632, stack(0x000000390d600000,0x000000390d700000)]
  0x00000199427c6320 JavaThread "Unconstrained build operations Thread 12" [_thread_blocked, id=8076, stack(0x000000390d700000,0x000000390d800000)]
  0x00000199427c67f0 JavaThread "Unconstrained build operations Thread 13" [_thread_blocked, id=2028, stack(0x000000390d800000,0x000000390d900000)]
  0x00000199427c37d0 JavaThread "Unconstrained build operations Thread 14" [_thread_blocked, id=6240, stack(0x000000390d900000,0x000000390da00000)]
  0x00000199427c4170 JavaThread "Unconstrained build operations Thread 15" [_thread_blocked, id=9384, stack(0x000000390da00000,0x000000390db00000)]
  0x00000199427c4b10 JavaThread "Unconstrained build operations Thread 16" [_thread_blocked, id=7432, stack(0x000000390db00000,0x000000390dc00000)]
  0x00000199427c5980 JavaThread "Unconstrained build operations Thread 17" [_thread_blocked, id=9832, stack(0x000000390dc00000,0x000000390dd00000)]
  0x00000199427c5e50 JavaThread "Unconstrained build operations Thread 18" [_thread_blocked, id=6740, stack(0x000000390dd00000,0x000000390de00000)]
  0x00000199427c4640 JavaThread "Unconstrained build operations Thread 19" [_thread_blocked, id=10392, stack(0x000000390de00000,0x000000390df00000)]
  0x00000199427c2e30 JavaThread "Unconstrained build operations Thread 20" [_thread_blocked, id=10988, stack(0x000000390df00000,0x000000390e000000)]
  0x00000199427c3300 JavaThread "Unconstrained build operations Thread 21" [_thread_blocked, id=10116, stack(0x000000390e000000,0x000000390e100000)]
  0x00000199427c4fe0 JavaThread "Unconstrained build operations Thread 22" [_thread_blocked, id=5692, stack(0x000000390e100000,0x000000390e200000)]
  0x0000019940efc0a0 JavaThread "Unconstrained build operations Thread 23" [_thread_blocked, id=10824, stack(0x000000390e200000,0x000000390e300000)]
  0x0000019940efca40 JavaThread "Unconstrained build operations Thread 24" [_thread_blocked, id=4008, stack(0x000000390e300000,0x000000390e400000)]
  0x0000019940efcf10 JavaThread "Unconstrained build operations Thread 25" [_thread_blocked, id=5744, stack(0x000000390e400000,0x000000390e500000)]
  0x0000019940efebf0 JavaThread "Unconstrained build operations Thread 26" [_thread_blocked, id=6760, stack(0x000000390e500000,0x000000390e600000)]
  0x0000019940efb700 JavaThread "Unconstrained build operations Thread 27" [_thread_blocked, id=9308, stack(0x000000390e600000,0x000000390e700000)]
  0x0000019940efa3c0 JavaThread "Unconstrained build operations Thread 28" [_thread_blocked, id=9232, stack(0x000000390e700000,0x000000390e800000)]
  0x0000019940f00400 JavaThread "Unconstrained build operations Thread 29" [_thread_blocked, id=9640, stack(0x000000390e800000,0x000000390e900000)]
  0x0000019940eff590 JavaThread "Unconstrained build operations Thread 30" [_thread_blocked, id=6876, stack(0x000000390e900000,0x000000390ea00000)]
  0x0000019940effa60 JavaThread "Unconstrained build operations Thread 31" [_thread_blocked, id=8256, stack(0x000000390ea00000,0x000000390eb00000)]
  0x0000019940efd3e0 JavaThread "Unconstrained build operations Thread 32" [_thread_blocked, id=6232, stack(0x000000390eb00000,0x000000390ec00000)]
  0x0000019940efff30 JavaThread "Unconstrained build operations Thread 33" [_thread_blocked, id=11140, stack(0x000000390ec00000,0x000000390ed00000)]
  0x0000019940efb230 JavaThread "Unconstrained build operations Thread 34" [_thread_blocked, id=8904, stack(0x000000390ed00000,0x000000390ee00000)]
  0x0000019940efbbd0 JavaThread "Unconstrained build operations Thread 35" [_thread_blocked, id=10976, stack(0x000000390ee00000,0x000000390ef00000)]
  0x0000019940efc570 JavaThread "Unconstrained build operations Thread 36" [_thread_blocked, id=7036, stack(0x000000390ef00000,0x000000390f000000)]
  0x0000019940ef9a20 JavaThread "Unconstrained build operations Thread 37" [_thread_blocked, id=7328, stack(0x000000390f000000,0x000000390f100000)]
  0x0000019940efd8b0 JavaThread "Unconstrained build operations Thread 38" [_thread_blocked, id=9024, stack(0x000000390f100000,0x000000390f200000)]
  0x0000019940efa890 JavaThread "Unconstrained build operations Thread 39" [_thread_blocked, id=7028, stack(0x000000390f200000,0x000000390f300000)]
  0x0000019940efad60 JavaThread "Unconstrained build operations Thread 40" [_thread_blocked, id=7016, stack(0x000000390f300000,0x000000390f400000)]
  0x0000019940efdd80 JavaThread "build event listener" [_thread_blocked, id=2300, stack(0x000000390f400000,0x000000390f500000)]
  0x0000019940efe720 JavaThread "Memory manager" [_thread_blocked, id=8592, stack(0x000000390f500000,0x000000390f600000)]

Other Threads:
  0x000001993d89a2f0 VMThread "VM Thread" [stack: 0x0000003909f00000,0x000000390a000000] [id=1288]
  0x000001993e607cc0 WatcherThread [stack: 0x000000390ab00000,0x000000390ac00000] [id=4712]
  0x0000019924322d10 GCTaskThread "GC Thread#0" [stack: 0x0000003909a00000,0x0000003909b00000] [id=6124]
  0x000001993e963ca0 GCTaskThread "GC Thread#1" [stack: 0x000000390ad00000,0x000000390ae00000] [id=3824]
  0x000001993edfbb30 GCTaskThread "GC Thread#2" [stack: 0x000000390ae00000,0x000000390af00000] [id=6432]
  0x000001993ef930e0 GCTaskThread "GC Thread#3" [stack: 0x000000390af00000,0x000000390b000000] [id=10964]
  0x0000019924333db0 ConcurrentGCThread "G1 Main Marker" [stack: 0x0000003909b00000,0x0000003909c00000] [id=5624]
  0x0000019924334f60 ConcurrentGCThread "G1 Conc#0" [stack: 0x0000003909c00000,0x0000003909d00000] [id=8164]
  0x000001992438e7d0 ConcurrentGCThread "G1 Refine#0" [stack: 0x0000003909d00000,0x0000003909e00000] [id=4736]
  0x00000199413a6980 ConcurrentGCThread "G1 Refine#1" [stack: 0x000000390c700000,0x000000390c800000] [id=6348]
  0x000001993d745f20 ConcurrentGCThread "G1 Service" [stack: 0x0000003909e00000,0x0000003909f00000] [id=4316]

Threads with active compile tasks:
C2 CompilerThread0    18689 7794       4       org.gradle.internal.reflect.ClassInspector::inspectClass (179 bytes)
C2 CompilerThread1    18689 7797       4       sun.reflect.generics.visitor.Reifier::visitClassTypeSignature (381 bytes)

VM state: not at safepoint (normal execution)

VM Mutex/Monitor currently owned by a thread: None

Heap address: 0x0000000080000000, size: 2048 MB, Compressed Oops mode: 32-bit

CDS archive(s) not mapped
Compressed class space mapped at: 0x0000000100000000-0x0000000140000000, reserved size: 1073741824
Narrow klass base: 0x0000000000000000, Narrow klass shift: 3, Narrow klass range: 0x140000000

GC Precious Log:
 CPUs: 4 total, 4 available
 Memory: 12264M
 Large Page Support: Disabled
 NUMA Support: Disabled
 Compressed Oops: Enabled (32-bit)
 Heap Region Size: 1M
 Heap Min Capacity: 8M
 Heap Initial Capacity: 192M
 Heap Max Capacity: 2G
 Pre-touch: Disabled
 Parallel Workers: 4
 Concurrent Workers: 1
 Concurrent Refinement Workers: 4
 Periodic GC: Disabled

Heap:
 garbage-first heap   total 201728K, used 138021K [0x0000000080000000, 0x0000000100000000)
  region size 1024K, 84 young (86016K), 3 survivors (3072K)
 Metaspace       used 75561K, committed 76160K, reserved 1122304K
  class space    used 10225K, committed 10496K, reserved 1048576K

Heap Regions: E=young(eden), S=young(survivor), O=old, HS=humongous(starts), HC=humongous(continues), CS=collection set, F=free, OA=open archive, CA=closed archive, TAMS=top-at-mark-start (previous, next)
|   0|0x0000000080000000, 0x0000000080100000, 0x0000000080100000|100%| O|  |TAMS 0x0000000080100000, 0x0000000080000000| Untracked 
|   1|0x0000000080100000, 0x0000000080200000, 0x0000000080200000|100%| O|  |TAMS 0x0000000080200000, 0x0000000080100000| Untracked 
|   2|0x0000000080200000, 0x0000000080300000, 0x0000000080300000|100%|HS|  |TAMS 0x0000000080300000, 0x0000000080200000| Complete 
|   3|0x0000000080300000, 0x0000000080400000, 0x0000000080400000|100%|HC|  |TAMS 0x0000000080400000, 0x0000000080300000| Complete 
|   4|0x0000000080400000, 0x0000000080500000, 0x0000000080500000|100%|HC|  |TAMS 0x0000000080500000, 0x0000000080400000| Complete 
|   5|0x0000000080500000, 0x0000000080600000, 0x0000000080600000|100%|HC|  |TAMS 0x0000000080600000, 0x0000000080500000| Complete 
|   6|0x0000000080600000, 0x0000000080700000, 0x0000000080700000|100%| O|  |TAMS 0x0000000080700000, 0x0000000080600000| Untracked 
|   7|0x0000000080700000, 0x0000000080800000, 0x0000000080800000|100%| O|  |TAMS 0x0000000080800000, 0x0000000080700000| Untracked 
|   8|0x0000000080800000, 0x0000000080900000, 0x0000000080900000|100%| O|  |TAMS 0x0000000080900000, 0x0000000080800000| Untracked 
|   9|0x0000000080900000, 0x0000000080a00000, 0x0000000080a00000|100%| O|  |TAMS 0x0000000080a00000, 0x0000000080900000| Untracked 
|  10|0x0000000080a00000, 0x0000000080b00000, 0x0000000080b00000|100%| O|  |TAMS 0x0000000080b00000, 0x0000000080a00000| Untracked 
|  11|0x0000000080b00000, 0x0000000080bb4200, 0x0000000080c00000| 70%| O|  |TAMS 0x0000000080bb4200, 0x0000000080b00000| Untracked 
|  12|0x0000000080c00000, 0x0000000080d00000, 0x0000000080d00000|100%| O|  |TAMS 0x0000000080d00000, 0x0000000080c00000| Untracked 
|  13|0x0000000080d00000, 0x0000000080e00000, 0x0000000080e00000|100%| O|  |TAMS 0x0000000080e00000, 0x0000000080d00000| Untracked 
|  14|0x0000000080e00000, 0x0000000080f00000, 0x0000000080f00000|100%| O|  |TAMS 0x0000000080f00000, 0x0000000080e00000| Untracked 
|  15|0x0000000080f00000, 0x0000000081000000, 0x0000000081000000|100%| O|  |TAMS 0x0000000081000000, 0x0000000080f00000| Untracked 
|  16|0x0000000081000000, 0x0000000081100000, 0x0000000081100000|100%| O|  |TAMS 0x0000000081100000, 0x0000000081000000| Untracked 
|  17|0x0000000081100000, 0x0000000081200000, 0x0000000081200000|100%| O|  |TAMS 0x0000000081200000, 0x0000000081100000| Untracked 
|  18|0x0000000081200000, 0x0000000081300000, 0x0000000081300000|100%| O|  |TAMS 0x0000000081300000, 0x0000000081200000| Untracked 
|  19|0x0000000081300000, 0x0000000081400000, 0x0000000081400000|100%| O|  |TAMS 0x0000000081400000, 0x0000000081300000| Untracked 
|  20|0x0000000081400000, 0x0000000081500000, 0x0000000081500000|100%| O|  |TAMS 0x0000000081500000, 0x0000000081400000| Untracked 
|  21|0x0000000081500000, 0x0000000081600000, 0x0000000081600000|100%| O|  |TAMS 0x0000000081600000, 0x0000000081500000| Untracked 
|  22|0x0000000081600000, 0x0000000081700000, 0x0000000081700000|100%| O|  |TAMS 0x0000000081700000, 0x0000000081600000| Untracked 
|  23|0x0000000081700000, 0x0000000081800000, 0x0000000081800000|100%| O|  |TAMS 0x0000000081800000, 0x0000000081700000| Untracked 
|  24|0x0000000081800000, 0x0000000081900000, 0x0000000081900000|100%| O|  |TAMS 0x0000000081900000, 0x0000000081800000| Untracked 
|  25|0x0000000081900000, 0x0000000081a00000, 0x0000000081a00000|100%| O|  |TAMS 0x0000000081a00000, 0x0000000081900000| Untracked 
|  26|0x0000000081a00000, 0x0000000081b00000, 0x0000000081b00000|100%| O|  |TAMS 0x0000000081b00000, 0x0000000081a00000| Untracked 
|  27|0x0000000081b00000, 0x0000000081c00000, 0x0000000081c00000|100%| O|  |TAMS 0x0000000081c00000, 0x0000000081b00000| Untracked 
|  28|0x0000000081c00000, 0x0000000081d00000, 0x0000000081d00000|100%| O|  |TAMS 0x0000000081d00000, 0x0000000081c00000| Untracked 
|  29|0x0000000081d00000, 0x0000000081e00000, 0x0000000081e00000|100%| O|  |TAMS 0x0000000081e00000, 0x0000000081d00000| Untracked 
|  30|0x0000000081e00000, 0x0000000081f00000, 0x0000000081f00000|100%| O|  |TAMS 0x0000000081f00000, 0x0000000081e00000| Untracked 
|  31|0x0000000081f00000, 0x0000000082000000, 0x0000000082000000|100%| O|  |TAMS 0x0000000082000000, 0x0000000081f00000| Untracked 
|  32|0x0000000082000000, 0x0000000082100000, 0x0000000082100000|100%|HS|  |TAMS 0x0000000082100000, 0x0000000082000000| Complete 
|  33|0x0000000082100000, 0x0000000082200000, 0x0000000082200000|100%|HS|  |TAMS 0x0000000082200000, 0x0000000082100000| Complete 
|  34|0x0000000082200000, 0x0000000082300000, 0x0000000082300000|100%| O|  |TAMS 0x0000000082300000, 0x0000000082200000| Untracked 
|  35|0x0000000082300000, 0x0000000082400000, 0x0000000082400000|100%| O|  |TAMS 0x0000000082400000, 0x0000000082300000| Untracked 
|  36|0x0000000082400000, 0x0000000082500000, 0x0000000082500000|100%| O|  |TAMS 0x0000000082500000, 0x0000000082400000| Untracked 
|  37|0x0000000082500000, 0x0000000082600000, 0x0000000082600000|100%| O|  |TAMS 0x0000000082600000, 0x0000000082500000| Untracked 
|  38|0x0000000082600000, 0x0000000082700000, 0x0000000082700000|100%| O|  |TAMS 0x0000000082700000, 0x0000000082600000| Untracked 
|  39|0x0000000082700000, 0x0000000082800000, 0x0000000082800000|100%| O|  |TAMS 0x0000000082800000, 0x0000000082700000| Untracked 
|  40|0x0000000082800000, 0x0000000082900000, 0x0000000082900000|100%| O|  |TAMS 0x0000000082900000, 0x0000000082800000| Untracked 
|  41|0x0000000082900000, 0x0000000082a00000, 0x0000000082a00000|100%| O|  |TAMS 0x0000000082a00000, 0x0000000082900000| Untracked 
|  42|0x0000000082a00000, 0x0000000082b00000, 0x0000000082b00000|100%| O|  |TAMS 0x0000000082b00000, 0x0000000082a00000| Untracked 
|  43|0x0000000082b00000, 0x0000000082c00000, 0x0000000082c00000|100%| O|  |TAMS 0x0000000082c00000, 0x0000000082b00000| Untracked 
|  44|0x0000000082c00000, 0x0000000082d00000, 0x0000000082d00000|100%| O|  |TAMS 0x0000000082d00000, 0x0000000082c00000| Untracked 
|  45|0x0000000082d00000, 0x0000000082e00000, 0x0000000082e00000|100%| O|  |TAMS 0x0000000082e00000, 0x0000000082d00000| Untracked 
|  46|0x0000000082e00000, 0x0000000082f00000, 0x0000000082f00000|100%| O|  |TAMS 0x0000000082f00000, 0x0000000082e00000| Untracked 
|  47|0x0000000082f00000, 0x0000000083000000, 0x0000000083000000|100%| O|  |TAMS 0x0000000083000000, 0x0000000082f00000| Untracked 
|  48|0x0000000083000000, 0x0000000083000000, 0x0000000083100000|  0%| F|  |TAMS 0x0000000083000000, 0x0000000083000000| Untracked 
|  49|0x0000000083100000, 0x0000000083200000, 0x0000000083200000|100%| O|  |TAMS 0x0000000083200000, 0x0000000083100000| Untracked 
|  50|0x0000000083200000, 0x0000000083300000, 0x0000000083300000|100%| O|  |TAMS 0x0000000083300000, 0x0000000083200000| Complete 
|  51|0x0000000083300000, 0x0000000083400000, 0x0000000083400000|100%| O|  |TAMS 0x0000000083400000, 0x0000000083300000| Untracked 
|  52|0x0000000083400000, 0x0000000083500000, 0x0000000083500000|100%| O|  |TAMS 0x0000000083500000, 0x0000000083400000| Untracked 
|  53|0x0000000083500000, 0x0000000083600000, 0x0000000083600000|100%| O|  |TAMS 0x0000000083600000, 0x0000000083500000| Untracked 
|  54|0x0000000083600000, 0x0000000083600000, 0x0000000083700000|  0%| F|  |TAMS 0x0000000083600000, 0x0000000083600000| Untracked 
|  55|0x0000000083700000, 0x0000000083700000, 0x0000000083800000|  0%| F|  |TAMS 0x0000000083700000, 0x0000000083700000| Untracked 
|  56|0x0000000083800000, 0x0000000083800000, 0x0000000083900000|  0%| F|  |TAMS 0x0000000083800000, 0x0000000083800000| Untracked 
|  57|0x0000000083900000, 0x0000000083900000, 0x0000000083a00000|  0%| F|  |TAMS 0x0000000083900000, 0x0000000083900000| Untracked 
|  58|0x0000000083a00000, 0x0000000083a00000, 0x0000000083b00000|  0%| F|  |TAMS 0x0000000083a00000, 0x0000000083a00000| Untracked 
|  59|0x0000000083b00000, 0x0000000083b00000, 0x0000000083c00000|  0%| F|  |TAMS 0x0000000083b00000, 0x0000000083b00000| Untracked 
|  60|0x0000000083c00000, 0x0000000083c00000, 0x0000000083d00000|  0%| F|  |TAMS 0x0000000083c00000, 0x0000000083c00000| Untracked 
|  61|0x0000000083d00000, 0x0000000083d00000, 0x0000000083e00000|  0%| F|  |TAMS 0x0000000083d00000, 0x0000000083d00000| Untracked 
|  62|0x0000000083e00000, 0x0000000083e00000, 0x0000000083f00000|  0%| F|  |TAMS 0x0000000083e00000, 0x0000000083e00000| Untracked 
|  63|0x0000000083f00000, 0x0000000083f00000, 0x0000000084000000|  0%| F|  |TAMS 0x0000000083f00000, 0x0000000083f00000| Untracked 
|  64|0x0000000084000000, 0x0000000084000000, 0x0000000084100000|  0%| F|  |TAMS 0x0000000084000000, 0x0000000084000000| Untracked 
|  65|0x0000000084100000, 0x0000000084100000, 0x0000000084200000|  0%| F|  |TAMS 0x0000000084100000, 0x0000000084100000| Untracked 
|  66|0x0000000084200000, 0x0000000084200000, 0x0000000084300000|  0%| F|  |TAMS 0x0000000084200000, 0x0000000084200000| Untracked 
|  67|0x0000000084300000, 0x0000000084300000, 0x0000000084400000|  0%| F|  |TAMS 0x0000000084300000, 0x0000000084300000| Untracked 
|  68|0x0000000084400000, 0x0000000084400000, 0x0000000084500000|  0%| F|  |TAMS 0x0000000084400000, 0x0000000084400000| Untracked 
|  69|0x0000000084500000, 0x0000000084500000, 0x0000000084600000|  0%| F|  |TAMS 0x0000000084500000, 0x0000000084500000| Untracked 
|  70|0x0000000084600000, 0x0000000084600000, 0x0000000084700000|  0%| F|  |TAMS 0x0000000084600000, 0x0000000084600000| Untracked 
|  71|0x0000000084700000, 0x0000000084700000, 0x0000000084800000|  0%| F|  |TAMS 0x0000000084700000, 0x0000000084700000| Untracked 
|  72|0x0000000084800000, 0x0000000084800000, 0x0000000084900000|  0%| F|  |TAMS 0x0000000084800000, 0x0000000084800000| Untracked 
|  73|0x0000000084900000, 0x0000000084900000, 0x0000000084a00000|  0%| F|  |TAMS 0x0000000084900000, 0x0000000084900000| Untracked 
|  74|0x0000000084a00000, 0x0000000084a00000, 0x0000000084b00000|  0%| F|  |TAMS 0x0000000084a00000, 0x0000000084a00000| Untracked 
|  75|0x0000000084b00000, 0x0000000084b00000, 0x0000000084c00000|  0%| F|  |TAMS 0x0000000084b00000, 0x0000000084b00000| Untracked 
|  76|0x0000000084c00000, 0x0000000084c15450, 0x0000000084d00000|  8%| S|CS|TAMS 0x0000000084c00000, 0x0000000084c00000| Complete 
|  77|0x0000000084d00000, 0x0000000084e00000, 0x0000000084e00000|100%| S|CS|TAMS 0x0000000084d00000, 0x0000000084d00000| Complete 
|  78|0x0000000084e00000, 0x0000000084f00000, 0x0000000084f00000|100%| S|CS|TAMS 0x0000000084e00000, 0x0000000084e00000| Complete 
|  79|0x0000000084f00000, 0x0000000084f00000, 0x0000000085000000|  0%| F|  |TAMS 0x0000000084f00000, 0x0000000084f00000| Untracked 
|  80|0x0000000085000000, 0x0000000085000000, 0x0000000085100000|  0%| F|  |TAMS 0x0000000085000000, 0x0000000085000000| Untracked 
|  81|0x0000000085100000, 0x0000000085100000, 0x0000000085200000|  0%| F|  |TAMS 0x0000000085100000, 0x0000000085100000| Untracked 
|  82|0x0000000085200000, 0x0000000085200000, 0x0000000085300000|  0%| F|  |TAMS 0x0000000085200000, 0x0000000085200000| Untracked 
|  83|0x0000000085300000, 0x0000000085300000, 0x0000000085400000|  0%| F|  |TAMS 0x0000000085300000, 0x0000000085300000| Untracked 
|  84|0x0000000085400000, 0x0000000085400000, 0x0000000085500000|  0%| F|  |TAMS 0x0000000085400000, 0x0000000085400000| Untracked 
|  85|0x0000000085500000, 0x0000000085500000, 0x0000000085600000|  0%| F|  |TAMS 0x0000000085500000, 0x0000000085500000| Untracked 
|  86|0x0000000085600000, 0x0000000085600000, 0x0000000085700000|  0%| F|  |TAMS 0x0000000085600000, 0x0000000085600000| Untracked 
|  87|0x0000000085700000, 0x0000000085700000, 0x0000000085800000|  0%| F|  |TAMS 0x0000000085700000, 0x0000000085700000| Untracked 
|  88|0x0000000085800000, 0x0000000085800000, 0x0000000085900000|  0%| F|  |TAMS 0x0000000085800000, 0x0000000085800000| Untracked 
|  89|0x0000000085900000, 0x0000000085900000, 0x0000000085a00000|  0%| F|  |TAMS 0x0000000085900000, 0x0000000085900000| Untracked 
|  90|0x0000000085a00000, 0x0000000085a00000, 0x0000000085b00000|  0%| F|  |TAMS 0x0000000085a00000, 0x0000000085a00000| Untracked 
|  91|0x0000000085b00000, 0x0000000085b00000, 0x0000000085c00000|  0%| F|  |TAMS 0x0000000085b00000, 0x0000000085b00000| Untracked 
|  92|0x0000000085c00000, 0x0000000085c00000, 0x0000000085d00000|  0%| F|  |TAMS 0x0000000085c00000, 0x0000000085c00000| Untracked 
|  93|0x0000000085d00000, 0x0000000085d00000, 0x0000000085e00000|  0%| F|  |TAMS 0x0000000085d00000, 0x0000000085d00000| Untracked 
|  94|0x0000000085e00000, 0x0000000085e00000, 0x0000000085f00000|  0%| F|  |TAMS 0x0000000085e00000, 0x0000000085e00000| Untracked 
|  95|0x0000000085f00000, 0x0000000085f00000, 0x0000000086000000|  0%| F|  |TAMS 0x0000000085f00000, 0x0000000085f00000| Untracked 
|  96|0x0000000086000000, 0x0000000086000000, 0x0000000086100000|  0%| F|  |TAMS 0x0000000086000000, 0x0000000086000000| Untracked 
|  97|0x0000000086100000, 0x0000000086100000, 0x0000000086200000|  0%| F|  |TAMS 0x0000000086100000, 0x0000000086100000| Untracked 
|  98|0x0000000086200000, 0x0000000086200000, 0x0000000086300000|  0%| F|  |TAMS 0x0000000086200000, 0x0000000086200000| Untracked 
|  99|0x0000000086300000, 0x0000000086300000, 0x0000000086400000|  0%| F|  |TAMS 0x0000000086300000, 0x0000000086300000| Untracked 
| 100|0x0000000086400000, 0x0000000086400000, 0x0000000086500000|  0%| F|  |TAMS 0x0000000086400000, 0x0000000086400000| Untracked 
| 101|0x0000000086500000, 0x0000000086500000, 0x0000000086600000|  0%| F|  |TAMS 0x0000000086500000, 0x0000000086500000| Untracked 
| 102|0x0000000086600000, 0x0000000086600000, 0x0000000086700000|  0%| F|  |TAMS 0x0000000086600000, 0x0000000086600000| Untracked 
| 103|0x0000000086700000, 0x0000000086700000, 0x0000000086800000|  0%| F|  |TAMS 0x0000000086700000, 0x0000000086700000| Untracked 
| 104|0x0000000086800000, 0x0000000086800000, 0x0000000086900000|  0%| F|  |TAMS 0x0000000086800000, 0x0000000086800000| Untracked 
| 105|0x0000000086900000, 0x0000000086900000, 0x0000000086a00000|  0%| F|  |TAMS 0x0000000086900000, 0x0000000086900000| Untracked 
| 106|0x0000000086a00000, 0x0000000086a00000, 0x0000000086b00000|  0%| F|  |TAMS 0x0000000086a00000, 0x0000000086a00000| Untracked 
| 107|0x0000000086b00000, 0x0000000086b00000, 0x0000000086c00000|  0%| F|  |TAMS 0x0000000086b00000, 0x0000000086b00000| Untracked 
| 108|0x0000000086c00000, 0x0000000086c00000, 0x0000000086d00000|  0%| F|  |TAMS 0x0000000086c00000, 0x0000000086c00000| Untracked 
| 109|0x0000000086d00000, 0x0000000086d00000, 0x0000000086e00000|  0%| F|  |TAMS 0x0000000086d00000, 0x0000000086d00000| Untracked 
| 110|0x0000000086e00000, 0x0000000086e00000, 0x0000000086f00000|  0%| F|  |TAMS 0x0000000086e00000, 0x0000000086e00000| Untracked 
| 111|0x0000000086f00000, 0x0000000086f00000, 0x0000000087000000|  0%| F|  |TAMS 0x0000000086f00000, 0x0000000086f00000| Untracked 
| 112|0x0000000087000000, 0x0000000087000000, 0x0000000087100000|  0%| F|  |TAMS 0x0000000087000000, 0x0000000087000000| Untracked 
| 113|0x0000000087100000, 0x0000000087100000, 0x0000000087200000|  0%| F|  |TAMS 0x0000000087100000, 0x0000000087100000| Untracked 
| 114|0x0000000087200000, 0x0000000087200000, 0x0000000087300000|  0%| F|  |TAMS 0x0000000087200000, 0x0000000087200000| Untracked 
| 115|0x0000000087300000, 0x0000000087300000, 0x0000000087400000|  0%| F|  |TAMS 0x0000000087300000, 0x0000000087300000| Untracked 
| 116|0x0000000087400000, 0x0000000087483c10, 0x0000000087500000| 51%| E|  |TAMS 0x0000000087400000, 0x0000000087400000| Complete 
| 117|0x0000000087500000, 0x0000000087600000, 0x0000000087600000|100%| E|CS|TAMS 0x0000000087500000, 0x0000000087500000| Complete 
| 118|0x0000000087600000, 0x0000000087700000, 0x0000000087700000|100%| E|CS|TAMS 0x0000000087600000, 0x0000000087600000| Complete 
| 119|0x0000000087700000, 0x0000000087800000, 0x0000000087800000|100%| E|CS|TAMS 0x0000000087700000, 0x0000000087700000| Complete 
| 120|0x0000000087800000, 0x0000000087900000, 0x0000000087900000|100%| E|CS|TAMS 0x0000000087800000, 0x0000000087800000| Complete 
| 121|0x0000000087900000, 0x0000000087a00000, 0x0000000087a00000|100%| E|CS|TAMS 0x0000000087900000, 0x0000000087900000| Complete 
| 122|0x0000000087a00000, 0x0000000087b00000, 0x0000000087b00000|100%| E|CS|TAMS 0x0000000087a00000, 0x0000000087a00000| Complete 
| 123|0x0000000087b00000, 0x0000000087c00000, 0x0000000087c00000|100%| E|CS|TAMS 0x0000000087b00000, 0x0000000087b00000| Complete 
| 124|0x0000000087c00000, 0x0000000087d00000, 0x0000000087d00000|100%| E|CS|TAMS 0x0000000087c00000, 0x0000000087c00000| Complete 
| 125|0x0000000087d00000, 0x0000000087e00000, 0x0000000087e00000|100%| E|CS|TAMS 0x0000000087d00000, 0x0000000087d00000| Complete 
| 126|0x0000000087e00000, 0x0000000087f00000, 0x0000000087f00000|100%| E|CS|TAMS 0x0000000087e00000, 0x0000000087e00000| Complete 
| 127|0x0000000087f00000, 0x0000000088000000, 0x0000000088000000|100%| E|CS|TAMS 0x0000000087f00000, 0x0000000087f00000| Complete 
| 128|0x0000000088000000, 0x0000000088100000, 0x0000000088100000|100%| E|CS|TAMS 0x0000000088000000, 0x0000000088000000| Complete 
| 129|0x0000000088100000, 0x0000000088200000, 0x0000000088200000|100%| E|CS|TAMS 0x0000000088100000, 0x0000000088100000| Complete 
| 130|0x0000000088200000, 0x0000000088300000, 0x0000000088300000|100%| E|CS|TAMS 0x0000000088200000, 0x0000000088200000| Complete 
| 131|0x0000000088300000, 0x0000000088400000, 0x0000000088400000|100%| E|CS|TAMS 0x0000000088300000, 0x0000000088300000| Complete 
| 132|0x0000000088400000, 0x0000000088500000, 0x0000000088500000|100%| E|CS|TAMS 0x0000000088400000, 0x0000000088400000| Complete 
| 133|0x0000000088500000, 0x0000000088600000, 0x0000000088600000|100%| E|CS|TAMS 0x0000000088500000, 0x0000000088500000| Complete 
| 134|0x0000000088600000, 0x0000000088700000, 0x0000000088700000|100%| E|CS|TAMS 0x0000000088600000, 0x0000000088600000| Complete 
| 135|0x0000000088700000, 0x0000000088800000, 0x0000000088800000|100%| E|CS|TAMS 0x0000000088700000, 0x0000000088700000| Complete 
| 136|0x0000000088800000, 0x0000000088900000, 0x0000000088900000|100%| E|CS|TAMS 0x0000000088800000, 0x0000000088800000| Complete 
| 137|0x0000000088900000, 0x0000000088a00000, 0x0000000088a00000|100%| E|CS|TAMS 0x0000000088900000, 0x0000000088900000| Complete 
| 138|0x0000000088a00000, 0x0000000088b00000, 0x0000000088b00000|100%| E|CS|TAMS 0x0000000088a00000, 0x0000000088a00000| Complete 
| 139|0x0000000088b00000, 0x0000000088c00000, 0x0000000088c00000|100%| E|CS|TAMS 0x0000000088b00000, 0x0000000088b00000| Complete 
| 140|0x0000000088c00000, 0x0000000088d00000, 0x0000000088d00000|100%| E|CS|TAMS 0x0000000088c00000, 0x0000000088c00000| Complete 
| 141|0x0000000088d00000, 0x0000000088e00000, 0x0000000088e00000|100%| E|CS|TAMS 0x0000000088d00000, 0x0000000088d00000| Complete 
| 142|0x0000000088e00000, 0x0000000088f00000, 0x0000000088f00000|100%| E|CS|TAMS 0x0000000088e00000, 0x0000000088e00000| Complete 
| 143|0x0000000088f00000, 0x0000000089000000, 0x0000000089000000|100%| E|CS|TAMS 0x0000000088f00000, 0x0000000088f00000| Complete 
| 144|0x0000000089000000, 0x0000000089100000, 0x0000000089100000|100%| E|CS|TAMS 0x0000000089000000, 0x0000000089000000| Complete 
| 145|0x0000000089100000, 0x0000000089200000, 0x0000000089200000|100%| E|CS|TAMS 0x0000000089100000, 0x0000000089100000| Complete 
| 146|0x0000000089200000, 0x0000000089300000, 0x0000000089300000|100%| E|CS|TAMS 0x0000000089200000, 0x0000000089200000| Complete 
| 147|0x0000000089300000, 0x0000000089400000, 0x0000000089400000|100%| E|CS|TAMS 0x0000000089300000, 0x0000000089300000| Complete 
| 148|0x0000000089400000, 0x0000000089500000, 0x0000000089500000|100%| E|CS|TAMS 0x0000000089400000, 0x0000000089400000| Complete 
| 149|0x0000000089500000, 0x0000000089600000, 0x0000000089600000|100%| E|CS|TAMS 0x0000000089500000, 0x0000000089500000| Complete 
| 150|0x0000000089600000, 0x0000000089700000, 0x0000000089700000|100%| E|CS|TAMS 0x0000000089600000, 0x0000000089600000| Complete 
| 151|0x0000000089700000, 0x0000000089800000, 0x0000000089800000|100%| E|CS|TAMS 0x0000000089700000, 0x0000000089700000| Complete 
| 152|0x0000000089800000, 0x0000000089900000, 0x0000000089900000|100%| E|CS|TAMS 0x0000000089800000, 0x0000000089800000| Complete 
| 153|0x0000000089900000, 0x0000000089a00000, 0x0000000089a00000|100%| E|CS|TAMS 0x0000000089900000, 0x0000000089900000| Complete 
| 154|0x0000000089a00000, 0x0000000089b00000, 0x0000000089b00000|100%| E|CS|TAMS 0x0000000089a00000, 0x0000000089a00000| Complete 
| 155|0x0000000089b00000, 0x0000000089c00000, 0x0000000089c00000|100%| E|CS|TAMS 0x0000000089b00000, 0x0000000089b00000| Complete 
| 156|0x0000000089c00000, 0x0000000089d00000, 0x0000000089d00000|100%| E|CS|TAMS 0x0000000089c00000, 0x0000000089c00000| Complete 
| 157|0x0000000089d00000, 0x0000000089e00000, 0x0000000089e00000|100%| E|CS|TAMS 0x0000000089d00000, 0x0000000089d00000| Complete 
| 158|0x0000000089e00000, 0x0000000089f00000, 0x0000000089f00000|100%| E|CS|TAMS 0x0000000089e00000, 0x0000000089e00000| Complete 
| 159|0x0000000089f00000, 0x000000008a000000, 0x000000008a000000|100%| E|CS|TAMS 0x0000000089f00000, 0x0000000089f00000| Complete 
| 160|0x000000008a000000, 0x000000008a100000, 0x000000008a100000|100%| E|CS|TAMS 0x000000008a000000, 0x000000008a000000| Complete 
| 161|0x000000008a100000, 0x000000008a200000, 0x000000008a200000|100%| E|CS|TAMS 0x000000008a100000, 0x000000008a100000| Complete 
| 162|0x000000008a200000, 0x000000008a300000, 0x000000008a300000|100%| E|CS|TAMS 0x000000008a200000, 0x000000008a200000| Complete 
| 163|0x000000008a300000, 0x000000008a400000, 0x000000008a400000|100%| E|CS|TAMS 0x000000008a300000, 0x000000008a300000| Complete 
| 164|0x000000008a400000, 0x000000008a500000, 0x000000008a500000|100%| E|CS|TAMS 0x000000008a400000, 0x000000008a400000| Complete 
| 165|0x000000008a500000, 0x000000008a600000, 0x000000008a600000|100%| E|CS|TAMS 0x000000008a500000, 0x000000008a500000| Complete 
| 166|0x000000008a600000, 0x000000008a700000, 0x000000008a700000|100%| E|CS|TAMS 0x000000008a600000, 0x000000008a600000| Complete 
| 167|0x000000008a700000, 0x000000008a800000, 0x000000008a800000|100%| E|CS|TAMS 0x000000008a700000, 0x000000008a700000| Complete 
| 168|0x000000008a800000, 0x000000008a900000, 0x000000008a900000|100%| E|CS|TAMS 0x000000008a800000, 0x000000008a800000| Complete 
| 169|0x000000008a900000, 0x000000008aa00000, 0x000000008aa00000|100%| E|CS|TAMS 0x000000008a900000, 0x000000008a900000| Complete 
| 170|0x000000008aa00000, 0x000000008ab00000, 0x000000008ab00000|100%| E|CS|TAMS 0x000000008aa00000, 0x000000008aa00000| Complete 
| 171|0x000000008ab00000, 0x000000008ac00000, 0x000000008ac00000|100%| E|CS|TAMS 0x000000008ab00000, 0x000000008ab00000| Complete 
| 172|0x000000008ac00000, 0x000000008ad00000, 0x000000008ad00000|100%| E|CS|TAMS 0x000000008ac00000, 0x000000008ac00000| Complete 
| 173|0x000000008ad00000, 0x000000008ae00000, 0x000000008ae00000|100%| E|CS|TAMS 0x000000008ad00000, 0x000000008ad00000| Complete 
| 174|0x000000008ae00000, 0x000000008af00000, 0x000000008af00000|100%| E|CS|TAMS 0x000000008ae00000, 0x000000008ae00000| Complete 
| 175|0x000000008af00000, 0x000000008b000000, 0x000000008b000000|100%| E|CS|TAMS 0x000000008af00000, 0x000000008af00000| Complete 
| 176|0x000000008b000000, 0x000000008b100000, 0x000000008b100000|100%| E|CS|TAMS 0x000000008b000000, 0x000000008b000000| Complete 
| 177|0x000000008b100000, 0x000000008b200000, 0x000000008b200000|100%| E|CS|TAMS 0x000000008b100000, 0x000000008b100000| Complete 
| 178|0x000000008b200000, 0x000000008b300000, 0x000000008b300000|100%| E|CS|TAMS 0x000000008b200000, 0x000000008b200000| Complete 
| 179|0x000000008b300000, 0x000000008b400000, 0x000000008b400000|100%| E|CS|TAMS 0x000000008b300000, 0x000000008b300000| Complete 
| 180|0x000000008b400000, 0x000000008b500000, 0x000000008b500000|100%| E|CS|TAMS 0x000000008b400000, 0x000000008b400000| Complete 
| 181|0x000000008b500000, 0x000000008b600000, 0x000000008b600000|100%| E|CS|TAMS 0x000000008b500000, 0x000000008b500000| Complete 
| 182|0x000000008b600000, 0x000000008b700000, 0x000000008b700000|100%| E|CS|TAMS 0x000000008b600000, 0x000000008b600000| Complete 
| 183|0x000000008b700000, 0x000000008b800000, 0x000000008b800000|100%| E|CS|TAMS 0x000000008b700000, 0x000000008b700000| Complete 
| 184|0x000000008b800000, 0x000000008b900000, 0x000000008b900000|100%| E|CS|TAMS 0x000000008b800000, 0x000000008b800000| Complete 
| 185|0x000000008b900000, 0x000000008ba00000, 0x000000008ba00000|100%| E|CS|TAMS 0x000000008b900000, 0x000000008b900000| Complete 
| 186|0x000000008ba00000, 0x000000008bb00000, 0x000000008bb00000|100%| E|CS|TAMS 0x000000008ba00000, 0x000000008ba00000| Complete 
| 187|0x000000008bb00000, 0x000000008bc00000, 0x000000008bc00000|100%| E|CS|TAMS 0x000000008bb00000, 0x000000008bb00000| Complete 
| 188|0x000000008bc00000, 0x000000008bd00000, 0x000000008bd00000|100%| E|CS|TAMS 0x000000008bc00000, 0x000000008bc00000| Complete 
| 189|0x000000008bd00000, 0x000000008be00000, 0x000000008be00000|100%| E|CS|TAMS 0x000000008bd00000, 0x000000008bd00000| Complete 
| 190|0x000000008be00000, 0x000000008bf00000, 0x000000008bf00000|100%| E|CS|TAMS 0x000000008be00000, 0x000000008be00000| Complete 
| 191|0x000000008bf00000, 0x000000008c000000, 0x000000008c000000|100%| E|CS|TAMS 0x000000008bf00000, 0x000000008bf00000| Complete 
| 192|0x000000008c000000, 0x000000008c100000, 0x000000008c100000|100%| E|CS|TAMS 0x000000008c000000, 0x000000008c000000| Complete 
| 193|0x000000008c100000, 0x000000008c200000, 0x000000008c200000|100%| E|CS|TAMS 0x000000008c100000, 0x000000008c100000| Complete 
| 249|0x000000008f900000, 0x000000008fa00000, 0x000000008fa00000|100%| E|CS|TAMS 0x000000008f900000, 0x000000008f900000| Complete 
| 250|0x000000008fa00000, 0x000000008fb00000, 0x000000008fb00000|100%| E|CS|TAMS 0x000000008fa00000, 0x000000008fa00000| Complete 
| 251|0x000000008fb00000, 0x000000008fc00000, 0x000000008fc00000|100%| E|CS|TAMS 0x000000008fb00000, 0x000000008fb00000| Complete 

Card table byte_map: [0x0000019936b90000,0x0000019936f90000] _byte_map_base: 0x0000019936790000

Marking Bits (Prev, Next): (CMBitMap*) 0x0000019924323320, (CMBitMap*) 0x0000019924323360
 Prev Bits: [0x0000019937390000, 0x0000019939390000)
 Next Bits: [0x0000019939390000, 0x000001993b390000)

Polling page: 0x0000019923a90000

Metaspace:

Usage:
  Non-class:     63.82 MB used.
      Class:      9.99 MB used.
       Both:     73.81 MB used.

Virtual space:
  Non-class space:       72.00 MB reserved,      64.19 MB ( 89%) committed,  9 nodes.
      Class space:        1.00 GB reserved,      10.25 MB (  1%) committed,  1 nodes.
             Both:        1.07 GB reserved,      74.44 MB (  7%) committed. 

Chunk freelists:
   Non-Class:  3.67 MB
       Class:  1.69 MB
        Both:  5.36 MB

MaxMetaspaceSize: unlimited
CompressedClassSpaceSize: 1.00 GB
Initial GC threshold: 21.00 MB
Current GC threshold: 110.94 MB
CDS: off
MetaspaceReclaimPolicy: balanced
 - commit_granule_bytes: 65536.
 - commit_granule_words: 8192.
 - virtual_space_node_default_size: 1048576.
 - enlarge_chunks_in_place: 1.
 - new_chunks_are_fully_committed: 0.
 - uncommit_free_chunks: 1.
 - use_allocation_guard: 0.
 - handle_deallocations: 1.


Internal statistics:

num_allocs_failed_limit: 6.
num_arena_births: 658.
num_arena_deaths: 0.
num_vsnodes_births: 10.
num_vsnodes_deaths: 0.
num_space_committed: 1191.
num_space_uncommitted: 0.
num_chunks_returned_to_freelist: 6.
num_chunks_taken_from_freelist: 3281.
num_chunk_merges: 6.
num_chunk_splits: 2180.
num_chunks_enlarged: 1474.
num_purges: 0.
num_inconsistent_stats: 0.

CodeHeap 'non-profiled nmethods': size=120000Kb used=4143Kb max_used=4143Kb free=115856Kb
 bounds [0x000001992f260000, 0x000001992f670000, 0x0000019936790000]
CodeHeap 'profiled nmethods': size=120000Kb used=13801Kb max_used=13801Kb free=106198Kb
 bounds [0x0000019927790000, 0x0000019928510000, 0x000001992ecc0000]
CodeHeap 'non-nmethods': size=5760Kb used=2357Kb max_used=2413Kb free=3402Kb
 bounds [0x000001992ecc0000, 0x000001992ef30000, 0x000001992f260000]
 total_blobs=7849 nmethods=6963 adapters=798
 compilation: enabled
              stopped_count=0, restarted_count=0
 full_count=0

Compilation events (20 events):
Event: 18.521 Thread 0x000001993e49d740 7793       3       org.gradle.internal.reflect.ClassInspector::visitGraph (98 bytes)
Event: 18.522 Thread 0x000001993e49d740 nmethod 7793 0x0000019928501090 code [0x00000199285013c0, 0x0000019928502828]
Event: 18.523 Thread 0x000001993e493b60 7794       4       org.gradle.internal.reflect.ClassInspector::inspectClass (179 bytes)
Event: 18.543 Thread 0x000001993e49d740 7795       3       java.util.LinkedHashMap::get (29 bytes)
Event: 18.543 Thread 0x000001993fdd8760 7797       4       sun.reflect.generics.visitor.Reifier::visitClassTypeSignature (381 bytes)
Event: 18.543 Thread 0x000001993e49d740 nmethod 7795 0x0000019928503010 code [0x00000199285031c0, 0x00000199285033f8]
Event: 18.543 Thread 0x000001993e49d740 7796       3       java.util.HashMap::getNode (150 bytes)
Event: 18.544 Thread 0x000001993e49d740 nmethod 7796 0x0000019928503510 code [0x0000019928503780, 0x0000019928504478]
Event: 18.549 Thread 0x000001993e49d740 7799       3       java.util.HashSet::<init> (40 bytes)
Event: 18.550 Thread 0x000001993e49d740 nmethod 7799 0x0000019928504810 code [0x0000019928504a20, 0x0000019928505008]
Event: 18.553 Thread 0x000001993e49d740 7801       3       java.util.HashMap::resize (356 bytes)
Event: 18.555 Thread 0x000001993e49d740 nmethod 7801 0x0000019928505210 code [0x00000199285054c0, 0x0000019928506888]
Event: 18.564 Thread 0x000001993e49d740 7803       3       org.gradle.internal.reflect.MethodSet::add (50 bytes)
Event: 18.565 Thread 0x000001993e49d740 nmethod 7803 0x0000019928506d10 code [0x0000019928506f20, 0x00000199285077b8]
Event: 18.567 Thread 0x000001993e49d740 7804       3       java.lang.reflect.ProxyGenerator::collectCompatibleTypes (93 bytes)
Event: 18.567 Thread 0x000001993e49d740 nmethod 7804 0x0000019928507a90 code [0x0000019928507c80, 0x0000019928508168]
Event: 18.575 Thread 0x000001993e49d740 7805       3       org.gradle.internal.instantiation.generator.AsmBackedClassGenerator$ClassBuilderImpl$$Lambda$132/0x0000000100279050::emit (21 bytes)
Event: 18.575 Thread 0x000001993e49d740 nmethod 7805 0x0000019928508410 code [0x00000199285085c0, 0x0000019928508728]
Event: 18.576 Thread 0x000001993e49d740 7806       3       org.gradle.internal.instantiation.generator.AsmBackedClassGenerator$ClassBuilderImpl$33::<init> (64 bytes)
Event: 18.577 Thread 0x000001993e49d740 nmethod 7806 0x0000019928508810 code [0x0000019928508a60, 0x0000019928509518]

GC Heap History (20 events):
Event: 11.885 GC heap before
{Heap before GC invocations=20 (full 0):
 garbage-first heap   total 82944K, used 59184K [0x0000000080000000, 0x0000000100000000)
  region size 1024K, 15 young (15360K), 1 survivors (1024K)
 Metaspace       used 57862K, committed 58432K, reserved 1105920K
  class space    used 7624K, committed 7872K, reserved 1048576K
}
Event: 11.888 GC heap after
{Heap after GC invocations=21 (full 0):
 garbage-first heap   total 82944K, used 45178K [0x0000000080000000, 0x0000000100000000)
  region size 1024K, 1 young (1024K), 1 survivors (1024K)
 Metaspace       used 57862K, committed 58432K, reserved 1105920K
  class space    used 7624K, committed 7872K, reserved 1048576K
}
Event: 12.419 GC heap before
{Heap before GC invocations=21 (full 0):
 garbage-first heap   total 82944K, used 59514K [0x0000000080000000, 0x0000000100000000)
  region size 1024K, 16 young (16384K), 1 survivors (1024K)
 Metaspace       used 60516K, committed 61056K, reserved 1105920K
  class space    used 8013K, committed 8256K, reserved 1048576K
}
Event: 12.424 GC heap after
{Heap after GC invocations=22 (full 0):
 garbage-first heap   total 82944K, used 46080K [0x0000000080000000, 0x0000000100000000)
  region size 1024K, 2 young (2048K), 2 survivors (2048K)
 Metaspace       used 60516K, committed 61056K, reserved 1105920K
  class space    used 8013K, committed 8256K, reserved 1048576K
}
Event: 12.795 GC heap before
{Heap before GC invocations=23 (full 0):
 garbage-first heap   total 83968K, used 66560K [0x0000000080000000, 0x0000000100000000)
  region size 1024K, 18 young (18432K), 2 survivors (2048K)
 Metaspace       used 62511K, committed 63040K, reserved 1105920K
  class space    used 8255K, committed 8448K, reserved 1048576K
}
Event: 12.803 GC heap after
{Heap after GC invocations=24 (full 0):
 garbage-first heap   total 83968K, used 53552K [0x0000000080000000, 0x0000000100000000)
  region size 1024K, 3 young (3072K), 3 survivors (3072K)
 Metaspace       used 62511K, committed 63040K, reserved 1105920K
  class space    used 8255K, committed 8448K, reserved 1048576K
}
Event: 12.807 GC heap before
{Heap before GC invocations=24 (full 0):
 garbage-first heap   total 83968K, used 54576K [0x0000000080000000, 0x0000000100000000)
  region size 1024K, 4 young (4096K), 3 survivors (3072K)
 Metaspace       used 62511K, committed 63040K, reserved 1105920K
  class space    used 8255K, committed 8448K, reserved 1048576K
}
Event: 12.814 GC heap after
{Heap after GC invocations=25 (full 0):
 garbage-first heap   total 101376K, used 54628K [0x0000000080000000, 0x0000000100000000)
  region size 1024K, 1 young (1024K), 1 survivors (1024K)
 Metaspace       used 62511K, committed 63040K, reserved 1105920K
  class space    used 8255K, committed 8448K, reserved 1048576K
}
Event: 12.854 GC heap before
{Heap before GC invocations=25 (full 0):
 garbage-first heap   total 101376K, used 55652K [0x0000000080000000, 0x0000000100000000)
  region size 1024K, 3 young (3072K), 1 survivors (1024K)
 Metaspace       used 62517K, committed 63040K, reserved 1105920K
  class space    used 8255K, committed 8448K, reserved 1048576K
}
Event: 12.857 GC heap after
{Heap after GC invocations=26 (full 0):
 garbage-first heap   total 101376K, used 55168K [0x0000000080000000, 0x0000000100000000)
  region size 1024K, 2 young (2048K), 2 survivors (2048K)
 Metaspace       used 62517K, committed 63040K, reserved 1105920K
  class space    used 8255K, committed 8448K, reserved 1048576K
}
Event: 13.293 GC heap before
{Heap before GC invocations=27 (full 0):
 garbage-first heap   total 104448K, used 72576K [0x0000000080000000, 0x0000000100000000)
  region size 1024K, 17 young (17408K), 2 survivors (2048K)
 Metaspace       used 64168K, committed 64640K, reserved 1105920K
  class space    used 8458K, committed 8640K, reserved 1048576K
}
Event: 13.298 GC heap after
{Heap after GC invocations=28 (full 0):
 garbage-first heap   total 104448K, used 56108K [0x0000000080000000, 0x0000000100000000)
  region size 1024K, 2 young (2048K), 2 survivors (2048K)
 Metaspace       used 64168K, committed 64640K, reserved 1105920K
  class space    used 8458K, committed 8640K, reserved 1048576K
}
Event: 13.861 GC heap before
{Heap before GC invocations=28 (full 0):
 garbage-first heap   total 104448K, used 73516K [0x0000000080000000, 0x0000000100000000)
  region size 1024K, 19 young (19456K), 2 survivors (2048K)
 Metaspace       used 65318K, committed 65856K, reserved 1114112K
  class space    used 8604K, committed 8832K, reserved 1048576K
}
Event: 13.870 GC heap after
{Heap after GC invocations=29 (full 0):
 garbage-first heap   total 104448K, used 57749K [0x0000000080000000, 0x0000000100000000)
  region size 1024K, 3 young (3072K), 3 survivors (3072K)
 Metaspace       used 65318K, committed 65856K, reserved 1114112K
  class space    used 8604K, committed 8832K, reserved 1048576K
}
Event: 14.575 GC heap before
{Heap before GC invocations=30 (full 0):
 garbage-first heap   total 104448K, used 74133K [0x0000000080000000, 0x0000000100000000)
  region size 1024K, 21 young (21504K), 3 survivors (3072K)
 Metaspace       used 67222K, committed 67776K, reserved 1114112K
  class space    used 8831K, committed 9088K, reserved 1048576K
}
Event: 14.584 GC heap after
{Heap after GC invocations=31 (full 0):
 garbage-first heap   total 104448K, used 55490K [0x0000000080000000, 0x0000000100000000)
  region size 1024K, 2 young (2048K), 2 survivors (2048K)
 Metaspace       used 67222K, committed 67776K, reserved 1114112K
  class space    used 8831K, committed 9088K, reserved 1048576K
}
Event: 14.658 GC heap before
{Heap before GC invocations=31 (full 0):
 garbage-first heap   total 104448K, used 58562K [0x0000000080000000, 0x0000000100000000)
  region size 1024K, 5 young (5120K), 2 survivors (2048K)
 Metaspace       used 67483K, committed 68032K, reserved 1114112K
  class space    used 8884K, committed 9152K, reserved 1048576K
}
Event: 14.664 GC heap after
{Heap after GC invocations=32 (full 0):
 garbage-first heap   total 104448K, used 54169K [0x0000000080000000, 0x0000000100000000)
  region size 1024K, 1 young (1024K), 1 survivors (1024K)
 Metaspace       used 67483K, committed 68032K, reserved 1114112K
  class space    used 8884K, committed 9152K, reserved 1048576K
}
Event: 15.051 GC heap before
{Heap before GC invocations=32 (full 0):
 garbage-first heap   total 104448K, used 76697K [0x0000000080000000, 0x0000000100000000)
  region size 1024K, 23 young (23552K), 1 survivors (1024K)
 Metaspace       used 67672K, committed 68160K, reserved 1114112K
  class space    used 8920K, committed 9152K, reserved 1048576K
}
Event: 15.059 GC heap after
{Heap after GC invocations=33 (full 0):
 garbage-first heap   total 258048K, used 56101K [0x0000000080000000, 0x0000000100000000)
  region size 1024K, 3 young (3072K), 3 survivors (3072K)
 Metaspace       used 67672K, committed 68160K, reserved 1114112K
  class space    used 8920K, committed 9152K, reserved 1048576K
}

Dll operation events (2 events):
Event: 0.012 Loaded shared library C:\Program Files\Android\Android Studio\jbr\bin\java.dll
Event: 0.551 Loaded shared library C:\Program Files\Android\Android Studio\jbr\bin\verify.dll

Deoptimization events (20 events):
Event: 18.462 Thread 0x000001993fef5640 Uncommon trap: trap_request=0xffffffc6 fr.pc=0x000001992f5555f0 relative=0x0000000000000350
Event: 18.462 Thread 0x000001993fef5640 Uncommon trap: reason=bimorphic_or_optimized_type_check action=maybe_recompile pc=0x000001992f5555f0 method=com.google.common.collect.RegularImmutableSet.contains(Ljava/lang/Object;)Z @ 43 c2
Event: 18.462 Thread 0x000001993fef5640 DEOPT PACKING pc=0x000001992f5555f0 sp=0x000000390b6f97d0
Event: 18.462 Thread 0x000001993fef5640 DEOPT UNPACKING pc=0x000001992ed169a3 sp=0x000000390b6f9760 mode 2
Event: 18.542 Thread 0x000001993fef5640 Uncommon trap: trap_request=0xffffff45 fr.pc=0x000001992f2db254 relative=0x0000000000000974
Event: 18.542 Thread 0x000001993fef5640 Uncommon trap: reason=unstable_if action=reinterpret pc=0x000001992f2db254 method=java.util.HashMap.resize()[Ljava/util/HashMap$Node; @ 203 c2
Event: 18.542 Thread 0x000001993fef5640 DEOPT PACKING pc=0x000001992f2db254 sp=0x000000390b6f8d20
Event: 18.542 Thread 0x000001993fef5640 DEOPT UNPACKING pc=0x000001992ed169a3 sp=0x000000390b6f8cc0 mode 2
Event: 18.542 Thread 0x000001993fef5640 Uncommon trap: trap_request=0xffffff45 fr.pc=0x000001992f28415c relative=0x00000000000029fc
Event: 18.542 Thread 0x000001993fef5640 Uncommon trap: reason=unstable_if action=reinterpret pc=0x000001992f28415c method=java.util.HashMap.getNode(Ljava/lang/Object;)Ljava/util/HashMap$Node; @ 85 c2
Event: 18.542 Thread 0x000001993fef5640 DEOPT PACKING pc=0x000001992f28415c sp=0x000000390b6f8dc0
Event: 18.542 Thread 0x000001993fef5640 DEOPT UNPACKING pc=0x000001992ed169a3 sp=0x000000390b6f8ca8 mode 2
Event: 18.542 Thread 0x000001993fef5640 Uncommon trap: trap_request=0xffffff45 fr.pc=0x000001992f2a9368 relative=0x00000000000002c8
Event: 18.542 Thread 0x000001993fef5640 Uncommon trap: reason=unstable_if action=reinterpret pc=0x000001992f2a9368 method=java.util.HashMap.getNode(Ljava/lang/Object;)Ljava/util/HashMap$Node; @ 85 c2
Event: 18.542 Thread 0x000001993fef5640 DEOPT PACKING pc=0x000001992f2a9368 sp=0x000000390b6f8d70
Event: 18.542 Thread 0x000001993fef5640 DEOPT UNPACKING pc=0x000001992ed169a3 sp=0x000000390b6f8c90 mode 2
Event: 18.542 Thread 0x000001993fef5640 Uncommon trap: trap_request=0xffffff45 fr.pc=0x000001992f401ac0 relative=0x0000000000000220
Event: 18.542 Thread 0x000001993fef5640 Uncommon trap: reason=unstable_if action=reinterpret pc=0x000001992f401ac0 method=java.util.HashMap.getNode(Ljava/lang/Object;)Ljava/util/HashMap$Node; @ 85 c2
Event: 18.542 Thread 0x000001993fef5640 DEOPT PACKING pc=0x000001992f401ac0 sp=0x000000390b6f8d10
Event: 18.542 Thread 0x000001993fef5640 DEOPT UNPACKING pc=0x000001992ed169a3 sp=0x000000390b6f8c90 mode 2

Classes unloaded (0 events):
No events

Classes redefined (0 events):
No events

Internal exceptions (20 events):
Event: 15.374 Thread 0x000001993fef5640 Exception <a 'java/lang/ClassNotFoundException'{0x000000008ba7ce58}: com/android/build/gradle/internal/CompileOptions$AgpDecorated_DecoratedCustomizer> (0x000000008ba7ce58) 
thrown [s\src\hotspot\share\classfile\systemDictionary.cpp, line 256]
Event: 15.387 Thread 0x000001993fef5640 Exception <a 'java/lang/ClassNotFoundException'{0x000000008baff100}: com/android/build/gradle/internal/dsl/ApplicationBuildFeaturesImpl_DecoratedBeanInfo> (0x000000008baff100) 
thrown [s\src\hotspot\share\classfile\systemDictionary.cpp, line 256]
Event: 15.389 Thread 0x000001993fef5640 Exception <a 'java/lang/ClassNotFoundException'{0x000000008b90ce28}: com/android/build/gradle/internal/dsl/ApplicationBuildFeaturesImplBeanInfo> (0x000000008b90ce28) 
thrown [s\src\hotspot\share\classfile\systemDictionary.cpp, line 256]
Event: 15.391 Thread 0x000001993fef5640 Exception <a 'java/lang/ClassNotFoundException'{0x000000008b91a418}: com/android/build/gradle/internal/dsl/BuildFeaturesImplBeanInfo> (0x000000008b91a418) 
thrown [s\src\hotspot\share\classfile\systemDictionary.cpp, line 256]
Event: 15.392 Thread 0x000001993fef5640 Exception <a 'java/lang/ClassNotFoundException'{0x000000008b927a20}: com/android/build/gradle/internal/dsl/BuildFeaturesImplCustomizer> (0x000000008b927a20) 
thrown [s\src\hotspot\share\classfile\systemDictionary.cpp, line 256]
Event: 15.394 Thread 0x000001993fef5640 Exception <a 'java/lang/ClassNotFoundException'{0x000000008b940cf8}: com/android/build/gradle/internal/dsl/ApplicationBuildFeaturesImplCustomizer> (0x000000008b940cf8) 
thrown [s\src\hotspot\share\classfile\systemDictionary.cpp, line 256]
Event: 15.395 Thread 0x000001993fef5640 Exception <a 'java/lang/ClassNotFoundException'{0x000000008b954598}: com/android/build/gradle/internal/dsl/ApplicationBuildFeaturesImpl_DecoratedCustomizer> (0x000000008b954598) 
thrown [s\src\hotspot\share\classfile\systemDictionary.cpp, line 256]
Event: 15.406 Thread 0x000001993fef5640 Exception <a 'java/lang/ClassNotFoundException'{0x000000008b9e3110}: org/gradle/api/internal/artifacts/dsl/dependencies/DefaultDependencyHandler_DecoratedBeanInfo> (0x000000008b9e3110) 
thrown [s\src\hotspot\share\classfile\systemDictionary.cpp, line 256]
Event: 15.408 Thread 0x000001993fef5640 Exception <a 'java/lang/ClassNotFoundException'{0x000000008b9fa488}: org/gradle/api/internal/artifacts/dsl/dependencies/DefaultDependencyHandlerBeanInfo> (0x000000008b9fa488) 
thrown [s\src\hotspot\share\classfile\systemDictionary.cpp, line 256]
Event: 15.409 Thread 0x000001993fef5640 Exception <a 'java/lang/ClassNotFoundException'{0x000000008b811ce0}: org/gradle/api/internal/artifacts/dsl/dependencies/DefaultDependencyHandlerCustomizer> (0x000000008b811ce0) 
thrown [s\src\hotspot\share\classfile\systemDictionary.cpp, line 256]
Event: 15.413 Thread 0x000001993fef5640 Exception <a 'java/lang/ClassNotFoundException'{0x000000008b850330}: org/gradle/api/internal/artifacts/dsl/dependencies/DefaultDependencyHandler_DecoratedCustomizer> (0x000000008b850330) 
thrown [s\src\hotspot\share\classfile\systemDictionary.cpp, line 256]
Event: 16.795 Thread 0x000001993fef5640 Exception <a 'java/lang/NoSuchMethodError'{0x00000000897fb630}: 'int java.lang.invoke.DirectMethodHandle$Holder.invokeSpecialIFC(java.lang.Object, java.lang.Object, java.lang.Object, java.lang.Object, java.lang.Object)'> (0x00000000897fb630) 
thrown [s\src\hotspot\share\interpreter\linkResolver.cpp, line 771]
Event: 17.185 Thread 0x000001993fef5640 Exception <a 'java/lang/ClassNotFoundException'{0x0000000088ae72f0}: com/android/build/gradle/internal/api/ApkVariantOutputImpl_DecoratedBeanInfo> (0x0000000088ae72f0) 
thrown [s\src\hotspot\share\classfile\systemDictionary.cpp, line 256]
Event: 17.186 Thread 0x000001993fef5640 Exception <a 'java/lang/ClassNotFoundException'{0x0000000088af3ec8}: com/android/build/gradle/internal/api/ApkVariantOutputImplBeanInfo> (0x0000000088af3ec8) 
thrown [s\src\hotspot\share\classfile\systemDictionary.cpp, line 256]
Event: 17.187 Thread 0x000001993fef5640 Exception <a 'java/lang/ClassNotFoundException'{0x0000000088900ff0}: com/android/build/gradle/internal/api/BaseVariantOutputImplBeanInfo> (0x0000000088900ff0) 
thrown [s\src\hotspot\share\classfile\systemDictionary.cpp, line 256]
Event: 17.188 Thread 0x000001993fef5640 Exception <a 'java/lang/ClassNotFoundException'{0x000000008890de58}: com/android/build/gradle/internal/api/BaseVariantOutputImplCustomizer> (0x000000008890de58) 
thrown [s\src\hotspot\share\classfile\systemDictionary.cpp, line 256]
Event: 17.190 Thread 0x000001993fef5640 Exception <a 'java/lang/ClassNotFoundException'{0x000000008892d3c8}: com/android/build/gradle/internal/api/ApkVariantOutputImplCustomizer> (0x000000008892d3c8) 
thrown [s\src\hotspot\share\classfile\systemDictionary.cpp, line 256]
Event: 17.193 Thread 0x000001993fef5640 Exception <a 'java/lang/ClassNotFoundException'{0x0000000088946bc0}: com/android/build/gradle/internal/api/ApkVariantOutputImpl_DecoratedCustomizer> (0x0000000088946bc0) 
thrown [s\src\hotspot\share\classfile\systemDictionary.cpp, line 256]
Event: 17.221 Thread 0x000001993fef5640 Exception <a 'java/lang/NoClassDefFoundError'{0x0000000088868890}: org/jetbrains/kotlin/gradle/plugin/KotlinBasePluginWrapper> (0x0000000088868890) 
thrown [s\src\hotspot\share\classfile\systemDictionary.cpp, line 245]
Event: 17.737 Thread 0x000001993fef5640 Implicit null exception at 0x000001992f50be0f to 0x000001992f50c45c

VM Operations (20 events):
Event: 14.574 Executing VM operation: G1CollectForAllocation
Event: 14.584 Executing VM operation: G1CollectForAllocation done
Event: 14.658 Executing VM operation: G1CollectForAllocation
Event: 14.664 Executing VM operation: G1CollectForAllocation done
Event: 15.051 Executing VM operation: G1CollectForAllocation
Event: 15.062 Executing VM operation: G1CollectForAllocation done
Event: 15.182 Executing VM operation: G1Concurrent
Event: 15.191 Executing VM operation: G1Concurrent done
Event: 15.246 Executing VM operation: G1Concurrent
Event: 15.250 Executing VM operation: G1Concurrent done
Event: 15.465 Executing VM operation: HandshakeAllThreads
Event: 15.465 Executing VM operation: HandshakeAllThreads done
Event: 16.475 Executing VM operation: Cleanup
Event: 16.476 Executing VM operation: Cleanup done
Event: 17.078 Executing VM operation: ICBufferFull
Event: 17.078 Executing VM operation: ICBufferFull done
Event: 17.536 Executing VM operation: ICBufferFull
Event: 17.537 Executing VM operation: ICBufferFull done
Event: 18.546 Executing VM operation: Cleanup
Event: 18.581 Executing VM operation: Cleanup done

Events (20 events):
Event: 14.064 loading class com/sun/jmx/mbeanserver/StandardMBeanSupport
Event: 14.064 loading class com/sun/jmx/mbeanserver/StandardMBeanSupport done
Event: 14.065 loading class com/sun/jmx/mbeanserver/StandardMBeanIntrospector
Event: 14.065 loading class com/sun/jmx/mbeanserver/StandardMBeanIntrospector done
Event: 14.121 loading class javax/xml/stream/XMLStreamException
Event: 14.121 loading class javax/xml/stream/XMLStreamException done
Event: 14.147 loading class sun/reflect/annotation/AnnotationInvocationHandler$1
Event: 14.150 loading class sun/reflect/annotation/AnnotationInvocationHandler$1 done
Event: 14.304 loading class sun/reflect/generics/repository/FieldRepository
Event: 14.304 loading class sun/reflect/generics/repository/FieldRepository done
Event: 14.324 loading class jdk/internal/vm/annotation/ForceInline
Event: 14.324 loading class jdk/internal/vm/annotation/ForceInline done
Event: 14.540 loading class java/util/regex/Pattern$Caret
Event: 14.540 loading class java/util/regex/Pattern$Caret done
Event: 14.977 loading class java/beans/IntrospectionException
Event: 14.977 loading class java/beans/IntrospectionException done
Event: 17.216 loading class java/io/CharArrayWriter
Event: 17.216 loading class java/io/CharArrayWriter done
Event: 18.075 loading class java/util/zip/ZipOutputStream
Event: 18.076 loading class java/util/zip/ZipOutputStream done


Dynamic libraries:
0x00007ff6fa840000 - 0x00007ff6fa84a000 	C:\Program Files\Android\Android Studio\jbr\bin\java.exe
0x00007ffbc3090000 - 0x00007ffbc32a4000 	C:\Windows\SYSTEM32\ntdll.dll
0x00007ffbc2a10000 - 0x00007ffbc2ad2000 	C:\Windows\System32\KERNEL32.DLL
0x00007ffbc0860000 - 0x00007ffbc0bfc000 	C:\Windows\System32\KERNELBASE.dll
0x00007ffbc0600000 - 0x00007ffbc0711000 	C:\Windows\System32\ucrtbase.dll
0x00007ffbb8900000 - 0x00007ffbb8917000 	C:\Program Files\Android\Android Studio\jbr\bin\jli.dll
0x00007ffbb8880000 - 0x00007ffbb889b000 	C:\Program Files\Android\Android Studio\jbr\bin\VCRUNTIME140.dll
0x00007ffbc17b0000 - 0x00007ffbc195b000 	C:\Windows\System32\USER32.dll
0x00007ffbc0c70000 - 0x00007ffbc0c96000 	C:\Windows\System32\win32u.dll
0x00007ffbba060000 - 0x00007ffbba2ee000 	C:\Windows\WinSxS\amd64_microsoft.windows.common-controls_6595b64144ccf1df_6.0.22621.1_none_60e502bd9af5bef0\COMCTL32.dll
0x00007ffbc2e30000 - 0x00007ffbc2e59000 	C:\Windows\System32\GDI32.dll
0x00007ffbc2ef0000 - 0x00007ffbc2f97000 	C:\Windows\System32\msvcrt.dll
0x00007ffbc04e0000 - 0x00007ffbc05f2000 	C:\Windows\System32\gdi32full.dll
0x00007ffbc0e10000 - 0x00007ffbc0eaa000 	C:\Windows\System32\msvcp_win.dll
0x00007ffbc2bd0000 - 0x00007ffbc2c01000 	C:\Windows\System32\IMM32.DLL
0x00007ffbbb250000 - 0x00007ffbbb25c000 	C:\Program Files\Android\Android Studio\jbr\bin\vcruntime140_1.dll
0x00007ffbb1ee0000 - 0x00007ffbb1f6d000 	C:\Program Files\Android\Android Studio\jbr\bin\msvcp140.dll
0x00007ffb8d480000 - 0x00007ffb8e0ed000 	C:\Program Files\Android\Android Studio\jbr\bin\server\jvm.dll
0x00007ffbc2240000 - 0x00007ffbc22ee000 	C:\Windows\System32\ADVAPI32.dll
0x00007ffbc1dc0000 - 0x00007ffbc1e64000 	C:\Windows\System32\sechost.dll
0x00007ffbc0eb0000 - 0x00007ffbc0fc5000 	C:\Windows\System32\RPCRT4.dll
0x00007ffbb7ba0000 - 0x00007ffbb7ba9000 	C:\Windows\SYSTEM32\WSOCK32.dll
0x00007ffbc2c30000 - 0x00007ffbc2ca1000 	C:\Windows\System32\WS2_32.dll
0x00007ffbba710000 - 0x00007ffbba71a000 	C:\Windows\SYSTEM32\VERSION.dll
0x00007ffbba440000 - 0x00007ffbba474000 	C:\Windows\SYSTEM32\WINMM.dll
0x00007ffbbf550000 - 0x00007ffbbf568000 	C:\Windows\SYSTEM32\kernel.appcore.dll
0x00007ffbaf1f0000 - 0x00007ffbaf1fa000 	C:\Program Files\Android\Android Studio\jbr\bin\jimage.dll
0x00007ffbb3be0000 - 0x00007ffbb3e0e000 	C:\Windows\SYSTEM32\DBGHELP.DLL
0x00007ffbc1e70000 - 0x00007ffbc21f9000 	C:\Windows\System32\combase.dll
0x00007ffbc2af0000 - 0x00007ffbc2bc7000 	C:\Windows\System32\OLEAUT32.dll
0x00007ffbac780000 - 0x00007ffbac7b2000 	C:\Windows\SYSTEM32\dbgcore.DLL
0x00007ffbc0720000 - 0x00007ffbc079b000 	C:\Windows\System32\bcryptPrimitives.dll
0x00007ffbaf1c0000 - 0x00007ffbaf1e5000 	C:\Program Files\Android\Android Studio\jbr\bin\java.dll
0x00007ffbab400000 - 0x00007ffbab418000 	C:\Program Files\Android\Android Studio\jbr\bin\zip.dll
0x00007ffbc0fd0000 - 0x00007ffbc17a8000 	C:\Windows\System32\SHELL32.dll
0x00007ffbbe520000 - 0x00007ffbbedd8000 	C:\Windows\SYSTEM32\windows.storage.dll
0x00007ffbbe3e0000 - 0x00007ffbbe51d000 	C:\Windows\SYSTEM32\wintypes.dll
0x00007ffbc19f0000 - 0x00007ffbc1ae1000 	C:\Windows\System32\SHCORE.dll
0x00007ffbc1d10000 - 0x00007ffbc1d6e000 	C:\Windows\System32\shlwapi.dll
0x00007ffbc0410000 - 0x00007ffbc0431000 	C:\Windows\SYSTEM32\profapi.dll
0x00007ffba8e90000 - 0x00007ffba8ea9000 	C:\Program Files\Android\Android Studio\jbr\bin\net.dll
0x00007ffbbabf0000 - 0x00007ffbbad1f000 	C:\Windows\SYSTEM32\WINHTTP.dll
0x00007ffbbf9b0000 - 0x00007ffbbfa19000 	C:\Windows\system32\mswsock.dll
0x00007ffba6aa0000 - 0x00007ffba6ab6000 	C:\Program Files\Android\Android Studio\jbr\bin\nio.dll
0x00007ffbac1a0000 - 0x00007ffbac1b0000 	C:\Program Files\Android\Android Studio\jbr\bin\verify.dll
0x00007ffbabc50000 - 0x00007ffbabc77000 	C:\Users\Admin\.gradle\native\68d5fa5c4cc2d200863cafc0d521ce42e7d3e7ee720ec0a83991735586a16f82\windows-amd64\native-platform.dll
0x00007ffbb1d90000 - 0x00007ffbb1ed4000 	C:\Users\Admin\.gradle\native\e376f236ea51e6404a007f0833ffe2c6e607c4080706a723a18a27aeea778392\windows-amd64\native-platform-file-events.dll
0x00007ffbacc40000 - 0x00007ffbacc49000 	C:\Program Files\Android\Android Studio\jbr\bin\management.dll
0x00007ffbac3d0000 - 0x00007ffbac3db000 	C:\Program Files\Android\Android Studio\jbr\bin\management_ext.dll
0x00007ffbc2ae0000 - 0x00007ffbc2ae8000 	C:\Windows\System32\PSAPI.DLL
0x00007ffbbfc00000 - 0x00007ffbbfc1b000 	C:\Windows\SYSTEM32\CRYPTSP.dll
0x00007ffbbf4c0000 - 0x00007ffbbf4f5000 	C:\Windows\system32\rsaenh.dll
0x00007ffbbfab0000 - 0x00007ffbbfad8000 	C:\Windows\SYSTEM32\USERENV.dll
0x00007ffbbfda0000 - 0x00007ffbbfdc8000 	C:\Windows\SYSTEM32\bcrypt.dll
0x00007ffbbfc20000 - 0x00007ffbbfc2c000 	C:\Windows\SYSTEM32\CRYPTBASE.dll
0x00007ffbbf070000 - 0x00007ffbbf09d000 	C:\Windows\SYSTEM32\IPHLPAPI.DLL
0x00007ffbc1960000 - 0x00007ffbc1969000 	C:\Windows\System32\NSI.dll
0x00007ffbbabb0000 - 0x00007ffbbabc9000 	C:\Windows\SYSTEM32\dhcpcsvc6.DLL
0x00007ffbbab90000 - 0x00007ffbbabaf000 	C:\Windows\SYSTEM32\dhcpcsvc.DLL
0x00007ffbbf0f0000 - 0x00007ffbbf1e2000 	C:\Windows\SYSTEM32\DNSAPI.dll
0x00007ffbac010000 - 0x00007ffbac018000 	C:\Windows\system32\wshunix.dll

dbghelp: loaded successfully - version: 4.0.5 - missing functions: none
symbol engine: initialized successfully - sym options: 0x614 - pdb path: .;C:\Program Files\Android\Android Studio\jbr\bin;C:\Windows\SYSTEM32;C:\Windows\WinSxS\amd64_microsoft.windows.common-controls_6595b64144ccf1df_6.0.22621.1_none_60e502bd9af5bef0;C:\Program Files\Android\Android Studio\jbr\bin\server;C:\Users\Admin\.gradle\native\68d5fa5c4cc2d200863cafc0d521ce42e7d3e7ee720ec0a83991735586a16f82\windows-amd64;C:\Users\Admin\.gradle\native\e376f236ea51e6404a007f0833ffe2c6e607c4080706a723a18a27aeea778392\windows-amd64

VM Arguments:
jvm_args: --add-opens=java.base/java.util=ALL-UNNAMED --add-opens=java.base/java.lang=ALL-UNNAMED --add-opens=java.base/java.lang.invoke=ALL-UNNAMED --add-opens=java.prefs/java.util.prefs=ALL-UNNAMED --add-opens=java.base/java.nio.charset=ALL-UNNAMED --add-opens=java.base/java.net=ALL-UNNAMED --add-opens=java.base/java.util.concurrent.atomic=ALL-UNNAMED -Xmx2048m -Dfile.encoding=UTF-8 -Duser.country=US -Duser.language=en -Duser.variant 
java_command: org.gradle.launcher.daemon.bootstrap.GradleDaemon 8.0
java_class_path (initial): C:\Users\Admin\.gradle\wrapper\dists\gradle-8.0-bin\ca5e32bp14vu59qr306oxotwh\gradle-8.0\lib\gradle-launcher-8.0.jar
Launcher Type: SUN_STANDARD

[Global flags]
     intx CICompilerCount                          = 3                                         {product} {ergonomic}
     uint ConcGCThreads                            = 1                                         {product} {ergonomic}
     uint G1ConcRefinementThreads                  = 4                                         {product} {ergonomic}
   size_t G1HeapRegionSize                         = 1048576                                   {product} {ergonomic}
    uintx GCDrainStackTargetSize                   = 64                                        {product} {ergonomic}
   size_t InitialHeapSize                          = 201326592                                 {product} {ergonomic}
   size_t MarkStackSize                            = 4194304                                   {product} {ergonomic}
   size_t MaxHeapSize                              = 2147483648                                {product} {command line}
   size_t MaxNewSize                               = 1287651328                                {product} {ergonomic}
   size_t MinHeapDeltaBytes                        = 1048576                                   {product} {ergonomic}
   size_t MinHeapSize                              = 8388608                                   {product} {ergonomic}
    uintx NonNMethodCodeHeapSize                   = 5832780                                {pd product} {ergonomic}
    uintx NonProfiledCodeHeapSize                  = 122912730                              {pd product} {ergonomic}
    uintx ProfiledCodeHeapSize                     = 122912730                              {pd product} {ergonomic}
    uintx ReservedCodeCacheSize                    = 251658240                              {pd product} {ergonomic}
     bool SegmentedCodeCache                       = true                                      {product} {ergonomic}
   size_t SoftMaxHeapSize                          = 2147483648                             {manageable} {ergonomic}
     bool UseCompressedClassPointers               = true                           {product lp64_product} {ergonomic}
     bool UseCompressedOops                        = true                           {product lp64_product} {ergonomic}
     bool UseG1GC                                  = true                                      {product} {ergonomic}
     bool UseLargePagesIndividualAllocation        = false                                  {pd product} {ergonomic}

Logging:
Log output configuration:
 #0: stdout all=warning uptime,level,tags
 #1: stderr all=off uptime,level,tags

Environment Variables:
PATH=C:\Program Files\Common Files\Oracle\Java\javapath;C:\Windows\system32;C:\Windows;C:\Windows\System32\Wbem;C:\Windows\System32\WindowsPowerShell\v1.0\;C:\Windows\System32\OpenSSH\;C:\Program Files (x86)\NVIDIA Corporation\PhysX\Common;C:\Program Files\dotnet\;C:\Program Files\Git\cmd;C:\Users\Admin\AppData\Local\Microsoft\WindowsApps;C:\Users\Admin\.dotnet\tools
USERNAME=Admin
OS=Windows_NT
PROCESSOR_IDENTIFIER=Intel64 Family 6 Model 42 Stepping 7, GenuineIntel
TMP=C:\Users\Admin\AppData\Local\Temp
TEMP=C:\Users\Admin\AppData\Local\Temp



---------------  S Y S T E M  ---------------

OS:
 Windows 11 , 64 bit Build 22621 (10.0.22621.1)
OS uptime: 0 days 4:05 hours

CPU: total 4 (initial active 4) (2 cores per cpu, 2 threads per core) family 6 model 42 stepping 7 microcode 0x2f, cx8, cmov, fxsr, ht, mmx, sse, sse2, sse3, ssse3, sse4.1, sse4.2, popcnt, tsc, tscinvbit, avx, clmul, vzeroupper, clflush

Memory: 4k page, system-wide physical 12264M (2692M free)
TotalPageFile size 12264M (AvailPageFile size 4M)
current process WorkingSet (physical memory assigned to process): 394M, peak: 394M
current process commit charge ("private bytes"): 450M, peak: 490M

vm_info: OpenJDK 64-Bit Server VM (17.0.6+0-b2043.56-9586694) for windows-amd64 JRE (17.0.6+0-b2043.56-9586694), built on Feb  9 2023 20:06:20 by "androidbuild" with MS VC++ 16.10 / 16.11 (VS2019)

END.
