#
# There is insufficient memory for the Java Runtime Environment to continue.
# Native memory allocation (malloc) failed to allocate 1120016 bytes for Chunk::new
# Possible reasons:
#   The system is out of physical RAM or swap space
#   The process is running with CompressedOops enabled, and the Java Heap may be blocking the growth of the native heap
# Possible solutions:
#   Reduce memory load on the system
#   Increase physical memory or swap space
#   Check if swap backing store is full
#   Decrease Java heap size (-Xmx/-Xms)
#   Decrease number of Java threads
#   Decrease Java thread stack sizes (-Xss)
#   Set larger code cache with -XX:ReservedCodeCacheSize=
#   JVM is running with Unscaled Compressed Oops mode in which the Java heap is
#     placed in the first 4GB address space. The Java Heap base address is the
#     maximum limit for the native heap growth. Please use -XX:HeapBaseMinAddress
#     to set the Java Heap base and to place the Java Heap above 4GB virtual address.
# This output file may be truncated or incomplete.
#
#  Out of Memory Error (arena.cpp:189), pid=9656, tid=9284
#
# JRE version: OpenJDK Runtime Environment (17.0.6) (build 17.0.6+0-b2043.56-9586694)
# Java VM: OpenJDK 64-Bit Server VM (17.0.6+0-b2043.56-9586694, mixed mode, tiered, compressed oops, compressed class ptrs, g1 gc, windows-amd64)
# No core dump will be written. Minidumps are not enabled by default on client versions of Windows
#

---------------  S U M M A R Y ------------

Command Line: --add-opens=java.base/java.util=ALL-UNNAMED --add-opens=java.base/java.lang=ALL-UNNAMED --add-opens=java.base/java.lang.invoke=ALL-UNNAMED --add-opens=java.prefs/java.util.prefs=ALL-UNNAMED --add-opens=java.base/java.nio.charset=ALL-UNNAMED --add-opens=java.base/java.net=ALL-UNNAMED --add-opens=java.base/java.util.concurrent.atomic=ALL-UNNAMED -Xmx2048m -Dfile.encoding=UTF-8 -Duser.country=US -Duser.language=en -Duser.variant org.gradle.launcher.daemon.bootstrap.GradleDaemon 8.0

Host: Intel(R) Core(TM) i3-2100 CPU @ 3.10GHz, 4 cores, 11G,  Windows 11 , 64 bit Build 22621 (10.0.22621.1)
Time: Sat Aug  3 18:18:56 2024 SE Asia Standard Time elapsed time: 381.776650 seconds (0d 0h 6m 21s)

---------------  T H R E A D  ---------------

Current thread (0x00000242a30d3900):  JavaThread "C2 CompilerThread1" daemon [_thread_in_native, id=9284, stack(0x000000d954600000,0x000000d954700000)]


Current CompileTask:
C2: 381776 13061       4       java.lang.reflect.Method::invoke (65 bytes)

Stack: [0x000000d954600000,0x000000d954700000]
Native frames: (J=compiled Java code, j=interpreted, Vv=VM code, C=native code)
V  [jvm.dll+0x683b4a]
V  [jvm.dll+0x842654]
V  [jvm.dll+0x843dfe]
V  [jvm.dll+0x844463]
V  [jvm.dll+0x249b75]
V  [jvm.dll+0xabcac]
V  [jvm.dll+0xac27c]
V  [jvm.dll+0x368802]
V  [jvm.dll+0x332f31]
V  [jvm.dll+0x3323da]
V  [jvm.dll+0x21c201]
V  [jvm.dll+0x21b621]
V  [jvm.dll+0x1a4fdd]
V  [jvm.dll+0x22b098]
V  [jvm.dll+0x229159]
V  [jvm.dll+0x7f809c]
V  [jvm.dll+0x7f25fa]
V  [jvm.dll+0x682985]
C  [ucrtbase.dll+0x29363]
C  [KERNEL32.DLL+0x1244d]
C  [ntdll.dll+0x5df88]


---------------  P R O C E S S  ---------------

Threads class SMR info:
_java_thread_list=0x00000242a2d5f620, length=87, elements={
0x00000242856c73c0, 0x000002429ecb58a0, 0x000002429ecb6450, 0x000002429f80ae40,
0x000002429f80b9f0, 0x000002429f80c3a0, 0x000002429f80cd50, 0x000002429f847030,
0x000002429f8aabf0, 0x000002429f8ab100, 0x000002429f98cab0, 0x000002429f9a0f70,
0x00000242a0b764e0, 0x00000242a22a0c40, 0x00000242a2207260, 0x00000242a2aaf250,
0x00000242a2ab0f30, 0x00000242a2aaed80, 0x00000242a2ab1400, 0x00000242a2ab2270,
0x00000242a121be10, 0x00000242a121e960, 0x00000242a121b470, 0x00000242a121f300,
0x00000242a121fca0, 0x00000242a121dfc0, 0x00000242a4e21bb0, 0x00000242a573f070,
0x00000242a573fa10, 0x00000242a3304a60, 0x00000242a33040c0, 0x00000242a86e3070,
0x00000242a86e4880, 0x00000242a86e3ee0, 0x00000242a4e1c9e0, 0x00000242a86e43b0,
0x00000242a86e3540, 0x00000242a1394980, 0x00000242a4e1ceb0, 0x00000242a13944b0,
0x00000242a4fbef40, 0x00000242a4fbf410, 0x00000242a4fc0c20, 0x00000242a4fbdc00,
0x00000242a4fbea70, 0x00000242a4fc0750, 0x00000242a4fc15c0, 0x00000242a4fbf8e0,
0x00000242a4fbfdb0, 0x00000242a4fc0280, 0x00000242a4fc10f0, 0x00000242a4fbe0d0,
0x00000242a4fbe5a0, 0x00000242a8d3cc90, 0x00000242a8d3a610, 0x00000242a8d397a0,
0x00000242a8d392d0, 0x00000242a8d3c2f0, 0x00000242a8d3b480, 0x00000242a8d3afb0,
0x00000242a8d39c70, 0x00000242a8d3be20, 0x00000242a8d3a140, 0x00000242a8d3aae0,
0x00000242a8d3b950, 0x00000242a8d3c7c0, 0x00000242a36b0530, 0x00000242a36af1f0,
0x00000242a36ad9e0, 0x00000242a36ad510, 0x00000242a36adeb0, 0x00000242a36ae380,
0x00000242a36af6c0, 0x00000242a36ad040, 0x00000242a36ae850, 0x00000242a36b0060,
0x00000242a36b0a00, 0x00000242a36aed20, 0x00000242a36afb90, 0x00000242a38ab930,
0x00000242a1393fe0, 0x00000242a89dc240, 0x00000242a89daa30, 0x00000242a89d9bc0,
0x00000242a3304590, 0x00000242a89da090, 0x00000242a30d3900
}

Java Threads: ( => current thread )
  0x00000242856c73c0 JavaThread "main" [_thread_blocked, id=9136, stack(0x000000d952700000,0x000000d952800000)]
  0x000002429ecb58a0 JavaThread "Reference Handler" daemon [_thread_blocked, id=7076, stack(0x000000d952e00000,0x000000d952f00000)]
  0x000002429ecb6450 JavaThread "Finalizer" daemon [_thread_blocked, id=5684, stack(0x000000d952f00000,0x000000d953000000)]
  0x000002429f80ae40 JavaThread "Signal Dispatcher" daemon [_thread_blocked, id=9632, stack(0x000000d953000000,0x000000d953100000)]
  0x000002429f80b9f0 JavaThread "Attach Listener" daemon [_thread_blocked, id=8228, stack(0x000000d953100000,0x000000d953200000)]
  0x000002429f80c3a0 JavaThread "Service Thread" daemon [_thread_blocked, id=7972, stack(0x000000d953200000,0x000000d953300000)]
  0x000002429f80cd50 JavaThread "Monitor Deflation Thread" daemon [_thread_blocked, id=7416, stack(0x000000d953300000,0x000000d953400000)]
  0x000002429f847030 JavaThread "C2 CompilerThread0" daemon [_thread_in_native, id=9132, stack(0x000000d953400000,0x000000d953500000)]
  0x000002429f8aabf0 JavaThread "C1 CompilerThread0" daemon [_thread_blocked, id=2100, stack(0x000000d953500000,0x000000d953600000)]
  0x000002429f8ab100 JavaThread "Sweeper thread" daemon [_thread_blocked, id=10052, stack(0x000000d953600000,0x000000d953700000)]
  0x000002429f98cab0 JavaThread "Common-Cleaner" daemon [_thread_blocked, id=3764, stack(0x000000d953700000,0x000000d953800000)]
  0x000002429f9a0f70 JavaThread "Notification Thread" daemon [_thread_blocked, id=10132, stack(0x000000d953800000,0x000000d953900000)]
  0x00000242a0b764e0 JavaThread "Daemon health stats" [_thread_blocked, id=3496, stack(0x000000d953e00000,0x000000d953f00000)]
  0x00000242a22a0c40 JavaThread "Incoming local TCP Connector on port 63766" [_thread_in_native, id=3492, stack(0x000000d953f00000,0x000000d954000000)]
  0x00000242a2207260 JavaThread "Daemon periodic checks" [_thread_blocked, id=10272, stack(0x000000d954000000,0x000000d954100000)]
  0x00000242a2aaf250 JavaThread "Cache worker for journal cache (C:\Users\Admin\.gradle\caches\journal-1)" [_thread_blocked, id=9520, stack(0x000000d953d00000,0x000000d953e00000)]
  0x00000242a2ab0f30 JavaThread "File lock request listener" [_thread_in_native, id=7304, stack(0x000000d954800000,0x000000d954900000)]
  0x00000242a2aaed80 JavaThread "Cache worker for file hash cache (C:\Users\Admin\.gradle\caches\8.0\fileHashes)" [_thread_blocked, id=7420, stack(0x000000d954900000,0x000000d954a00000)]
  0x00000242a2ab1400 JavaThread "File watcher server" daemon [_thread_in_native, id=10700, stack(0x000000d954a00000,0x000000d954b00000)]
  0x00000242a2ab2270 JavaThread "File watcher consumer" daemon [_thread_blocked, id=8908, stack(0x000000d954b00000,0x000000d954c00000)]
  0x00000242a121be10 JavaThread "Cache worker for file content cache (C:\Users\Admin\.gradle\caches\8.0\fileContent)" [_thread_blocked, id=1144, stack(0x000000d954e00000,0x000000d954f00000)]
  0x00000242a121e960 JavaThread "Cache worker for execution history cache (C:\Users\Admin\.gradle\caches\8.0\executionHistory)" [_thread_blocked, id=9744, stack(0x000000d955100000,0x000000d955200000)]
  0x00000242a121b470 JavaThread "jar transforms" [_thread_blocked, id=4124, stack(0x000000d955200000,0x000000d955300000)]
  0x00000242a121f300 JavaThread "jar transforms Thread 2" [_thread_blocked, id=11128, stack(0x000000d955400000,0x000000d955500000)]
  0x00000242a121fca0 JavaThread "jar transforms Thread 3" [_thread_blocked, id=8760, stack(0x000000d955600000,0x000000d955700000)]
  0x00000242a121dfc0 JavaThread "jar transforms Thread 4" [_thread_blocked, id=1488, stack(0x000000d955700000,0x000000d955800000)]
  0x00000242a4e21bb0 JavaThread "Memory manager" [_thread_blocked, id=5624, stack(0x000000d958300000,0x000000d958400000)]
  0x00000242a573f070 JavaThread "Daemon Thread 2" [_thread_blocked, id=3468, stack(0x000000d952500000,0x000000d952600000)]
  0x00000242a573fa10 JavaThread "Handler for socket connection from /127.0.0.1:63766 to /127.0.0.1:63982" [_thread_in_native, id=3428, stack(0x000000d952600000,0x000000d952700000)]
  0x00000242a3304a60 JavaThread "Cancel handler" [_thread_blocked, id=8116, stack(0x000000d954100000,0x000000d954200000)]
  0x00000242a33040c0 JavaThread "Daemon worker Thread 2" [_thread_blocked, id=10212, stack(0x000000d954200000,0x000000d954300000)]
  0x00000242a86e3070 JavaThread "Asynchronous log dispatcher for DefaultDaemonConnection: socket connection from /127.0.0.1:63766 to /127.0.0.1:63982" [_thread_blocked, id=9916, stack(0x000000d954300000,0x000000d954400000)]
  0x00000242a86e4880 JavaThread "Stdin handler" [_thread_blocked, id=11240, stack(0x000000d954400000,0x000000d954500000)]
  0x00000242a86e3ee0 JavaThread "Daemon client event forwarder" [_thread_blocked, id=3476, stack(0x000000d954500000,0x000000d954600000)]
  0x00000242a4e1c9e0 JavaThread "Cache worker for checksums cache (C:\Users\Admin\AndroidStudioProjects\PemrogramanBerbasisObjek\.gradle\8.0\checksums)" [_thread_blocked, id=5636, stack(0x000000d954700000,0x000000d954800000)]
  0x00000242a86e43b0 JavaThread "Cache worker for cache directory md-rule (C:\Users\Admin\.gradle\caches\8.0\md-rule)" [_thread_blocked, id=5176, stack(0x000000d954c00000,0x000000d954d00000)]
  0x00000242a86e3540 JavaThread "Cache worker for file hash cache (C:\Users\Admin\AndroidStudioProjects\PemrogramanBerbasisObjek\.gradle\8.0\fileHashes)" [_thread_blocked, id=4428, stack(0x000000d954d00000,0x000000d954e00000)]
  0x00000242a1394980 JavaThread "Cache worker for cache directory md-supplier (C:\Users\Admin\.gradle\caches\8.0\md-supplier)" [_thread_blocked, id=2744, stack(0x000000d954f00000,0x000000d955000000)]
  0x00000242a4e1ceb0 JavaThread "Cache worker for dependencies-accessors (C:\Users\Admin\AndroidStudioProjects\PemrogramanBerbasisObjek\.gradle\8.0\dependencies-accessors)" [_thread_blocked, id=5872, stack(0x000000d955000000,0x000000d955100000)]
  0x00000242a13944b0 JavaThread "Cache worker for Build Output Cleanup Cache (C:\Users\Admin\AndroidStudioProjects\PemrogramanBerbasisObjek\.gradle\buildOutputCleanup)" [_thread_blocked, id=992, stack(0x000000d955300000,0x000000d955400000)]
  0x00000242a4fbef40 JavaThread "Unconstrained build operations" [_thread_blocked, id=9248, stack(0x000000d955800000,0x000000d955900000)]
  0x00000242a4fbf410 JavaThread "Unconstrained build operations Thread 2" [_thread_blocked, id=9648, stack(0x000000d955900000,0x000000d955a00000)]
  0x00000242a4fc0c20 JavaThread "Unconstrained build operations Thread 3" [_thread_blocked, id=1288, stack(0x000000d955a00000,0x000000d955b00000)]
  0x00000242a4fbdc00 JavaThread "Unconstrained build operations Thread 4" [_thread_blocked, id=9784, stack(0x000000d955b00000,0x000000d955c00000)]
  0x00000242a4fbea70 JavaThread "Unconstrained build operations Thread 5" [_thread_blocked, id=7424, stack(0x000000d955c00000,0x000000d955d00000)]
  0x00000242a4fc0750 JavaThread "Unconstrained build operations Thread 6" [_thread_blocked, id=9472, stack(0x000000d955d00000,0x000000d955e00000)]
  0x00000242a4fc15c0 JavaThread "Unconstrained build operations Thread 7" [_thread_blocked, id=10584, stack(0x000000d955e00000,0x000000d955f00000)]
  0x00000242a4fbf8e0 JavaThread "Unconstrained build operations Thread 8" [_thread_blocked, id=10100, stack(0x000000d955f00000,0x000000d956000000)]
  0x00000242a4fbfdb0 JavaThread "Unconstrained build operations Thread 9" [_thread_blocked, id=9376, stack(0x000000d956000000,0x000000d956100000)]
  0x00000242a4fc0280 JavaThread "Unconstrained build operations Thread 10" [_thread_blocked, id=7432, stack(0x000000d956100000,0x000000d956200000)]
  0x00000242a4fc10f0 JavaThread "Unconstrained build operations Thread 11" [_thread_blocked, id=7400, stack(0x000000d956200000,0x000000d956300000)]
  0x00000242a4fbe0d0 JavaThread "Unconstrained build operations Thread 12" [_thread_blocked, id=7412, stack(0x000000d956300000,0x000000d956400000)]
  0x00000242a4fbe5a0 JavaThread "Unconstrained build operations Thread 13" [_thread_blocked, id=10264, stack(0x000000d956400000,0x000000d956500000)]
  0x00000242a8d3cc90 JavaThread "Unconstrained build operations Thread 14" [_thread_blocked, id=10156, stack(0x000000d956500000,0x000000d956600000)]
  0x00000242a8d3a610 JavaThread "Unconstrained build operations Thread 15" [_thread_blocked, id=8124, stack(0x000000d956600000,0x000000d956700000)]
  0x00000242a8d397a0 JavaThread "Unconstrained build operations Thread 16" [_thread_blocked, id=6116, stack(0x000000d956700000,0x000000d956800000)]
  0x00000242a8d392d0 JavaThread "Unconstrained build operations Thread 17" [_thread_blocked, id=11136, stack(0x000000d956800000,0x000000d956900000)]
  0x00000242a8d3c2f0 JavaThread "Unconstrained build operations Thread 18" [_thread_blocked, id=9548, stack(0x000000d956900000,0x000000d956a00000)]
  0x00000242a8d3b480 JavaThread "Unconstrained build operations Thread 19" [_thread_blocked, id=6268, stack(0x000000d956a00000,0x000000d956b00000)]
  0x00000242a8d3afb0 JavaThread "Unconstrained build operations Thread 20" [_thread_blocked, id=1216, stack(0x000000d956b00000,0x000000d956c00000)]
  0x00000242a8d39c70 JavaThread "Unconstrained build operations Thread 21" [_thread_blocked, id=3084, stack(0x000000d956c00000,0x000000d956d00000)]
  0x00000242a8d3be20 JavaThread "Unconstrained build operations Thread 22" [_thread_blocked, id=6768, stack(0x000000d956d00000,0x000000d956e00000)]
  0x00000242a8d3a140 JavaThread "Unconstrained build operations Thread 23" [_thread_blocked, id=7024, stack(0x000000d956e00000,0x000000d956f00000)]
  0x00000242a8d3aae0 JavaThread "Unconstrained build operations Thread 24" [_thread_blocked, id=7008, stack(0x000000d956f00000,0x000000d957000000)]
  0x00000242a8d3b950 JavaThread "Unconstrained build operations Thread 25" [_thread_blocked, id=2440, stack(0x000000d957000000,0x000000d957100000)]
  0x00000242a8d3c7c0 JavaThread "Unconstrained build operations Thread 26" [_thread_blocked, id=8888, stack(0x000000d957100000,0x000000d957200000)]
  0x00000242a36b0530 JavaThread "Unconstrained build operations Thread 27" [_thread_blocked, id=3864, stack(0x000000d957200000,0x000000d957300000)]
  0x00000242a36af1f0 JavaThread "Unconstrained build operations Thread 28" [_thread_blocked, id=8592, stack(0x000000d957300000,0x000000d957400000)]
  0x00000242a36ad9e0 JavaThread "Unconstrained build operations Thread 29" [_thread_blocked, id=4232, stack(0x000000d957400000,0x000000d957500000)]
  0x00000242a36ad510 JavaThread "Unconstrained build operations Thread 30" [_thread_blocked, id=3568, stack(0x000000d957500000,0x000000d957600000)]
  0x00000242a36adeb0 JavaThread "Unconstrained build operations Thread 31" [_thread_blocked, id=6936, stack(0x000000d957600000,0x000000d957700000)]
  0x00000242a36ae380 JavaThread "Unconstrained build operations Thread 32" [_thread_blocked, id=11172, stack(0x000000d957700000,0x000000d957800000)]
  0x00000242a36af6c0 JavaThread "Unconstrained build operations Thread 33" [_thread_blocked, id=3824, stack(0x000000d957800000,0x000000d957900000)]
  0x00000242a36ad040 JavaThread "Unconstrained build operations Thread 34" [_thread_blocked, id=5800, stack(0x000000d957900000,0x000000d957a00000)]
  0x00000242a36ae850 JavaThread "Unconstrained build operations Thread 35" [_thread_blocked, id=5456, stack(0x000000d957a00000,0x000000d957b00000)]
  0x00000242a36b0060 JavaThread "Unconstrained build operations Thread 36" [_thread_blocked, id=4144, stack(0x000000d957b00000,0x000000d957c00000)]
  0x00000242a36b0a00 JavaThread "Unconstrained build operations Thread 37" [_thread_blocked, id=3552, stack(0x000000d957c00000,0x000000d957d00000)]
  0x00000242a36aed20 JavaThread "Unconstrained build operations Thread 38" [_thread_blocked, id=6160, stack(0x000000d957d00000,0x000000d957e00000)]
  0x00000242a36afb90 JavaThread "Unconstrained build operations Thread 39" [_thread_blocked, id=9072, stack(0x000000d957e00000,0x000000d957f00000)]
  0x00000242a38ab930 JavaThread "Unconstrained build operations Thread 40" [_thread_blocked, id=6696, stack(0x000000d957f00000,0x000000d958000000)]
  0x00000242a1393fe0 JavaThread "build event listener" [_thread_blocked, id=8584, stack(0x000000d958000000,0x000000d958100000)]
  0x00000242a89dc240 JavaThread "included builds" [_thread_in_vm, id=1188, stack(0x000000d958100000,0x000000d958200000)]
  0x00000242a89daa30 JavaThread "Execution worker" [_thread_blocked, id=1224, stack(0x000000d958200000,0x000000d958300000)]
  0x00000242a89d9bc0 JavaThread "Execution worker Thread 2" [_thread_blocked, id=3588, stack(0x000000d958400000,0x000000d958500000)]
  0x00000242a3304590 JavaThread "Execution worker Thread 3" [_thread_blocked, id=6756, stack(0x000000d958500000,0x000000d958600000)]
  0x00000242a89da090 JavaThread "Cache worker for execution history cache (C:\Users\Admin\AndroidStudioProjects\PemrogramanBerbasisObjek\.gradle\8.0\executionHistory)" [_thread_blocked, id=4972, stack(0x000000d958600000,0x000000d958700000)]
=>0x00000242a30d3900 JavaThread "C2 CompilerThread1" daemon [_thread_in_native, id=9284, stack(0x000000d954600000,0x000000d954700000)]

Other Threads:
  0x000002429ecb1630 VMThread "VM Thread" [stack: 0x000000d952d00000,0x000000d952e00000] [id=6616]
  0x000002429ecbed00 WatcherThread [stack: 0x000000d953900000,0x000000d953a00000] [id=7968]
  0x0000024285720910 GCTaskThread "GC Thread#0" [stack: 0x000000d952800000,0x000000d952900000] [id=3404]
  0x00000242a02d0c60 GCTaskThread "GC Thread#1" [stack: 0x000000d953a00000,0x000000d953b00000] [id=9380]
  0x00000242a0169940 GCTaskThread "GC Thread#2" [stack: 0x000000d953b00000,0x000000d953c00000] [id=11004]
  0x000002429fe46630 GCTaskThread "GC Thread#3" [stack: 0x000000d953c00000,0x000000d953d00000] [id=9128]
  0x0000024285731850 ConcurrentGCThread "G1 Main Marker" [stack: 0x000000d952900000,0x000000d952a00000] [id=8316]
  0x00000242857323c0 ConcurrentGCThread "G1 Conc#0" [stack: 0x000000d952a00000,0x000000d952b00000] [id=10608]
  0x000002428578df70 ConcurrentGCThread "G1 Refine#0" [stack: 0x000000d952b00000,0x000000d952c00000] [id=5072]
  0x00000242a3aea320 ConcurrentGCThread "G1 Refine#1" [stack: 0x000000d955500000,0x000000d955600000] [id=6416]
  0x000002428578eaf0 ConcurrentGCThread "G1 Service" [stack: 0x000000d952c00000,0x000000d952d00000] [id=8752]

Threads with active compile tasks:
C2 CompilerThread0   381794 13217       4       java.util.regex.Pattern::split (288 bytes)
C2 CompilerThread1   381794 13061       4       java.lang.reflect.Method::invoke (65 bytes)

VM state: not at safepoint (normal execution)

VM Mutex/Monitor currently owned by a thread: None

Heap address: 0x0000000080000000, size: 2048 MB, Compressed Oops mode: 32-bit

CDS archive(s) not mapped
Compressed class space mapped at: 0x0000000100000000-0x0000000140000000, reserved size: 1073741824
Narrow klass base: 0x0000000000000000, Narrow klass shift: 3, Narrow klass range: 0x140000000

GC Precious Log:
 CPUs: 4 total, 4 available
 Memory: 12264M
 Large Page Support: Disabled
 NUMA Support: Disabled
 Compressed Oops: Enabled (32-bit)
 Heap Region Size: 1M
 Heap Min Capacity: 8M
 Heap Initial Capacity: 192M
 Heap Max Capacity: 2G
 Pre-touch: Disabled
 Parallel Workers: 4
 Concurrent Workers: 1
 Concurrent Refinement Workers: 4
 Periodic GC: Disabled

Heap:
 garbage-first heap   total 303104K, used 227509K [0x0000000080000000, 0x0000000100000000)
  region size 1024K, 143 young (146432K), 3 survivors (3072K)
 Metaspace       used 92275K, committed 92928K, reserved 1130496K
  class space    used 12426K, committed 12736K, reserved 1048576K

Heap Regions: E=young(eden), S=young(survivor), O=old, HS=humongous(starts), HC=humongous(continues), CS=collection set, F=free, OA=open archive, CA=closed archive, TAMS=top-at-mark-start (previous, next)
|   0|0x0000000080000000, 0x0000000080100000, 0x0000000080100000|100%| O|  |TAMS 0x0000000080100000, 0x0000000080000000| Untracked 
|   1|0x0000000080100000, 0x0000000080200000, 0x0000000080200000|100%| O|  |TAMS 0x0000000080200000, 0x0000000080100000| Untracked 
|   2|0x0000000080200000, 0x0000000080300000, 0x0000000080300000|100%|HS|  |TAMS 0x0000000080300000, 0x0000000080200000| Complete 
|   3|0x0000000080300000, 0x0000000080400000, 0x0000000080400000|100%|HC|  |TAMS 0x0000000080400000, 0x0000000080300000| Complete 
|   4|0x0000000080400000, 0x0000000080500000, 0x0000000080500000|100%|HC|  |TAMS 0x0000000080500000, 0x0000000080400000| Complete 
|   5|0x0000000080500000, 0x0000000080600000, 0x0000000080600000|100%|HC|  |TAMS 0x0000000080600000, 0x0000000080500000| Complete 
|   6|0x0000000080600000, 0x0000000080700000, 0x0000000080700000|100%| O|  |TAMS 0x0000000080700000, 0x0000000080600000| Untracked 
|   7|0x0000000080700000, 0x0000000080800000, 0x0000000080800000|100%| O|  |TAMS 0x0000000080800000, 0x0000000080700000| Untracked 
|   8|0x0000000080800000, 0x0000000080900000, 0x0000000080900000|100%| O|  |TAMS 0x0000000080900000, 0x0000000080800000| Untracked 
|   9|0x0000000080900000, 0x0000000080a00000, 0x0000000080a00000|100%| O|  |TAMS 0x0000000080a00000, 0x0000000080900000| Untracked 
|  10|0x0000000080a00000, 0x0000000080b00000, 0x0000000080b00000|100%| O|  |TAMS 0x0000000080b00000, 0x0000000080a00000| Untracked 
|  11|0x0000000080b00000, 0x0000000080c00000, 0x0000000080c00000|100%| O|  |TAMS 0x0000000080c00000, 0x0000000080b00000| Untracked 
|  12|0x0000000080c00000, 0x0000000080d00000, 0x0000000080d00000|100%| O|  |TAMS 0x0000000080d00000, 0x0000000080c00000| Untracked 
|  13|0x0000000080d00000, 0x0000000080e00000, 0x0000000080e00000|100%| O|  |TAMS 0x0000000080e00000, 0x0000000080d00000| Untracked 
|  14|0x0000000080e00000, 0x0000000080f00000, 0x0000000080f00000|100%| O|  |TAMS 0x0000000080f00000, 0x0000000080e00000| Untracked 
|  15|0x0000000080f00000, 0x0000000081000000, 0x0000000081000000|100%| O|  |TAMS 0x0000000081000000, 0x0000000080f00000| Untracked 
|  16|0x0000000081000000, 0x0000000081100000, 0x0000000081100000|100%| O|  |TAMS 0x0000000081100000, 0x0000000081000000| Untracked 
|  17|0x0000000081100000, 0x0000000081200000, 0x0000000081200000|100%| O|  |TAMS 0x0000000081200000, 0x0000000081100000| Untracked 
|  18|0x0000000081200000, 0x0000000081300000, 0x0000000081300000|100%| O|  |TAMS 0x0000000081300000, 0x0000000081200000| Untracked 
|  19|0x0000000081300000, 0x0000000081400000, 0x0000000081400000|100%| O|  |TAMS 0x0000000081400000, 0x0000000081300000| Untracked 
|  20|0x0000000081400000, 0x0000000081500000, 0x0000000081500000|100%| O|  |TAMS 0x0000000081500000, 0x0000000081400000| Untracked 
|  21|0x0000000081500000, 0x0000000081600000, 0x0000000081600000|100%| O|  |TAMS 0x0000000081600000, 0x0000000081500000| Untracked 
|  22|0x0000000081600000, 0x0000000081700000, 0x0000000081700000|100%| O|  |TAMS 0x0000000081700000, 0x0000000081600000| Untracked 
|  23|0x0000000081700000, 0x0000000081800000, 0x0000000081800000|100%| O|  |TAMS 0x0000000081800000, 0x0000000081700000| Untracked 
|  24|0x0000000081800000, 0x0000000081900000, 0x0000000081900000|100%| O|  |TAMS 0x0000000081900000, 0x0000000081800000| Untracked 
|  25|0x0000000081900000, 0x0000000081a00000, 0x0000000081a00000|100%| O|  |TAMS 0x0000000081a00000, 0x0000000081900000| Untracked 
|  26|0x0000000081a00000, 0x0000000081b00000, 0x0000000081b00000|100%| O|  |TAMS 0x0000000081b00000, 0x0000000081a00000| Untracked 
|  27|0x0000000081b00000, 0x0000000081c00000, 0x0000000081c00000|100%| O|  |TAMS 0x0000000081c00000, 0x0000000081b00000| Untracked 
|  28|0x0000000081c00000, 0x0000000081d00000, 0x0000000081d00000|100%| O|  |TAMS 0x0000000081d00000, 0x0000000081c00000| Untracked 
|  29|0x0000000081d00000, 0x0000000081e00000, 0x0000000081e00000|100%| O|  |TAMS 0x0000000081e00000, 0x0000000081d00000| Untracked 
|  30|0x0000000081e00000, 0x0000000081f00000, 0x0000000081f00000|100%| O|  |TAMS 0x0000000081f00000, 0x0000000081e00000| Untracked 
|  31|0x0000000081f00000, 0x0000000082000000, 0x0000000082000000|100%| O|  |TAMS 0x0000000082000000, 0x0000000081f00000| Untracked 
|  32|0x0000000082000000, 0x0000000082100000, 0x0000000082100000|100%| O|  |TAMS 0x0000000082100000, 0x0000000082000000| Untracked 
|  33|0x0000000082100000, 0x0000000082200000, 0x0000000082200000|100%| O|  |TAMS 0x0000000082200000, 0x0000000082100000| Untracked 
|  34|0x0000000082200000, 0x0000000082300000, 0x0000000082300000|100%| O|  |TAMS 0x0000000082300000, 0x0000000082200000| Untracked 
|  35|0x0000000082300000, 0x0000000082400000, 0x0000000082400000|100%|HS|  |TAMS 0x0000000082400000, 0x0000000082300000| Complete 
|  36|0x0000000082400000, 0x0000000082500000, 0x0000000082500000|100%|HS|  |TAMS 0x0000000082500000, 0x0000000082400000| Complete 
|  37|0x0000000082500000, 0x0000000082600000, 0x0000000082600000|100%| O|  |TAMS 0x0000000082600000, 0x0000000082500000| Untracked 
|  38|0x0000000082600000, 0x0000000082700000, 0x0000000082700000|100%| O|  |TAMS 0x0000000082700000, 0x0000000082600000| Untracked 
|  39|0x0000000082700000, 0x0000000082800000, 0x0000000082800000|100%| O|  |TAMS 0x0000000082800000, 0x0000000082700000| Untracked 
|  40|0x0000000082800000, 0x0000000082900000, 0x0000000082900000|100%| O|  |TAMS 0x0000000082900000, 0x0000000082800000| Untracked 
|  41|0x0000000082900000, 0x0000000082a00000, 0x0000000082a00000|100%| O|  |TAMS 0x0000000082a00000, 0x0000000082900000| Untracked 
|  42|0x0000000082a00000, 0x0000000082b00000, 0x0000000082b00000|100%| O|  |TAMS 0x0000000082b00000, 0x0000000082a00000| Untracked 
|  43|0x0000000082b00000, 0x0000000082c00000, 0x0000000082c00000|100%| O|  |TAMS 0x0000000082c00000, 0x0000000082b00000| Untracked 
|  44|0x0000000082c00000, 0x0000000082d00000, 0x0000000082d00000|100%| O|  |TAMS 0x0000000082d00000, 0x0000000082c00000| Untracked 
|  45|0x0000000082d00000, 0x0000000082e00000, 0x0000000082e00000|100%| O|  |TAMS 0x0000000082e00000, 0x0000000082d00000| Untracked 
|  46|0x0000000082e00000, 0x0000000082f00000, 0x0000000082f00000|100%| O|  |TAMS 0x0000000082f00000, 0x0000000082e00000| Untracked 
|  47|0x0000000082f00000, 0x0000000083000000, 0x0000000083000000|100%| O|  |TAMS 0x0000000083000000, 0x0000000082f00000| Untracked 
|  48|0x0000000083000000, 0x0000000083100000, 0x0000000083100000|100%| O|  |TAMS 0x0000000083100000, 0x0000000083000000| Untracked 
|  49|0x0000000083100000, 0x0000000083200000, 0x0000000083200000|100%| O|  |TAMS 0x0000000083200000, 0x0000000083100000| Untracked 
|  50|0x0000000083200000, 0x0000000083300000, 0x0000000083300000|100%| O|  |TAMS 0x0000000083300000, 0x0000000083200000| Untracked 
|  51|0x0000000083300000, 0x0000000083400000, 0x0000000083400000|100%| O|  |TAMS 0x0000000083400000, 0x0000000083300000| Untracked 
|  52|0x0000000083400000, 0x0000000083500000, 0x0000000083500000|100%| O|  |TAMS 0x0000000083500000, 0x0000000083400000| Untracked 
|  53|0x0000000083500000, 0x0000000083600000, 0x0000000083600000|100%| O|  |TAMS 0x0000000083600000, 0x0000000083500000| Untracked 
|  54|0x0000000083600000, 0x0000000083700000, 0x0000000083700000|100%| O|  |TAMS 0x0000000083700000, 0x0000000083600000| Untracked 
|  55|0x0000000083700000, 0x0000000083800000, 0x0000000083800000|100%| O|  |TAMS 0x0000000083800000, 0x0000000083700000| Untracked 
|  56|0x0000000083800000, 0x0000000083900000, 0x0000000083900000|100%| O|  |TAMS 0x0000000083900000, 0x0000000083800000| Untracked 
|  57|0x0000000083900000, 0x0000000083a00000, 0x0000000083a00000|100%| O|  |TAMS 0x0000000083a00000, 0x0000000083900000| Untracked 
|  58|0x0000000083a00000, 0x0000000083b00000, 0x0000000083b00000|100%| O|  |TAMS 0x0000000083b00000, 0x0000000083a00000| Untracked 
|  59|0x0000000083b00000, 0x0000000083c00000, 0x0000000083c00000|100%| O|  |TAMS 0x0000000083c00000, 0x0000000083b00000| Untracked 
|  60|0x0000000083c00000, 0x0000000083d00000, 0x0000000083d00000|100%| O|  |TAMS 0x0000000083d00000, 0x0000000083c00000| Untracked 
|  61|0x0000000083d00000, 0x0000000083e00000, 0x0000000083e00000|100%| O|  |TAMS 0x0000000083e00000, 0x0000000083d00000| Untracked 
|  62|0x0000000083e00000, 0x0000000083f00000, 0x0000000083f00000|100%| O|  |TAMS 0x0000000083f00000, 0x0000000083e00000| Untracked 
|  63|0x0000000083f00000, 0x0000000084000000, 0x0000000084000000|100%| O|  |TAMS 0x0000000084000000, 0x0000000083f00000| Untracked 
|  64|0x0000000084000000, 0x0000000084100000, 0x0000000084100000|100%| O|  |TAMS 0x0000000084100000, 0x0000000084000000| Untracked 
|  65|0x0000000084100000, 0x0000000084200000, 0x0000000084200000|100%| O|  |TAMS 0x0000000084200000, 0x0000000084100000| Untracked 
|  66|0x0000000084200000, 0x0000000084300000, 0x0000000084300000|100%| O|  |TAMS 0x0000000084300000, 0x0000000084200000| Untracked 
|  67|0x0000000084300000, 0x0000000084400000, 0x0000000084400000|100%| O|  |TAMS 0x0000000084400000, 0x0000000084300000| Untracked 
|  68|0x0000000084400000, 0x0000000084500000, 0x0000000084500000|100%| O|  |TAMS 0x0000000084500000, 0x0000000084400000| Untracked 
|  69|0x0000000084500000, 0x0000000084600000, 0x0000000084600000|100%| O|  |TAMS 0x0000000084600000, 0x0000000084500000| Untracked 
|  70|0x0000000084600000, 0x0000000084700000, 0x0000000084700000|100%| O|  |TAMS 0x0000000084700000, 0x0000000084600000| Untracked 
|  71|0x0000000084700000, 0x0000000084800000, 0x0000000084800000|100%| O|  |TAMS 0x0000000084800000, 0x0000000084700000| Untracked 
|  72|0x0000000084800000, 0x0000000084900000, 0x0000000084900000|100%| O|  |TAMS 0x0000000084900000, 0x0000000084800000| Untracked 
|  73|0x0000000084900000, 0x0000000084a00000, 0x0000000084a00000|100%| O|  |TAMS 0x0000000084a00000, 0x0000000084900000| Untracked 
|  74|0x0000000084a00000, 0x0000000084a00000, 0x0000000084b00000|  0%| F|  |TAMS 0x0000000084a00000, 0x0000000084a00000| Untracked 
|  75|0x0000000084b00000, 0x0000000084c00000, 0x0000000084c00000|100%| O|  |TAMS 0x0000000084c00000, 0x0000000084b00000| Untracked 
|  76|0x0000000084c00000, 0x0000000084d00000, 0x0000000084d00000|100%| O|  |TAMS 0x0000000084d00000, 0x0000000084c00000| Untracked 
|  77|0x0000000084d00000, 0x0000000084e00000, 0x0000000084e00000|100%| O|  |TAMS 0x0000000084e00000, 0x0000000084d00000| Complete 
|  78|0x0000000084e00000, 0x0000000084f00000, 0x0000000084f00000|100%| O|  |TAMS 0x0000000084f00000, 0x0000000084e00000| Untracked 
|  79|0x0000000084f00000, 0x0000000085000000, 0x0000000085000000|100%| O|  |TAMS 0x0000000085000000, 0x0000000084f00000| Untracked 
|  80|0x0000000085000000, 0x0000000085100000, 0x0000000085100000|100%| O|  |TAMS 0x0000000085100000, 0x0000000085000000| Untracked 
|  81|0x0000000085100000, 0x0000000085200000, 0x0000000085200000|100%| O|  |TAMS 0x0000000085200000, 0x0000000085100000| Untracked 
|  82|0x0000000085200000, 0x000000008526b600, 0x0000000085300000| 41%| O|  |TAMS 0x000000008526b600, 0x0000000085200000| Untracked 
|  83|0x0000000085300000, 0x0000000085300000, 0x0000000085400000|  0%| F|  |TAMS 0x0000000085300000, 0x0000000085300000| Untracked 
|  84|0x0000000085400000, 0x0000000085400000, 0x0000000085500000|  0%| F|  |TAMS 0x0000000085400000, 0x0000000085400000| Untracked 
|  85|0x0000000085500000, 0x0000000085500000, 0x0000000085600000|  0%| F|  |TAMS 0x0000000085500000, 0x0000000085500000| Untracked 
|  86|0x0000000085600000, 0x0000000085600000, 0x0000000085700000|  0%| F|  |TAMS 0x0000000085600000, 0x0000000085600000| Untracked 
|  87|0x0000000085700000, 0x0000000085700000, 0x0000000085800000|  0%| F|  |TAMS 0x0000000085700000, 0x0000000085700000| Untracked 
|  88|0x0000000085800000, 0x0000000085800000, 0x0000000085900000|  0%| F|  |TAMS 0x0000000085800000, 0x0000000085800000| Untracked 
|  89|0x0000000085900000, 0x0000000085900000, 0x0000000085a00000|  0%| F|  |TAMS 0x0000000085900000, 0x0000000085900000| Untracked 
|  90|0x0000000085a00000, 0x0000000085a00000, 0x0000000085b00000|  0%| F|  |TAMS 0x0000000085a00000, 0x0000000085a00000| Untracked 
|  91|0x0000000085b00000, 0x0000000085b00000, 0x0000000085c00000|  0%| F|  |TAMS 0x0000000085b00000, 0x0000000085b00000| Untracked 
|  92|0x0000000085c00000, 0x0000000085c00000, 0x0000000085d00000|  0%| F|  |TAMS 0x0000000085c00000, 0x0000000085c00000| Untracked 
|  93|0x0000000085d00000, 0x0000000085d00000, 0x0000000085e00000|  0%| F|  |TAMS 0x0000000085d00000, 0x0000000085d00000| Untracked 
|  94|0x0000000085e00000, 0x0000000085e00000, 0x0000000085f00000|  0%| F|  |TAMS 0x0000000085e00000, 0x0000000085e00000| Untracked 
|  95|0x0000000085f00000, 0x0000000085f00000, 0x0000000086000000|  0%| F|  |TAMS 0x0000000085f00000, 0x0000000085f00000| Untracked 
|  96|0x0000000086000000, 0x0000000086000000, 0x0000000086100000|  0%| F|  |TAMS 0x0000000086000000, 0x0000000086000000| Untracked 
|  97|0x0000000086100000, 0x0000000086100000, 0x0000000086200000|  0%| F|  |TAMS 0x0000000086100000, 0x0000000086100000| Untracked 
|  98|0x0000000086200000, 0x0000000086200000, 0x0000000086300000|  0%| F|  |TAMS 0x0000000086200000, 0x0000000086200000| Untracked 
|  99|0x0000000086300000, 0x0000000086300000, 0x0000000086400000|  0%| F|  |TAMS 0x0000000086300000, 0x0000000086300000| Untracked 
| 100|0x0000000086400000, 0x0000000086400000, 0x0000000086500000|  0%| F|  |TAMS 0x0000000086400000, 0x0000000086400000| Untracked 
| 101|0x0000000086500000, 0x0000000086500000, 0x0000000086600000|  0%| F|  |TAMS 0x0000000086500000, 0x0000000086500000| Untracked 
| 102|0x0000000086600000, 0x0000000086600000, 0x0000000086700000|  0%| F|  |TAMS 0x0000000086600000, 0x0000000086600000| Untracked 
| 103|0x0000000086700000, 0x0000000086700000, 0x0000000086800000|  0%| F|  |TAMS 0x0000000086700000, 0x0000000086700000| Untracked 
| 104|0x0000000086800000, 0x0000000086800000, 0x0000000086900000|  0%| F|  |TAMS 0x0000000086800000, 0x0000000086800000| Untracked 
| 105|0x0000000086900000, 0x0000000086900000, 0x0000000086a00000|  0%| F|  |TAMS 0x0000000086900000, 0x0000000086900000| Untracked 
| 106|0x0000000086a00000, 0x0000000086ac1e18, 0x0000000086b00000| 75%| S|CS|TAMS 0x0000000086a00000, 0x0000000086a00000| Complete 
| 107|0x0000000086b00000, 0x0000000086c00000, 0x0000000086c00000|100%| S|CS|TAMS 0x0000000086b00000, 0x0000000086b00000| Complete 
| 108|0x0000000086c00000, 0x0000000086d00000, 0x0000000086d00000|100%| S|CS|TAMS 0x0000000086c00000, 0x0000000086c00000| Complete 
| 109|0x0000000086d00000, 0x0000000086d00000, 0x0000000086e00000|  0%| F|  |TAMS 0x0000000086d00000, 0x0000000086d00000| Untracked 
| 110|0x0000000086e00000, 0x0000000086e00000, 0x0000000086f00000|  0%| F|  |TAMS 0x0000000086e00000, 0x0000000086e00000| Untracked 
| 111|0x0000000086f00000, 0x0000000086f00000, 0x0000000087000000|  0%| F|  |TAMS 0x0000000086f00000, 0x0000000086f00000| Untracked 
| 112|0x0000000087000000, 0x0000000087000000, 0x0000000087100000|  0%| F|  |TAMS 0x0000000087000000, 0x0000000087000000| Untracked 
| 113|0x0000000087100000, 0x0000000087100000, 0x0000000087200000|  0%| F|  |TAMS 0x0000000087100000, 0x0000000087100000| Untracked 
| 114|0x0000000087200000, 0x0000000087200000, 0x0000000087300000|  0%| F|  |TAMS 0x0000000087200000, 0x0000000087200000| Untracked 
| 115|0x0000000087300000, 0x0000000087300000, 0x0000000087400000|  0%| F|  |TAMS 0x0000000087300000, 0x0000000087300000| Untracked 
| 116|0x0000000087400000, 0x0000000087400000, 0x0000000087500000|  0%| F|  |TAMS 0x0000000087400000, 0x0000000087400000| Untracked 
| 117|0x0000000087500000, 0x0000000087500000, 0x0000000087600000|  0%| F|  |TAMS 0x0000000087500000, 0x0000000087500000| Untracked 
| 118|0x0000000087600000, 0x0000000087600000, 0x0000000087700000|  0%| F|  |TAMS 0x0000000087600000, 0x0000000087600000| Untracked 
| 119|0x0000000087700000, 0x0000000087700000, 0x0000000087800000|  0%| F|  |TAMS 0x0000000087700000, 0x0000000087700000| Untracked 
| 120|0x0000000087800000, 0x0000000087800000, 0x0000000087900000|  0%| F|  |TAMS 0x0000000087800000, 0x0000000087800000| Untracked 
| 121|0x0000000087900000, 0x0000000087900000, 0x0000000087a00000|  0%| F|  |TAMS 0x0000000087900000, 0x0000000087900000| Untracked 
| 122|0x0000000087a00000, 0x0000000087a00000, 0x0000000087b00000|  0%| F|  |TAMS 0x0000000087a00000, 0x0000000087a00000| Untracked 
| 123|0x0000000087b00000, 0x0000000087b00000, 0x0000000087c00000|  0%| F|  |TAMS 0x0000000087b00000, 0x0000000087b00000| Untracked 
| 124|0x0000000087c00000, 0x0000000087c00000, 0x0000000087d00000|  0%| F|  |TAMS 0x0000000087c00000, 0x0000000087c00000| Untracked 
| 125|0x0000000087d00000, 0x0000000087d00000, 0x0000000087e00000|  0%| F|  |TAMS 0x0000000087d00000, 0x0000000087d00000| Untracked 
| 126|0x0000000087e00000, 0x0000000087e00000, 0x0000000087f00000|  0%| F|  |TAMS 0x0000000087e00000, 0x0000000087e00000| Untracked 
| 127|0x0000000087f00000, 0x0000000087f00000, 0x0000000088000000|  0%| F|  |TAMS 0x0000000087f00000, 0x0000000087f00000| Untracked 
| 128|0x0000000088000000, 0x0000000088000000, 0x0000000088100000|  0%| F|  |TAMS 0x0000000088000000, 0x0000000088000000| Untracked 
| 129|0x0000000088100000, 0x0000000088100000, 0x0000000088200000|  0%| F|  |TAMS 0x0000000088100000, 0x0000000088100000| Untracked 
| 130|0x0000000088200000, 0x0000000088200000, 0x0000000088300000|  0%| F|  |TAMS 0x0000000088200000, 0x0000000088200000| Untracked 
| 131|0x0000000088300000, 0x0000000088300000, 0x0000000088400000|  0%| F|  |TAMS 0x0000000088300000, 0x0000000088300000| Untracked 
| 132|0x0000000088400000, 0x0000000088400000, 0x0000000088500000|  0%| F|  |TAMS 0x0000000088400000, 0x0000000088400000| Untracked 
| 133|0x0000000088500000, 0x0000000088500000, 0x0000000088600000|  0%| F|  |TAMS 0x0000000088500000, 0x0000000088500000| Untracked 
| 134|0x0000000088600000, 0x0000000088600000, 0x0000000088700000|  0%| F|  |TAMS 0x0000000088600000, 0x0000000088600000| Untracked 
| 135|0x0000000088700000, 0x0000000088700000, 0x0000000088800000|  0%| F|  |TAMS 0x0000000088700000, 0x0000000088700000| Untracked 
| 136|0x0000000088800000, 0x0000000088800000, 0x0000000088900000|  0%| F|  |TAMS 0x0000000088800000, 0x0000000088800000| Untracked 
| 137|0x0000000088900000, 0x0000000088900000, 0x0000000088a00000|  0%| F|  |TAMS 0x0000000088900000, 0x0000000088900000| Untracked 
| 138|0x0000000088a00000, 0x0000000088a00000, 0x0000000088b00000|  0%| F|  |TAMS 0x0000000088a00000, 0x0000000088a00000| Untracked 
| 139|0x0000000088b00000, 0x0000000088b00000, 0x0000000088c00000|  0%| F|  |TAMS 0x0000000088b00000, 0x0000000088b00000| Untracked 
| 140|0x0000000088c00000, 0x0000000088c00000, 0x0000000088d00000|  0%| F|  |TAMS 0x0000000088c00000, 0x0000000088c00000| Untracked 
| 141|0x0000000088d00000, 0x0000000088d00000, 0x0000000088e00000|  0%| F|  |TAMS 0x0000000088d00000, 0x0000000088d00000| Untracked 
| 142|0x0000000088e00000, 0x0000000088e00000, 0x0000000088f00000|  0%| F|  |TAMS 0x0000000088e00000, 0x0000000088e00000| Untracked 
| 143|0x0000000088f00000, 0x0000000088f00000, 0x0000000089000000|  0%| F|  |TAMS 0x0000000088f00000, 0x0000000088f00000| Untracked 
| 144|0x0000000089000000, 0x0000000089000000, 0x0000000089100000|  0%| F|  |TAMS 0x0000000089000000, 0x0000000089000000| Untracked 
| 145|0x0000000089100000, 0x0000000089100000, 0x0000000089200000|  0%| F|  |TAMS 0x0000000089100000, 0x0000000089100000| Untracked 
| 146|0x0000000089200000, 0x0000000089200000, 0x0000000089300000|  0%| F|  |TAMS 0x0000000089200000, 0x0000000089200000| Untracked 
| 147|0x0000000089300000, 0x0000000089300000, 0x0000000089400000|  0%| F|  |TAMS 0x0000000089300000, 0x0000000089300000| Untracked 
| 148|0x0000000089400000, 0x0000000089400000, 0x0000000089500000|  0%| F|  |TAMS 0x0000000089400000, 0x0000000089400000| Untracked 
| 149|0x0000000089500000, 0x0000000089500000, 0x0000000089600000|  0%| F|  |TAMS 0x0000000089500000, 0x0000000089500000| Untracked 
| 150|0x0000000089600000, 0x0000000089600000, 0x0000000089700000|  0%| F|  |TAMS 0x0000000089600000, 0x0000000089600000| Untracked 
| 151|0x0000000089700000, 0x0000000089700000, 0x0000000089800000|  0%| F|  |TAMS 0x0000000089700000, 0x0000000089700000| Untracked 
| 152|0x0000000089800000, 0x0000000089800000, 0x0000000089900000|  0%| F|  |TAMS 0x0000000089800000, 0x0000000089800000| Untracked 
| 153|0x0000000089900000, 0x0000000089900000, 0x0000000089a00000|  0%| F|  |TAMS 0x0000000089900000, 0x0000000089900000| Untracked 
| 154|0x0000000089a00000, 0x0000000089a00000, 0x0000000089b00000|  0%| F|  |TAMS 0x0000000089a00000, 0x0000000089a00000| Untracked 
| 155|0x0000000089b00000, 0x0000000089b00000, 0x0000000089c00000|  0%| F|  |TAMS 0x0000000089b00000, 0x0000000089b00000| Untracked 
| 156|0x0000000089c00000, 0x0000000089c986f0, 0x0000000089d00000| 59%| E|  |TAMS 0x0000000089c00000, 0x0000000089c00000| Complete 
| 157|0x0000000089d00000, 0x0000000089e00000, 0x0000000089e00000|100%| E|CS|TAMS 0x0000000089d00000, 0x0000000089d00000| Complete 
| 158|0x0000000089e00000, 0x0000000089f00000, 0x0000000089f00000|100%| E|CS|TAMS 0x0000000089e00000, 0x0000000089e00000| Complete 
| 159|0x0000000089f00000, 0x000000008a000000, 0x000000008a000000|100%| E|CS|TAMS 0x0000000089f00000, 0x0000000089f00000| Complete 
| 160|0x000000008a000000, 0x000000008a100000, 0x000000008a100000|100%| E|CS|TAMS 0x000000008a000000, 0x000000008a000000| Complete 
| 161|0x000000008a100000, 0x000000008a200000, 0x000000008a200000|100%| E|CS|TAMS 0x000000008a100000, 0x000000008a100000| Complete 
| 162|0x000000008a200000, 0x000000008a300000, 0x000000008a300000|100%| E|CS|TAMS 0x000000008a200000, 0x000000008a200000| Complete 
| 163|0x000000008a300000, 0x000000008a400000, 0x000000008a400000|100%| E|CS|TAMS 0x000000008a300000, 0x000000008a300000| Complete 
| 164|0x000000008a400000, 0x000000008a500000, 0x000000008a500000|100%| E|CS|TAMS 0x000000008a400000, 0x000000008a400000| Complete 
| 165|0x000000008a500000, 0x000000008a600000, 0x000000008a600000|100%| E|CS|TAMS 0x000000008a500000, 0x000000008a500000| Complete 
| 166|0x000000008a600000, 0x000000008a700000, 0x000000008a700000|100%| E|CS|TAMS 0x000000008a600000, 0x000000008a600000| Complete 
| 167|0x000000008a700000, 0x000000008a800000, 0x000000008a800000|100%| E|CS|TAMS 0x000000008a700000, 0x000000008a700000| Complete 
| 168|0x000000008a800000, 0x000000008a900000, 0x000000008a900000|100%| E|  |TAMS 0x000000008a800000, 0x000000008a800000| Complete 
| 169|0x000000008a900000, 0x000000008aa00000, 0x000000008aa00000|100%| E|CS|TAMS 0x000000008a900000, 0x000000008a900000| Complete 
| 170|0x000000008aa00000, 0x000000008ab00000, 0x000000008ab00000|100%| E|CS|TAMS 0x000000008aa00000, 0x000000008aa00000| Complete 
| 171|0x000000008ab00000, 0x000000008ac00000, 0x000000008ac00000|100%| E|CS|TAMS 0x000000008ab00000, 0x000000008ab00000| Complete 
| 172|0x000000008ac00000, 0x000000008ad00000, 0x000000008ad00000|100%| E|CS|TAMS 0x000000008ac00000, 0x000000008ac00000| Complete 
| 173|0x000000008ad00000, 0x000000008ae00000, 0x000000008ae00000|100%| E|CS|TAMS 0x000000008ad00000, 0x000000008ad00000| Complete 
| 174|0x000000008ae00000, 0x000000008af00000, 0x000000008af00000|100%| E|CS|TAMS 0x000000008ae00000, 0x000000008ae00000| Complete 
| 175|0x000000008af00000, 0x000000008b000000, 0x000000008b000000|100%| E|CS|TAMS 0x000000008af00000, 0x000000008af00000| Complete 
| 176|0x000000008b000000, 0x000000008b100000, 0x000000008b100000|100%| E|CS|TAMS 0x000000008b000000, 0x000000008b000000| Complete 
| 177|0x000000008b100000, 0x000000008b200000, 0x000000008b200000|100%| E|CS|TAMS 0x000000008b100000, 0x000000008b100000| Complete 
| 178|0x000000008b200000, 0x000000008b300000, 0x000000008b300000|100%| E|CS|TAMS 0x000000008b200000, 0x000000008b200000| Complete 
| 179|0x000000008b300000, 0x000000008b400000, 0x000000008b400000|100%| E|CS|TAMS 0x000000008b300000, 0x000000008b300000| Complete 
| 180|0x000000008b400000, 0x000000008b500000, 0x000000008b500000|100%| E|CS|TAMS 0x000000008b400000, 0x000000008b400000| Complete 
| 181|0x000000008b500000, 0x000000008b600000, 0x000000008b600000|100%| E|CS|TAMS 0x000000008b500000, 0x000000008b500000| Complete 
| 182|0x000000008b600000, 0x000000008b700000, 0x000000008b700000|100%| E|CS|TAMS 0x000000008b600000, 0x000000008b600000| Complete 
| 183|0x000000008b700000, 0x000000008b800000, 0x000000008b800000|100%| E|CS|TAMS 0x000000008b700000, 0x000000008b700000| Complete 
| 184|0x000000008b800000, 0x000000008b900000, 0x000000008b900000|100%| E|CS|TAMS 0x000000008b800000, 0x000000008b800000| Complete 
| 185|0x000000008b900000, 0x000000008ba00000, 0x000000008ba00000|100%| E|CS|TAMS 0x000000008b900000, 0x000000008b900000| Complete 
| 186|0x000000008ba00000, 0x000000008bb00000, 0x000000008bb00000|100%| E|CS|TAMS 0x000000008ba00000, 0x000000008ba00000| Complete 
| 187|0x000000008bb00000, 0x000000008bc00000, 0x000000008bc00000|100%| E|CS|TAMS 0x000000008bb00000, 0x000000008bb00000| Complete 
| 188|0x000000008bc00000, 0x000000008bd00000, 0x000000008bd00000|100%| E|CS|TAMS 0x000000008bc00000, 0x000000008bc00000| Complete 
| 189|0x000000008bd00000, 0x000000008be00000, 0x000000008be00000|100%| E|CS|TAMS 0x000000008bd00000, 0x000000008bd00000| Complete 
| 190|0x000000008be00000, 0x000000008bf00000, 0x000000008bf00000|100%| E|CS|TAMS 0x000000008be00000, 0x000000008be00000| Complete 
| 191|0x000000008bf00000, 0x000000008c000000, 0x000000008c000000|100%| E|CS|TAMS 0x000000008bf00000, 0x000000008bf00000| Complete 
| 192|0x000000008c000000, 0x000000008c100000, 0x000000008c100000|100%| E|CS|TAMS 0x000000008c000000, 0x000000008c000000| Complete 
| 193|0x000000008c100000, 0x000000008c200000, 0x000000008c200000|100%| E|CS|TAMS 0x000000008c100000, 0x000000008c100000| Complete 
| 194|0x000000008c200000, 0x000000008c300000, 0x000000008c300000|100%| E|CS|TAMS 0x000000008c200000, 0x000000008c200000| Complete 
| 195|0x000000008c300000, 0x000000008c400000, 0x000000008c400000|100%| E|CS|TAMS 0x000000008c300000, 0x000000008c300000| Complete 
| 196|0x000000008c400000, 0x000000008c500000, 0x000000008c500000|100%| E|CS|TAMS 0x000000008c400000, 0x000000008c400000| Complete 
| 197|0x000000008c500000, 0x000000008c600000, 0x000000008c600000|100%| E|CS|TAMS 0x000000008c500000, 0x000000008c500000| Complete 
| 198|0x000000008c600000, 0x000000008c700000, 0x000000008c700000|100%| E|CS|TAMS 0x000000008c600000, 0x000000008c600000| Complete 
| 199|0x000000008c700000, 0x000000008c800000, 0x000000008c800000|100%| E|CS|TAMS 0x000000008c700000, 0x000000008c700000| Complete 
| 200|0x000000008c800000, 0x000000008c900000, 0x000000008c900000|100%| E|CS|TAMS 0x000000008c800000, 0x000000008c800000| Complete 
| 201|0x000000008c900000, 0x000000008ca00000, 0x000000008ca00000|100%| E|CS|TAMS 0x000000008c900000, 0x000000008c900000| Complete 
| 202|0x000000008ca00000, 0x000000008cb00000, 0x000000008cb00000|100%| E|CS|TAMS 0x000000008ca00000, 0x000000008ca00000| Complete 
| 203|0x000000008cb00000, 0x000000008cc00000, 0x000000008cc00000|100%| E|CS|TAMS 0x000000008cb00000, 0x000000008cb00000| Complete 
| 204|0x000000008cc00000, 0x000000008cd00000, 0x000000008cd00000|100%| E|CS|TAMS 0x000000008cc00000, 0x000000008cc00000| Complete 
| 205|0x000000008cd00000, 0x000000008ce00000, 0x000000008ce00000|100%| E|CS|TAMS 0x000000008cd00000, 0x000000008cd00000| Complete 
| 206|0x000000008ce00000, 0x000000008cf00000, 0x000000008cf00000|100%| E|CS|TAMS 0x000000008ce00000, 0x000000008ce00000| Complete 
| 207|0x000000008cf00000, 0x000000008d000000, 0x000000008d000000|100%| E|CS|TAMS 0x000000008cf00000, 0x000000008cf00000| Complete 
| 208|0x000000008d000000, 0x000000008d100000, 0x000000008d100000|100%| E|CS|TAMS 0x000000008d000000, 0x000000008d000000| Complete 
| 209|0x000000008d100000, 0x000000008d200000, 0x000000008d200000|100%| E|CS|TAMS 0x000000008d100000, 0x000000008d100000| Complete 
| 210|0x000000008d200000, 0x000000008d300000, 0x000000008d300000|100%| E|CS|TAMS 0x000000008d200000, 0x000000008d200000| Complete 
| 211|0x000000008d300000, 0x000000008d400000, 0x000000008d400000|100%| E|CS|TAMS 0x000000008d300000, 0x000000008d300000| Complete 
| 212|0x000000008d400000, 0x000000008d500000, 0x000000008d500000|100%| E|CS|TAMS 0x000000008d400000, 0x000000008d400000| Complete 
| 213|0x000000008d500000, 0x000000008d600000, 0x000000008d600000|100%| E|CS|TAMS 0x000000008d500000, 0x000000008d500000| Complete 
| 214|0x000000008d600000, 0x000000008d700000, 0x000000008d700000|100%| E|CS|TAMS 0x000000008d600000, 0x000000008d600000| Complete 
| 215|0x000000008d700000, 0x000000008d800000, 0x000000008d800000|100%| E|CS|TAMS 0x000000008d700000, 0x000000008d700000| Complete 
| 216|0x000000008d800000, 0x000000008d900000, 0x000000008d900000|100%| E|CS|TAMS 0x000000008d800000, 0x000000008d800000| Complete 
| 217|0x000000008d900000, 0x000000008da00000, 0x000000008da00000|100%| E|CS|TAMS 0x000000008d900000, 0x000000008d900000| Complete 
| 218|0x000000008da00000, 0x000000008db00000, 0x000000008db00000|100%| E|CS|TAMS 0x000000008da00000, 0x000000008da00000| Complete 
| 219|0x000000008db00000, 0x000000008dc00000, 0x000000008dc00000|100%| E|CS|TAMS 0x000000008db00000, 0x000000008db00000| Complete 
| 220|0x000000008dc00000, 0x000000008dd00000, 0x000000008dd00000|100%| E|CS|TAMS 0x000000008dc00000, 0x000000008dc00000| Complete 
| 221|0x000000008dd00000, 0x000000008de00000, 0x000000008de00000|100%| E|CS|TAMS 0x000000008dd00000, 0x000000008dd00000| Complete 
| 222|0x000000008de00000, 0x000000008df00000, 0x000000008df00000|100%| E|CS|TAMS 0x000000008de00000, 0x000000008de00000| Complete 
| 223|0x000000008df00000, 0x000000008e000000, 0x000000008e000000|100%| E|CS|TAMS 0x000000008df00000, 0x000000008df00000| Complete 
| 224|0x000000008e000000, 0x000000008e100000, 0x000000008e100000|100%| E|CS|TAMS 0x000000008e000000, 0x000000008e000000| Complete 
| 225|0x000000008e100000, 0x000000008e200000, 0x000000008e200000|100%| E|CS|TAMS 0x000000008e100000, 0x000000008e100000| Complete 
| 226|0x000000008e200000, 0x000000008e300000, 0x000000008e300000|100%| E|CS|TAMS 0x000000008e200000, 0x000000008e200000| Complete 
| 227|0x000000008e300000, 0x000000008e400000, 0x000000008e400000|100%| E|CS|TAMS 0x000000008e300000, 0x000000008e300000| Complete 
| 228|0x000000008e400000, 0x000000008e500000, 0x000000008e500000|100%| E|CS|TAMS 0x000000008e400000, 0x000000008e400000| Complete 
| 229|0x000000008e500000, 0x000000008e600000, 0x000000008e600000|100%| E|CS|TAMS 0x000000008e500000, 0x000000008e500000| Complete 
| 230|0x000000008e600000, 0x000000008e700000, 0x000000008e700000|100%| E|CS|TAMS 0x000000008e600000, 0x000000008e600000| Complete 
| 231|0x000000008e700000, 0x000000008e800000, 0x000000008e800000|100%| E|CS|TAMS 0x000000008e700000, 0x000000008e700000| Complete 
| 232|0x000000008e800000, 0x000000008e900000, 0x000000008e900000|100%| E|CS|TAMS 0x000000008e800000, 0x000000008e800000| Complete 
| 233|0x000000008e900000, 0x000000008ea00000, 0x000000008ea00000|100%| E|CS|TAMS 0x000000008e900000, 0x000000008e900000| Complete 
| 234|0x000000008ea00000, 0x000000008eb00000, 0x000000008eb00000|100%| E|CS|TAMS 0x000000008ea00000, 0x000000008ea00000| Complete 
| 235|0x000000008eb00000, 0x000000008ec00000, 0x000000008ec00000|100%| E|CS|TAMS 0x000000008eb00000, 0x000000008eb00000| Complete 
| 236|0x000000008ec00000, 0x000000008ed00000, 0x000000008ed00000|100%| E|CS|TAMS 0x000000008ec00000, 0x000000008ec00000| Complete 
| 237|0x000000008ed00000, 0x000000008ee00000, 0x000000008ee00000|100%| E|CS|TAMS 0x000000008ed00000, 0x000000008ed00000| Complete 
| 238|0x000000008ee00000, 0x000000008ef00000, 0x000000008ef00000|100%| E|CS|TAMS 0x000000008ee00000, 0x000000008ee00000| Complete 
| 239|0x000000008ef00000, 0x000000008f000000, 0x000000008f000000|100%| E|CS|TAMS 0x000000008ef00000, 0x000000008ef00000| Complete 
| 240|0x000000008f000000, 0x000000008f100000, 0x000000008f100000|100%| E|CS|TAMS 0x000000008f000000, 0x000000008f000000| Complete 
| 241|0x000000008f100000, 0x000000008f200000, 0x000000008f200000|100%| E|CS|TAMS 0x000000008f100000, 0x000000008f100000| Complete 
| 242|0x000000008f200000, 0x000000008f300000, 0x000000008f300000|100%| E|CS|TAMS 0x000000008f200000, 0x000000008f200000| Complete 
| 243|0x000000008f300000, 0x000000008f400000, 0x000000008f400000|100%| E|CS|TAMS 0x000000008f300000, 0x000000008f300000| Complete 
| 244|0x000000008f400000, 0x000000008f500000, 0x000000008f500000|100%| E|CS|TAMS 0x000000008f400000, 0x000000008f400000| Complete 
| 245|0x000000008f500000, 0x000000008f600000, 0x000000008f600000|100%| E|CS|TAMS 0x000000008f500000, 0x000000008f500000| Complete 
| 246|0x000000008f600000, 0x000000008f700000, 0x000000008f700000|100%| E|CS|TAMS 0x000000008f600000, 0x000000008f600000| Complete 
| 247|0x000000008f700000, 0x000000008f800000, 0x000000008f800000|100%| E|CS|TAMS 0x000000008f700000, 0x000000008f700000| Complete 
| 248|0x000000008f800000, 0x000000008f900000, 0x000000008f900000|100%| E|CS|TAMS 0x000000008f800000, 0x000000008f800000| Complete 
| 249|0x000000008f900000, 0x000000008fa00000, 0x000000008fa00000|100%| E|CS|TAMS 0x000000008f900000, 0x000000008f900000| Complete 
| 250|0x000000008fa00000, 0x000000008fb00000, 0x000000008fb00000|100%| E|CS|TAMS 0x000000008fa00000, 0x000000008fa00000| Complete 
| 251|0x000000008fb00000, 0x000000008fc00000, 0x000000008fc00000|100%| E|CS|TAMS 0x000000008fb00000, 0x000000008fb00000| Complete 
| 252|0x000000008fc00000, 0x000000008fd00000, 0x000000008fd00000|100%| E|CS|TAMS 0x000000008fc00000, 0x000000008fc00000| Complete 
| 253|0x000000008fd00000, 0x000000008fe00000, 0x000000008fe00000|100%| E|CS|TAMS 0x000000008fd00000, 0x000000008fd00000| Complete 
| 254|0x000000008fe00000, 0x000000008ff00000, 0x000000008ff00000|100%| E|CS|TAMS 0x000000008fe00000, 0x000000008fe00000| Complete 
| 255|0x000000008ff00000, 0x0000000090000000, 0x0000000090000000|100%| E|CS|TAMS 0x000000008ff00000, 0x000000008ff00000| Complete 
| 256|0x0000000090000000, 0x0000000090100000, 0x0000000090100000|100%| E|CS|TAMS 0x0000000090000000, 0x0000000090000000| Complete 
| 257|0x0000000090100000, 0x0000000090200000, 0x0000000090200000|100%| E|CS|TAMS 0x0000000090100000, 0x0000000090100000| Complete 
| 258|0x0000000090200000, 0x0000000090300000, 0x0000000090300000|100%| E|CS|TAMS 0x0000000090200000, 0x0000000090200000| Complete 
| 259|0x0000000090300000, 0x0000000090400000, 0x0000000090400000|100%| E|CS|TAMS 0x0000000090300000, 0x0000000090300000| Complete 
| 260|0x0000000090400000, 0x0000000090500000, 0x0000000090500000|100%| E|CS|TAMS 0x0000000090400000, 0x0000000090400000| Complete 
| 261|0x0000000090500000, 0x0000000090600000, 0x0000000090600000|100%| E|CS|TAMS 0x0000000090500000, 0x0000000090500000| Complete 
| 262|0x0000000090600000, 0x0000000090700000, 0x0000000090700000|100%| E|CS|TAMS 0x0000000090600000, 0x0000000090600000| Complete 
| 263|0x0000000090700000, 0x0000000090800000, 0x0000000090800000|100%| E|CS|TAMS 0x0000000090700000, 0x0000000090700000| Complete 
| 264|0x0000000090800000, 0x0000000090900000, 0x0000000090900000|100%| E|CS|TAMS 0x0000000090800000, 0x0000000090800000| Complete 
| 265|0x0000000090900000, 0x0000000090a00000, 0x0000000090a00000|100%| E|CS|TAMS 0x0000000090900000, 0x0000000090900000| Complete 
| 266|0x0000000090a00000, 0x0000000090b00000, 0x0000000090b00000|100%| E|CS|TAMS 0x0000000090a00000, 0x0000000090a00000| Complete 
| 267|0x0000000090b00000, 0x0000000090c00000, 0x0000000090c00000|100%| E|CS|TAMS 0x0000000090b00000, 0x0000000090b00000| Complete 
| 268|0x0000000090c00000, 0x0000000090d00000, 0x0000000090d00000|100%| E|CS|TAMS 0x0000000090c00000, 0x0000000090c00000| Complete 
| 269|0x0000000090d00000, 0x0000000090e00000, 0x0000000090e00000|100%| E|CS|TAMS 0x0000000090d00000, 0x0000000090d00000| Complete 
| 270|0x0000000090e00000, 0x0000000090f00000, 0x0000000090f00000|100%| E|CS|TAMS 0x0000000090e00000, 0x0000000090e00000| Complete 
| 271|0x0000000090f00000, 0x0000000091000000, 0x0000000091000000|100%| E|CS|TAMS 0x0000000090f00000, 0x0000000090f00000| Complete 
| 272|0x0000000091000000, 0x0000000091100000, 0x0000000091100000|100%| E|CS|TAMS 0x0000000091000000, 0x0000000091000000| Complete 
| 273|0x0000000091100000, 0x0000000091200000, 0x0000000091200000|100%| E|CS|TAMS 0x0000000091100000, 0x0000000091100000| Complete 
| 274|0x0000000091200000, 0x0000000091300000, 0x0000000091300000|100%| E|CS|TAMS 0x0000000091200000, 0x0000000091200000| Complete 
| 275|0x0000000091300000, 0x0000000091400000, 0x0000000091400000|100%| E|CS|TAMS 0x0000000091300000, 0x0000000091300000| Complete 
| 276|0x0000000091400000, 0x0000000091500000, 0x0000000091500000|100%| E|CS|TAMS 0x0000000091400000, 0x0000000091400000| Complete 
| 277|0x0000000091500000, 0x0000000091600000, 0x0000000091600000|100%| E|CS|TAMS 0x0000000091500000, 0x0000000091500000| Complete 
| 278|0x0000000091600000, 0x0000000091700000, 0x0000000091700000|100%| E|CS|TAMS 0x0000000091600000, 0x0000000091600000| Complete 
| 279|0x0000000091700000, 0x0000000091800000, 0x0000000091800000|100%| E|CS|TAMS 0x0000000091700000, 0x0000000091700000| Complete 
| 280|0x0000000091800000, 0x0000000091900000, 0x0000000091900000|100%| E|CS|TAMS 0x0000000091800000, 0x0000000091800000| Complete 
| 281|0x0000000091900000, 0x0000000091a00000, 0x0000000091a00000|100%| E|CS|TAMS 0x0000000091900000, 0x0000000091900000| Complete 
| 282|0x0000000091a00000, 0x0000000091b00000, 0x0000000091b00000|100%| E|CS|TAMS 0x0000000091a00000, 0x0000000091a00000| Complete 
| 283|0x0000000091b00000, 0x0000000091c00000, 0x0000000091c00000|100%| E|CS|TAMS 0x0000000091b00000, 0x0000000091b00000| Complete 
| 284|0x0000000091c00000, 0x0000000091d00000, 0x0000000091d00000|100%| E|CS|TAMS 0x0000000091c00000, 0x0000000091c00000| Complete 
| 285|0x0000000091d00000, 0x0000000091e00000, 0x0000000091e00000|100%| E|CS|TAMS 0x0000000091d00000, 0x0000000091d00000| Complete 
| 286|0x0000000091e00000, 0x0000000091f00000, 0x0000000091f00000|100%| E|CS|TAMS 0x0000000091e00000, 0x0000000091e00000| Complete 
| 287|0x0000000091f00000, 0x0000000092000000, 0x0000000092000000|100%| E|CS|TAMS 0x0000000091f00000, 0x0000000091f00000| Complete 
| 288|0x0000000092000000, 0x0000000092100000, 0x0000000092100000|100%| E|CS|TAMS 0x0000000092000000, 0x0000000092000000| Complete 
| 289|0x0000000092100000, 0x0000000092200000, 0x0000000092200000|100%| E|CS|TAMS 0x0000000092100000, 0x0000000092100000| Complete 
| 290|0x0000000092200000, 0x0000000092300000, 0x0000000092300000|100%| E|CS|TAMS 0x0000000092200000, 0x0000000092200000| Complete 
| 291|0x0000000092300000, 0x0000000092400000, 0x0000000092400000|100%| E|CS|TAMS 0x0000000092300000, 0x0000000092300000| Complete 
| 292|0x0000000092400000, 0x0000000092500000, 0x0000000092500000|100%| E|CS|TAMS 0x0000000092400000, 0x0000000092400000| Complete 
| 293|0x0000000092500000, 0x0000000092600000, 0x0000000092600000|100%| E|CS|TAMS 0x0000000092500000, 0x0000000092500000| Complete 
| 294|0x0000000092600000, 0x0000000092700000, 0x0000000092700000|100%| E|CS|TAMS 0x0000000092600000, 0x0000000092600000| Complete 
| 295|0x0000000092700000, 0x0000000092800000, 0x0000000092800000|100%| E|CS|TAMS 0x0000000092700000, 0x0000000092700000| Complete 

Card table byte_map: [0x0000024297f90000,0x0000024298390000] _byte_map_base: 0x0000024297b90000

Marking Bits (Prev, Next): (CMBitMap*) 0x0000024285720f20, (CMBitMap*) 0x0000024285720f60
 Prev Bits: [0x0000024298790000, 0x000002429a790000)
 Next Bits: [0x000002429a790000, 0x000002429c790000)

Polling page: 0x0000024284e90000

Metaspace:

Usage:
  Non-class:     78.02 MB used.
      Class:     12.14 MB used.
       Both:     90.16 MB used.

Virtual space:
  Non-class space:       80.00 MB reserved,      78.38 MB ( 98%) committed,  10 nodes.
      Class space:        1.00 GB reserved,      12.44 MB (  1%) committed,  1 nodes.
             Both:        1.08 GB reserved,      90.81 MB (  8%) committed. 

Chunk freelists:
   Non-Class:  1.34 MB
       Class:  3.53 MB
        Both:  4.87 MB

MaxMetaspaceSize: unlimited
CompressedClassSpaceSize: 1.00 GB
Initial GC threshold: 21.00 MB
Current GC threshold: 140.62 MB
CDS: off
MetaspaceReclaimPolicy: balanced
 - commit_granule_bytes: 65536.
 - commit_granule_words: 8192.
 - virtual_space_node_default_size: 1048576.
 - enlarge_chunks_in_place: 1.
 - new_chunks_are_fully_committed: 0.
 - uncommit_free_chunks: 1.
 - use_allocation_guard: 0.
 - handle_deallocations: 1.


Internal statistics:

num_allocs_failed_limit: 6.
num_arena_births: 956.
num_arena_deaths: 6.
num_vsnodes_births: 11.
num_vsnodes_deaths: 0.
num_space_committed: 1453.
num_space_uncommitted: 0.
num_chunks_returned_to_freelist: 13.
num_chunks_taken_from_freelist: 4364.
num_chunk_merges: 8.
num_chunk_splits: 2829.
num_chunks_enlarged: 1835.
num_purges: 2.
num_inconsistent_stats: 0.

CodeHeap 'non-profiled nmethods': size=120000Kb used=7606Kb max_used=7606Kb free=112393Kb
 bounds [0x0000024290660000, 0x0000024290dd0000, 0x0000024297b90000]
CodeHeap 'profiled nmethods': size=120000Kb used=22806Kb max_used=22806Kb free=97194Kb
 bounds [0x0000024288b90000, 0x000002428a1e0000, 0x00000242900c0000]
CodeHeap 'non-nmethods': size=5760Kb used=2377Kb max_used=2434Kb free=3382Kb
 bounds [0x00000242900c0000, 0x0000024290330000, 0x0000024290660000]
 total_blobs=12568 nmethods=11655 adapters=825
 compilation: enabled
              stopped_count=0, restarted_count=0
 full_count=0

Compilation events (20 events):
Event: 381.765 Thread 0x000002429f8aabf0 13214       1       kotlin.reflect.jvm.internal.impl.serialization.deserialization.descriptors.DeserializedClassDescriptor::access$getClassId$p (5 bytes)
Event: 381.765 Thread 0x000002429f8aabf0 nmethod 13214 0x0000024290dccc10 code [0x0000024290dccda0, 0x0000024290dcce58]
Event: 381.765 Thread 0x000002429f8aabf0 13215       1       kotlin.reflect.jvm.internal.impl.serialization.deserialization.descriptors.DeserializedClassDescriptor::getKind (5 bytes)
Event: 381.765 Thread 0x000002429f8aabf0 nmethod 13215 0x0000024290dccf10 code [0x0000024290dcd0a0, 0x0000024290dcd178]
Event: 381.766 Thread 0x000002429f8aabf0 13218       3       com.android.build.api.artifact.Artifact::name (14 bytes)
Event: 381.767 Thread 0x000002429f8aabf0 nmethod 13218 0x000002428a1c9f10 code [0x000002428a1ca0c0, 0x000002428a1ca278]
Event: 381.767 Thread 0x000002429f8aabf0 13219       3       jdk.internal.reflect.UnsafeStaticFieldAccessorImpl::<init> (17 bytes)
Event: 381.767 Thread 0x000002429f8aabf0 nmethod 13219 0x000002428a1ca390 code [0x000002428a1ca560, 0x000002428a1ca8a8]
Event: 381.767 Thread 0x000002429f847030 nmethod 13216 0x0000024290dcd610 code [0x0000024290dcd7a0, 0x0000024290dcd918]
Event: 381.767 Thread 0x000002429f8aabf0 13221       3       jdk.internal.misc.Unsafe::staticFieldBase (18 bytes)
Event: 381.767 Thread 0x000002429f847030 13217       4       java.util.regex.Pattern::split (288 bytes)
Event: 381.767 Thread 0x000002429f8aabf0 nmethod 13221 0x000002428a1caa10 code [0x000002428a1cabc0, 0x000002428a1cadf8]
Event: 381.767 Thread 0x000002429f8aabf0 13222       3       java.lang.reflect.Field::acquireFieldAccessor (59 bytes)
Event: 381.768 Thread 0x000002429f8aabf0 nmethod 13222 0x000002428a1caf10 code [0x000002428a1cb100, 0x000002428a1cb718]
Event: 381.770 Thread 0x000002429f8aabf0 13223       3       kotlin.reflect.jvm.internal.impl.name.FqNameUnsafe$1::invoke (9 bytes)
Event: 381.771 Thread 0x000002429f8aabf0 nmethod 13223 0x000002428a1cb890 code [0x000002428a1cbac0, 0x000002428a1cc208]
Event: 381.771 Thread 0x000002429f8aabf0 13224       3       kotlin.reflect.jvm.internal.impl.name.FqNameUnsafe$1::invoke (5 bytes)
Event: 381.772 Thread 0x000002429f8aabf0 nmethod 13224 0x000002428a1cc490 code [0x000002428a1cc6a0, 0x000002428a1ccc88]
Event: 381.772 Thread 0x000002429f8aabf0 13225       3       java.util.ArrayList$SubList$1::hasNext (20 bytes)
Event: 381.772 Thread 0x000002429f8aabf0 nmethod 13225 0x000002428a1cce90 code [0x000002428a1cd020, 0x000002428a1cd198]

GC Heap History (20 events):
Event: 32.980 GC heap before
{Heap before GC invocations=41 (full 0):
 garbage-first heap   total 109568K, used 85296K [0x0000000080000000, 0x0000000100000000)
  region size 1024K, 28 young (28672K), 4 survivors (4096K)
 Metaspace       used 77392K, committed 77952K, reserved 1122304K
  class space    used 10502K, committed 10752K, reserved 1048576K
}
Event: 32.990 GC heap after
{Heap after GC invocations=42 (full 0):
 garbage-first heap   total 109568K, used 62442K [0x0000000080000000, 0x0000000100000000)
  region size 1024K, 2 young (2048K), 2 survivors (2048K)
 Metaspace       used 77392K, committed 77952K, reserved 1122304K
  class space    used 10502K, committed 10752K, reserved 1048576K
}
Event: 34.396 GC heap before
{Heap before GC invocations=42 (full 0):
 garbage-first heap   total 109568K, used 89066K [0x0000000080000000, 0x0000000100000000)
  region size 1024K, 28 young (28672K), 2 survivors (2048K)
 Metaspace       used 80870K, committed 81472K, reserved 1122304K
  class space    used 10988K, committed 11264K, reserved 1048576K
}
Event: 34.407 GC heap after
{Heap after GC invocations=43 (full 0):
 garbage-first heap   total 140288K, used 64408K [0x0000000080000000, 0x0000000100000000)
  region size 1024K, 4 young (4096K), 4 survivors (4096K)
 Metaspace       used 80870K, committed 81472K, reserved 1122304K
  class space    used 10988K, committed 11264K, reserved 1048576K
}
Event: 36.193 GC heap before
{Heap before GC invocations=44 (full 0):
 garbage-first heap   total 140288K, used 111512K [0x0000000080000000, 0x0000000100000000)
  region size 1024K, 50 young (51200K), 4 survivors (4096K)
 Metaspace       used 81985K, committed 82624K, reserved 1122304K
  class space    used 11141K, committed 11456K, reserved 1048576K
}
Event: 36.213 GC heap after
{Heap after GC invocations=45 (full 0):
 garbage-first heap   total 140288K, used 71025K [0x0000000080000000, 0x0000000100000000)
  region size 1024K, 7 young (7168K), 7 survivors (7168K)
 Metaspace       used 81985K, committed 82624K, reserved 1122304K
  class space    used 11141K, committed 11456K, reserved 1048576K
}
Event: 39.142 GC heap before
{Heap before GC invocations=45 (full 0):
 garbage-first heap   total 140288K, used 109937K [0x0000000080000000, 0x0000000100000000)
  region size 1024K, 46 young (47104K), 7 survivors (7168K)
 Metaspace       used 84509K, committed 85120K, reserved 1130496K
  class space    used 11588K, committed 11840K, reserved 1048576K
}
Event: 39.163 GC heap after
{Heap after GC invocations=46 (full 0):
 garbage-first heap   total 140288K, used 76296K [0x0000000080000000, 0x0000000100000000)
  region size 1024K, 5 young (5120K), 5 survivors (5120K)
 Metaspace       used 84509K, committed 85120K, reserved 1130496K
  class space    used 11588K, committed 11840K, reserved 1048576K
}
Event: 41.745 GC heap before
{Heap before GC invocations=47 (full 0):
 garbage-first heap   total 142336K, used 112135K [0x0000000080000000, 0x0000000100000000)
  region size 1024K, 41 young (41984K), 5 survivors (5120K)
 Metaspace       used 84825K, committed 85504K, reserved 1130496K
  class space    used 11594K, committed 11904K, reserved 1048576K
}
Event: 41.763 GC heap after
{Heap after GC invocations=48 (full 0):
 garbage-first heap   total 142336K, used 79199K [0x0000000080000000, 0x0000000100000000)
  region size 1024K, 3 young (3072K), 3 survivors (3072K)
 Metaspace       used 84825K, committed 85504K, reserved 1130496K
  class space    used 11594K, committed 11904K, reserved 1048576K
}
Event: 41.848 GC heap before
{Heap before GC invocations=48 (full 0):
 garbage-first heap   total 142336K, used 81247K [0x0000000080000000, 0x0000000100000000)
  region size 1024K, 6 young (6144K), 3 survivors (3072K)
 Metaspace       used 84839K, committed 85504K, reserved 1130496K
  class space    used 11596K, committed 11904K, reserved 1048576K
}
Event: 41.864 GC heap after
{Heap after GC invocations=49 (full 0):
 garbage-first heap   total 142336K, used 79041K [0x0000000080000000, 0x0000000100000000)
  region size 1024K, 1 young (1024K), 1 survivors (1024K)
 Metaspace       used 84839K, committed 85504K, reserved 1130496K
  class space    used 11596K, committed 11904K, reserved 1048576K
}
Event: 42.978 GC heap before
{Heap before GC invocations=49 (full 0):
 garbage-first heap   total 142336K, used 114881K [0x0000000080000000, 0x0000000100000000)
  region size 1024K, 37 young (37888K), 1 survivors (1024K)
 Metaspace       used 85377K, committed 86080K, reserved 1130496K
  class space    used 11630K, committed 11968K, reserved 1048576K
}
Event: 42.988 GC heap after
{Heap after GC invocations=50 (full 0):
 garbage-first heap   total 142336K, used 81317K [0x0000000080000000, 0x0000000100000000)
  region size 1024K, 3 young (3072K), 3 survivors (3072K)
 Metaspace       used 85377K, committed 86080K, reserved 1130496K
  class space    used 11630K, committed 11968K, reserved 1048576K
}
Event: 43.910 GC heap before
{Heap before GC invocations=51 (full 0):
 garbage-first heap   total 155648K, used 116133K [0x0000000080000000, 0x0000000100000000)
  region size 1024K, 38 young (38912K), 3 survivors (3072K)
 Metaspace       used 85658K, committed 86272K, reserved 1130496K
  class space    used 11665K, committed 11968K, reserved 1048576K
}
Event: 43.920 GC heap after
{Heap after GC invocations=52 (full 0):
 garbage-first heap   total 155648K, used 83897K [0x0000000080000000, 0x0000000100000000)
  region size 1024K, 3 young (3072K), 3 survivors (3072K)
 Metaspace       used 85658K, committed 86272K, reserved 1130496K
  class space    used 11665K, committed 11968K, reserved 1048576K
}
Event: 43.964 GC heap before
{Heap before GC invocations=52 (full 0):
 garbage-first heap   total 155648K, used 87993K [0x0000000080000000, 0x0000000100000000)
  region size 1024K, 7 young (7168K), 3 survivors (3072K)
 Metaspace       used 85660K, committed 86272K, reserved 1130496K
  class space    used 11665K, committed 11968K, reserved 1048576K
}
Event: 43.972 GC heap after
{Heap after GC invocations=53 (full 0):
 garbage-first heap   total 155648K, used 83850K [0x0000000080000000, 0x0000000100000000)
  region size 1024K, 1 young (1024K), 1 survivors (1024K)
 Metaspace       used 85660K, committed 86272K, reserved 1130496K
  class space    used 11665K, committed 11968K, reserved 1048576K
}
Event: 44.799 GC heap before
{Heap before GC invocations=53 (full 0):
 garbage-first heap   total 155648K, used 125834K [0x0000000080000000, 0x0000000100000000)
  region size 1024K, 43 young (44032K), 1 survivors (1024K)
 Metaspace       used 85737K, committed 86336K, reserved 1130496K
  class space    used 11670K, committed 11968K, reserved 1048576K
}
Event: 44.808 GC heap after
{Heap after GC invocations=54 (full 0):
 garbage-first heap   total 303104K, used 86197K [0x0000000080000000, 0x0000000100000000)
  region size 1024K, 3 young (3072K), 3 survivors (3072K)
 Metaspace       used 85737K, committed 86336K, reserved 1130496K
  class space    used 11670K, committed 11968K, reserved 1048576K
}

Dll operation events (2 events):
Event: 0.023 Loaded shared library C:\Program Files\Android\Android Studio\jbr\bin\java.dll
Event: 2.192 Loaded shared library C:\Program Files\Android\Android Studio\jbr\bin\verify.dll

Deoptimization events (20 events):
Event: 381.527 Thread 0x00000242a89dc240 Uncommon trap: trap_request=0xffffffde fr.pc=0x0000024290db2dc4 relative=0x0000000000000464
Event: 381.527 Thread 0x00000242a89dc240 Uncommon trap: reason=class_check action=maybe_recompile pc=0x0000024290db2dc4 method=kotlin.reflect.jvm.internal.impl.protobuf.CodedInputStream.tryRefillBuffer(I)Z @ 175 c2
Event: 381.527 Thread 0x00000242a89dc240 DEOPT PACKING pc=0x0000024290db2dc4 sp=0x000000d9581f7b00
Event: 381.527 Thread 0x00000242a89dc240 DEOPT UNPACKING pc=0x00000242901169a3 sp=0x000000d9581f79e8 mode 2
Event: 381.529 Thread 0x00000242a89dc240 Uncommon trap: trap_request=0xffffffde fr.pc=0x0000024290db2dc4 relative=0x0000000000000464
Event: 381.529 Thread 0x00000242a89dc240 Uncommon trap: reason=class_check action=maybe_recompile pc=0x0000024290db2dc4 method=kotlin.reflect.jvm.internal.impl.protobuf.CodedInputStream.tryRefillBuffer(I)Z @ 175 c2
Event: 381.529 Thread 0x00000242a89dc240 DEOPT PACKING pc=0x0000024290db2dc4 sp=0x000000d9581f7b00
Event: 381.529 Thread 0x00000242a89dc240 DEOPT UNPACKING pc=0x00000242901169a3 sp=0x000000d9581f79e8 mode 2
Event: 381.529 Thread 0x00000242a89dc240 Uncommon trap: trap_request=0xffffffde fr.pc=0x0000024290db2dc4 relative=0x0000000000000464
Event: 381.529 Thread 0x00000242a89dc240 Uncommon trap: reason=class_check action=maybe_recompile pc=0x0000024290db2dc4 method=kotlin.reflect.jvm.internal.impl.protobuf.CodedInputStream.tryRefillBuffer(I)Z @ 175 c2
Event: 381.529 Thread 0x00000242a89dc240 DEOPT PACKING pc=0x0000024290db2dc4 sp=0x000000d9581f7c00
Event: 381.529 Thread 0x00000242a89dc240 DEOPT UNPACKING pc=0x00000242901169a3 sp=0x000000d9581f7ae8 mode 2
Event: 381.530 Thread 0x00000242a89dc240 Uncommon trap: trap_request=0xffffffde fr.pc=0x0000024290db2dc4 relative=0x0000000000000464
Event: 381.530 Thread 0x00000242a89dc240 Uncommon trap: reason=class_check action=maybe_recompile pc=0x0000024290db2dc4 method=kotlin.reflect.jvm.internal.impl.protobuf.CodedInputStream.tryRefillBuffer(I)Z @ 175 c2
Event: 381.530 Thread 0x00000242a89dc240 DEOPT PACKING pc=0x0000024290db2dc4 sp=0x000000d9581f7c00
Event: 381.530 Thread 0x00000242a89dc240 DEOPT UNPACKING pc=0x00000242901169a3 sp=0x000000d9581f7ae8 mode 2
Event: 381.752 Thread 0x00000242a89dc240 Uncommon trap: trap_request=0xffffffcc fr.pc=0x0000024290dc392c relative=0x000000000000290c
Event: 381.752 Thread 0x00000242a89dc240 Uncommon trap: reason=intrinsic_or_type_checked_inlining action=make_not_entrant pc=0x0000024290dc392c method=java.util.ArrayList$SubList.toArray([Ljava/lang/Object;)[Ljava/lang/Object; @ 58 c2
Event: 381.752 Thread 0x00000242a89dc240 DEOPT PACKING pc=0x0000024290dc392c sp=0x000000d9581f86b0
Event: 381.752 Thread 0x00000242a89dc240 DEOPT UNPACKING pc=0x00000242901169a3 sp=0x000000d9581f8638 mode 2

Classes unloaded (3 events):
Event: 43.282 Thread 0x000002429ecb1630 Unloading class 0x0000000100b98c00 'java/lang/invoke/LambdaForm$DMH+0x0000000100b98c00'
Event: 43.282 Thread 0x000002429ecb1630 Unloading class 0x0000000100b98800 'java/lang/invoke/LambdaForm$DMH+0x0000000100b98800'
Event: 43.282 Thread 0x000002429ecb1630 Unloading class 0x0000000100b98400 'java/lang/invoke/LambdaForm$DMH+0x0000000100b98400'

Classes redefined (0 events):
No events

Internal exceptions (20 events):
Event: 45.689 Thread 0x00000242a2ab18d0 Exception <a 'sun/nio/fs/WindowsException'{0x0000000090f26ab0}> (0x0000000090f26ab0) 
thrown [s\src\hotspot\share\prims\jni.cpp, line 517]
Event: 45.938 Thread 0x00000242a2ab18d0 Implicit null exception at 0x0000024290c9070f to 0x0000024290c9075c
Event: 47.097 Thread 0x00000242a2207260 Implicit null exception at 0x00000242906969f2 to 0x0000024290696f8c
Event: 47.097 Thread 0x00000242a2207260 Implicit null exception at 0x00000242909da472 to 0x00000242909daaf0
Event: 379.349 Thread 0x00000242a33040c0 Exception <a 'sun/nio/fs/WindowsException'{0x000000008ea3b178}> (0x000000008ea3b178) 
thrown [s\src\hotspot\share\prims\jni.cpp, line 517]
Event: 379.569 Thread 0x00000242a33040c0 Exception <a 'java/lang/NoClassDefFoundError'{0x000000008e7994b0}: org/jetbrains/kotlin/gradle/plugin/KotlinBasePluginWrapper> (0x000000008e7994b0) 
thrown [s\src\hotspot\share\oops\constantPool.cpp, line 835]
Event: 379.708 Thread 0x00000242a33040c0 Exception <a 'sun/nio/fs/WindowsException'{0x000000008e3080d0}> (0x000000008e3080d0) 
thrown [s\src\hotspot\share\prims\jni.cpp, line 517]
Event: 379.716 Thread 0x00000242a33040c0 Exception <a 'sun/nio/fs/WindowsException'{0x000000008e3a6e28}> (0x000000008e3a6e28) 
thrown [s\src\hotspot\share\prims\jni.cpp, line 517]
Event: 379.716 Thread 0x00000242a33040c0 Exception <a 'sun/nio/fs/WindowsException'{0x000000008e3a81a0}> (0x000000008e3a81a0) 
thrown [s\src\hotspot\share\prims\jni.cpp, line 517]
Event: 379.716 Thread 0x00000242a33040c0 Exception <a 'sun/nio/fs/WindowsException'{0x000000008e3a9568}> (0x000000008e3a9568) 
thrown [s\src\hotspot\share\prims\jni.cpp, line 517]
Event: 379.716 Thread 0x00000242a33040c0 Exception <a 'sun/nio/fs/WindowsException'{0x000000008e3aa930}> (0x000000008e3aa930) 
thrown [s\src\hotspot\share\prims\jni.cpp, line 517]
Event: 379.825 Thread 0x00000242a89dc240 Exception <a 'sun/nio/fs/WindowsException'{0x000000008e0ed878}> (0x000000008e0ed878) 
thrown [s\src\hotspot\share\prims\jni.cpp, line 517]
Event: 380.611 Thread 0x00000242a89dc240 Exception <a 'sun/nio/fs/WindowsException'{0x000000008cb68f90}> (0x000000008cb68f90) 
thrown [s\src\hotspot\share\prims\jni.cpp, line 517]
Event: 380.662 Thread 0x00000242a3304590 Exception <a 'sun/nio/fs/WindowsException'{0x000000008ca56108}> (0x000000008ca56108) 
thrown [s\src\hotspot\share\prims\jni.cpp, line 517]
Event: 380.943 Thread 0x00000242a89daa30 Exception <a 'sun/nio/fs/WindowsException'{0x000000008c5e30b0}> (0x000000008c5e30b0) 
thrown [s\src\hotspot\share\prims\jni.cpp, line 517]
Event: 380.994 Thread 0x00000242a89dc240 Exception <a 'sun/nio/fs/WindowsException'{0x000000008c56c778}> (0x000000008c56c778) 
thrown [s\src\hotspot\share\prims\jni.cpp, line 517]
Event: 381.132 Thread 0x00000242a89dc240 Exception <a 'sun/nio/fs/WindowsException'{0x000000008c1bb3a0}> (0x000000008c1bb3a0) 
thrown [s\src\hotspot\share\prims\jni.cpp, line 517]
Event: 381.132 Thread 0x00000242a89dc240 Exception <a 'sun/nio/fs/WindowsException'{0x000000008c1bc4e8}> (0x000000008c1bc4e8) 
thrown [s\src\hotspot\share\prims\jni.cpp, line 517]
Event: 381.132 Thread 0x00000242a89dc240 Exception <a 'sun/nio/fs/WindowsException'{0x000000008c1bc558}> (0x000000008c1bc558) 
thrown [s\src\hotspot\share\prims\jni.cpp, line 517]
Event: 381.132 Thread 0x00000242a89dc240 Exception <a 'sun/nio/fs/WindowsException'{0x000000008c1bc948}> (0x000000008c1bc948) 
thrown [s\src\hotspot\share\prims\jni.cpp, line 517]

VM Operations (20 events):
Event: 197.779 Executing VM operation: Cleanup
Event: 197.780 Executing VM operation: Cleanup done
Event: 267.251 Executing VM operation: Cleanup
Event: 267.251 Executing VM operation: Cleanup done
Event: 337.843 Executing VM operation: Cleanup
Event: 337.844 Executing VM operation: Cleanup done
Event: 379.207 Executing VM operation: ICBufferFull
Event: 379.227 Executing VM operation: ICBufferFull done
Event: 379.486 Executing VM operation: HandshakeAllThreads
Event: 379.486 Executing VM operation: HandshakeAllThreads done
Event: 379.503 Executing VM operation: ICBufferFull
Event: 379.503 Executing VM operation: ICBufferFull done
Event: 379.746 Executing VM operation: ICBufferFull
Event: 379.747 Executing VM operation: ICBufferFull done
Event: 380.011 Executing VM operation: ICBufferFull
Event: 380.012 Executing VM operation: ICBufferFull done
Event: 381.020 Executing VM operation: Cleanup
Event: 381.033 Executing VM operation: Cleanup done
Event: 381.060 Executing VM operation: HandshakeAllThreads
Event: 381.060 Executing VM operation: HandshakeAllThreads done

Events (20 events):
Event: 379.197 Thread 0x00000242a38ab930 Thread added: 0x00000242a38ab930
Event: 379.299 Thread 0x00000242a1393fe0 Thread added: 0x00000242a1393fe0
Event: 379.501 Thread 0x000002429f8ab100 flushing nmethod 0x0000024289506710
Event: 379.501 Thread 0x000002429f8ab100 flushing nmethod 0x0000024289525990
Event: 379.507 Thread 0x000002429f8ab100 flushing nmethod 0x0000024289ab8690
Event: 379.791 Thread 0x00000242a89dc240 Thread added: 0x00000242a89dc240
Event: 379.792 Thread 0x00000242a89daa30 Thread added: 0x00000242a89daa30
Event: 379.792 Thread 0x00000242a89d9bc0 Thread added: 0x00000242a89d9bc0
Event: 379.792 Thread 0x00000242a3304590 Thread added: 0x00000242a3304590
Event: 379.794 Thread 0x00000242a89da090 Thread added: 0x00000242a89da090
Event: 381.128 loading class java/time/Clock
Event: 381.129 loading class java/time/InstantSource
Event: 381.129 loading class java/time/InstantSource done
Event: 381.129 loading class java/time/Clock done
Event: 381.129 loading class java/time/Clock$SystemClock
Event: 381.129 loading class java/time/Clock$SystemClock done
Event: 381.548 loading class java/util/ArrayList$SubList$1
Event: 381.549 loading class java/util/ArrayList$SubList$1 done
Event: 381.549 Thread 0x00000242a30d2ee0 Thread exited: 0x00000242a30d2ee0
Event: 381.628 Thread 0x00000242a30d3900 Thread added: 0x00000242a30d3900


Dynamic libraries:
0x00007ff6fa840000 - 0x00007ff6fa84a000 	C:\Program Files\Android\Android Studio\jbr\bin\java.exe
0x00007ffbc3090000 - 0x00007ffbc32a4000 	C:\Windows\SYSTEM32\ntdll.dll
0x00007ffbc2a10000 - 0x00007ffbc2ad2000 	C:\Windows\System32\KERNEL32.DLL
0x00007ffbc0860000 - 0x00007ffbc0bfc000 	C:\Windows\System32\KERNELBASE.dll
0x00007ffbc0600000 - 0x00007ffbc0711000 	C:\Windows\System32\ucrtbase.dll
0x00007ffba8e90000 - 0x00007ffba8ea7000 	C:\Program Files\Android\Android Studio\jbr\bin\jli.dll
0x00007ffbc17b0000 - 0x00007ffbc195b000 	C:\Windows\System32\USER32.dll
0x00007ffbc0c70000 - 0x00007ffbc0c96000 	C:\Windows\System32\win32u.dll
0x00007ffbc2e30000 - 0x00007ffbc2e59000 	C:\Windows\System32\GDI32.dll
0x00007ffbc04e0000 - 0x00007ffbc05f2000 	C:\Windows\System32\gdi32full.dll
0x00007ffbc0e10000 - 0x00007ffbc0eaa000 	C:\Windows\System32\msvcp_win.dll
0x00007ffba6e50000 - 0x00007ffba6e6b000 	C:\Program Files\Android\Android Studio\jbr\bin\VCRUNTIME140.dll
0x00007ffbba060000 - 0x00007ffbba2ee000 	C:\Windows\WinSxS\amd64_microsoft.windows.common-controls_6595b64144ccf1df_6.0.22621.1_none_60e502bd9af5bef0\COMCTL32.dll
0x00007ffbc2ef0000 - 0x00007ffbc2f97000 	C:\Windows\System32\msvcrt.dll
0x00007ffbc2bd0000 - 0x00007ffbc2c01000 	C:\Windows\System32\IMM32.DLL
0x00007ffbabc50000 - 0x00007ffbabc5c000 	C:\Program Files\Android\Android Studio\jbr\bin\vcruntime140_1.dll
0x00007ffb93d10000 - 0x00007ffb93d9d000 	C:\Program Files\Android\Android Studio\jbr\bin\msvcp140.dll
0x00007ffb92a70000 - 0x00007ffb936dd000 	C:\Program Files\Android\Android Studio\jbr\bin\server\jvm.dll
0x00007ffbc2240000 - 0x00007ffbc22ee000 	C:\Windows\System32\ADVAPI32.dll
0x00007ffbc1dc0000 - 0x00007ffbc1e64000 	C:\Windows\System32\sechost.dll
0x00007ffbc0eb0000 - 0x00007ffbc0fc5000 	C:\Windows\System32\RPCRT4.dll
0x00007ffbbb250000 - 0x00007ffbbb259000 	C:\Windows\SYSTEM32\WSOCK32.dll
0x00007ffbc2c30000 - 0x00007ffbc2ca1000 	C:\Windows\System32\WS2_32.dll
0x00007ffbba440000 - 0x00007ffbba474000 	C:\Windows\SYSTEM32\WINMM.dll
0x00007ffbba710000 - 0x00007ffbba71a000 	C:\Windows\SYSTEM32\VERSION.dll
0x00007ffbbf550000 - 0x00007ffbbf568000 	C:\Windows\SYSTEM32\kernel.appcore.dll
0x00007ffbb8910000 - 0x00007ffbb891a000 	C:\Program Files\Android\Android Studio\jbr\bin\jimage.dll
0x00007ffbb3be0000 - 0x00007ffbb3e0e000 	C:\Windows\SYSTEM32\DBGHELP.DLL
0x00007ffbc1e70000 - 0x00007ffbc21f9000 	C:\Windows\System32\combase.dll
0x00007ffbc2af0000 - 0x00007ffbc2bc7000 	C:\Windows\System32\OLEAUT32.dll
0x00007ffbac780000 - 0x00007ffbac7b2000 	C:\Windows\SYSTEM32\dbgcore.DLL
0x00007ffbc0720000 - 0x00007ffbc079b000 	C:\Windows\System32\bcryptPrimitives.dll
0x00007ffbb4e30000 - 0x00007ffbb4e55000 	C:\Program Files\Android\Android Studio\jbr\bin\java.dll
0x00007ffbb8880000 - 0x00007ffbb8898000 	C:\Program Files\Android\Android Studio\jbr\bin\zip.dll
0x00007ffbc0fd0000 - 0x00007ffbc17a8000 	C:\Windows\System32\SHELL32.dll
0x00007ffbbe520000 - 0x00007ffbbedd8000 	C:\Windows\SYSTEM32\windows.storage.dll
0x00007ffbbe3e0000 - 0x00007ffbbe51d000 	C:\Windows\SYSTEM32\wintypes.dll
0x00007ffbc19f0000 - 0x00007ffbc1ae1000 	C:\Windows\System32\SHCORE.dll
0x00007ffbc1d10000 - 0x00007ffbc1d6e000 	C:\Windows\System32\shlwapi.dll
0x00007ffbc0410000 - 0x00007ffbc0431000 	C:\Windows\SYSTEM32\profapi.dll
0x00007ffbb81d0000 - 0x00007ffbb81e9000 	C:\Program Files\Android\Android Studio\jbr\bin\net.dll
0x00007ffbbabf0000 - 0x00007ffbbad1f000 	C:\Windows\SYSTEM32\WINHTTP.dll
0x00007ffbbf9b0000 - 0x00007ffbbfa19000 	C:\Windows\system32\mswsock.dll
0x00007ffbb1f50000 - 0x00007ffbb1f66000 	C:\Program Files\Android\Android Studio\jbr\bin\nio.dll
0x00007ffbb5470000 - 0x00007ffbb5480000 	C:\Program Files\Android\Android Studio\jbr\bin\verify.dll
0x00007ffba7420000 - 0x00007ffba7447000 	C:\Users\Admin\.gradle\native\68d5fa5c4cc2d200863cafc0d521ce42e7d3e7ee720ec0a83991735586a16f82\windows-amd64\native-platform.dll
0x00007ffb92710000 - 0x00007ffb92854000 	C:\Users\Admin\.gradle\native\e376f236ea51e6404a007f0833ffe2c6e607c4080706a723a18a27aeea778392\windows-amd64\native-platform-file-events.dll
0x00007ffbb8900000 - 0x00007ffbb8909000 	C:\Program Files\Android\Android Studio\jbr\bin\management.dll
0x00007ffbb7ba0000 - 0x00007ffbb7bab000 	C:\Program Files\Android\Android Studio\jbr\bin\management_ext.dll
0x00007ffbc2ae0000 - 0x00007ffbc2ae8000 	C:\Windows\System32\PSAPI.DLL
0x00007ffbbfc00000 - 0x00007ffbbfc1b000 	C:\Windows\SYSTEM32\CRYPTSP.dll
0x00007ffbbf4c0000 - 0x00007ffbbf4f5000 	C:\Windows\system32\rsaenh.dll
0x00007ffbbfab0000 - 0x00007ffbbfad8000 	C:\Windows\SYSTEM32\USERENV.dll
0x00007ffbbfda0000 - 0x00007ffbbfdc8000 	C:\Windows\SYSTEM32\bcrypt.dll
0x00007ffbbfc20000 - 0x00007ffbbfc2c000 	C:\Windows\SYSTEM32\CRYPTBASE.dll
0x00007ffbbf070000 - 0x00007ffbbf09d000 	C:\Windows\SYSTEM32\IPHLPAPI.DLL
0x00007ffbc1960000 - 0x00007ffbc1969000 	C:\Windows\System32\NSI.dll
0x00007ffbbabb0000 - 0x00007ffbbabc9000 	C:\Windows\SYSTEM32\dhcpcsvc6.DLL
0x00007ffbbab90000 - 0x00007ffbbabaf000 	C:\Windows\SYSTEM32\dhcpcsvc.DLL
0x00007ffbbf0f0000 - 0x00007ffbbf1e2000 	C:\Windows\SYSTEM32\DNSAPI.dll
0x00007ffbb46a0000 - 0x00007ffbb46a8000 	C:\Windows\system32\wshunix.dll

dbghelp: loaded successfully - version: 4.0.5 - missing functions: none
symbol engine: initialized successfully - sym options: 0x614 - pdb path: .;C:\Program Files\Android\Android Studio\jbr\bin;C:\Windows\SYSTEM32;C:\Windows\WinSxS\amd64_microsoft.windows.common-controls_6595b64144ccf1df_6.0.22621.1_none_60e502bd9af5bef0;C:\Program Files\Android\Android Studio\jbr\bin\server;C:\Users\Admin\.gradle\native\68d5fa5c4cc2d200863cafc0d521ce42e7d3e7ee720ec0a83991735586a16f82\windows-amd64;C:\Users\Admin\.gradle\native\e376f236ea51e6404a007f0833ffe2c6e607c4080706a723a18a27aeea778392\windows-amd64

VM Arguments:
jvm_args: --add-opens=java.base/java.util=ALL-UNNAMED --add-opens=java.base/java.lang=ALL-UNNAMED --add-opens=java.base/java.lang.invoke=ALL-UNNAMED --add-opens=java.prefs/java.util.prefs=ALL-UNNAMED --add-opens=java.base/java.nio.charset=ALL-UNNAMED --add-opens=java.base/java.net=ALL-UNNAMED --add-opens=java.base/java.util.concurrent.atomic=ALL-UNNAMED -Xmx2048m -Dfile.encoding=UTF-8 -Duser.country=US -Duser.language=en -Duser.variant 
java_command: org.gradle.launcher.daemon.bootstrap.GradleDaemon 8.0
java_class_path (initial): C:\Users\Admin\.gradle\wrapper\dists\gradle-8.0-bin\ca5e32bp14vu59qr306oxotwh\gradle-8.0\lib\gradle-launcher-8.0.jar
Launcher Type: SUN_STANDARD

[Global flags]
     intx CICompilerCount                          = 3                                         {product} {ergonomic}
     uint ConcGCThreads                            = 1                                         {product} {ergonomic}
     uint G1ConcRefinementThreads                  = 4                                         {product} {ergonomic}
   size_t G1HeapRegionSize                         = 1048576                                   {product} {ergonomic}
    uintx GCDrainStackTargetSize                   = 64                                        {product} {ergonomic}
   size_t InitialHeapSize                          = 201326592                                 {product} {ergonomic}
   size_t MarkStackSize                            = 4194304                                   {product} {ergonomic}
   size_t MaxHeapSize                              = 2147483648                                {product} {command line}
   size_t MaxNewSize                               = 1287651328                                {product} {ergonomic}
   size_t MinHeapDeltaBytes                        = 1048576                                   {product} {ergonomic}
   size_t MinHeapSize                              = 8388608                                   {product} {ergonomic}
    uintx NonNMethodCodeHeapSize                   = 5832780                                {pd product} {ergonomic}
    uintx NonProfiledCodeHeapSize                  = 122912730                              {pd product} {ergonomic}
    uintx ProfiledCodeHeapSize                     = 122912730                              {pd product} {ergonomic}
    uintx ReservedCodeCacheSize                    = 251658240                              {pd product} {ergonomic}
     bool SegmentedCodeCache                       = true                                      {product} {ergonomic}
   size_t SoftMaxHeapSize                          = 2147483648                             {manageable} {ergonomic}
     bool UseCompressedClassPointers               = true                           {product lp64_product} {ergonomic}
     bool UseCompressedOops                        = true                           {product lp64_product} {ergonomic}
     bool UseG1GC                                  = true                                      {product} {ergonomic}
     bool UseLargePagesIndividualAllocation        = false                                  {pd product} {ergonomic}

Logging:
Log output configuration:
 #0: stdout all=warning uptime,level,tags
 #1: stderr all=off uptime,level,tags

Environment Variables:
PATH=C:\Program Files\Common Files\Oracle\Java\javapath;C:\Windows\system32;C:\Windows;C:\Windows\System32\Wbem;C:\Windows\System32\WindowsPowerShell\v1.0\;C:\Windows\System32\OpenSSH\;C:\Program Files (x86)\NVIDIA Corporation\PhysX\Common;C:\Program Files\dotnet\;C:\Program Files\Git\cmd;C:\Users\Admin\AppData\Local\Microsoft\WindowsApps;C:\Users\Admin\.dotnet\tools
USERNAME=Admin
OS=Windows_NT
PROCESSOR_IDENTIFIER=Intel64 Family 6 Model 42 Stepping 7, GenuineIntel
TMP=C:\Users\Admin\AppData\Local\Temp
TEMP=C:\Users\Admin\AppData\Local\Temp



---------------  S Y S T E M  ---------------

OS:
 Windows 11 , 64 bit Build 22621 (10.0.22621.1)
OS uptime: 0 days 4:12 hours

CPU: total 4 (initial active 4) (2 cores per cpu, 2 threads per core) family 6 model 42 stepping 7 microcode 0x2f, cx8, cmov, fxsr, ht, mmx, sse, sse2, sse3, ssse3, sse4.1, sse4.2, popcnt, tsc, tscinvbit, avx, clmul, vzeroupper, clflush

Memory: 4k page, system-wide physical 12264M (2902M free)
TotalPageFile size 12264M (AvailPageFile size 5M)
current process WorkingSet (physical memory assigned to process): 534M, peak: 534M
current process commit charge ("private bytes"): 576M, peak: 577M

vm_info: OpenJDK 64-Bit Server VM (17.0.6+0-b2043.56-9586694) for windows-amd64 JRE (17.0.6+0-b2043.56-9586694), built on Feb  9 2023 20:06:20 by "androidbuild" with MS VC++ 16.10 / 16.11 (VS2019)

END.
