#
# There is insufficient memory for the Java Runtime Environment to continue.
# Native memory allocation (mmap) failed to map 84934656 bytes for G1 virtual space
# Possible reasons:
#   The system is out of physical RAM or swap space
#   The process is running with CompressedOops enabled, and the Java Heap may be blocking the growth of the native heap
# Possible solutions:
#   Reduce memory load on the system
#   Increase physical memory or swap space
#   Check if swap backing store is full
#   Decrease Java heap size (-Xmx/-Xms)
#   Decrease number of Java threads
#   Decrease Java thread stack sizes (-Xss)
#   Set larger code cache with -XX:ReservedCodeCacheSize=
#   JVM is running with Unscaled Compressed Oops mode in which the Java heap is
#     placed in the first 4GB address space. The Java Heap base address is the
#     maximum limit for the native heap growth. Please use -XX:HeapBaseMinAddress
#     to set the Java Heap base and to place the Java Heap above 4GB virtual address.
# This output file may be truncated or incomplete.
#
#  Out of Memory Error (os_windows.cpp:3769), pid=6908, tid=9996
#
# JRE version: OpenJDK Runtime Environment (17.0.6) (build 17.0.6+0-b2043.56-9586694)
# Java VM: OpenJDK 64-Bit Server VM (17.0.6+0-b2043.56-9586694, mixed mode, tiered, compressed oops, compressed class ptrs, g1 gc, windows-amd64)
# No core dump will be written. Minidumps are not enabled by default on client versions of Windows
#

---------------  S U M M A R Y ------------

Command Line: --add-opens=java.base/java.util=ALL-UNNAMED --add-opens=java.base/java.lang=ALL-UNNAMED --add-opens=java.base/java.lang.invoke=ALL-UNNAMED --add-opens=java.prefs/java.util.prefs=ALL-UNNAMED --add-opens=java.base/java.nio.charset=ALL-UNNAMED --add-opens=java.base/java.net=ALL-UNNAMED --add-opens=java.base/java.util.concurrent.atomic=ALL-UNNAMED -Xmx2048m -Dfile.encoding=UTF-8 -Duser.country=US -Duser.language=en -Duser.variant org.gradle.launcher.daemon.bootstrap.GradleDaemon 8.0

Host: Intel(R) Core(TM) i3-2100 CPU @ 3.10GHz, 4 cores, 11G,  Windows 11 , 64 bit Build 22621 (10.0.22621.1)
Time: Sat Aug  3 18:22:30 2024 SE Asia Standard Time elapsed time: 198.436633 seconds (0d 0h 3m 18s)

---------------  T H R E A D  ---------------

Current thread (0x000001817cb287f0):  VMThread "VM Thread" [stack: 0x0000002313200000,0x0000002313300000] [id=9996]

Stack: [0x0000002313200000,0x0000002313300000]
Native frames: (J=compiled Java code, j=interpreted, Vv=VM code, C=native code)
V  [jvm.dll+0x683b4a]
V  [jvm.dll+0x842654]
V  [jvm.dll+0x843dfe]
V  [jvm.dll+0x844463]
V  [jvm.dll+0x249b75]
V  [jvm.dll+0x680a19]
V  [jvm.dll+0x674f0a]
V  [jvm.dll+0x309acb]
V  [jvm.dll+0x310f86]
V  [jvm.dll+0x3608ee]
V  [jvm.dll+0x360b1f]
V  [jvm.dll+0x2dfbf8]
V  [jvm.dll+0x2ddec4]
V  [jvm.dll+0x2dd4cc]
V  [jvm.dll+0x321f3b]
V  [jvm.dll+0x84893b]
V  [jvm.dll+0x849674]
V  [jvm.dll+0x849b8d]
V  [jvm.dll+0x849f64]
V  [jvm.dll+0x84a030]
V  [jvm.dll+0x7f25fa]
V  [jvm.dll+0x682985]
C  [ucrtbase.dll+0x29363]
C  [KERNEL32.DLL+0x1244d]
C  [ntdll.dll+0x5df88]

VM_Operation (0x0000002318afb880): G1CollectForAllocation, mode: safepoint, requested by thread 0x0000018112095e80


---------------  P R O C E S S  ---------------

Threads class SMR info:
_java_thread_list=0x0000018114621c20, length=89, elements={
0x0000018172597750, 0x000001817cb88740, 0x000001817cb6a090, 0x000001817cb890c0,
0x000001817cb89c70, 0x000001817cb8e640, 0x000001817d446370, 0x000001817d447050,
0x000001817d453d20, 0x000001817d4b9a90, 0x000001817d5e5020, 0x000001817d5e8510,
0x000001817d7e6340, 0x000001817d7e6810, 0x000001817d7e6ce0, 0x000001817d7e7b50,
0x000001817d7e8020, 0x000001817d7e5e70, 0x000001817eebc930, 0x000001817eebc460,
0x000001817eebd2d0, 0x000001817eebdc70, 0x000001817eebe610, 0x000001817eebbf90,
0x000001817eebb5f0, 0x0000018110581820, 0x0000018110ce8830, 0x0000018114b71530,
0x0000018110006100, 0x000001817db94550, 0x0000018114b723a0, 0x0000018114b71ed0,
0x0000018110f42bb0, 0x0000018110f40530, 0x0000018110f43550, 0x00000181100aafa0,
0x000001817db94ef0, 0x000001817db953c0, 0x000001817db95890, 0x000001817db94080,
0x0000018111f05a10, 0x0000018112098ea0, 0x0000018114b72870, 0x0000018114b71060,
0x000001817ef45490, 0x000001817ef47b10, 0x000001817ef45e30, 0x000001817ef467d0,
0x000001817ef44fc0, 0x000001817ef45960, 0x000001817ef46300, 0x0000018111f06d50,
0x000001817ef46ca0, 0x000001817ef47170, 0x000001817ef47640, 0x000001817ef47fe0,
0x000001817ef484b0, 0x000001817ef44af0, 0x0000018110303130, 0x0000018110303600,
0x0000018110302790, 0x0000018110302c60, 0x0000018110303ad0, 0x0000018110301df0,
0x0000018110301450, 0x0000018110301920, 0x0000018110303fa0, 0x0000018110304470,
0x0000018110300f80, 0x0000018110300ab0, 0x00000181103022c0, 0x0000018110290f00,
0x0000018110290a30, 0x0000018110293580, 0x00000181102913d0, 0x0000018110293a50,
0x0000018110292be0, 0x00000181102918a0, 0x00000181102943f0, 0x0000018110293f20,
0x0000018110291d70, 0x0000018110292240, 0x000001811209a1e0, 0x0000018111f07220,
0x0000018112094670, 0x0000018112095010, 0x0000018112095e80, 0x0000018110f426e0,
0x00000181102930b0
}

Java Threads: ( => current thread )
  0x0000018172597750 JavaThread "main" [_thread_blocked, id=10996, stack(0x0000002312b00000,0x0000002312c00000)]
  0x000001817cb88740 JavaThread "Reference Handler" daemon [_thread_blocked, id=4304, stack(0x0000002313300000,0x0000002313400000)]
  0x000001817cb6a090 JavaThread "Finalizer" daemon [_thread_blocked, id=9820, stack(0x0000002313400000,0x0000002313500000)]
  0x000001817cb890c0 JavaThread "Signal Dispatcher" daemon [_thread_blocked, id=8708, stack(0x0000002313600000,0x0000002313700000)]
  0x000001817cb89c70 JavaThread "Attach Listener" daemon [_thread_blocked, id=2728, stack(0x0000002313700000,0x0000002313800000)]
  0x000001817cb8e640 JavaThread "Service Thread" daemon [_thread_blocked, id=3576, stack(0x0000002313800000,0x0000002313900000)]
  0x000001817d446370 JavaThread "Monitor Deflation Thread" daemon [_thread_blocked, id=8884, stack(0x0000002313900000,0x0000002313a00000)]
  0x000001817d447050 JavaThread "C2 CompilerThread0" daemon [_thread_blocked, id=10116, stack(0x0000002313a00000,0x0000002313b00000)]
  0x000001817d453d20 JavaThread "C1 CompilerThread0" daemon [_thread_blocked, id=8868, stack(0x0000002313b00000,0x0000002313c00000)]
  0x000001817d4b9a90 JavaThread "Sweeper thread" daemon [_thread_blocked, id=8920, stack(0x0000002313c00000,0x0000002313d00000)]
  0x000001817d5e5020 JavaThread "Common-Cleaner" daemon [_thread_blocked, id=4444, stack(0x0000002313d00000,0x0000002313e00000)]
  0x000001817d5e8510 JavaThread "Notification Thread" daemon [_thread_blocked, id=5152, stack(0x0000002313e00000,0x0000002313f00000)]
  0x000001817d7e6340 JavaThread "Daemon health stats" [_thread_blocked, id=1296, stack(0x0000002314400000,0x0000002314500000)]
  0x000001817d7e6810 JavaThread "Incoming local TCP Connector on port 63996" [_thread_in_native, id=844, stack(0x0000002314500000,0x0000002314600000)]
  0x000001817d7e6ce0 JavaThread "Daemon periodic checks" [_thread_blocked, id=7316, stack(0x0000002314600000,0x0000002314700000)]
  0x000001817d7e7b50 JavaThread "Cache worker for journal cache (C:\Users\Admin\.gradle\caches\journal-1)" [_thread_blocked, id=9788, stack(0x0000002314000000,0x0000002314100000)]
  0x000001817d7e8020 JavaThread "File lock request listener" [_thread_in_native, id=10232, stack(0x0000002314e00000,0x0000002314f00000)]
  0x000001817d7e5e70 JavaThread "Cache worker for file hash cache (C:\Users\Admin\.gradle\caches\8.0\fileHashes)" [_thread_blocked, id=7112, stack(0x0000002315000000,0x0000002315100000)]
  0x000001817eebc930 JavaThread "File watcher server" daemon [_thread_blocked, id=604, stack(0x0000002315100000,0x0000002315200000)]
  0x000001817eebc460 JavaThread "File watcher consumer" daemon [_thread_blocked, id=8996, stack(0x0000002315200000,0x0000002315300000)]
  0x000001817eebd2d0 JavaThread "Cache worker for file content cache (C:\Users\Admin\.gradle\caches\8.0\fileContent)" [_thread_blocked, id=2620, stack(0x0000002315500000,0x0000002315600000)]
  0x000001817eebdc70 JavaThread "Cache worker for execution history cache (C:\Users\Admin\.gradle\caches\8.0\executionHistory)" [_thread_blocked, id=3080, stack(0x0000002315800000,0x0000002315900000)]
  0x000001817eebe610 JavaThread "jar transforms" [_thread_blocked, id=1996, stack(0x0000002315900000,0x0000002315a00000)]
  0x000001817eebbf90 JavaThread "jar transforms Thread 2" [_thread_blocked, id=10308, stack(0x0000002315a00000,0x0000002315b00000)]
  0x000001817eebb5f0 JavaThread "jar transforms Thread 3" [_thread_blocked, id=8576, stack(0x0000002315c00000,0x0000002315d00000)]
  0x0000018110581820 JavaThread "jar transforms Thread 4" [_thread_blocked, id=6660, stack(0x0000002315d00000,0x0000002315e00000)]
  0x0000018110ce8830 JavaThread "Memory manager" [_thread_blocked, id=3544, stack(0x0000002318900000,0x0000002318a00000)]
  0x0000018114b71530 JavaThread "ForkJoinPool.commonPool-worker-1" daemon [_thread_blocked, id=11092, stack(0x0000002319000000,0x0000002319100000)]
  0x0000018110006100 JavaThread "Daemon Thread 2" [_thread_blocked, id=10632, stack(0x0000002312a00000,0x0000002312b00000)]
  0x000001817db94550 JavaThread "Handler for socket connection from /127.0.0.1:63996 to /127.0.0.1:64159" [_thread_in_native, id=8564, stack(0x0000002312c00000,0x0000002312d00000)]
  0x0000018114b723a0 JavaThread "Cancel handler" [_thread_blocked, id=1764, stack(0x0000002313500000,0x0000002313600000)]
  0x0000018114b71ed0 JavaThread "Daemon worker Thread 2" [_thread_blocked, id=8336, stack(0x0000002314700000,0x0000002314800000)]
  0x0000018110f42bb0 JavaThread "Asynchronous log dispatcher for DefaultDaemonConnection: socket connection from /127.0.0.1:63996 to /127.0.0.1:64159" [_thread_blocked, id=7136, stack(0x0000002314800000,0x0000002314900000)]
  0x0000018110f40530 JavaThread "Stdin handler" [_thread_blocked, id=5668, stack(0x0000002314900000,0x0000002314a00000)]
  0x0000018110f43550 JavaThread "Daemon client event forwarder" [_thread_blocked, id=10284, stack(0x0000002314a00000,0x0000002314b00000)]
  0x00000181100aafa0 JavaThread "C2 CompilerThread1" daemon [_thread_blocked, id=3780, stack(0x0000002314b00000,0x0000002314c00000)]
  0x000001817db94ef0 JavaThread "Cache worker for checksums cache (C:\Users\Admin\AndroidStudioProjects\PemrogramanBerbasisObjek\.gradle\8.0\checksums)" [_thread_blocked, id=11060, stack(0x0000002314c00000,0x0000002314d00000)]
  0x000001817db953c0 JavaThread "Cache worker for cache directory md-rule (C:\Users\Admin\.gradle\caches\8.0\md-rule)" [_thread_blocked, id=8120, stack(0x0000002314d00000,0x0000002314e00000)]
  0x000001817db95890 JavaThread "Cache worker for file hash cache (C:\Users\Admin\AndroidStudioProjects\PemrogramanBerbasisObjek\.gradle\8.0\fileHashes)" [_thread_blocked, id=7148, stack(0x0000002314f00000,0x0000002315000000)]
  0x000001817db94080 JavaThread "Cache worker for cache directory md-supplier (C:\Users\Admin\.gradle\caches\8.0\md-supplier)" [_thread_blocked, id=3488, stack(0x0000002315300000,0x0000002315400000)]
  0x0000018111f05a10 JavaThread "Cache worker for dependencies-accessors (C:\Users\Admin\AndroidStudioProjects\PemrogramanBerbasisObjek\.gradle\8.0\dependencies-accessors)" [_thread_blocked, id=5820, stack(0x0000002315400000,0x0000002315500000)]
  0x0000018112098ea0 JavaThread "Cache worker for Build Output Cleanup Cache (C:\Users\Admin\AndroidStudioProjects\PemrogramanBerbasisObjek\.gradle\buildOutputCleanup)" [_thread_blocked, id=436, stack(0x0000002315600000,0x0000002315700000)]
  0x0000018114b72870 JavaThread "Unconstrained build operations" [_thread_blocked, id=6316, stack(0x0000002315700000,0x0000002315800000)]
  0x0000018114b71060 JavaThread "Unconstrained build operations Thread 2" [_thread_blocked, id=10236, stack(0x0000002315e00000,0x0000002315f00000)]
  0x000001817ef45490 JavaThread "Unconstrained build operations Thread 3" [_thread_blocked, id=5596, stack(0x0000002315f00000,0x0000002316000000)]
  0x000001817ef47b10 JavaThread "Unconstrained build operations Thread 4" [_thread_blocked, id=6556, stack(0x0000002316000000,0x0000002316100000)]
  0x000001817ef45e30 JavaThread "Unconstrained build operations Thread 5" [_thread_blocked, id=10024, stack(0x0000002316100000,0x0000002316200000)]
  0x000001817ef467d0 JavaThread "Unconstrained build operations Thread 6" [_thread_blocked, id=3560, stack(0x0000002316200000,0x0000002316300000)]
  0x000001817ef44fc0 JavaThread "Unconstrained build operations Thread 7" [_thread_blocked, id=10316, stack(0x0000002316300000,0x0000002316400000)]
  0x000001817ef45960 JavaThread "Unconstrained build operations Thread 8" [_thread_blocked, id=8112, stack(0x0000002316400000,0x0000002316500000)]
  0x000001817ef46300 JavaThread "Unconstrained build operations Thread 9" [_thread_blocked, id=11088, stack(0x0000002316500000,0x0000002316600000)]
  0x0000018111f06d50 JavaThread "Unconstrained build operations Thread 10" [_thread_blocked, id=8636, stack(0x0000002316600000,0x0000002316700000)]
  0x000001817ef46ca0 JavaThread "Unconstrained build operations Thread 11" [_thread_blocked, id=5164, stack(0x0000002316700000,0x0000002316800000)]
  0x000001817ef47170 JavaThread "Unconstrained build operations Thread 12" [_thread_blocked, id=2368, stack(0x0000002316800000,0x0000002316900000)]
  0x000001817ef47640 JavaThread "Unconstrained build operations Thread 13" [_thread_blocked, id=8944, stack(0x0000002316900000,0x0000002316a00000)]
  0x000001817ef47fe0 JavaThread "Unconstrained build operations Thread 14" [_thread_blocked, id=5776, stack(0x0000002316a00000,0x0000002316b00000)]
  0x000001817ef484b0 JavaThread "Unconstrained build operations Thread 15" [_thread_blocked, id=10072, stack(0x0000002316b00000,0x0000002316c00000)]
  0x000001817ef44af0 JavaThread "Unconstrained build operations Thread 16" [_thread_blocked, id=10872, stack(0x0000002316c00000,0x0000002316d00000)]
  0x0000018110303130 JavaThread "Unconstrained build operations Thread 17" [_thread_blocked, id=2972, stack(0x0000002316d00000,0x0000002316e00000)]
  0x0000018110303600 JavaThread "Unconstrained build operations Thread 18" [_thread_blocked, id=1668, stack(0x0000002316e00000,0x0000002316f00000)]
  0x0000018110302790 JavaThread "Unconstrained build operations Thread 19" [_thread_blocked, id=4884, stack(0x0000002316f00000,0x0000002317000000)]
  0x0000018110302c60 JavaThread "Unconstrained build operations Thread 20" [_thread_blocked, id=10840, stack(0x0000002317000000,0x0000002317100000)]
  0x0000018110303ad0 JavaThread "Unconstrained build operations Thread 21" [_thread_blocked, id=1628, stack(0x0000002317100000,0x0000002317200000)]
  0x0000018110301df0 JavaThread "Unconstrained build operations Thread 22" [_thread_blocked, id=8828, stack(0x0000002317200000,0x0000002317300000)]
  0x0000018110301450 JavaThread "Unconstrained build operations Thread 23" [_thread_blocked, id=10788, stack(0x0000002317300000,0x0000002317400000)]
  0x0000018110301920 JavaThread "Unconstrained build operations Thread 24" [_thread_blocked, id=5772, stack(0x0000002317400000,0x0000002317500000)]
  0x0000018110303fa0 JavaThread "Unconstrained build operations Thread 25" [_thread_blocked, id=1456, stack(0x0000002317500000,0x0000002317600000)]
  0x0000018110304470 JavaThread "Unconstrained build operations Thread 26" [_thread_blocked, id=4008, stack(0x0000002317600000,0x0000002317700000)]
  0x0000018110300f80 JavaThread "Unconstrained build operations Thread 27" [_thread_blocked, id=6716, stack(0x0000002317700000,0x0000002317800000)]
  0x0000018110300ab0 JavaThread "Unconstrained build operations Thread 28" [_thread_blocked, id=9808, stack(0x0000002317800000,0x0000002317900000)]
  0x00000181103022c0 JavaThread "Unconstrained build operations Thread 29" [_thread_blocked, id=7120, stack(0x0000002317900000,0x0000002317a00000)]
  0x0000018110290f00 JavaThread "Unconstrained build operations Thread 30" [_thread_blocked, id=6668, stack(0x0000002317a00000,0x0000002317b00000)]
  0x0000018110290a30 JavaThread "Unconstrained build operations Thread 31" [_thread_blocked, id=8632, stack(0x0000002317b00000,0x0000002317c00000)]
  0x0000018110293580 JavaThread "Unconstrained build operations Thread 32" [_thread_blocked, id=7132, stack(0x0000002317c00000,0x0000002317d00000)]
  0x00000181102913d0 JavaThread "Unconstrained build operations Thread 33" [_thread_blocked, id=9856, stack(0x0000002317d00000,0x0000002317e00000)]
  0x0000018110293a50 JavaThread "Unconstrained build operations Thread 34" [_thread_blocked, id=8620, stack(0x0000002317e00000,0x0000002317f00000)]
  0x0000018110292be0 JavaThread "Unconstrained build operations Thread 35" [_thread_blocked, id=8484, stack(0x0000002317f00000,0x0000002318000000)]
  0x00000181102918a0 JavaThread "Unconstrained build operations Thread 36" [_thread_blocked, id=2684, stack(0x0000002318000000,0x0000002318100000)]
  0x00000181102943f0 JavaThread "Unconstrained build operations Thread 37" [_thread_blocked, id=3776, stack(0x0000002318100000,0x0000002318200000)]
  0x0000018110293f20 JavaThread "Unconstrained build operations Thread 38" [_thread_blocked, id=1756, stack(0x0000002318200000,0x0000002318300000)]
  0x0000018110291d70 JavaThread "Unconstrained build operations Thread 39" [_thread_blocked, id=1876, stack(0x0000002318300000,0x0000002318400000)]
  0x0000018110292240 JavaThread "Unconstrained build operations Thread 40" [_thread_blocked, id=4024, stack(0x0000002318400000,0x0000002318500000)]
  0x000001811209a1e0 JavaThread "build event listener" [_thread_blocked, id=6172, stack(0x0000002318500000,0x0000002318600000)]
  0x0000018111f07220 JavaThread "included builds" [_thread_blocked, id=5692, stack(0x0000002318600000,0x0000002318700000)]
  0x0000018112094670 JavaThread "Execution worker" [_thread_blocked, id=7052, stack(0x0000002318700000,0x0000002318800000)]
  0x0000018112095010 JavaThread "Execution worker Thread 2" [_thread_blocked, id=488, stack(0x0000002318800000,0x0000002318900000)]
  0x0000018112095e80 JavaThread "Execution worker Thread 3" [_thread_blocked, id=9192, stack(0x0000002318a00000,0x0000002318b00000)]
  0x0000018110f426e0 JavaThread "Cache worker for execution history cache (C:\Users\Admin\AndroidStudioProjects\PemrogramanBerbasisObjek\.gradle\8.0\executionHistory)" [_thread_blocked, id=4952, stack(0x0000002318b00000,0x0000002318c00000)]
  0x00000181102930b0 JavaThread "WorkerExecutor Queue" [_thread_blocked, id=9768, stack(0x0000002318c00000,0x0000002318d00000)]

Other Threads:
=>0x000001817cb287f0 VMThread "VM Thread" [stack: 0x0000002313200000,0x0000002313300000] [id=9996]
  0x000001817cb765f0 WatcherThread [stack: 0x0000002313f00000,0x0000002314000000] [id=6852]
  0x00000181725f0ca0 GCTaskThread "GC Thread#0" [stack: 0x0000002312d00000,0x0000002312e00000] [id=6388]
  0x000001817dd28db0 GCTaskThread "GC Thread#1" [stack: 0x0000002314100000,0x0000002314200000] [id=9268]
  0x000001817d7bba60 GCTaskThread "GC Thread#2" [stack: 0x0000002314200000,0x0000002314300000] [id=9832]
  0x000001817d7f58f0 GCTaskThread "GC Thread#3" [stack: 0x0000002314300000,0x0000002314400000] [id=2484]
  0x0000018172601d40 ConcurrentGCThread "G1 Main Marker" [stack: 0x0000002312e00000,0x0000002312f00000] [id=4684]
  0x0000018172602ef0 ConcurrentGCThread "G1 Conc#0" [stack: 0x0000002312f00000,0x0000002313000000] [id=8204]
  0x000001817265ebf0 ConcurrentGCThread "G1 Refine#0" [stack: 0x0000002313000000,0x0000002313100000] [id=9468]
  0x0000018110d1e880 ConcurrentGCThread "G1 Refine#1" [stack: 0x0000002315b00000,0x0000002315c00000] [id=8492]
  0x000001817c9d75f0 ConcurrentGCThread "G1 Service" [stack: 0x0000002313100000,0x0000002313200000] [id=5688]

Threads with active compile tasks:
C2 CompilerThread0   198456 14222 %     4       org.objectweb.asm.ClassReader::readCode @ 92 (5109 bytes)
C2 CompilerThread1   198456 14253       4       java.util.regex.Pattern$CharPropertyGreedy::match (160 bytes)

VM state: at safepoint (normal execution)

VM Mutex/Monitor currently owned by a thread:  ([mutex/lock_event])
[0x0000018172592310] Threads_lock - owner thread: 0x000001817cb287f0
[0x0000018172592c10] Heap_lock - owner thread: 0x0000018112095e80

Heap address: 0x0000000080000000, size: 2048 MB, Compressed Oops mode: 32-bit

CDS archive(s) not mapped
Compressed class space mapped at: 0x0000000100000000-0x0000000140000000, reserved size: 1073741824
Narrow klass base: 0x0000000000000000, Narrow klass shift: 3, Narrow klass range: 0x140000000

GC Precious Log:
 CPUs: 4 total, 4 available
 Memory: 12264M
 Large Page Support: Disabled
 NUMA Support: Disabled
 Compressed Oops: Enabled (32-bit)
 Heap Region Size: 1M
 Heap Min Capacity: 8M
 Heap Initial Capacity: 192M
 Heap Max Capacity: 2G
 Pre-touch: Disabled
 Parallel Workers: 4
 Concurrent Workers: 1
 Concurrent Refinement Workers: 4
 Periodic GC: Disabled

Heap:
 garbage-first heap   total 196608K, used 100817K [0x0000000080000000, 0x0000000100000000)
  region size 1024K, 3 young (3072K), 3 survivors (3072K)
 Metaspace       used 97679K, committed 98368K, reserved 1138688K
  class space    used 13154K, committed 13504K, reserved 1048576K

Heap Regions: E=young(eden), S=young(survivor), O=old, HS=humongous(starts), HC=humongous(continues), CS=collection set, F=free, OA=open archive, CA=closed archive, TAMS=top-at-mark-start (previous, next)
|   0|0x0000000080000000, 0x0000000080100000, 0x0000000080100000|100%| O|  |TAMS 0x0000000080100000, 0x0000000080100000| Untracked 
|   1|0x0000000080100000, 0x0000000080200000, 0x0000000080200000|100%| O|  |TAMS 0x0000000080200000, 0x0000000080200000| Untracked 
|   2|0x0000000080200000, 0x0000000080300000, 0x0000000080300000|100%|HS|  |TAMS 0x0000000080300000, 0x0000000080300000| Complete 
|   3|0x0000000080300000, 0x0000000080400000, 0x0000000080400000|100%|HC|  |TAMS 0x0000000080400000, 0x0000000080400000| Complete 
|   4|0x0000000080400000, 0x0000000080500000, 0x0000000080500000|100%|HC|  |TAMS 0x0000000080500000, 0x0000000080500000| Complete 
|   5|0x0000000080500000, 0x0000000080600000, 0x0000000080600000|100%|HC|  |TAMS 0x0000000080600000, 0x0000000080600000| Complete 
|   6|0x0000000080600000, 0x0000000080700000, 0x0000000080700000|100%| O|  |TAMS 0x0000000080700000, 0x0000000080700000| Untracked 
|   7|0x0000000080700000, 0x0000000080800000, 0x0000000080800000|100%| O|  |TAMS 0x0000000080800000, 0x0000000080800000| Untracked 
|   8|0x0000000080800000, 0x0000000080900000, 0x0000000080900000|100%| O|  |TAMS 0x0000000080900000, 0x0000000080900000| Untracked 
|   9|0x0000000080900000, 0x0000000080a00000, 0x0000000080a00000|100%| O|  |TAMS 0x0000000080a00000, 0x0000000080a00000| Untracked 
|  10|0x0000000080a00000, 0x0000000080b00000, 0x0000000080b00000|100%| O|  |TAMS 0x0000000080b00000, 0x0000000080b00000| Untracked 
|  11|0x0000000080b00000, 0x0000000080c00000, 0x0000000080c00000|100%| O|  |TAMS 0x0000000080c00000, 0x0000000080c00000| Untracked 
|  12|0x0000000080c00000, 0x0000000080d00000, 0x0000000080d00000|100%| O|  |TAMS 0x0000000080d00000, 0x0000000080d00000| Untracked 
|  13|0x0000000080d00000, 0x0000000080e00000, 0x0000000080e00000|100%| O|  |TAMS 0x0000000080e00000, 0x0000000080e00000| Untracked 
|  14|0x0000000080e00000, 0x0000000080f00000, 0x0000000080f00000|100%| O|  |TAMS 0x0000000080f00000, 0x0000000080f00000| Untracked 
|  15|0x0000000080f00000, 0x0000000081000000, 0x0000000081000000|100%| O|  |TAMS 0x0000000081000000, 0x0000000081000000| Untracked 
|  16|0x0000000081000000, 0x0000000081100000, 0x0000000081100000|100%| O|  |TAMS 0x0000000081100000, 0x0000000081100000| Untracked 
|  17|0x0000000081100000, 0x0000000081200000, 0x0000000081200000|100%| O|  |TAMS 0x0000000081200000, 0x0000000081200000| Untracked 
|  18|0x0000000081200000, 0x0000000081300000, 0x0000000081300000|100%| O|  |TAMS 0x0000000081300000, 0x0000000081300000| Untracked 
|  19|0x0000000081300000, 0x0000000081400000, 0x0000000081400000|100%| O|  |TAMS 0x0000000081400000, 0x0000000081400000| Untracked 
|  20|0x0000000081400000, 0x0000000081500000, 0x0000000081500000|100%| O|  |TAMS 0x0000000081500000, 0x0000000081500000| Untracked 
|  21|0x0000000081500000, 0x0000000081600000, 0x0000000081600000|100%| O|  |TAMS 0x0000000081600000, 0x0000000081600000| Untracked 
|  22|0x0000000081600000, 0x0000000081700000, 0x0000000081700000|100%| O|  |TAMS 0x0000000081700000, 0x0000000081700000| Untracked 
|  23|0x0000000081700000, 0x0000000081800000, 0x0000000081800000|100%| O|  |TAMS 0x0000000081800000, 0x0000000081800000| Untracked 
|  24|0x0000000081800000, 0x0000000081900000, 0x0000000081900000|100%| O|  |TAMS 0x0000000081900000, 0x0000000081900000| Untracked 
|  25|0x0000000081900000, 0x0000000081a00000, 0x0000000081a00000|100%| O|  |TAMS 0x0000000081a00000, 0x0000000081a00000| Untracked 
|  26|0x0000000081a00000, 0x0000000081b00000, 0x0000000081b00000|100%| O|  |TAMS 0x0000000081b00000, 0x0000000081b00000| Untracked 
|  27|0x0000000081b00000, 0x0000000081c00000, 0x0000000081c00000|100%|HS|  |TAMS 0x0000000081c00000, 0x0000000081c00000| Complete 
|  28|0x0000000081c00000, 0x0000000081d00000, 0x0000000081d00000|100%| O|  |TAMS 0x0000000081d00000, 0x0000000081d00000| Untracked 
|  29|0x0000000081d00000, 0x0000000081e00000, 0x0000000081e00000|100%| O|  |TAMS 0x0000000081e00000, 0x0000000081e00000| Untracked 
|  30|0x0000000081e00000, 0x0000000081f00000, 0x0000000081f00000|100%| O|  |TAMS 0x0000000081f00000, 0x0000000081f00000| Untracked 
|  31|0x0000000081f00000, 0x0000000082000000, 0x0000000082000000|100%|HS|  |TAMS 0x0000000082000000, 0x0000000082000000| Complete 
|  32|0x0000000082000000, 0x0000000082100000, 0x0000000082100000|100%| O|  |TAMS 0x0000000082100000, 0x0000000082100000| Untracked 
|  33|0x0000000082100000, 0x0000000082200000, 0x0000000082200000|100%| O|  |TAMS 0x0000000082200000, 0x0000000082200000| Untracked 
|  34|0x0000000082200000, 0x0000000082300000, 0x0000000082300000|100%| O|  |TAMS 0x0000000082300000, 0x0000000082300000| Untracked 
|  35|0x0000000082300000, 0x0000000082400000, 0x0000000082400000|100%| O|  |TAMS 0x0000000082400000, 0x0000000082400000| Untracked 
|  36|0x0000000082400000, 0x0000000082500000, 0x0000000082500000|100%| O|  |TAMS 0x0000000082500000, 0x0000000082500000| Untracked 
|  37|0x0000000082500000, 0x0000000082600000, 0x0000000082600000|100%| O|  |TAMS 0x0000000082600000, 0x0000000082600000| Untracked 
|  38|0x0000000082600000, 0x0000000082700000, 0x0000000082700000|100%| O|  |TAMS 0x0000000082700000, 0x0000000082700000| Untracked 
|  39|0x0000000082700000, 0x0000000082800000, 0x0000000082800000|100%| O|  |TAMS 0x0000000082800000, 0x0000000082800000| Untracked 
|  40|0x0000000082800000, 0x0000000082900000, 0x0000000082900000|100%| O|  |TAMS 0x0000000082900000, 0x0000000082900000| Untracked 
|  41|0x0000000082900000, 0x0000000082a00000, 0x0000000082a00000|100%| O|  |TAMS 0x0000000082a00000, 0x0000000082a00000| Untracked 
|  42|0x0000000082a00000, 0x0000000082b00000, 0x0000000082b00000|100%| O|  |TAMS 0x0000000082b00000, 0x0000000082b00000| Untracked 
|  43|0x0000000082b00000, 0x0000000082c00000, 0x0000000082c00000|100%| O|  |TAMS 0x0000000082c00000, 0x0000000082c00000| Untracked 
|  44|0x0000000082c00000, 0x0000000082d00000, 0x0000000082d00000|100%| O|  |TAMS 0x0000000082d00000, 0x0000000082d00000| Untracked 
|  45|0x0000000082d00000, 0x0000000082e00000, 0x0000000082e00000|100%| O|  |TAMS 0x0000000082e00000, 0x0000000082e00000| Untracked 
|  46|0x0000000082e00000, 0x0000000082f00000, 0x0000000082f00000|100%| O|  |TAMS 0x0000000082f00000, 0x0000000082f00000| Untracked 
|  47|0x0000000082f00000, 0x0000000083000000, 0x0000000083000000|100%| O|  |TAMS 0x0000000083000000, 0x0000000083000000| Untracked 
|  48|0x0000000083000000, 0x0000000083100000, 0x0000000083100000|100%| O|  |TAMS 0x0000000083100000, 0x0000000083100000| Untracked 
|  49|0x0000000083100000, 0x0000000083200000, 0x0000000083200000|100%| O|  |TAMS 0x0000000083200000, 0x0000000083200000| Untracked 
|  50|0x0000000083200000, 0x0000000083300000, 0x0000000083300000|100%| O|  |TAMS 0x0000000083300000, 0x0000000083300000| Untracked 
|  51|0x0000000083300000, 0x0000000083400000, 0x0000000083400000|100%| O|  |TAMS 0x0000000083400000, 0x0000000083400000| Untracked 
|  52|0x0000000083400000, 0x0000000083500000, 0x0000000083500000|100%| O|  |TAMS 0x0000000083500000, 0x0000000083500000| Untracked 
|  53|0x0000000083500000, 0x00000000835ffff8, 0x0000000083600000| 99%| O|  |TAMS 0x00000000835ffff8, 0x00000000835ffff8| Untracked 
|  54|0x0000000083600000, 0x0000000083700000, 0x0000000083700000|100%| O|  |TAMS 0x0000000083700000, 0x0000000083700000| Untracked 
|  55|0x0000000083700000, 0x0000000083800000, 0x0000000083800000|100%| O|  |TAMS 0x0000000083800000, 0x0000000083800000| Untracked 
|  56|0x0000000083800000, 0x0000000083900000, 0x0000000083900000|100%| O|  |TAMS 0x0000000083900000, 0x0000000083900000| Untracked 
|  57|0x0000000083900000, 0x0000000083a00000, 0x0000000083a00000|100%| O|  |TAMS 0x0000000083a00000, 0x0000000083a00000| Untracked 
|  58|0x0000000083a00000, 0x0000000083b00000, 0x0000000083b00000|100%| O|  |TAMS 0x0000000083b00000, 0x0000000083b00000| Untracked 
|  59|0x0000000083b00000, 0x0000000083c00000, 0x0000000083c00000|100%| O|  |TAMS 0x0000000083c00000, 0x0000000083c00000| Untracked 
|  60|0x0000000083c00000, 0x0000000083d00000, 0x0000000083d00000|100%| O|  |TAMS 0x0000000083d00000, 0x0000000083d00000| Untracked 
|  61|0x0000000083d00000, 0x0000000083e00000, 0x0000000083e00000|100%| O|  |TAMS 0x0000000083e00000, 0x0000000083e00000| Untracked 
|  62|0x0000000083e00000, 0x0000000083f00000, 0x0000000083f00000|100%| O|  |TAMS 0x0000000083f00000, 0x0000000083f00000| Untracked 
|  63|0x0000000083f00000, 0x0000000084000000, 0x0000000084000000|100%| O|  |TAMS 0x0000000084000000, 0x0000000084000000| Untracked 
|  64|0x0000000084000000, 0x0000000084100000, 0x0000000084100000|100%| O|  |TAMS 0x0000000084100000, 0x0000000084100000| Untracked 
|  65|0x0000000084100000, 0x0000000084200000, 0x0000000084200000|100%| O|  |TAMS 0x0000000084200000, 0x0000000084200000| Untracked 
|  66|0x0000000084200000, 0x0000000084300000, 0x0000000084300000|100%| O|  |TAMS 0x0000000084300000, 0x0000000084300000| Untracked 
|  67|0x0000000084300000, 0x0000000084400000, 0x0000000084400000|100%| O|  |TAMS 0x0000000084400000, 0x0000000084400000| Untracked 
|  68|0x0000000084400000, 0x0000000084500000, 0x0000000084500000|100%| O|  |TAMS 0x0000000084500000, 0x0000000084500000| Untracked 
|  69|0x0000000084500000, 0x0000000084600000, 0x0000000084600000|100%| O|  |TAMS 0x0000000084600000, 0x0000000084600000| Untracked 
|  70|0x0000000084600000, 0x0000000084700000, 0x0000000084700000|100%| O|  |TAMS 0x0000000084700000, 0x0000000084700000| Untracked 
|  71|0x0000000084700000, 0x0000000084800000, 0x0000000084800000|100%| O|  |TAMS 0x0000000084800000, 0x0000000084800000| Untracked 
|  72|0x0000000084800000, 0x0000000084900000, 0x0000000084900000|100%| O|  |TAMS 0x0000000084900000, 0x0000000084900000| Untracked 
|  73|0x0000000084900000, 0x0000000084a00000, 0x0000000084a00000|100%| O|  |TAMS 0x0000000084a00000, 0x0000000084a00000| Untracked 
|  74|0x0000000084a00000, 0x0000000084a00000, 0x0000000084b00000|  0%| F|  |TAMS 0x0000000084a00000, 0x0000000084a00000| Untracked 
|  75|0x0000000084b00000, 0x0000000084c00000, 0x0000000084c00000|100%| O|  |TAMS 0x0000000084c00000, 0x0000000084c00000| Untracked 
|  76|0x0000000084c00000, 0x0000000084d00000, 0x0000000084d00000|100%| O|  |TAMS 0x0000000084d00000, 0x0000000084d00000| Untracked 
|  77|0x0000000084d00000, 0x0000000084e00000, 0x0000000084e00000|100%| O|  |TAMS 0x0000000084e00000, 0x0000000084e00000| Untracked 
|  78|0x0000000084e00000, 0x0000000084f00000, 0x0000000084f00000|100%| O|  |TAMS 0x0000000084f00000, 0x0000000084f00000| Untracked 
|  79|0x0000000084f00000, 0x0000000085000000, 0x0000000085000000|100%| O|  |TAMS 0x0000000084fb9200, 0x0000000085000000| Untracked 
|  80|0x0000000085000000, 0x0000000085100000, 0x0000000085100000|100%| O|  |TAMS 0x0000000085000000, 0x0000000085100000| Untracked 
|  81|0x0000000085100000, 0x0000000085200000, 0x0000000085200000|100%| O|  |TAMS 0x0000000085100000, 0x0000000085200000| Untracked 
|  82|0x0000000085200000, 0x0000000085300000, 0x0000000085300000|100%| O|  |TAMS 0x0000000085200000, 0x0000000085300000| Untracked 
|  83|0x0000000085300000, 0x0000000085400000, 0x0000000085400000|100%| O|  |TAMS 0x0000000085300000, 0x0000000085400000| Untracked 
|  84|0x0000000085400000, 0x0000000085500000, 0x0000000085500000|100%| O|  |TAMS 0x0000000085400000, 0x0000000085500000| Untracked 
|  85|0x0000000085500000, 0x0000000085600000, 0x0000000085600000|100%| O|  |TAMS 0x0000000085500000, 0x0000000085600000| Untracked 
|  86|0x0000000085600000, 0x0000000085700000, 0x0000000085700000|100%| O|  |TAMS 0x0000000085600000, 0x0000000085700000| Untracked 
|  87|0x0000000085700000, 0x0000000085800000, 0x0000000085800000|100%| O|  |TAMS 0x0000000085700000, 0x0000000085800000| Untracked 
|  88|0x0000000085800000, 0x0000000085900000, 0x0000000085900000|100%| O|  |TAMS 0x0000000085800000, 0x0000000085900000| Untracked 
|  89|0x0000000085900000, 0x0000000085a00000, 0x0000000085a00000|100%| O|  |TAMS 0x0000000085900000, 0x0000000085a00000| Untracked 
|  90|0x0000000085a00000, 0x0000000085b00000, 0x0000000085b00000|100%| O|  |TAMS 0x0000000085a00000, 0x0000000085b00000| Untracked 
|  91|0x0000000085b00000, 0x0000000085c00000, 0x0000000085c00000|100%| O|  |TAMS 0x0000000085b00000, 0x0000000085c00000| Untracked 
|  92|0x0000000085c00000, 0x0000000085d00000, 0x0000000085d00000|100%| O|  |TAMS 0x0000000085c00000, 0x0000000085d00000| Untracked 
|  93|0x0000000085d00000, 0x0000000085e00000, 0x0000000085e00000|100%| O|  |TAMS 0x0000000085d00000, 0x0000000085e00000| Untracked 
|  94|0x0000000085e00000, 0x0000000085f00000, 0x0000000085f00000|100%| O|  |TAMS 0x0000000085e00000, 0x0000000085f00000| Untracked 
|  95|0x0000000085f00000, 0x0000000086000000, 0x0000000086000000|100%| O|  |TAMS 0x0000000085f00000, 0x0000000086000000| Untracked 
|  96|0x0000000086000000, 0x00000000860cea00, 0x0000000086100000| 80%| O|  |TAMS 0x0000000086000000, 0x00000000860cea00| Untracked 
|  97|0x0000000086100000, 0x0000000086100000, 0x0000000086200000|  0%| F|  |TAMS 0x0000000086100000, 0x0000000086100000| Untracked 
|  98|0x0000000086200000, 0x0000000086200000, 0x0000000086300000|  0%| F|  |TAMS 0x0000000086200000, 0x0000000086200000| Untracked 
|  99|0x0000000086300000, 0x0000000086300000, 0x0000000086400000|  0%| F|  |TAMS 0x0000000086300000, 0x0000000086300000| Untracked 
| 100|0x0000000086400000, 0x0000000086400000, 0x0000000086500000|  0%| F|  |TAMS 0x0000000086400000, 0x0000000086400000| Untracked 
| 101|0x0000000086500000, 0x0000000086500000, 0x0000000086600000|  0%| F|  |TAMS 0x0000000086500000, 0x0000000086500000| Untracked 
| 102|0x0000000086600000, 0x0000000086600000, 0x0000000086700000|  0%| F|  |TAMS 0x0000000086600000, 0x0000000086600000| Untracked 
| 103|0x0000000086700000, 0x0000000086700000, 0x0000000086800000|  0%| F|  |TAMS 0x0000000086700000, 0x0000000086700000| Untracked 
| 104|0x0000000086800000, 0x0000000086800000, 0x0000000086900000|  0%| F|  |TAMS 0x0000000086800000, 0x0000000086800000| Untracked 
| 105|0x0000000086900000, 0x0000000086900000, 0x0000000086a00000|  0%| F|  |TAMS 0x0000000086900000, 0x0000000086900000| Untracked 
| 106|0x0000000086a00000, 0x0000000086a00000, 0x0000000086b00000|  0%| F|  |TAMS 0x0000000086a00000, 0x0000000086a00000| Untracked 
| 107|0x0000000086b00000, 0x0000000086b00000, 0x0000000086c00000|  0%| F|  |TAMS 0x0000000086b00000, 0x0000000086b00000| Untracked 
| 108|0x0000000086c00000, 0x0000000086c00000, 0x0000000086d00000|  0%| F|  |TAMS 0x0000000086c00000, 0x0000000086c00000| Untracked 
| 109|0x0000000086d00000, 0x0000000086d00000, 0x0000000086e00000|  0%| F|  |TAMS 0x0000000086d00000, 0x0000000086d00000| Untracked 
| 110|0x0000000086e00000, 0x0000000086e00000, 0x0000000086f00000|  0%| F|  |TAMS 0x0000000086e00000, 0x0000000086e00000| Untracked 
| 111|0x0000000086f00000, 0x0000000086f00000, 0x0000000087000000|  0%| F|  |TAMS 0x0000000086f00000, 0x0000000086f00000| Untracked 
| 112|0x0000000087000000, 0x0000000087000000, 0x0000000087100000|  0%| F|  |TAMS 0x0000000087000000, 0x0000000087000000| Untracked 
| 113|0x0000000087100000, 0x0000000087100000, 0x0000000087200000|  0%| F|  |TAMS 0x0000000087100000, 0x0000000087100000| Untracked 
| 114|0x0000000087200000, 0x0000000087200000, 0x0000000087300000|  0%| F|  |TAMS 0x0000000087200000, 0x0000000087200000| Untracked 
| 115|0x0000000087300000, 0x0000000087300000, 0x0000000087400000|  0%| F|  |TAMS 0x0000000087300000, 0x0000000087300000| Untracked 
| 116|0x0000000087400000, 0x0000000087400000, 0x0000000087500000|  0%| F|  |TAMS 0x0000000087400000, 0x0000000087400000| Untracked 
| 117|0x0000000087500000, 0x0000000087500000, 0x0000000087600000|  0%| F|  |TAMS 0x0000000087500000, 0x0000000087500000| Untracked 
| 118|0x0000000087600000, 0x0000000087600000, 0x0000000087700000|  0%| F|  |TAMS 0x0000000087600000, 0x0000000087600000| Untracked 
| 119|0x0000000087700000, 0x0000000087700000, 0x0000000087800000|  0%| F|  |TAMS 0x0000000087700000, 0x0000000087700000| Untracked 
| 120|0x0000000087800000, 0x0000000087800000, 0x0000000087900000|  0%| F|  |TAMS 0x0000000087800000, 0x0000000087800000| Untracked 
| 121|0x0000000087900000, 0x0000000087900000, 0x0000000087a00000|  0%| F|  |TAMS 0x0000000087900000, 0x0000000087900000| Untracked 
| 122|0x0000000087a00000, 0x0000000087a00000, 0x0000000087b00000|  0%| F|  |TAMS 0x0000000087a00000, 0x0000000087a00000| Untracked 
| 123|0x0000000087b00000, 0x0000000087b00000, 0x0000000087c00000|  0%| F|  |TAMS 0x0000000087b00000, 0x0000000087b00000| Untracked 
| 124|0x0000000087c00000, 0x0000000087c00000, 0x0000000087d00000|  0%| F|  |TAMS 0x0000000087c00000, 0x0000000087c00000| Untracked 
| 125|0x0000000087d00000, 0x0000000087d00000, 0x0000000087e00000|  0%| F|  |TAMS 0x0000000087d00000, 0x0000000087d00000| Untracked 
| 126|0x0000000087e00000, 0x0000000087e00000, 0x0000000087f00000|  0%| F|  |TAMS 0x0000000087e00000, 0x0000000087e00000| Untracked 
| 127|0x0000000087f00000, 0x0000000087f00000, 0x0000000088000000|  0%| F|  |TAMS 0x0000000087f00000, 0x0000000087f00000| Untracked 
| 128|0x0000000088000000, 0x0000000088000000, 0x0000000088100000|  0%| F|  |TAMS 0x0000000088000000, 0x0000000088000000| Untracked 
| 129|0x0000000088100000, 0x00000000881a5a80, 0x0000000088200000| 64%| S|CS|TAMS 0x0000000088100000, 0x0000000088100000| Complete 
| 130|0x0000000088200000, 0x0000000088300000, 0x0000000088300000|100%| S|CS|TAMS 0x0000000088200000, 0x0000000088200000| Complete 
| 131|0x0000000088300000, 0x0000000088400000, 0x0000000088400000|100%| S|CS|TAMS 0x0000000088300000, 0x0000000088300000| Complete 
| 132|0x0000000088400000, 0x0000000088400000, 0x0000000088500000|  0%| F|  |TAMS 0x0000000088400000, 0x0000000088400000| Untracked 
| 133|0x0000000088500000, 0x0000000088500000, 0x0000000088600000|  0%| F|  |TAMS 0x0000000088500000, 0x0000000088500000| Untracked 
| 134|0x0000000088600000, 0x0000000088600000, 0x0000000088700000|  0%| F|  |TAMS 0x0000000088600000, 0x0000000088600000| Untracked 
| 135|0x0000000088700000, 0x0000000088700000, 0x0000000088800000|  0%| F|  |TAMS 0x0000000088700000, 0x0000000088700000| Untracked 
| 136|0x0000000088800000, 0x0000000088800000, 0x0000000088900000|  0%| F|  |TAMS 0x0000000088800000, 0x0000000088800000| Untracked 
| 137|0x0000000088900000, 0x0000000088900000, 0x0000000088a00000|  0%| F|  |TAMS 0x0000000088900000, 0x0000000088900000| Untracked 
| 138|0x0000000088a00000, 0x0000000088a00000, 0x0000000088b00000|  0%| F|  |TAMS 0x0000000088a00000, 0x0000000088a00000| Untracked 
| 139|0x0000000088b00000, 0x0000000088b00000, 0x0000000088c00000|  0%| F|  |TAMS 0x0000000088b00000, 0x0000000088b00000| Untracked 
| 140|0x0000000088c00000, 0x0000000088c00000, 0x0000000088d00000|  0%| F|  |TAMS 0x0000000088c00000, 0x0000000088c00000| Untracked 
| 141|0x0000000088d00000, 0x0000000088d00000, 0x0000000088e00000|  0%| F|  |TAMS 0x0000000088d00000, 0x0000000088d00000| Untracked 
| 142|0x0000000088e00000, 0x0000000088e00000, 0x0000000088f00000|  0%| F|  |TAMS 0x0000000088e00000, 0x0000000088e00000| Untracked 
| 143|0x0000000088f00000, 0x0000000088f00000, 0x0000000089000000|  0%| F|  |TAMS 0x0000000088f00000, 0x0000000088f00000| Untracked 
| 144|0x0000000089000000, 0x0000000089000000, 0x0000000089100000|  0%| F|  |TAMS 0x0000000089000000, 0x0000000089000000| Untracked 
| 145|0x0000000089100000, 0x0000000089100000, 0x0000000089200000|  0%| F|  |TAMS 0x0000000089100000, 0x0000000089100000| Untracked 
| 146|0x0000000089200000, 0x0000000089200000, 0x0000000089300000|  0%| F|  |TAMS 0x0000000089200000, 0x0000000089200000| Untracked 
| 147|0x0000000089300000, 0x0000000089300000, 0x0000000089400000|  0%| F|  |TAMS 0x0000000089300000, 0x0000000089300000| Untracked 
| 148|0x0000000089400000, 0x0000000089400000, 0x0000000089500000|  0%| F|  |TAMS 0x0000000089400000, 0x0000000089400000| Untracked 
| 149|0x0000000089500000, 0x0000000089500000, 0x0000000089600000|  0%| F|  |TAMS 0x0000000089500000, 0x0000000089500000| Untracked 
| 150|0x0000000089600000, 0x0000000089600000, 0x0000000089700000|  0%| F|  |TAMS 0x0000000089600000, 0x0000000089600000| Untracked 
| 151|0x0000000089700000, 0x0000000089700000, 0x0000000089800000|  0%| F|  |TAMS 0x0000000089700000, 0x0000000089700000| Untracked 
| 152|0x0000000089800000, 0x0000000089800000, 0x0000000089900000|  0%| F|  |TAMS 0x0000000089800000, 0x0000000089800000| Untracked 
| 153|0x0000000089900000, 0x0000000089900000, 0x0000000089a00000|  0%| F|  |TAMS 0x0000000089900000, 0x0000000089900000| Untracked 
| 154|0x0000000089a00000, 0x0000000089a00000, 0x0000000089b00000|  0%| F|  |TAMS 0x0000000089a00000, 0x0000000089a00000| Untracked 
| 155|0x0000000089b00000, 0x0000000089b00000, 0x0000000089c00000|  0%| F|  |TAMS 0x0000000089b00000, 0x0000000089b00000| Untracked 
| 156|0x0000000089c00000, 0x0000000089c00000, 0x0000000089d00000|  0%| F|  |TAMS 0x0000000089c00000, 0x0000000089c00000| Untracked 
| 157|0x0000000089d00000, 0x0000000089d00000, 0x0000000089e00000|  0%| F|  |TAMS 0x0000000089d00000, 0x0000000089d00000| Untracked 
| 158|0x0000000089e00000, 0x0000000089e00000, 0x0000000089f00000|  0%| F|  |TAMS 0x0000000089e00000, 0x0000000089e00000| Untracked 
| 159|0x0000000089f00000, 0x0000000089f00000, 0x000000008a000000|  0%| F|  |TAMS 0x0000000089f00000, 0x0000000089f00000| Untracked 
| 160|0x000000008a000000, 0x000000008a000000, 0x000000008a100000|  0%| F|  |TAMS 0x000000008a000000, 0x000000008a000000| Untracked 
| 161|0x000000008a100000, 0x000000008a100000, 0x000000008a200000|  0%| F|  |TAMS 0x000000008a100000, 0x000000008a100000| Untracked 
| 162|0x000000008a200000, 0x000000008a200000, 0x000000008a300000|  0%| F|  |TAMS 0x000000008a200000, 0x000000008a200000| Untracked 
| 163|0x000000008a300000, 0x000000008a300000, 0x000000008a400000|  0%| F|  |TAMS 0x000000008a300000, 0x000000008a300000| Untracked 
| 164|0x000000008a400000, 0x000000008a400000, 0x000000008a500000|  0%| F|  |TAMS 0x000000008a400000, 0x000000008a400000| Untracked 
| 165|0x000000008a500000, 0x000000008a500000, 0x000000008a600000|  0%| F|  |TAMS 0x000000008a500000, 0x000000008a500000| Untracked 
| 166|0x000000008a600000, 0x000000008a600000, 0x000000008a700000|  0%| F|  |TAMS 0x000000008a600000, 0x000000008a600000| Untracked 
| 167|0x000000008a700000, 0x000000008a700000, 0x000000008a800000|  0%| F|  |TAMS 0x000000008a700000, 0x000000008a700000| Untracked 
| 168|0x000000008a800000, 0x000000008a800000, 0x000000008a900000|  0%| F|  |TAMS 0x000000008a800000, 0x000000008a800000| Untracked 
| 169|0x000000008a900000, 0x000000008a900000, 0x000000008aa00000|  0%| F|  |TAMS 0x000000008a900000, 0x000000008a900000| Untracked 
| 170|0x000000008aa00000, 0x000000008aa00000, 0x000000008ab00000|  0%| F|  |TAMS 0x000000008aa00000, 0x000000008aa00000| Untracked 
| 171|0x000000008ab00000, 0x000000008ab00000, 0x000000008ac00000|  0%| F|  |TAMS 0x000000008ab00000, 0x000000008ab00000| Untracked 
| 172|0x000000008ac00000, 0x000000008ac00000, 0x000000008ad00000|  0%| F|  |TAMS 0x000000008ac00000, 0x000000008ac00000| Untracked 
| 173|0x000000008ad00000, 0x000000008ad00000, 0x000000008ae00000|  0%| F|  |TAMS 0x000000008ad00000, 0x000000008ad00000| Untracked 
| 174|0x000000008ae00000, 0x000000008ae00000, 0x000000008af00000|  0%| F|  |TAMS 0x000000008ae00000, 0x000000008ae00000| Untracked 
| 175|0x000000008af00000, 0x000000008af00000, 0x000000008b000000|  0%| F|  |TAMS 0x000000008af00000, 0x000000008af00000| Untracked 
| 176|0x000000008b000000, 0x000000008b000000, 0x000000008b100000|  0%| F|  |TAMS 0x000000008b000000, 0x000000008b000000| Untracked 
| 177|0x000000008b100000, 0x000000008b100000, 0x000000008b200000|  0%| F|  |TAMS 0x000000008b100000, 0x000000008b100000| Untracked 
| 178|0x000000008b200000, 0x000000008b200000, 0x000000008b300000|  0%| F|  |TAMS 0x000000008b200000, 0x000000008b200000| Untracked 
| 179|0x000000008b300000, 0x000000008b300000, 0x000000008b400000|  0%| F|  |TAMS 0x000000008b300000, 0x000000008b300000| Untracked 
| 180|0x000000008b400000, 0x000000008b400000, 0x000000008b500000|  0%| F|  |TAMS 0x000000008b400000, 0x000000008b400000| Untracked 
| 181|0x000000008b500000, 0x000000008b500000, 0x000000008b600000|  0%| F|  |TAMS 0x000000008b500000, 0x000000008b500000| Untracked 
| 182|0x000000008b600000, 0x000000008b600000, 0x000000008b700000|  0%| F|  |TAMS 0x000000008b600000, 0x000000008b600000| Untracked 
| 183|0x000000008b700000, 0x000000008b700000, 0x000000008b800000|  0%| F|  |TAMS 0x000000008b700000, 0x000000008b700000| Untracked 
| 184|0x000000008b800000, 0x000000008b800000, 0x000000008b900000|  0%| F|  |TAMS 0x000000008b800000, 0x000000008b800000| Untracked 
| 185|0x000000008b900000, 0x000000008b900000, 0x000000008ba00000|  0%| F|  |TAMS 0x000000008b900000, 0x000000008b900000| Untracked 
| 186|0x000000008ba00000, 0x000000008ba00000, 0x000000008bb00000|  0%| F|  |TAMS 0x000000008ba00000, 0x000000008ba00000| Untracked 
| 268|0x0000000090c00000, 0x0000000090c00000, 0x0000000090d00000|  0%| F|  |TAMS 0x0000000090c00000, 0x0000000090c00000| Untracked 
| 269|0x0000000090d00000, 0x0000000090d00000, 0x0000000090e00000|  0%| F|  |TAMS 0x0000000090d00000, 0x0000000090d00000| Untracked 
| 270|0x0000000090e00000, 0x0000000090e00000, 0x0000000090f00000|  0%| F|  |TAMS 0x0000000090e00000, 0x0000000090e00000| Untracked 
| 271|0x0000000090f00000, 0x0000000090f00000, 0x0000000091000000|  0%| F|  |TAMS 0x0000000090f00000, 0x0000000090f00000| Untracked 
| 272|0x0000000091000000, 0x0000000091000000, 0x0000000091100000|  0%| F|  |TAMS 0x0000000091000000, 0x0000000091000000| Untracked 

Card table byte_map: [0x0000018175e60000,0x0000018176260000] _byte_map_base: 0x0000018175a60000

Marking Bits (Prev, Next): (CMBitMap*) 0x00000181725f12f0, (CMBitMap*) 0x00000181725f12b0
 Prev Bits: [0x0000018178660000, 0x000001817a660000)
 Next Bits: [0x0000018176660000, 0x0000018178660000)

Polling page: 0x0000018171d60000

Metaspace:

Usage:
  Non-class:     82.54 MB used.
      Class:     12.85 MB used.
       Both:     95.39 MB used.

Virtual space:
  Non-class space:       88.00 MB reserved,      82.88 MB ( 94%) committed,  11 nodes.
      Class space:        1.00 GB reserved,      13.19 MB (  1%) committed,  1 nodes.
             Both:        1.09 GB reserved,      96.06 MB (  9%) committed. 

Chunk freelists:
   Non-Class:  784.00 KB
       Class:  2.66 MB
        Both:  3.42 MB

MaxMetaspaceSize: unlimited
CompressedClassSpaceSize: 1.00 GB
Initial GC threshold: 21.00 MB
Current GC threshold: 152.50 MB
CDS: off
MetaspaceReclaimPolicy: balanced
 - commit_granule_bytes: 65536.
 - commit_granule_words: 8192.
 - virtual_space_node_default_size: 1048576.
 - enlarge_chunks_in_place: 1.
 - new_chunks_are_fully_committed: 0.
 - uncommit_free_chunks: 1.
 - use_allocation_guard: 0.
 - handle_deallocations: 1.


Internal statistics:

num_allocs_failed_limit: 12.
num_arena_births: 1026.
num_arena_deaths: 4.
num_vsnodes_births: 12.
num_vsnodes_deaths: 0.
num_space_committed: 1537.
num_space_uncommitted: 0.
num_chunks_returned_to_freelist: 16.
num_chunks_taken_from_freelist: 4655.
num_chunk_merges: 12.
num_chunk_splits: 3028.
num_chunks_enlarged: 1984.
num_purges: 2.
num_inconsistent_stats: 0.

CodeHeap 'non-profiled nmethods': size=120000Kb used=7379Kb max_used=7379Kb free=112620Kb
 bounds [0x0000018107ad0000, 0x0000018108210000, 0x000001810f000000]
CodeHeap 'profiled nmethods': size=120000Kb used=25112Kb max_used=25112Kb free=94888Kb
 bounds [0x0000018100000000, 0x0000018101890000, 0x0000018107530000]
CodeHeap 'non-nmethods': size=5760Kb used=2414Kb max_used=2467Kb free=3345Kb
 bounds [0x0000018107530000, 0x00000181077a0000, 0x0000018107ad0000]
 total_blobs=13466 nmethods=12529 adapters=847
 compilation: enabled
              stopped_count=0, restarted_count=0
 full_count=0

Compilation events (20 events):
Event: 198.407 Thread 0x00000181100aafa0 nmethod 14137 0x0000018108204110 code [0x00000181082042a0, 0x00000181082043c8]
Event: 198.407 Thread 0x00000181100aafa0 14250       4       org.objectweb.asm.MethodVisitor::visitFieldInsn (20 bytes)
Event: 198.411 Thread 0x00000181100aafa0 nmethod 14250 0x0000018108204510 code [0x00000181082046c0, 0x0000018108204a08]
Event: 198.411 Thread 0x00000181100aafa0 14253       4       java.util.regex.Pattern$CharPropertyGreedy::match (160 bytes)
Event: 198.412 Thread 0x000001817d453d20 14254       3       org.objectweb.asm.FieldWriter::visitEnd (1 bytes)
Event: 198.412 Thread 0x000001817d453d20 nmethod 14254 0x000001810187f590 code [0x000001810187f720, 0x000001810187f838]
Event: 198.413 Thread 0x000001817d453d20 14255       3       org.gradle.internal.normalization.java.ApiClassExtractor::shouldExtractApiClassFrom (59 bytes)
Event: 198.415 Thread 0x000001817d453d20 nmethod 14255 0x000001810187f910 code [0x000001810187fc00, 0x0000018101880bf8]
Event: 198.415 Thread 0x000001817d453d20 14256       3       org.objectweb.asm.ClassReader::getAccess (9 bytes)
Event: 198.415 Thread 0x000001817d453d20 nmethod 14256 0x0000018101881190 code [0x0000018101881320, 0x0000018101881468]
Event: 198.415 Thread 0x000001817d453d20 14258   !   3       org.gradle.api.internal.file.archive.impl.FileZipInput$FileZipEntry::withInputStream (28 bytes)
Event: 198.415 Thread 0x000001817d453d20 nmethod 14258 0x0000018101881510 code [0x0000018101881700, 0x0000018101881d68]
Event: 198.415 Thread 0x000001817d453d20 14257       3       org.gradle.internal.normalization.java.ApiClassExtractor::isLocalClass (11 bytes)
Event: 198.416 Thread 0x000001817d453d20 nmethod 14257 0x0000018101882090 code [0x0000018101882240, 0x0000018101882418]
Event: 198.416 Thread 0x000001817d453d20 14259       3       org.gradle.api.internal.changedetection.state.AbiExtractingClasspathResourceHasher::hashClassBytes (33 bytes)
Event: 198.417 Thread 0x000001817d453d20 nmethod 14259 0x0000018101882510 code [0x0000018101882840, 0x0000018101883d48]
Event: 198.418 Thread 0x000001817d453d20 14260       3       org.gradle.internal.normalization.java.ApiClassExtractor::extractApiClassFrom (73 bytes)
Event: 198.419 Thread 0x000001817d453d20 nmethod 14260 0x0000018101884490 code [0x0000018101884760, 0x0000018101885578]
Event: 198.424 Thread 0x000001817d453d20 14262       3       org.objectweb.asm.FieldVisitor::visitEnd (15 bytes)
Event: 198.425 Thread 0x000001817d453d20 nmethod 14262 0x0000018101885b90 code [0x0000018101885d40, 0x0000018101885f48]

GC Heap History (20 events):
Event: 13.614 GC heap after
{Heap after GC invocations=25 (full 0):
 garbage-first heap   total 194560K, used 58937K [0x0000000080000000, 0x0000000100000000)
  region size 1024K, 10 young (10240K), 10 survivors (10240K)
 Metaspace       used 73868K, committed 74496K, reserved 1114112K
  class space    used 10005K, committed 10304K, reserved 1048576K
}
Event: 13.667 GC heap before
{Heap before GC invocations=25 (full 0):
 garbage-first heap   total 194560K, used 59961K [0x0000000080000000, 0x0000000100000000)
  region size 1024K, 11 young (11264K), 10 survivors (10240K)
 Metaspace       used 73928K, committed 74560K, reserved 1114112K
  class space    used 10005K, committed 10304K, reserved 1048576K
}
Event: 13.684 GC heap after
{Heap after GC invocations=26 (full 0):
 garbage-first heap   total 194560K, used 60246K [0x0000000080000000, 0x0000000100000000)
  region size 1024K, 2 young (2048K), 2 survivors (2048K)
 Metaspace       used 73928K, committed 74560K, reserved 1114112K
  class space    used 10005K, committed 10304K, reserved 1048576K
}
Event: 15.407 GC heap before
{Heap before GC invocations=26 (full 0):
 garbage-first heap   total 194560K, used 143190K [0x0000000080000000, 0x0000000100000000)
  region size 1024K, 83 young (84992K), 2 survivors (2048K)
 Metaspace       used 81846K, committed 82496K, reserved 1122304K
  class space    used 11145K, committed 11456K, reserved 1048576K
}
Event: 15.426 GC heap after
{Heap after GC invocations=27 (full 0):
 garbage-first heap   total 194560K, used 66677K [0x0000000080000000, 0x0000000100000000)
  region size 1024K, 8 young (8192K), 8 survivors (8192K)
 Metaspace       used 81846K, committed 82496K, reserved 1122304K
  class space    used 11145K, committed 11456K, reserved 1048576K
}
Event: 16.964 GC heap before
{Heap before GC invocations=27 (full 0):
 garbage-first heap   total 194560K, used 146549K [0x0000000080000000, 0x0000000100000000)
  region size 1024K, 87 young (89088K), 8 survivors (8192K)
 Metaspace       used 84488K, committed 85120K, reserved 1122304K
  class space    used 11605K, committed 11904K, reserved 1048576K
}
Event: 16.992 GC heap after
{Heap after GC invocations=28 (full 0):
 garbage-first heap   total 194560K, used 76760K [0x0000000080000000, 0x0000000100000000)
  region size 1024K, 10 young (10240K), 10 survivors (10240K)
 Metaspace       used 84488K, committed 85120K, reserved 1122304K
  class space    used 11605K, committed 11904K, reserved 1048576K
}
Event: 18.729 GC heap before
{Heap before GC invocations=28 (full 0):
 garbage-first heap   total 194560K, used 149464K [0x0000000080000000, 0x0000000100000000)
  region size 1024K, 82 young (83968K), 10 survivors (10240K)
 Metaspace       used 85296K, committed 85888K, reserved 1130496K
  class space    used 11644K, committed 11904K, reserved 1048576K
}
Event: 18.750 GC heap after
{Heap after GC invocations=29 (full 0):
 garbage-first heap   total 194560K, used 82358K [0x0000000080000000, 0x0000000100000000)
  region size 1024K, 6 young (6144K), 6 survivors (6144K)
 Metaspace       used 85296K, committed 85888K, reserved 1130496K
  class space    used 11644K, committed 11904K, reserved 1048576K
}
Event: 20.006 GC heap before
{Heap before GC invocations=29 (full 0):
 garbage-first heap   total 194560K, used 153014K [0x0000000080000000, 0x0000000100000000)
  region size 1024K, 76 young (77824K), 6 survivors (6144K)
 Metaspace       used 85646K, committed 86272K, reserved 1130496K
  class space    used 11688K, committed 11968K, reserved 1048576K
}
Event: 20.022 GC heap after
{Heap after GC invocations=30 (full 0):
 garbage-first heap   total 194560K, used 86476K [0x0000000080000000, 0x0000000100000000)
  region size 1024K, 10 young (10240K), 10 survivors (10240K)
 Metaspace       used 85646K, committed 86272K, reserved 1130496K
  class space    used 11688K, committed 11968K, reserved 1048576K
}
Event: 21.655 GC heap before
{Heap before GC invocations=30 (full 0):
 garbage-first heap   total 194560K, used 155084K [0x0000000080000000, 0x0000000100000000)
  region size 1024K, 78 young (79872K), 10 survivors (10240K)
 Metaspace       used 91539K, committed 92224K, reserved 1130496K
  class space    used 12432K, committed 12736K, reserved 1048576K
}
Event: 21.680 GC heap after
{Heap after GC invocations=31 (full 0):
 garbage-first heap   total 194560K, used 91876K [0x0000000080000000, 0x0000000100000000)
  region size 1024K, 10 young (10240K), 10 survivors (10240K)
 Metaspace       used 91539K, committed 92224K, reserved 1130496K
  class space    used 12432K, committed 12736K, reserved 1048576K
}
Event: 21.920 GC heap before
{Heap before GC invocations=31 (full 0):
 garbage-first heap   total 194560K, used 96996K [0x0000000080000000, 0x0000000100000000)
  region size 1024K, 16 young (16384K), 10 survivors (10240K)
 Metaspace       used 92783K, committed 93440K, reserved 1130496K
  class space    used 12595K, committed 12864K, reserved 1048576K
}
Event: 21.934 GC heap after
{Heap after GC invocations=32 (full 0):
 garbage-first heap   total 194560K, used 93402K [0x0000000080000000, 0x0000000100000000)
  region size 1024K, 2 young (2048K), 2 survivors (2048K)
 Metaspace       used 92783K, committed 93440K, reserved 1130496K
  class space    used 12595K, committed 12864K, reserved 1048576K
}
Event: 196.518 GC heap before
{Heap before GC invocations=33 (full 0):
 garbage-first heap   total 196608K, used 184538K [0x0000000080000000, 0x0000000100000000)
  region size 1024K, 63 young (64512K), 2 survivors (2048K)
 Metaspace       used 94655K, committed 95360K, reserved 1138688K
  class space    used 12795K, committed 13120K, reserved 1048576K
}
Event: 196.533 GC heap after
{Heap after GC invocations=34 (full 0):
 garbage-first heap   total 196608K, used 98573K [0x0000000080000000, 0x0000000100000000)
  region size 1024K, 7 young (7168K), 7 survivors (7168K)
 Metaspace       used 94655K, committed 95360K, reserved 1138688K
  class space    used 12795K, committed 13120K, reserved 1048576K
}
Event: 196.573 GC heap before
{Heap before GC invocations=34 (full 0):
 garbage-first heap   total 196608K, used 100621K [0x0000000080000000, 0x0000000100000000)
  region size 1024K, 9 young (9216K), 7 survivors (7168K)
 Metaspace       used 94661K, committed 95360K, reserved 1138688K
  class space    used 12795K, committed 13120K, reserved 1048576K
}
Event: 196.588 GC heap after
{Heap after GC invocations=35 (full 0):
 garbage-first heap   total 196608K, used 99130K [0x0000000080000000, 0x0000000100000000)
  region size 1024K, 1 young (1024K), 1 survivors (1024K)
 Metaspace       used 94661K, committed 95360K, reserved 1138688K
  class space    used 12795K, committed 13120K, reserved 1048576K
}
Event: 198.428 GC heap before
{Heap before GC invocations=35 (full 0):
 garbage-first heap   total 196608K, used 158522K [0x0000000080000000, 0x0000000100000000)
  region size 1024K, 60 young (61440K), 1 survivors (1024K)
 Metaspace       used 97679K, committed 98368K, reserved 1138688K
  class space    used 13154K, committed 13504K, reserved 1048576K
}

Dll operation events (2 events):
Event: 0.010 Loaded shared library C:\Program Files\Android\Android Studio\jbr\bin\java.dll
Event: 0.654 Loaded shared library C:\Program Files\Android\Android Studio\jbr\bin\verify.dll

Deoptimization events (20 events):
Event: 198.205 Thread 0x0000018112095e80 Uncommon trap: trap_request=0xffffff45 fr.pc=0x0000018107e16fe4 relative=0x00000000000003e4
Event: 198.205 Thread 0x0000018112095e80 Uncommon trap: reason=unstable_if action=reinterpret pc=0x0000018107e16fe4 method=org.objectweb.asm.Type.getArgumentsAndReturnSizes(Ljava/lang/String;)I @ 19 c2
Event: 198.205 Thread 0x0000018112095e80 DEOPT PACKING pc=0x0000018107e16fe4 sp=0x0000002318afbf50
Event: 198.205 Thread 0x0000018112095e80 DEOPT UNPACKING pc=0x00000181075869a3 sp=0x0000002318afbed0 mode 2
Event: 198.213 Thread 0x0000018112095e80 DEOPT PACKING pc=0x000001810021fa8d sp=0x0000002318afc280
Event: 198.213 Thread 0x0000018112095e80 DEOPT UNPACKING pc=0x0000018107587143 sp=0x0000002318afb730 mode 0
Event: 198.279 Thread 0x0000018112095e80 DEOPT PACKING pc=0x000001810021fa8d sp=0x0000002318afc280
Event: 198.279 Thread 0x0000018112095e80 DEOPT UNPACKING pc=0x0000018107587143 sp=0x0000002318afb730 mode 0
Event: 198.304 Thread 0x0000018112095e80 Uncommon trap: trap_request=0xffffff45 fr.pc=0x0000018107db1334 relative=0x0000000000001754
Event: 198.304 Thread 0x0000018112095e80 Uncommon trap: reason=unstable_if action=reinterpret pc=0x0000018107db1334 method=org.objectweb.asm.SymbolTable.addConstantIntegerOrFloat(II)Lorg/objectweb/asm/Symbol; @ 33 c2
Event: 198.304 Thread 0x0000018112095e80 DEOPT PACKING pc=0x0000018107db1334 sp=0x0000002318afbe30
Event: 198.304 Thread 0x0000018112095e80 DEOPT UNPACKING pc=0x00000181075869a3 sp=0x0000002318afbd10 mode 2
Event: 198.339 Thread 0x0000018112095e80 Uncommon trap: trap_request=0xffffff45 fr.pc=0x0000018107ff52c0 relative=0x0000000000000e80
Event: 198.339 Thread 0x0000018112095e80 Uncommon trap: reason=unstable_if action=reinterpret pc=0x0000018107ff52c0 method=java.util.concurrent.ArrayBlockingQueue.enqueue(Ljava/lang/Object;)V @ 25 c2
Event: 198.339 Thread 0x0000018112095e80 DEOPT PACKING pc=0x0000018107ff52c0 sp=0x0000002318afbfd0
Event: 198.339 Thread 0x0000018112095e80 DEOPT UNPACKING pc=0x00000181075869a3 sp=0x0000002318afbed8 mode 2
Event: 198.363 Thread 0x0000018112095e80 DEOPT PACKING pc=0x000001810021fa8d sp=0x0000002318afc1f0
Event: 198.363 Thread 0x0000018112095e80 DEOPT UNPACKING pc=0x0000018107587143 sp=0x0000002318afb6a0 mode 0
Event: 198.411 Thread 0x0000018112095e80 DEOPT PACKING pc=0x000001810021fa8d sp=0x0000002318afc1d0
Event: 198.411 Thread 0x0000018112095e80 DEOPT UNPACKING pc=0x0000018107587143 sp=0x0000002318afb680 mode 0

Classes unloaded (2 events):
Event: 22.195 Thread 0x000001817cb287f0 Unloading class 0x0000000100b9c400 'java/lang/invoke/LambdaForm$DMH+0x0000000100b9c400'
Event: 22.195 Thread 0x000001817cb287f0 Unloading class 0x0000000100b9c800 'java/lang/invoke/LambdaForm$DMH+0x0000000100b9c800'

Classes redefined (0 events):
No events

Internal exceptions (20 events):
Event: 196.139 Thread 0x0000018114b71ed0 Exception <a 'sun/nio/fs/WindowsException'{0x0000000088e732e8}> (0x0000000088e732e8) 
thrown [s\src\hotspot\share\prims\jni.cpp, line 517]
Event: 196.284 Thread 0x0000018112094670 Exception <a 'sun/nio/fs/WindowsException'{0x0000000088a61ad8}> (0x0000000088a61ad8) 
thrown [s\src\hotspot\share\prims\jni.cpp, line 517]
Event: 196.848 Thread 0x0000018112094670 Exception <a 'sun/nio/fs/WindowsException'{0x000000008b82c3c8}> (0x000000008b82c3c8) 
thrown [s\src\hotspot\share\prims\jni.cpp, line 517]
Event: 196.848 Thread 0x0000018112094670 Exception <a 'sun/nio/fs/WindowsException'{0x000000008b82c8a8}> (0x000000008b82c8a8) 
thrown [s\src\hotspot\share\prims\jni.cpp, line 517]
Event: 196.850 Thread 0x0000018112094670 Exception <a 'sun/nio/fs/WindowsException'{0x000000008b82e8b0}> (0x000000008b82e8b0) 
thrown [s\src\hotspot\share\prims\jni.cpp, line 517]
Event: 196.850 Thread 0x0000018112094670 Exception <a 'sun/nio/fs/WindowsException'{0x000000008b82ece0}> (0x000000008b82ece0) 
thrown [s\src\hotspot\share\prims\jni.cpp, line 517]
Event: 196.851 Thread 0x0000018112094670 Exception <a 'sun/nio/fs/WindowsException'{0x000000008b830cb8}> (0x000000008b830cb8) 
thrown [s\src\hotspot\share\prims\jni.cpp, line 517]
Event: 196.851 Thread 0x0000018112094670 Exception <a 'sun/nio/fs/WindowsException'{0x000000008b8310a8}> (0x000000008b8310a8) 
thrown [s\src\hotspot\share\prims\jni.cpp, line 517]
Event: 197.503 Thread 0x0000018112094670 Exception <a 'sun/nio/fs/WindowsException'{0x000000008a8c94e8}> (0x000000008a8c94e8) 
thrown [s\src\hotspot\share\prims\jni.cpp, line 517]
Event: 197.504 Thread 0x0000018112094670 Exception <a 'sun/nio/fs/WindowsException'{0x000000008a8c9920}> (0x000000008a8c9920) 
thrown [s\src\hotspot\share\prims\jni.cpp, line 517]
Event: 197.504 Thread 0x0000018112094670 Exception <a 'sun/nio/fs/WindowsException'{0x000000008a8cb948}> (0x000000008a8cb948) 
thrown [s\src\hotspot\share\prims\jni.cpp, line 517]
Event: 197.504 Thread 0x0000018112094670 Exception <a 'sun/nio/fs/WindowsException'{0x000000008a8cbd88}> (0x000000008a8cbd88) 
thrown [s\src\hotspot\share\prims\jni.cpp, line 517]
Event: 197.547 Thread 0x0000018112094670 Exception <a 'sun/nio/fs/WindowsException'{0x000000008a7714e0}> (0x000000008a7714e0) 
thrown [s\src\hotspot\share\prims\jni.cpp, line 517]
Event: 197.548 Thread 0x0000018112094670 Exception <a 'sun/nio/fs/WindowsException'{0x000000008a771920}> (0x000000008a771920) 
thrown [s\src\hotspot\share\prims\jni.cpp, line 517]
Event: 197.549 Thread 0x0000018112094670 Exception <a 'sun/nio/fs/WindowsException'{0x000000008a773948}> (0x000000008a773948) 
thrown [s\src\hotspot\share\prims\jni.cpp, line 517]
Event: 197.549 Thread 0x0000018112094670 Exception <a 'sun/nio/fs/WindowsException'{0x000000008a773d90}> (0x000000008a773d90) 
thrown [s\src\hotspot\share\prims\jni.cpp, line 517]
Event: 197.567 Thread 0x0000018111f07220 Exception <a 'sun/nio/fs/WindowsException'{0x000000008a7f0940}> (0x000000008a7f0940) 
thrown [s\src\hotspot\share\prims\jni.cpp, line 517]
Event: 197.623 Thread 0x0000018111f07220 Exception <a 'sun/nio/fs/WindowsException'{0x000000008a6cd760}> (0x000000008a6cd760) 
thrown [s\src\hotspot\share\prims\jni.cpp, line 517]
Event: 198.139 Thread 0x0000018112095e80 Implicit null exception at 0x0000018107b5695c to 0x0000018107b569e5
Event: 198.139 Thread 0x0000018112095e80 Implicit null exception at 0x0000018107e49e95 to 0x0000018107e4a6f8

VM Operations (20 events):
Event: 195.782 Executing VM operation: HandshakeAllThreads done
Event: 195.972 Executing VM operation: ICBufferFull
Event: 195.972 Executing VM operation: ICBufferFull done
Event: 196.264 Executing VM operation: ICBufferFull
Event: 196.265 Executing VM operation: ICBufferFull done
Event: 196.518 Executing VM operation: G1CollectForAllocation
Event: 196.534 Executing VM operation: G1CollectForAllocation done
Event: 196.572 Executing VM operation: G1CollectForAllocation
Event: 196.588 Executing VM operation: G1CollectForAllocation done
Event: 197.433 Executing VM operation: HandshakeAllThreads
Event: 197.433 Executing VM operation: HandshakeAllThreads done
Event: 197.492 Executing VM operation: ICBufferFull
Event: 197.492 Executing VM operation: ICBufferFull done
Event: 197.967 Executing VM operation: ICBufferFull
Event: 197.970 Executing VM operation: ICBufferFull done
Event: 198.136 Executing VM operation: HandshakeAllThreads
Event: 198.136 Executing VM operation: HandshakeAllThreads done
Event: 198.364 Executing VM operation: ICBufferFull
Event: 198.364 Executing VM operation: ICBufferFull done
Event: 198.428 Executing VM operation: G1CollectForAllocation

Events (20 events):
Event: 197.387 loading class org/w3c/dom/ls/LSInput done
Event: 197.387 loading class org/w3c/dom/ls/LSOutput
Event: 197.387 loading class org/w3c/dom/ls/LSOutput done
Event: 197.442 loading class java/util/TreeMap$DescendingSubMap
Event: 197.443 loading class java/util/TreeMap$NavigableSubMap
Event: 197.443 loading class java/util/TreeMap$NavigableSubMap done
Event: 197.443 loading class java/util/TreeMap$DescendingSubMap done
Event: 197.443 loading class java/util/TreeMap$DescendingSubMap$DescendingEntrySetView
Event: 197.443 loading class java/util/TreeMap$NavigableSubMap$EntrySetView
Event: 197.444 loading class java/util/TreeMap$NavigableSubMap$EntrySetView done
Event: 197.444 loading class java/util/TreeMap$DescendingSubMap$DescendingEntrySetView done
Event: 197.444 loading class java/util/TreeMap$NavigableSubMap$DescendingSubMapEntryIterator
Event: 197.444 loading class java/util/TreeMap$NavigableSubMap$SubMapIterator
Event: 197.444 loading class java/util/TreeMap$NavigableSubMap$SubMapIterator done
Event: 197.444 loading class java/util/TreeMap$NavigableSubMap$DescendingSubMapEntryIterator done
Event: 197.540 loading class java/util/LinkedList$LLSpliterator
Event: 197.540 loading class java/util/LinkedList$LLSpliterator done
Event: 197.560 Thread 0x00000181102930b0 Thread added: 0x00000181102930b0
Event: 197.852 loading class java/nio/channels/Channels$1
Event: 197.853 loading class java/nio/channels/Channels$1 done


Dynamic libraries:
0x00007ff6fa840000 - 0x00007ff6fa84a000 	C:\Program Files\Android\Android Studio\jbr\bin\java.exe
0x00007ffbc3090000 - 0x00007ffbc32a4000 	C:\Windows\SYSTEM32\ntdll.dll
0x00007ffbc2a10000 - 0x00007ffbc2ad2000 	C:\Windows\System32\KERNEL32.DLL
0x00007ffbc0860000 - 0x00007ffbc0bfc000 	C:\Windows\System32\KERNELBASE.dll
0x00007ffbc0600000 - 0x00007ffbc0711000 	C:\Windows\System32\ucrtbase.dll
0x00007ffba6e50000 - 0x00007ffba6e67000 	C:\Program Files\Android\Android Studio\jbr\bin\jli.dll
0x00007ffbc17b0000 - 0x00007ffbc195b000 	C:\Windows\System32\USER32.dll
0x00007ffbc0c70000 - 0x00007ffbc0c96000 	C:\Windows\System32\win32u.dll
0x00007ffbc2e30000 - 0x00007ffbc2e59000 	C:\Windows\System32\GDI32.dll
0x00007ffbc04e0000 - 0x00007ffbc05f2000 	C:\Windows\System32\gdi32full.dll
0x00007ffbc0e10000 - 0x00007ffbc0eaa000 	C:\Windows\System32\msvcp_win.dll
0x00007ffba6170000 - 0x00007ffba618b000 	C:\Program Files\Android\Android Studio\jbr\bin\VCRUNTIME140.dll
0x00007ffbba060000 - 0x00007ffbba2ee000 	C:\Windows\WinSxS\amd64_microsoft.windows.common-controls_6595b64144ccf1df_6.0.22621.1_none_60e502bd9af5bef0\COMCTL32.dll
0x00007ffbc2ef0000 - 0x00007ffbc2f97000 	C:\Windows\System32\msvcrt.dll
0x00007ffbc2bd0000 - 0x00007ffbc2c01000 	C:\Windows\System32\IMM32.DLL
0x00007ffbac050000 - 0x00007ffbac05c000 	C:\Program Files\Android\Android Studio\jbr\bin\vcruntime140_1.dll
0x00007ffb94c90000 - 0x00007ffb94d1d000 	C:\Program Files\Android\Android Studio\jbr\bin\msvcp140.dll
0x00007ffb92a70000 - 0x00007ffb936dd000 	C:\Program Files\Android\Android Studio\jbr\bin\server\jvm.dll
0x00007ffbc2240000 - 0x00007ffbc22ee000 	C:\Windows\System32\ADVAPI32.dll
0x00007ffbc1dc0000 - 0x00007ffbc1e64000 	C:\Windows\System32\sechost.dll
0x00007ffbc0eb0000 - 0x00007ffbc0fc5000 	C:\Windows\System32\RPCRT4.dll
0x00007ffbbb250000 - 0x00007ffbbb259000 	C:\Windows\SYSTEM32\WSOCK32.dll
0x00007ffbc2c30000 - 0x00007ffbc2ca1000 	C:\Windows\System32\WS2_32.dll
0x00007ffbba440000 - 0x00007ffbba474000 	C:\Windows\SYSTEM32\WINMM.dll
0x00007ffbba710000 - 0x00007ffbba71a000 	C:\Windows\SYSTEM32\VERSION.dll
0x00007ffbbf550000 - 0x00007ffbbf568000 	C:\Windows\SYSTEM32\kernel.appcore.dll
0x00007ffbb8910000 - 0x00007ffbb891a000 	C:\Program Files\Android\Android Studio\jbr\bin\jimage.dll
0x00007ffbb3be0000 - 0x00007ffbb3e0e000 	C:\Windows\SYSTEM32\DBGHELP.DLL
0x00007ffbc1e70000 - 0x00007ffbc21f9000 	C:\Windows\System32\combase.dll
0x00007ffbc2af0000 - 0x00007ffbc2bc7000 	C:\Windows\System32\OLEAUT32.dll
0x00007ffbac780000 - 0x00007ffbac7b2000 	C:\Windows\SYSTEM32\dbgcore.DLL
0x00007ffbc0720000 - 0x00007ffbc079b000 	C:\Windows\System32\bcryptPrimitives.dll
0x00007ffbb4e30000 - 0x00007ffbb4e55000 	C:\Program Files\Android\Android Studio\jbr\bin\java.dll
0x00007ffbb8880000 - 0x00007ffbb8898000 	C:\Program Files\Android\Android Studio\jbr\bin\zip.dll
0x00007ffbc0fd0000 - 0x00007ffbc17a8000 	C:\Windows\System32\SHELL32.dll
0x00007ffbbe520000 - 0x00007ffbbedd8000 	C:\Windows\SYSTEM32\windows.storage.dll
0x00007ffbbe3e0000 - 0x00007ffbbe51d000 	C:\Windows\SYSTEM32\wintypes.dll
0x00007ffbc19f0000 - 0x00007ffbc1ae1000 	C:\Windows\System32\SHCORE.dll
0x00007ffbc1d10000 - 0x00007ffbc1d6e000 	C:\Windows\System32\shlwapi.dll
0x00007ffbc0410000 - 0x00007ffbc0431000 	C:\Windows\SYSTEM32\profapi.dll
0x00007ffbb81d0000 - 0x00007ffbb81e9000 	C:\Program Files\Android\Android Studio\jbr\bin\net.dll
0x00007ffbbabf0000 - 0x00007ffbbad1f000 	C:\Windows\SYSTEM32\WINHTTP.dll
0x00007ffbbf9b0000 - 0x00007ffbbfa19000 	C:\Windows\system32\mswsock.dll
0x00007ffbb1f50000 - 0x00007ffbb1f66000 	C:\Program Files\Android\Android Studio\jbr\bin\nio.dll
0x00007ffbb5470000 - 0x00007ffbb5480000 	C:\Program Files\Android\Android Studio\jbr\bin\verify.dll
0x00007ffba7420000 - 0x00007ffba7447000 	C:\Users\Admin\.gradle\native\68d5fa5c4cc2d200863cafc0d521ce42e7d3e7ee720ec0a83991735586a16f82\windows-amd64\native-platform.dll
0x00007ffb94240000 - 0x00007ffb94384000 	C:\Users\Admin\.gradle\native\e376f236ea51e6404a007f0833ffe2c6e607c4080706a723a18a27aeea778392\windows-amd64\native-platform-file-events.dll
0x00007ffbb8900000 - 0x00007ffbb8909000 	C:\Program Files\Android\Android Studio\jbr\bin\management.dll
0x00007ffbb7ba0000 - 0x00007ffbb7bab000 	C:\Program Files\Android\Android Studio\jbr\bin\management_ext.dll
0x00007ffbc2ae0000 - 0x00007ffbc2ae8000 	C:\Windows\System32\PSAPI.DLL
0x00007ffbbfc00000 - 0x00007ffbbfc1b000 	C:\Windows\SYSTEM32\CRYPTSP.dll
0x00007ffbbf4c0000 - 0x00007ffbbf4f5000 	C:\Windows\system32\rsaenh.dll
0x00007ffbbfab0000 - 0x00007ffbbfad8000 	C:\Windows\SYSTEM32\USERENV.dll
0x00007ffbbfda0000 - 0x00007ffbbfdc8000 	C:\Windows\SYSTEM32\bcrypt.dll
0x00007ffbbfc20000 - 0x00007ffbbfc2c000 	C:\Windows\SYSTEM32\CRYPTBASE.dll
0x00007ffbbf070000 - 0x00007ffbbf09d000 	C:\Windows\SYSTEM32\IPHLPAPI.DLL
0x00007ffbc1960000 - 0x00007ffbc1969000 	C:\Windows\System32\NSI.dll
0x00007ffbbabb0000 - 0x00007ffbbabc9000 	C:\Windows\SYSTEM32\dhcpcsvc6.DLL
0x00007ffbbab90000 - 0x00007ffbbabaf000 	C:\Windows\SYSTEM32\dhcpcsvc.DLL
0x00007ffbbf0f0000 - 0x00007ffbbf1e2000 	C:\Windows\SYSTEM32\DNSAPI.dll
0x00007ffbb46a0000 - 0x00007ffbb46a8000 	C:\Windows\system32\wshunix.dll

dbghelp: loaded successfully - version: 4.0.5 - missing functions: none
symbol engine: initialized successfully - sym options: 0x614 - pdb path: .;C:\Program Files\Android\Android Studio\jbr\bin;C:\Windows\SYSTEM32;C:\Windows\WinSxS\amd64_microsoft.windows.common-controls_6595b64144ccf1df_6.0.22621.1_none_60e502bd9af5bef0;C:\Program Files\Android\Android Studio\jbr\bin\server;C:\Users\Admin\.gradle\native\68d5fa5c4cc2d200863cafc0d521ce42e7d3e7ee720ec0a83991735586a16f82\windows-amd64;C:\Users\Admin\.gradle\native\e376f236ea51e6404a007f0833ffe2c6e607c4080706a723a18a27aeea778392\windows-amd64

VM Arguments:
jvm_args: --add-opens=java.base/java.util=ALL-UNNAMED --add-opens=java.base/java.lang=ALL-UNNAMED --add-opens=java.base/java.lang.invoke=ALL-UNNAMED --add-opens=java.prefs/java.util.prefs=ALL-UNNAMED --add-opens=java.base/java.nio.charset=ALL-UNNAMED --add-opens=java.base/java.net=ALL-UNNAMED --add-opens=java.base/java.util.concurrent.atomic=ALL-UNNAMED -Xmx2048m -Dfile.encoding=UTF-8 -Duser.country=US -Duser.language=en -Duser.variant 
java_command: org.gradle.launcher.daemon.bootstrap.GradleDaemon 8.0
java_class_path (initial): C:\Users\Admin\.gradle\wrapper\dists\gradle-8.0-bin\ca5e32bp14vu59qr306oxotwh\gradle-8.0\lib\gradle-launcher-8.0.jar
Launcher Type: SUN_STANDARD

[Global flags]
     intx CICompilerCount                          = 3                                         {product} {ergonomic}
     uint ConcGCThreads                            = 1                                         {product} {ergonomic}
     uint G1ConcRefinementThreads                  = 4                                         {product} {ergonomic}
   size_t G1HeapRegionSize                         = 1048576                                   {product} {ergonomic}
    uintx GCDrainStackTargetSize                   = 64                                        {product} {ergonomic}
   size_t InitialHeapSize                          = 201326592                                 {product} {ergonomic}
   size_t MarkStackSize                            = 4194304                                   {product} {ergonomic}
   size_t MaxHeapSize                              = 2147483648                                {product} {command line}
   size_t MaxNewSize                               = 1287651328                                {product} {ergonomic}
   size_t MinHeapDeltaBytes                        = 1048576                                   {product} {ergonomic}
   size_t MinHeapSize                              = 8388608                                   {product} {ergonomic}
    uintx NonNMethodCodeHeapSize                   = 5832780                                {pd product} {ergonomic}
    uintx NonProfiledCodeHeapSize                  = 122912730                              {pd product} {ergonomic}
    uintx ProfiledCodeHeapSize                     = 122912730                              {pd product} {ergonomic}
    uintx ReservedCodeCacheSize                    = 251658240                              {pd product} {ergonomic}
     bool SegmentedCodeCache                       = true                                      {product} {ergonomic}
   size_t SoftMaxHeapSize                          = 2147483648                             {manageable} {ergonomic}
     bool UseCompressedClassPointers               = true                           {product lp64_product} {ergonomic}
     bool UseCompressedOops                        = true                           {product lp64_product} {ergonomic}
     bool UseG1GC                                  = true                                      {product} {ergonomic}
     bool UseLargePagesIndividualAllocation        = false                                  {pd product} {ergonomic}

Logging:
Log output configuration:
 #0: stdout all=warning uptime,level,tags
 #1: stderr all=off uptime,level,tags

Environment Variables:
PATH=C:\Program Files\Common Files\Oracle\Java\javapath;C:\Windows\system32;C:\Windows;C:\Windows\System32\Wbem;C:\Windows\System32\WindowsPowerShell\v1.0\;C:\Windows\System32\OpenSSH\;C:\Program Files (x86)\NVIDIA Corporation\PhysX\Common;C:\Program Files\dotnet\;C:\Program Files\Git\cmd;C:\Users\Admin\AppData\Local\Microsoft\WindowsApps;C:\Users\Admin\.dotnet\tools
USERNAME=Admin
OS=Windows_NT
PROCESSOR_IDENTIFIER=Intel64 Family 6 Model 42 Stepping 7, GenuineIntel
TMP=C:\Users\Admin\AppData\Local\Temp
TEMP=C:\Users\Admin\AppData\Local\Temp



---------------  S Y S T E M  ---------------

OS:
 Windows 11 , 64 bit Build 22621 (10.0.22621.1)
OS uptime: 0 days 4:16 hours

CPU: total 4 (initial active 4) (2 cores per cpu, 2 threads per core) family 6 model 42 stepping 7 microcode 0x2f, cx8, cmov, fxsr, ht, mmx, sse, sse2, sse3, ssse3, sse4.1, sse4.2, popcnt, tsc, tscinvbit, avx, clmul, vzeroupper, clflush

Memory: 4k page, system-wide physical 12264M (2914M free)
TotalPageFile size 12264M (AvailPageFile size 54M)
current process WorkingSet (physical memory assigned to process): 444M, peak: 462M
current process commit charge ("private bytes"): 471M, peak: 552M

vm_info: OpenJDK 64-Bit Server VM (17.0.6+0-b2043.56-9586694) for windows-amd64 JRE (17.0.6+0-b2043.56-9586694), built on Feb  9 2023 20:06:20 by "androidbuild" with MS VC++ 16.10 / 16.11 (VS2019)

END.
