#
# There is insufficient memory for the Java Runtime Environment to continue.
# Native memory allocation (mmap) failed to map 24117248 bytes for G1 virtual space
# Possible reasons:
#   The system is out of physical RAM or swap space
#   The process is running with CompressedOops enabled, and the Java Heap may be blocking the growth of the native heap
# Possible solutions:
#   Reduce memory load on the system
#   Increase physical memory or swap space
#   Check if swap backing store is full
#   Decrease Java heap size (-Xmx/-Xms)
#   Decrease number of Java threads
#   Decrease Java thread stack sizes (-Xss)
#   Set larger code cache with -XX:ReservedCodeCacheSize=
#   JVM is running with Unscaled Compressed Oops mode in which the Java heap is
#     placed in the first 4GB address space. The Java Heap base address is the
#     maximum limit for the native heap growth. Please use -XX:HeapBaseMinAddress
#     to set the Java Heap base and to place the Java Heap above 4GB virtual address.
# This output file may be truncated or incomplete.
#
#  Out of Memory Error (os_windows.cpp:3769), pid=10472, tid=7636
#
# JRE version: OpenJDK Runtime Environment (17.0.6) (build 17.0.6+0-b2043.56-9586694)
# Java VM: OpenJDK 64-Bit Server VM (17.0.6+0-b2043.56-9586694, mixed mode, tiered, compressed oops, compressed class ptrs, g1 gc, windows-amd64)
# No core dump will be written. Minidumps are not enabled by default on client versions of Windows
#

---------------  S U M M A R Y ------------

Command Line: --add-opens=java.base/java.util=ALL-UNNAMED --add-opens=java.base/java.lang=ALL-UNNAMED --add-opens=java.base/java.lang.invoke=ALL-UNNAMED --add-opens=java.prefs/java.util.prefs=ALL-UNNAMED --add-opens=java.base/java.nio.charset=ALL-UNNAMED --add-opens=java.base/java.net=ALL-UNNAMED --add-opens=java.base/java.util.concurrent.atomic=ALL-UNNAMED -Xmx2048m -Dfile.encoding=UTF-8 -Duser.country=US -Duser.language=en -Duser.variant org.gradle.launcher.daemon.bootstrap.GradleDaemon 8.0

Host: Intel(R) Core(TM) i3-2100 CPU @ 3.10GHz, 4 cores, 11G,  Windows 11 , 64 bit Build 22621 (10.0.22621.1)
Time: Sat Aug  3 19:31:01 2024 SE Asia Standard Time elapsed time: 14.813934 seconds (0d 0h 0m 14s)

---------------  T H R E A D  ---------------

Current thread (0x00000294b17bbd40):  VMThread "VM Thread" [stack: 0x000000d7d9200000,0x000000d7d9300000] [id=7636]

Stack: [0x000000d7d9200000,0x000000d7d9300000]
Native frames: (J=compiled Java code, j=interpreted, Vv=VM code, C=native code)
V  [jvm.dll+0x683b4a]
V  [jvm.dll+0x842654]
V  [jvm.dll+0x843dfe]
V  [jvm.dll+0x844463]
V  [jvm.dll+0x249b75]
V  [jvm.dll+0x680a19]
V  [jvm.dll+0x674f0a]
V  [jvm.dll+0x309acb]
V  [jvm.dll+0x310f86]
V  [jvm.dll+0x3608ee]
V  [jvm.dll+0x360b1f]
V  [jvm.dll+0x2dfbf8]
V  [jvm.dll+0x2e2ce6]
V  [jvm.dll+0x2ed478]
V  [jvm.dll+0x322150]
V  [jvm.dll+0x84893b]
V  [jvm.dll+0x849674]
V  [jvm.dll+0x849b8d]
V  [jvm.dll+0x849f64]
V  [jvm.dll+0x84a030]
V  [jvm.dll+0x7f25fa]
V  [jvm.dll+0x682985]
C  [ucrtbase.dll+0x29363]
C  [KERNEL32.DLL+0x1244d]
C  [ntdll.dll+0x5df88]

VM_Operation (0x000000d7d8eff960): G1Concurrent, mode: safepoint, requested by thread 0x0000029496323b00


---------------  P R O C E S S  ---------------

Threads class SMR info:
_java_thread_list=0x00000294b724aa40, length=82, elements={
0x00000294962b86c0, 0x00000294b1819d60, 0x00000294b181a910, 0x00000294b243a000,
0x00000294b243a8c0, 0x00000294b24412a0, 0x00000294b2441c50, 0x00000294b2455110,
0x00000294b24589b0, 0x00000294b2469990, 0x00000294b25c4e40, 0x00000294b25c76d0,
0x00000294b3f7f020, 0x00000294b2d1b100, 0x00000294b4fd49c0, 0x00000294b3722420,
0x00000294b56e2980, 0x00000294b398d1c0, 0x00000294b3c69360, 0x00000294b3118320,
0x00000294b31187f0, 0x00000294b3118cc0, 0x00000294b3115ca0, 0x00000294b3116fe0,
0x00000294b3116170, 0x00000294b31174b0, 0x00000294b3116b10, 0x00000294b3117980,
0x00000294b2808f30, 0x00000294b280a740, 0x00000294b2809400, 0x00000294b280e100,
0x00000294b28098d0, 0x00000294b280ba80, 0x00000294b280c420, 0x00000294b2809da0,
0x00000294b280c8f0, 0x00000294b2808590, 0x00000294b66d8040, 0x00000294b280d290,
0x00000294b280ac10, 0x00000294b280d760, 0x00000294b28080c0, 0x00000294b280e5d0,
0x00000294b280ef70, 0x00000294b280f440, 0x00000294b4e49ae0, 0x00000294b4e482d0,
0x00000294b4e4cb00, 0x00000294b4e4d4a0, 0x00000294b4e4d970, 0x00000294b4e4c160,
0x00000294b4e47460, 0x00000294b4e47930, 0x00000294b4e49fb0, 0x00000294b4e4c630,
0x00000294b4e47e00, 0x00000294b4e4bc90, 0x00000294b4e4de40, 0x00000294b4e4cfd0,
0x00000294b4e4e310, 0x00000294b4e487a0, 0x00000294b4e49140, 0x00000294b4e4a480,
0x00000294b4e4ae20, 0x00000294b4e49610, 0x00000294b4e46ac0, 0x00000294b4e4b2f0,
0x00000294b4e4b7c0, 0x00000294b4e46f90, 0x00000294b4e4a950, 0x00000294b4e48c70,
0x00000294b4da4ad0, 0x00000294b4da5940, 0x00000294b4da4fa0, 0x00000294b4da5e10,
0x00000294b4da3790, 0x00000294b4da0770, 0x00000294b4d9f900, 0x00000294b4da5470,
0x00000294b4da15e0, 0x00000294b4d9ea90
}

Java Threads: ( => current thread )
  0x00000294962b86c0 JavaThread "main" [_thread_blocked, id=2752, stack(0x000000d7d8c00000,0x000000d7d8d00000)]
  0x00000294b1819d60 JavaThread "Reference Handler" daemon [_thread_blocked, id=10804, stack(0x000000d7d9300000,0x000000d7d9400000)]
  0x00000294b181a910 JavaThread "Finalizer" daemon [_thread_blocked, id=5920, stack(0x000000d7d9400000,0x000000d7d9500000)]
  0x00000294b243a000 JavaThread "Signal Dispatcher" daemon [_thread_blocked, id=1668, stack(0x000000d7d9500000,0x000000d7d9600000)]
  0x00000294b243a8c0 JavaThread "Attach Listener" daemon [_thread_blocked, id=5788, stack(0x000000d7d9600000,0x000000d7d9700000)]
  0x00000294b24412a0 JavaThread "Service Thread" daemon [_thread_blocked, id=7996, stack(0x000000d7d9700000,0x000000d7d9800000)]
  0x00000294b2441c50 JavaThread "Monitor Deflation Thread" daemon [_thread_blocked, id=11120, stack(0x000000d7d9800000,0x000000d7d9900000)]
  0x00000294b2455110 JavaThread "C2 CompilerThread0" daemon [_thread_in_native, id=6916, stack(0x000000d7d9900000,0x000000d7d9a00000)]
  0x00000294b24589b0 JavaThread "C1 CompilerThread0" daemon [_thread_blocked, id=10404, stack(0x000000d7d9a00000,0x000000d7d9b00000)]
  0x00000294b2469990 JavaThread "Sweeper thread" daemon [_thread_blocked, id=11224, stack(0x000000d7d9b00000,0x000000d7d9c00000)]
  0x00000294b25c4e40 JavaThread "Common-Cleaner" daemon [_thread_blocked, id=11152, stack(0x000000d7d9c00000,0x000000d7d9d00000)]
  0x00000294b25c76d0 JavaThread "Notification Thread" daemon [_thread_blocked, id=3016, stack(0x000000d7d9d00000,0x000000d7d9e00000)]
  0x00000294b3f7f020 JavaThread "Daemon health stats" [_thread_blocked, id=8480, stack(0x000000d7da300000,0x000000d7da400000)]
  0x00000294b2d1b100 JavaThread "Incoming local TCP Connector on port 51149" [_thread_in_native, id=3520, stack(0x000000d7da400000,0x000000d7da500000)]
  0x00000294b4fd49c0 JavaThread "Daemon periodic checks" [_thread_blocked, id=11056, stack(0x000000d7da500000,0x000000d7da600000)]
  0x00000294b3722420 JavaThread "Daemon" [_thread_blocked, id=10104, stack(0x000000d7da600000,0x000000d7da700000)]
  0x00000294b56e2980 JavaThread "Handler for socket connection from /127.0.0.1:51149 to /127.0.0.1:51150" [_thread_in_native, id=4412, stack(0x000000d7da700000,0x000000d7da800000)]
  0x00000294b398d1c0 JavaThread "Cancel handler" [_thread_blocked, id=1112, stack(0x000000d7da800000,0x000000d7da900000)]
  0x00000294b3c69360 JavaThread "Daemon worker" [_thread_blocked, id=7420, stack(0x000000d7da900000,0x000000d7daa00000)]
  0x00000294b3118320 JavaThread "Asynchronous log dispatcher for DefaultDaemonConnection: socket connection from /127.0.0.1:51149 to /127.0.0.1:51150" [_thread_blocked, id=5468, stack(0x000000d7daa00000,0x000000d7dab00000)]
  0x00000294b31187f0 JavaThread "Stdin handler" [_thread_blocked, id=7632, stack(0x000000d7dab00000,0x000000d7dac00000)]
  0x00000294b3118cc0 JavaThread "Daemon client event forwarder" [_thread_blocked, id=7040, stack(0x000000d7dac00000,0x000000d7dad00000)]
  0x00000294b3115ca0 JavaThread "Cache worker for journal cache (C:\Users\Admin\.gradle\caches\journal-1)" [_thread_blocked, id=5028, stack(0x000000d7d9f00000,0x000000d7da000000)]
  0x00000294b3116fe0 JavaThread "File lock request listener" [_thread_in_native, id=2964, stack(0x000000d7dad00000,0x000000d7dae00000)]
  0x00000294b3116170 JavaThread "Cache worker for file hash cache (C:\Users\Admin\.gradle\caches\8.0\fileHashes)" [_thread_blocked, id=8576, stack(0x000000d7dae00000,0x000000d7daf00000)]
  0x00000294b31174b0 JavaThread "File lock release action executor" [_thread_blocked, id=1172, stack(0x000000d7db000000,0x000000d7db100000)]
  0x00000294b3116b10 JavaThread "File watcher server" daemon [_thread_in_native, id=1656, stack(0x000000d7db100000,0x000000d7db200000)]
  0x00000294b3117980 JavaThread "File watcher consumer" daemon [_thread_blocked, id=9900, stack(0x000000d7db200000,0x000000d7db300000)]
  0x00000294b2808f30 JavaThread "jar transforms" [_thread_blocked, id=8008, stack(0x000000d7db300000,0x000000d7db400000)]
  0x00000294b280a740 JavaThread "jar transforms Thread 2" [_thread_blocked, id=6872, stack(0x000000d7db400000,0x000000d7db500000)]
  0x00000294b2809400 JavaThread "jar transforms Thread 3" [_thread_blocked, id=7836, stack(0x000000d7db500000,0x000000d7db600000)]
  0x00000294b280e100 JavaThread "jar transforms Thread 4" [_thread_blocked, id=6620, stack(0x000000d7db600000,0x000000d7db700000)]
  0x00000294b28098d0 JavaThread "Cache worker for checksums cache (C:\Users\Admin\AndroidStudioProjects\PemrogramanBerbasisObjek\.gradle\8.0\checksums)" [_thread_blocked, id=10840, stack(0x000000d7daf00000,0x000000d7db000000)]
  0x00000294b280ba80 JavaThread "Cache worker for cache directory md-rule (C:\Users\Admin\.gradle\caches\8.0\md-rule)" [_thread_blocked, id=6836, stack(0x000000d7db700000,0x000000d7db800000)]
  0x00000294b280c420 JavaThread "Cache worker for file content cache (C:\Users\Admin\.gradle\caches\8.0\fileContent)" [_thread_blocked, id=5968, stack(0x000000d7db800000,0x000000d7db900000)]
  0x00000294b2809da0 JavaThread "Cache worker for file hash cache (C:\Users\Admin\AndroidStudioProjects\PemrogramanBerbasisObjek\.gradle\8.0\fileHashes)" [_thread_blocked, id=6064, stack(0x000000d7dba00000,0x000000d7dbb00000)]
  0x00000294b280c8f0 JavaThread "Cache worker for cache directory md-supplier (C:\Users\Admin\.gradle\caches\8.0\md-supplier)" [_thread_blocked, id=3916, stack(0x000000d7dbb00000,0x000000d7dbc00000)]
  0x00000294b2808590 JavaThread "Cache worker for execution history cache (C:\Users\Admin\.gradle\caches\8.0\executionHistory)" [_thread_blocked, id=6056, stack(0x000000d7dbc00000,0x000000d7dbd00000)]
  0x00000294b66d8040 JavaThread "C2 CompilerThread1" daemon [_thread_blocked, id=4440, stack(0x000000d7db900000,0x000000d7dba00000)]
  0x00000294b280d290 JavaThread "Cache worker for dependencies-accessors (C:\Users\Admin\AndroidStudioProjects\PemrogramanBerbasisObjek\.gradle\8.0\dependencies-accessors)" [_thread_blocked, id=5296, stack(0x000000d7dbe00000,0x000000d7dbf00000)]
  0x00000294b280ac10 JavaThread "Cache worker for Build Output Cleanup Cache (C:\Users\Admin\AndroidStudioProjects\PemrogramanBerbasisObjek\.gradle\buildOutputCleanup)" [_thread_blocked, id=1084, stack(0x000000d7dbf00000,0x000000d7dc000000)]
  0x00000294b280d760 JavaThread "Unconstrained build operations" [_thread_blocked, id=8036, stack(0x000000d7dc000000,0x000000d7dc100000)]
  0x00000294b28080c0 JavaThread "Unconstrained build operations Thread 2" [_thread_blocked, id=7152, stack(0x000000d7dc100000,0x000000d7dc200000)]
  0x00000294b280e5d0 JavaThread "Unconstrained build operations Thread 3" [_thread_blocked, id=9408, stack(0x000000d7dc200000,0x000000d7dc300000)]
  0x00000294b280ef70 JavaThread "Unconstrained build operations Thread 4" [_thread_blocked, id=5572, stack(0x000000d7dc300000,0x000000d7dc400000)]
  0x00000294b280f440 JavaThread "Unconstrained build operations Thread 5" [_thread_blocked, id=8296, stack(0x000000d7dc400000,0x000000d7dc500000)]
  0x00000294b4e49ae0 JavaThread "Unconstrained build operations Thread 6" [_thread_blocked, id=10884, stack(0x000000d7dc500000,0x000000d7dc600000)]
  0x00000294b4e482d0 JavaThread "Unconstrained build operations Thread 7" [_thread_blocked, id=5024, stack(0x000000d7dc600000,0x000000d7dc700000)]
  0x00000294b4e4cb00 JavaThread "Unconstrained build operations Thread 8" [_thread_blocked, id=9168, stack(0x000000d7dc700000,0x000000d7dc800000)]
  0x00000294b4e4d4a0 JavaThread "Unconstrained build operations Thread 9" [_thread_blocked, id=7436, stack(0x000000d7dc800000,0x000000d7dc900000)]
  0x00000294b4e4d970 JavaThread "Unconstrained build operations Thread 10" [_thread_blocked, id=8272, stack(0x000000d7dc900000,0x000000d7dca00000)]
  0x00000294b4e4c160 JavaThread "Unconstrained build operations Thread 11" [_thread_blocked, id=2116, stack(0x000000d7dca00000,0x000000d7dcb00000)]
  0x00000294b4e47460 JavaThread "Unconstrained build operations Thread 12" [_thread_blocked, id=6228, stack(0x000000d7dcb00000,0x000000d7dcc00000)]
  0x00000294b4e47930 JavaThread "Unconstrained build operations Thread 13" [_thread_blocked, id=9756, stack(0x000000d7dcc00000,0x000000d7dcd00000)]
  0x00000294b4e49fb0 JavaThread "Unconstrained build operations Thread 14" [_thread_blocked, id=2768, stack(0x000000d7dcd00000,0x000000d7dce00000)]
  0x00000294b4e4c630 JavaThread "Unconstrained build operations Thread 15" [_thread_blocked, id=11144, stack(0x000000d7dce00000,0x000000d7dcf00000)]
  0x00000294b4e47e00 JavaThread "Unconstrained build operations Thread 16" [_thread_blocked, id=5412, stack(0x000000d7dcf00000,0x000000d7dd000000)]
  0x00000294b4e4bc90 JavaThread "Unconstrained build operations Thread 17" [_thread_blocked, id=3544, stack(0x000000d7dd000000,0x000000d7dd100000)]
  0x00000294b4e4de40 JavaThread "Unconstrained build operations Thread 18" [_thread_blocked, id=3940, stack(0x000000d7dd100000,0x000000d7dd200000)]
  0x00000294b4e4cfd0 JavaThread "Unconstrained build operations Thread 19" [_thread_blocked, id=7512, stack(0x000000d7dd200000,0x000000d7dd300000)]
  0x00000294b4e4e310 JavaThread "Unconstrained build operations Thread 20" [_thread_blocked, id=6680, stack(0x000000d7dd300000,0x000000d7dd400000)]
  0x00000294b4e487a0 JavaThread "Unconstrained build operations Thread 21" [_thread_blocked, id=1216, stack(0x000000d7dd400000,0x000000d7dd500000)]
  0x00000294b4e49140 JavaThread "Unconstrained build operations Thread 22" [_thread_blocked, id=9236, stack(0x000000d7dd500000,0x000000d7dd600000)]
  0x00000294b4e4a480 JavaThread "Unconstrained build operations Thread 23" [_thread_blocked, id=8520, stack(0x000000d7dd600000,0x000000d7dd700000)]
  0x00000294b4e4ae20 JavaThread "Unconstrained build operations Thread 24" [_thread_blocked, id=6844, stack(0x000000d7dd700000,0x000000d7dd800000)]
  0x00000294b4e49610 JavaThread "Unconstrained build operations Thread 25" [_thread_blocked, id=10640, stack(0x000000d7dd800000,0x000000d7dd900000)]
  0x00000294b4e46ac0 JavaThread "Unconstrained build operations Thread 26" [_thread_blocked, id=4360, stack(0x000000d7dd900000,0x000000d7dda00000)]
  0x00000294b4e4b2f0 JavaThread "Unconstrained build operations Thread 27" [_thread_blocked, id=9232, stack(0x000000d7dda00000,0x000000d7ddb00000)]
  0x00000294b4e4b7c0 JavaThread "Unconstrained build operations Thread 28" [_thread_blocked, id=9148, stack(0x000000d7ddb00000,0x000000d7ddc00000)]
  0x00000294b4e46f90 JavaThread "Unconstrained build operations Thread 29" [_thread_blocked, id=5404, stack(0x000000d7ddc00000,0x000000d7ddd00000)]
  0x00000294b4e4a950 JavaThread "Unconstrained build operations Thread 30" [_thread_blocked, id=5644, stack(0x000000d7ddd00000,0x000000d7dde00000)]
  0x00000294b4e48c70 JavaThread "Unconstrained build operations Thread 31" [_thread_blocked, id=10768, stack(0x000000d7dde00000,0x000000d7ddf00000)]
  0x00000294b4da4ad0 JavaThread "Unconstrained build operations Thread 32" [_thread_blocked, id=8512, stack(0x000000d7ddf00000,0x000000d7de000000)]
  0x00000294b4da5940 JavaThread "Unconstrained build operations Thread 33" [_thread_blocked, id=9020, stack(0x000000d7de000000,0x000000d7de100000)]
  0x00000294b4da4fa0 JavaThread "Unconstrained build operations Thread 34" [_thread_blocked, id=2128, stack(0x000000d7de100000,0x000000d7de200000)]
  0x00000294b4da5e10 JavaThread "Unconstrained build operations Thread 35" [_thread_blocked, id=9496, stack(0x000000d7de200000,0x000000d7de300000)]
  0x00000294b4da3790 JavaThread "Unconstrained build operations Thread 36" [_thread_blocked, id=1660, stack(0x000000d7de300000,0x000000d7de400000)]
  0x00000294b4da0770 JavaThread "Unconstrained build operations Thread 37" [_thread_blocked, id=2484, stack(0x000000d7de400000,0x000000d7de500000)]
  0x00000294b4d9f900 JavaThread "Unconstrained build operations Thread 38" [_thread_blocked, id=5460, stack(0x000000d7de500000,0x000000d7de600000)]
  0x00000294b4da5470 JavaThread "Unconstrained build operations Thread 39" [_thread_blocked, id=8712, stack(0x000000d7de600000,0x000000d7de700000)]
  0x00000294b4da15e0 JavaThread "Unconstrained build operations Thread 40" [_thread_blocked, id=8564, stack(0x000000d7de700000,0x000000d7de800000)]
  0x00000294b4d9ea90 JavaThread "Memory manager" [_thread_blocked, id=9820, stack(0x000000d7de800000,0x000000d7de900000)]

Other Threads:
=>0x00000294b17bbd40 VMThread "VM Thread" [stack: 0x000000d7d9200000,0x000000d7d9300000] [id=7636]
  0x00000294b25d6200 WatcherThread [stack: 0x000000d7d9e00000,0x000000d7d9f00000] [id=2644]
  0x0000029496312250 GCTaskThread "GC Thread#0" [stack: 0x000000d7d8d00000,0x000000d7d8e00000] [id=10732]
  0x00000294b2d59590 GCTaskThread "GC Thread#1" [stack: 0x000000d7da000000,0x000000d7da100000] [id=2900]
  0x00000294b2d59840 GCTaskThread "GC Thread#2" [stack: 0x000000d7da100000,0x000000d7da200000] [id=9552]
  0x00000294b2d392d0 GCTaskThread "GC Thread#3" [stack: 0x000000d7da200000,0x000000d7da300000] [id=3468]
  0x0000029496323b00 ConcurrentGCThread "G1 Main Marker" [stack: 0x000000d7d8e00000,0x000000d7d8f00000] [id=8612]
  0x0000029496324670 ConcurrentGCThread "G1 Conc#0" [stack: 0x000000d7d8f00000,0x000000d7d9000000] [id=9036]
  0x000002949637d900 ConcurrentGCThread "G1 Refine#0" [stack: 0x000000d7d9000000,0x000000d7d9100000] [id=9352]
  0x00000294b77b29c0 ConcurrentGCThread "G1 Refine#1" [stack: 0x000000d7dbd00000,0x000000d7dbe00000] [id=2300]
  0x000002949637e320 ConcurrentGCThread "G1 Service" [stack: 0x000000d7d9100000,0x000000d7d9200000] [id=9940]

Threads with active compile tasks:
C2 CompilerThread0    14855 6492   !   4       com.google.common.reflect.TypeVisitor::visit (244 bytes)
C2 CompilerThread1    14855 6593 %     4       java.math.BigInteger::implSquareToLen @ 81 (154 bytes)

VM state: at safepoint (normal execution)

VM Mutex/Monitor currently owned by a thread:  ([mutex/lock_event])
[0x00000294962b1e10] Threads_lock - owner thread: 0x00000294b17bbd40
[0x00000294962b1900] Heap_lock - owner thread: 0x0000029496323b00

Heap address: 0x0000000080000000, size: 2048 MB, Compressed Oops mode: 32-bit

CDS archive(s) not mapped
Compressed class space mapped at: 0x0000000100000000-0x0000000140000000, reserved size: 1073741824
Narrow klass base: 0x0000000000000000, Narrow klass shift: 3, Narrow klass range: 0x140000000

GC Precious Log:
 CPUs: 4 total, 4 available
 Memory: 12264M
 Large Page Support: Disabled
 NUMA Support: Disabled
 Compressed Oops: Enabled (32-bit)
 Heap Region Size: 1M
 Heap Min Capacity: 8M
 Heap Initial Capacity: 192M
 Heap Max Capacity: 2G
 Pre-touch: Disabled
 Parallel Workers: 4
 Concurrent Workers: 1
 Concurrent Refinement Workers: 4
 Periodic GC: Disabled

Heap:
 garbage-first heap   total 198656K, used 131622K [0x0000000080000000, 0x0000000100000000)
  region size 1024K, 14 young (14336K), 3 survivors (3072K)
 Metaspace       used 64952K, committed 65600K, reserved 1105920K
  class space    used 8636K, committed 8960K, reserved 1048576K

Heap Regions: E=young(eden), S=young(survivor), O=old, HS=humongous(starts), HC=humongous(continues), CS=collection set, F=free, OA=open archive, CA=closed archive, TAMS=top-at-mark-start (previous, next)
|   0|0x0000000080000000, 0x0000000080100000, 0x0000000080100000|100%| O|  |TAMS 0x0000000080100000, 0x0000000080000000| Untracked 
|   1|0x0000000080100000, 0x0000000080200000, 0x0000000080200000|100%| O|  |TAMS 0x0000000080200000, 0x0000000080100000| Untracked 
|   2|0x0000000080200000, 0x0000000080300000, 0x0000000080300000|100%|HS|  |TAMS 0x0000000080300000, 0x0000000080200000| Complete 
|   3|0x0000000080300000, 0x0000000080400000, 0x0000000080400000|100%|HC|  |TAMS 0x0000000080400000, 0x0000000080300000| Complete 
|   4|0x0000000080400000, 0x0000000080500000, 0x0000000080500000|100%|HC|  |TAMS 0x0000000080500000, 0x0000000080400000| Complete 
|   5|0x0000000080500000, 0x0000000080600000, 0x0000000080600000|100%|HC|  |TAMS 0x0000000080600000, 0x0000000080500000| Complete 
|   6|0x0000000080600000, 0x0000000080700000, 0x0000000080700000|100%| O|  |TAMS 0x0000000080700000, 0x0000000080600000| Untracked 
|   7|0x0000000080700000, 0x0000000080800000, 0x0000000080800000|100%| O|  |TAMS 0x0000000080800000, 0x0000000080700000| Untracked 
|   8|0x0000000080800000, 0x0000000080900000, 0x0000000080900000|100%| O|  |TAMS 0x0000000080900000, 0x0000000080800000| Untracked 
|   9|0x0000000080900000, 0x0000000080a00000, 0x0000000080a00000|100%| O|  |TAMS 0x0000000080a00000, 0x0000000080900000| Untracked 
|  10|0x0000000080a00000, 0x0000000080b00000, 0x0000000080b00000|100%| O|  |TAMS 0x0000000080b00000, 0x0000000080a00000| Untracked 
|  11|0x0000000080b00000, 0x0000000080c00000, 0x0000000080c00000|100%|HS|  |TAMS 0x0000000080c00000, 0x0000000080b00000| Complete 
|  12|0x0000000080c00000, 0x0000000080d00000, 0x0000000080d00000|100%| O|  |TAMS 0x0000000080d00000, 0x0000000080c00000| Untracked 
|  13|0x0000000080d00000, 0x0000000080e00000, 0x0000000080e00000|100%| O|  |TAMS 0x0000000080e00000, 0x0000000080d00000| Untracked 
|  14|0x0000000080e00000, 0x0000000080f00000, 0x0000000080f00000|100%| O|  |TAMS 0x0000000080f00000, 0x0000000080e00000| Untracked 
|  15|0x0000000080f00000, 0x0000000081000000, 0x0000000081000000|100%| O|  |TAMS 0x0000000081000000, 0x0000000080f00000| Untracked 
|  16|0x0000000081000000, 0x0000000081100000, 0x0000000081100000|100%| O|  |TAMS 0x0000000081100000, 0x0000000081000000| Untracked 
|  17|0x0000000081100000, 0x0000000081200000, 0x0000000081200000|100%| O|  |TAMS 0x0000000081200000, 0x0000000081100000| Untracked 
|  18|0x0000000081200000, 0x0000000081300000, 0x0000000081300000|100%| O|  |TAMS 0x0000000081300000, 0x0000000081200000| Untracked 
|  19|0x0000000081300000, 0x0000000081400000, 0x0000000081400000|100%| O|  |TAMS 0x0000000081400000, 0x0000000081300000| Untracked 
|  20|0x0000000081400000, 0x0000000081500000, 0x0000000081500000|100%| O|  |TAMS 0x0000000081500000, 0x0000000081400000| Updating 
|  21|0x0000000081500000, 0x0000000081600000, 0x0000000081600000|100%|HS|  |TAMS 0x0000000081600000, 0x0000000081500000| Complete 
|  22|0x0000000081600000, 0x0000000081700000, 0x0000000081700000|100%|HC|  |TAMS 0x0000000081700000, 0x0000000081600000| Complete 
|  23|0x0000000081700000, 0x0000000081800000, 0x0000000081800000|100%|HS|  |TAMS 0x0000000081800000, 0x0000000081700000| Complete 
|  24|0x0000000081800000, 0x0000000081900000, 0x0000000081900000|100%|HC|  |TAMS 0x0000000081900000, 0x0000000081800000| Complete 
|  25|0x0000000081900000, 0x0000000081a00000, 0x0000000081a00000|100%|HC|  |TAMS 0x0000000081a00000, 0x0000000081900000| Complete 
|  26|0x0000000081a00000, 0x0000000081b00000, 0x0000000081b00000|100%|HS|  |TAMS 0x0000000081b00000, 0x0000000081a00000| Complete 
|  27|0x0000000081b00000, 0x0000000081c00000, 0x0000000081c00000|100%|HC|  |TAMS 0x0000000081c00000, 0x0000000081b00000| Complete 
|  28|0x0000000081c00000, 0x0000000081d00000, 0x0000000081d00000|100%|HC|  |TAMS 0x0000000081d00000, 0x0000000081c00000| Complete 
|  29|0x0000000081d00000, 0x0000000081e00000, 0x0000000081e00000|100%|HC|  |TAMS 0x0000000081e00000, 0x0000000081d00000| Complete 
|  30|0x0000000081e00000, 0x0000000081f00000, 0x0000000081f00000|100%|HC|  |TAMS 0x0000000081f00000, 0x0000000081e00000| Complete 
|  31|0x0000000081f00000, 0x0000000082000000, 0x0000000082000000|100%|HC|  |TAMS 0x0000000082000000, 0x0000000081f00000| Complete 
|  32|0x0000000082000000, 0x0000000082100000, 0x0000000082100000|100%|HS|  |TAMS 0x0000000082100000, 0x0000000082000000| Complete 
|  33|0x0000000082100000, 0x0000000082200000, 0x0000000082200000|100%|HC|  |TAMS 0x0000000082200000, 0x0000000082100000| Complete 
|  34|0x0000000082200000, 0x0000000082300000, 0x0000000082300000|100%|HS|  |TAMS 0x0000000082300000, 0x0000000082200000| Complete 
|  35|0x0000000082300000, 0x0000000082400000, 0x0000000082400000|100%|HC|  |TAMS 0x0000000082400000, 0x0000000082300000| Complete 
|  36|0x0000000082400000, 0x0000000082500000, 0x0000000082500000|100%|HC|  |TAMS 0x0000000082500000, 0x0000000082400000| Complete 
|  37|0x0000000082500000, 0x0000000082600000, 0x0000000082600000|100%|HC|  |TAMS 0x0000000082600000, 0x0000000082500000| Complete 
|  38|0x0000000082600000, 0x0000000082700000, 0x0000000082700000|100%|HC|  |TAMS 0x0000000082700000, 0x0000000082600000| Complete 
|  39|0x0000000082700000, 0x0000000082800000, 0x0000000082800000|100%|HC|  |TAMS 0x0000000082800000, 0x0000000082700000| Complete 
|  40|0x0000000082800000, 0x0000000082900000, 0x0000000082900000|100%|HC|  |TAMS 0x0000000082900000, 0x0000000082800000| Complete 
|  41|0x0000000082900000, 0x0000000082a00000, 0x0000000082a00000|100%|HC|  |TAMS 0x0000000082a00000, 0x0000000082900000| Complete 
|  42|0x0000000082a00000, 0x0000000082b00000, 0x0000000082b00000|100%|HC|  |TAMS 0x0000000082b00000, 0x0000000082a00000| Complete 
|  43|0x0000000082b00000, 0x0000000082c00000, 0x0000000082c00000|100%|HC|  |TAMS 0x0000000082c00000, 0x0000000082b00000| Complete 
|  44|0x0000000082c00000, 0x0000000082d00000, 0x0000000082d00000|100%| O|  |TAMS 0x0000000082d00000, 0x0000000082c00000| Untracked 
|  45|0x0000000082d00000, 0x0000000082e00000, 0x0000000082e00000|100%| O|  |TAMS 0x0000000082e00000, 0x0000000082d00000| Untracked 
|  46|0x0000000082e00000, 0x0000000082f00000, 0x0000000082f00000|100%| O|  |TAMS 0x0000000082f00000, 0x0000000082e00000| Untracked 
|  47|0x0000000082f00000, 0x0000000083000000, 0x0000000083000000|100%| O|  |TAMS 0x0000000083000000, 0x0000000082f00000| Untracked 
|  48|0x0000000083000000, 0x0000000083100000, 0x0000000083100000|100%|HS|  |TAMS 0x0000000083100000, 0x0000000083000000| Complete 
|  49|0x0000000083100000, 0x0000000083200000, 0x0000000083200000|100%|HC|  |TAMS 0x0000000083200000, 0x0000000083100000| Complete 
|  50|0x0000000083200000, 0x0000000083300000, 0x0000000083300000|100%|HS|  |TAMS 0x0000000083300000, 0x0000000083200000| Complete 
|  51|0x0000000083300000, 0x0000000083400000, 0x0000000083400000|100%|HC|  |TAMS 0x0000000083400000, 0x0000000083300000| Complete 
|  52|0x0000000083400000, 0x0000000083500000, 0x0000000083500000|100%|HC|  |TAMS 0x0000000083500000, 0x0000000083400000| Complete 
|  53|0x0000000083500000, 0x0000000083600000, 0x0000000083600000|100%| O|  |TAMS 0x0000000083600000, 0x0000000083500000| Updating 
|  54|0x0000000083600000, 0x0000000083700000, 0x0000000083700000|100%| O|  |TAMS 0x0000000083700000, 0x0000000083600000| Untracked 
|  55|0x0000000083700000, 0x0000000083800000, 0x0000000083800000|100%| O|  |TAMS 0x0000000083800000, 0x0000000083700000| Untracked 
|  56|0x0000000083800000, 0x0000000083900000, 0x0000000083900000|100%| O|  |TAMS 0x0000000083900000, 0x0000000083800000| Updating 
|  57|0x0000000083900000, 0x0000000083a00000, 0x0000000083a00000|100%| O|  |TAMS 0x0000000083a00000, 0x0000000083900000| Untracked 
|  58|0x0000000083a00000, 0x0000000083b00000, 0x0000000083b00000|100%| O|  |TAMS 0x0000000083b00000, 0x0000000083a00000| Untracked 
|  59|0x0000000083b00000, 0x0000000083c00000, 0x0000000083c00000|100%| O|  |TAMS 0x0000000083c00000, 0x0000000083b00000| Untracked 
|  60|0x0000000083c00000, 0x0000000083d00000, 0x0000000083d00000|100%| O|  |TAMS 0x0000000083d00000, 0x0000000083c00000| Untracked 
|  61|0x0000000083d00000, 0x0000000083e00000, 0x0000000083e00000|100%|HS|  |TAMS 0x0000000083e00000, 0x0000000083d00000| Complete 
|  62|0x0000000083e00000, 0x0000000083f00000, 0x0000000083f00000|100%|HC|  |TAMS 0x0000000083f00000, 0x0000000083e00000| Complete 
|  63|0x0000000083f00000, 0x0000000084000000, 0x0000000084000000|100%|HC|  |TAMS 0x0000000084000000, 0x0000000083f00000| Complete 
|  64|0x0000000084000000, 0x0000000084100000, 0x0000000084100000|100%|HC|  |TAMS 0x0000000084100000, 0x0000000084000000| Complete 
|  65|0x0000000084100000, 0x0000000084200000, 0x0000000084200000|100%|HC|  |TAMS 0x0000000084200000, 0x0000000084100000| Complete 
|  66|0x0000000084200000, 0x0000000084300000, 0x0000000084300000|100%|HC|  |TAMS 0x0000000084300000, 0x0000000084200000| Complete 
|  67|0x0000000084300000, 0x0000000084400000, 0x0000000084400000|100%|HC|  |TAMS 0x0000000084400000, 0x0000000084300000| Complete 
|  68|0x0000000084400000, 0x0000000084500000, 0x0000000084500000|100%|HC|  |TAMS 0x0000000084500000, 0x0000000084400000| Complete 
|  69|0x0000000084500000, 0x0000000084600000, 0x0000000084600000|100%|HC|  |TAMS 0x0000000084600000, 0x0000000084500000| Complete 
|  70|0x0000000084600000, 0x0000000084700000, 0x0000000084700000|100%|HC|  |TAMS 0x0000000084700000, 0x0000000084600000| Complete 
|  71|0x0000000084700000, 0x0000000084800000, 0x0000000084800000|100%|HC|  |TAMS 0x0000000084800000, 0x0000000084700000| Complete 
|  72|0x0000000084800000, 0x0000000084900000, 0x0000000084900000|100%|HS|  |TAMS 0x0000000084900000, 0x0000000084800000| Complete 
|  73|0x0000000084900000, 0x0000000084a00000, 0x0000000084a00000|100%|HC|  |TAMS 0x0000000084a00000, 0x0000000084900000| Complete 
|  74|0x0000000084a00000, 0x0000000084b00000, 0x0000000084b00000|100%|HS|  |TAMS 0x0000000084b00000, 0x0000000084a00000| Complete 
|  75|0x0000000084b00000, 0x0000000084c00000, 0x0000000084c00000|100%|HC|  |TAMS 0x0000000084c00000, 0x0000000084b00000| Complete 
|  76|0x0000000084c00000, 0x0000000084d00000, 0x0000000084d00000|100%|HC|  |TAMS 0x0000000084d00000, 0x0000000084c00000| Complete 
|  77|0x0000000084d00000, 0x0000000084e00000, 0x0000000084e00000|100%|HS|  |TAMS 0x0000000084e00000, 0x0000000084d00000| Complete 
|  78|0x0000000084e00000, 0x0000000084f00000, 0x0000000084f00000|100%|HC|  |TAMS 0x0000000084f00000, 0x0000000084e00000| Complete 
|  79|0x0000000084f00000, 0x0000000085000000, 0x0000000085000000|100%|HS|  |TAMS 0x0000000085000000, 0x0000000084f00000| Complete 
|  80|0x0000000085000000, 0x0000000085100000, 0x0000000085100000|100%|HC|  |TAMS 0x0000000085100000, 0x0000000085000000| Complete 
|  81|0x0000000085100000, 0x0000000085200000, 0x0000000085200000|100%|HC|  |TAMS 0x0000000085200000, 0x0000000085100000| Complete 
|  82|0x0000000085200000, 0x0000000085300000, 0x0000000085300000|100%| O|  |TAMS 0x0000000085300000, 0x0000000085200000| Untracked 
|  83|0x0000000085300000, 0x0000000085400000, 0x0000000085400000|100%| O|  |TAMS 0x0000000085400000, 0x0000000085300000| Untracked 
|  84|0x0000000085400000, 0x0000000085500000, 0x0000000085500000|100%| O|  |TAMS 0x0000000085500000, 0x0000000085400000| Untracked 
|  85|0x0000000085500000, 0x0000000085600000, 0x0000000085600000|100%| O|  |TAMS 0x0000000085600000, 0x0000000085500000| Untracked 
|  86|0x0000000085600000, 0x0000000085700000, 0x0000000085700000|100%| O|  |TAMS 0x0000000085700000, 0x0000000085600000| Untracked 
|  87|0x0000000085700000, 0x0000000085800000, 0x0000000085800000|100%| O|  |TAMS 0x0000000085800000, 0x0000000085700000| Untracked 
|  88|0x0000000085800000, 0x0000000085900000, 0x0000000085900000|100%| O|  |TAMS 0x0000000085900000, 0x0000000085800000| Untracked 
|  89|0x0000000085900000, 0x0000000085a00000, 0x0000000085a00000|100%|HS|  |TAMS 0x0000000085a00000, 0x0000000085900000| Complete 
|  90|0x0000000085a00000, 0x0000000085b00000, 0x0000000085b00000|100%|HC|  |TAMS 0x0000000085b00000, 0x0000000085a00000| Complete 
|  91|0x0000000085b00000, 0x0000000085c00000, 0x0000000085c00000|100%|HC|  |TAMS 0x0000000085c00000, 0x0000000085b00000| Complete 
|  92|0x0000000085c00000, 0x0000000085d00000, 0x0000000085d00000|100%|HC|  |TAMS 0x0000000085d00000, 0x0000000085c00000| Complete 
|  93|0x0000000085d00000, 0x0000000085e00000, 0x0000000085e00000|100%|HC|  |TAMS 0x0000000085e00000, 0x0000000085d00000| Complete 
|  94|0x0000000085e00000, 0x0000000085f00000, 0x0000000085f00000|100%|HC|  |TAMS 0x0000000085f00000, 0x0000000085e00000| Complete 
|  95|0x0000000085f00000, 0x0000000086000000, 0x0000000086000000|100%|HS|  |TAMS 0x0000000086000000, 0x0000000085f00000| Complete 
|  96|0x0000000086000000, 0x0000000086100000, 0x0000000086100000|100%| O|  |TAMS 0x0000000086100000, 0x0000000086000000| Untracked 
|  97|0x0000000086100000, 0x0000000086200000, 0x0000000086200000|100%|HS|  |TAMS 0x0000000086200000, 0x0000000086100000| Complete 
|  98|0x0000000086200000, 0x0000000086300000, 0x0000000086300000|100%|HS|  |TAMS 0x0000000086300000, 0x0000000086200000| Complete 
|  99|0x0000000086300000, 0x0000000086400000, 0x0000000086400000|100%| O|  |TAMS 0x0000000086400000, 0x0000000086300000| Untracked 
| 100|0x0000000086400000, 0x0000000086500000, 0x0000000086500000|100%| O|  |TAMS 0x0000000086500000, 0x0000000086400000| Updating 
| 101|0x0000000086500000, 0x0000000086600000, 0x0000000086600000|100%| O|  |TAMS 0x0000000086600000, 0x0000000086500000| Updating 
| 102|0x0000000086600000, 0x0000000086700000, 0x0000000086700000|100%| O|  |TAMS 0x0000000086700000, 0x0000000086600000| Untracked 
| 103|0x0000000086700000, 0x0000000086800000, 0x0000000086800000|100%| O|  |TAMS 0x0000000086800000, 0x0000000086700000| Untracked 
| 104|0x0000000086800000, 0x0000000086900000, 0x0000000086900000|100%| O|  |TAMS 0x0000000086900000, 0x0000000086800000| Untracked 
| 105|0x0000000086900000, 0x0000000086a00000, 0x0000000086a00000|100%| O|  |TAMS 0x0000000086a00000, 0x0000000086900000| Updating 
| 106|0x0000000086a00000, 0x0000000086b00000, 0x0000000086b00000|100%| O|  |TAMS 0x0000000086b00000, 0x0000000086a00000| Untracked 
| 107|0x0000000086b00000, 0x0000000086c00000, 0x0000000086c00000|100%| O|  |TAMS 0x0000000086c00000, 0x0000000086b00000| Updating 
| 108|0x0000000086c00000, 0x0000000086d00000, 0x0000000086d00000|100%| O|  |TAMS 0x0000000086d00000, 0x0000000086c00000| Untracked 
| 109|0x0000000086d00000, 0x0000000086e00000, 0x0000000086e00000|100%|HS|  |TAMS 0x0000000086d00000, 0x0000000086d00000| Complete 
| 110|0x0000000086e00000, 0x0000000086f00000, 0x0000000086f00000|100%|HS|  |TAMS 0x0000000086e00000, 0x0000000086e00000| Complete 
| 111|0x0000000086f00000, 0x0000000087000000, 0x0000000087000000|100%|HS|  |TAMS 0x0000000086f00000, 0x0000000086f00000| Complete 
| 112|0x0000000087000000, 0x0000000087100000, 0x0000000087100000|100%|HS|  |TAMS 0x0000000087000000, 0x0000000087000000| Complete 
| 113|0x0000000087100000, 0x0000000087200000, 0x0000000087200000|100%|HS|  |TAMS 0x0000000087100000, 0x0000000087100000| Complete 
| 114|0x0000000087200000, 0x0000000087300000, 0x0000000087300000|100%|HS|  |TAMS 0x0000000087200000, 0x0000000087200000| Complete 
| 115|0x0000000087300000, 0x0000000087300000, 0x0000000087400000|  0%| F|  |TAMS 0x0000000087300000, 0x0000000087300000| Untracked 
| 116|0x0000000087400000, 0x0000000087400000, 0x0000000087500000|  0%| F|  |TAMS 0x0000000087400000, 0x0000000087400000| Untracked 
| 117|0x0000000087500000, 0x0000000087500000, 0x0000000087600000|  0%| F|  |TAMS 0x0000000087500000, 0x0000000087500000| Untracked 
| 118|0x0000000087600000, 0x0000000087600000, 0x0000000087700000|  0%| F|  |TAMS 0x0000000087600000, 0x0000000087600000| Untracked 
| 119|0x0000000087700000, 0x0000000087700000, 0x0000000087800000|  0%| F|  |TAMS 0x0000000087700000, 0x0000000087700000| Untracked 
| 120|0x0000000087800000, 0x0000000087800000, 0x0000000087900000|  0%| F|  |TAMS 0x0000000087800000, 0x0000000087800000| Untracked 
| 121|0x0000000087900000, 0x0000000087900000, 0x0000000087a00000|  0%| F|  |TAMS 0x0000000087900000, 0x0000000087900000| Untracked 
| 122|0x0000000087a00000, 0x0000000087a00000, 0x0000000087b00000|  0%| F|  |TAMS 0x0000000087a00000, 0x0000000087a00000| Untracked 
| 123|0x0000000087b00000, 0x0000000087b00000, 0x0000000087c00000|  0%| F|  |TAMS 0x0000000087b00000, 0x0000000087b00000| Untracked 
| 124|0x0000000087c00000, 0x0000000087c00000, 0x0000000087d00000|  0%| F|  |TAMS 0x0000000087c00000, 0x0000000087c00000| Untracked 
| 125|0x0000000087d00000, 0x0000000087d00000, 0x0000000087e00000|  0%| F|  |TAMS 0x0000000087d00000, 0x0000000087d00000| Untracked 
| 126|0x0000000087e00000, 0x0000000087e00000, 0x0000000087f00000|  0%| F|  |TAMS 0x0000000087e00000, 0x0000000087e00000| Untracked 
| 127|0x0000000087f00000, 0x0000000087f00000, 0x0000000088000000|  0%| F|  |TAMS 0x0000000087f00000, 0x0000000087f00000| Untracked 
| 128|0x0000000088000000, 0x0000000088000000, 0x0000000088100000|  0%| F|  |TAMS 0x0000000088000000, 0x0000000088000000| Untracked 
| 129|0x0000000088100000, 0x0000000088100000, 0x0000000088200000|  0%| F|  |TAMS 0x0000000088100000, 0x0000000088100000| Untracked 
| 130|0x0000000088200000, 0x0000000088200000, 0x0000000088300000|  0%| F|  |TAMS 0x0000000088200000, 0x0000000088200000| Untracked 
| 131|0x0000000088300000, 0x0000000088300000, 0x0000000088400000|  0%| F|  |TAMS 0x0000000088300000, 0x0000000088300000| Untracked 
| 132|0x0000000088400000, 0x0000000088400000, 0x0000000088500000|  0%| F|  |TAMS 0x0000000088400000, 0x0000000088400000| Untracked 
| 133|0x0000000088500000, 0x0000000088500000, 0x0000000088600000|  0%| F|  |TAMS 0x0000000088500000, 0x0000000088500000| Untracked 
| 134|0x0000000088600000, 0x0000000088600000, 0x0000000088700000|  0%| F|  |TAMS 0x0000000088600000, 0x0000000088600000| Untracked 
| 135|0x0000000088700000, 0x0000000088700000, 0x0000000088800000|  0%| F|  |TAMS 0x0000000088700000, 0x0000000088700000| Untracked 
| 136|0x0000000088800000, 0x0000000088800000, 0x0000000088900000|  0%| F|  |TAMS 0x0000000088800000, 0x0000000088800000| Untracked 
| 137|0x0000000088900000, 0x0000000088900000, 0x0000000088a00000|  0%| F|  |TAMS 0x0000000088900000, 0x0000000088900000| Untracked 
| 138|0x0000000088a00000, 0x0000000088a00000, 0x0000000088b00000|  0%| F|  |TAMS 0x0000000088a00000, 0x0000000088a00000| Untracked 
| 139|0x0000000088b00000, 0x0000000088b00000, 0x0000000088c00000|  0%| F|  |TAMS 0x0000000088b00000, 0x0000000088b00000| Untracked 
| 140|0x0000000088c00000, 0x0000000088c00000, 0x0000000088d00000|  0%| F|  |TAMS 0x0000000088c00000, 0x0000000088c00000| Untracked 
| 141|0x0000000088d00000, 0x0000000088d00000, 0x0000000088e00000|  0%| F|  |TAMS 0x0000000088d00000, 0x0000000088d00000| Untracked 
| 142|0x0000000088e00000, 0x0000000088e00000, 0x0000000088f00000|  0%| F|  |TAMS 0x0000000088e00000, 0x0000000088e00000| Untracked 
| 143|0x0000000088f00000, 0x0000000088f00000, 0x0000000089000000|  0%| F|  |TAMS 0x0000000088f00000, 0x0000000088f00000| Untracked 
| 144|0x0000000089000000, 0x0000000089000000, 0x0000000089100000|  0%| F|  |TAMS 0x0000000089000000, 0x0000000089000000| Untracked 
| 145|0x0000000089100000, 0x0000000089100000, 0x0000000089200000|  0%| F|  |TAMS 0x0000000089100000, 0x0000000089100000| Untracked 
| 146|0x0000000089200000, 0x0000000089200000, 0x0000000089300000|  0%| F|  |TAMS 0x0000000089200000, 0x0000000089200000| Untracked 
| 147|0x0000000089300000, 0x0000000089300000, 0x0000000089400000|  0%| F|  |TAMS 0x0000000089300000, 0x0000000089300000| Untracked 
| 148|0x0000000089400000, 0x0000000089400000, 0x0000000089500000|  0%| F|  |TAMS 0x0000000089400000, 0x0000000089400000| Untracked 
| 149|0x0000000089500000, 0x0000000089500000, 0x0000000089600000|  0%| F|  |TAMS 0x0000000089500000, 0x0000000089500000| Untracked 
| 150|0x0000000089600000, 0x0000000089600000, 0x0000000089700000|  0%| F|  |TAMS 0x0000000089600000, 0x0000000089600000| Untracked 
| 151|0x0000000089700000, 0x0000000089700000, 0x0000000089800000|  0%| F|  |TAMS 0x0000000089700000, 0x0000000089700000| Untracked 
| 152|0x0000000089800000, 0x0000000089800000, 0x0000000089900000|  0%| F|  |TAMS 0x0000000089800000, 0x0000000089800000| Untracked 
| 153|0x0000000089900000, 0x0000000089900000, 0x0000000089a00000|  0%| F|  |TAMS 0x0000000089900000, 0x0000000089900000| Untracked 
| 154|0x0000000089a00000, 0x0000000089a00000, 0x0000000089b00000|  0%| F|  |TAMS 0x0000000089a00000, 0x0000000089a00000| Untracked 
| 155|0x0000000089b00000, 0x0000000089b00000, 0x0000000089c00000|  0%| F|  |TAMS 0x0000000089b00000, 0x0000000089b00000| Untracked 
| 156|0x0000000089c00000, 0x0000000089c00000, 0x0000000089d00000|  0%| F|  |TAMS 0x0000000089c00000, 0x0000000089c00000| Untracked 
| 157|0x0000000089d00000, 0x0000000089d00000, 0x0000000089e00000|  0%| F|  |TAMS 0x0000000089d00000, 0x0000000089d00000| Untracked 
| 158|0x0000000089e00000, 0x0000000089e00000, 0x0000000089f00000|  0%| F|  |TAMS 0x0000000089e00000, 0x0000000089e00000| Untracked 
| 159|0x0000000089f00000, 0x0000000089f00000, 0x000000008a000000|  0%| F|  |TAMS 0x0000000089f00000, 0x0000000089f00000| Untracked 
| 160|0x000000008a000000, 0x000000008a000000, 0x000000008a100000|  0%| F|  |TAMS 0x000000008a000000, 0x000000008a000000| Untracked 
| 161|0x000000008a100000, 0x000000008a100000, 0x000000008a200000|  0%| F|  |TAMS 0x000000008a100000, 0x000000008a100000| Untracked 
| 162|0x000000008a200000, 0x000000008a200000, 0x000000008a300000|  0%| F|  |TAMS 0x000000008a200000, 0x000000008a200000| Untracked 
| 163|0x000000008a300000, 0x000000008a300000, 0x000000008a400000|  0%| F|  |TAMS 0x000000008a300000, 0x000000008a300000| Untracked 
| 164|0x000000008a400000, 0x000000008a400000, 0x000000008a500000|  0%| F|  |TAMS 0x000000008a400000, 0x000000008a400000| Untracked 
| 165|0x000000008a500000, 0x000000008a500000, 0x000000008a600000|  0%| F|  |TAMS 0x000000008a500000, 0x000000008a500000| Untracked 
| 166|0x000000008a600000, 0x000000008a600000, 0x000000008a700000|  0%| F|  |TAMS 0x000000008a600000, 0x000000008a600000| Untracked 
| 167|0x000000008a700000, 0x000000008a700000, 0x000000008a800000|  0%| F|  |TAMS 0x000000008a700000, 0x000000008a700000| Untracked 
| 168|0x000000008a800000, 0x000000008a800000, 0x000000008a900000|  0%| F|  |TAMS 0x000000008a800000, 0x000000008a800000| Untracked 
| 169|0x000000008a900000, 0x000000008a900000, 0x000000008aa00000|  0%| F|  |TAMS 0x000000008a900000, 0x000000008a900000| Untracked 
| 170|0x000000008aa00000, 0x000000008aa00000, 0x000000008ab00000|  0%| F|  |TAMS 0x000000008aa00000, 0x000000008aa00000| Untracked 
| 171|0x000000008ab00000, 0x000000008ab00000, 0x000000008ac00000|  0%| F|  |TAMS 0x000000008ab00000, 0x000000008ab00000| Untracked 
| 172|0x000000008ac00000, 0x000000008ac00000, 0x000000008ad00000|  0%| F|  |TAMS 0x000000008ac00000, 0x000000008ac00000| Untracked 
| 173|0x000000008ad00000, 0x000000008ad00000, 0x000000008ae00000|  0%| F|  |TAMS 0x000000008ad00000, 0x000000008ad00000| Untracked 
| 174|0x000000008ae00000, 0x000000008ae00000, 0x000000008af00000|  0%| F|  |TAMS 0x000000008ae00000, 0x000000008ae00000| Untracked 
| 175|0x000000008af00000, 0x000000008af00000, 0x000000008b000000|  0%| F|  |TAMS 0x000000008af00000, 0x000000008af00000| Untracked 
| 176|0x000000008b000000, 0x000000008b000000, 0x000000008b100000|  0%| F|  |TAMS 0x000000008b000000, 0x000000008b000000| Untracked 
| 177|0x000000008b100000, 0x000000008b100000, 0x000000008b200000|  0%| F|  |TAMS 0x000000008b100000, 0x000000008b100000| Untracked 
| 178|0x000000008b200000, 0x000000008b200000, 0x000000008b300000|  0%| F|  |TAMS 0x000000008b200000, 0x000000008b200000| Untracked 
| 179|0x000000008b300000, 0x000000008b380800, 0x000000008b400000| 50%| E|  |TAMS 0x000000008b300000, 0x000000008b300000| Complete 
| 180|0x000000008b400000, 0x000000008b500000, 0x000000008b500000|100%| E|CS|TAMS 0x000000008b400000, 0x000000008b400000| Complete 
| 181|0x000000008b500000, 0x000000008b600000, 0x000000008b600000|100%| E|CS|TAMS 0x000000008b500000, 0x000000008b500000| Complete 
| 182|0x000000008b600000, 0x000000008b700000, 0x000000008b700000|100%| E|CS|TAMS 0x000000008b600000, 0x000000008b600000| Complete 
| 183|0x000000008b700000, 0x000000008b800000, 0x000000008b800000|100%| E|CS|TAMS 0x000000008b700000, 0x000000008b700000| Complete 
| 184|0x000000008b800000, 0x000000008b8899a0, 0x000000008b900000| 53%| S|CS|TAMS 0x000000008b800000, 0x000000008b800000| Complete 
| 185|0x000000008b900000, 0x000000008ba00000, 0x000000008ba00000|100%| E|CS|TAMS 0x000000008b900000, 0x000000008b900000| Complete 
| 186|0x000000008ba00000, 0x000000008bb00000, 0x000000008bb00000|100%| E|CS|TAMS 0x000000008ba00000, 0x000000008ba00000| Complete 
| 187|0x000000008bb00000, 0x000000008bc00000, 0x000000008bc00000|100%| E|CS|TAMS 0x000000008bb00000, 0x000000008bb00000| Complete 
| 188|0x000000008bc00000, 0x000000008bd00000, 0x000000008bd00000|100%| S|CS|TAMS 0x000000008bc00000, 0x000000008bc00000| Complete 
| 189|0x000000008bd00000, 0x000000008be00000, 0x000000008be00000|100%| S|CS|TAMS 0x000000008bd00000, 0x000000008bd00000| Complete 
| 190|0x000000008be00000, 0x000000008bf00000, 0x000000008bf00000|100%| E|CS|TAMS 0x000000008be00000, 0x000000008be00000| Complete 
| 191|0x000000008bf00000, 0x000000008c000000, 0x000000008c000000|100%| E|CS|TAMS 0x000000008bf00000, 0x000000008bf00000| Complete 
| 192|0x000000008c000000, 0x000000008c100000, 0x000000008c100000|100%| E|CS|TAMS 0x000000008c000000, 0x000000008c000000| Complete 
|2047|0x00000000fff00000, 0x0000000100000000, 0x0000000100000000|100%| O|  |TAMS 0x0000000100000000, 0x00000000fff00000| Updating 

Card table byte_map: [0x00000294aa9e0000,0x00000294aade0000] _byte_map_base: 0x00000294aa5e0000

Marking Bits (Prev, Next): (CMBitMap*) 0x0000029496313070, (CMBitMap*) 0x00000294963130b0
 Prev Bits: [0x00000294ab1e0000, 0x00000294ad1e0000)
 Next Bits: [0x00000294ad1e0000, 0x00000294af1e0000)

Polling page: 0x0000029496150000

Metaspace:

Usage:
  Non-class:     55.00 MB used.
      Class:      8.43 MB used.
       Both:     63.43 MB used.

Virtual space:
  Non-class space:       56.00 MB reserved,      55.31 MB ( 99%) committed,  7 nodes.
      Class space:        1.00 GB reserved,       8.75 MB ( <1%) committed,  1 nodes.
             Both:        1.05 GB reserved,      64.06 MB (  6%) committed. 

Chunk freelists:
   Non-Class:  525.00 KB
       Class:  3.12 MB
        Both:  3.64 MB

MaxMetaspaceSize: unlimited
CompressedClassSpaceSize: 1.00 GB
Initial GC threshold: 21.00 MB
Current GC threshold: 105.94 MB
CDS: off
MetaspaceReclaimPolicy: balanced
 - commit_granule_bytes: 65536.
 - commit_granule_words: 8192.
 - virtual_space_node_default_size: 1048576.
 - enlarge_chunks_in_place: 1.
 - new_chunks_are_fully_committed: 0.
 - uncommit_free_chunks: 1.
 - use_allocation_guard: 0.
 - handle_deallocations: 1.


Internal statistics:

num_allocs_failed_limit: 3.
num_arena_births: 672.
num_arena_deaths: 0.
num_vsnodes_births: 8.
num_vsnodes_deaths: 0.
num_space_committed: 1025.
num_space_uncommitted: 0.
num_chunks_returned_to_freelist: 3.
num_chunks_taken_from_freelist: 2817.
num_chunk_merges: 3.
num_chunk_splits: 1856.
num_chunks_enlarged: 1237.
num_purges: 0.
num_inconsistent_stats: 0.

CodeHeap 'non-profiled nmethods': size=120000Kb used=3156Kb max_used=3392Kb free=116843Kb
 bounds [0x00000294a2a80000, 0x00000294a2de0000, 0x00000294a9fb0000]
CodeHeap 'profiled nmethods': size=120000Kb used=11436Kb max_used=11609Kb free=108564Kb
 bounds [0x000002949afb0000, 0x000002949bb20000, 0x00000294a24e0000]
CodeHeap 'non-nmethods': size=5760Kb used=2349Kb max_used=2385Kb free=3410Kb
 bounds [0x00000294a24e0000, 0x00000294a2750000, 0x00000294a2a80000]
 total_blobs=6688 nmethods=5814 adapters=786
 compilation: enabled
              stopped_count=0, restarted_count=0
 full_count=0

Compilation events (20 events):
Event: 14.774 Thread 0x00000294b66d8040 nmethod 6534 0x00000294a2c59c90 code [0x00000294a2c59e00, 0x00000294a2c59ff8]
Event: 14.775 Thread 0x00000294b66d8040 6538 %     4       sun.security.provider.SHA::implCompress0 @ 379 (506 bytes)
Event: 14.777 Thread 0x00000294b24589b0 6589       3       java.math.MutableBigInteger::add (346 bytes)
Event: 14.778 Thread 0x00000294b24589b0 nmethod 6589 0x000002949b099510 code [0x000002949b099720, 0x000002949b09a148]
Event: 14.778 Thread 0x00000294b24589b0 6590       3       java.math.BigInteger::trustedStripLeadingZeroInts (37 bytes)
Event: 14.779 Thread 0x00000294b24589b0 nmethod 6590 0x000002949b099010 code [0x000002949b0991c0, 0x000002949b099428]
Event: 14.783 Thread 0x00000294b66d8040 nmethod 6538% 0x00000294a2c59590 code [0x00000294a2c59720, 0x00000294a2c59ab8]
Event: 14.783 Thread 0x00000294b66d8040 6584       4       sun.security.util.ManifestDigester::findSection (181 bytes)
Event: 14.784 Thread 0x00000294b24589b0 6591       3       java.math.BigInteger::multiplyToLen (20 bytes)
Event: 14.785 Thread 0x00000294b24589b0 nmethod 6591 0x000002949b098310 code [0x000002949b098540, 0x000002949b098c88]
Event: 14.786 Thread 0x00000294b24589b0 6592       3       java.math.BigInteger::montgomeryMultiply (54 bytes)
Event: 14.787 Thread 0x00000294b24589b0 nmethod 6592 0x000002949b097b10 code [0x000002949b097d00, 0x000002949b098118]
Event: 14.787 Thread 0x00000294b66d8040 nmethod 6584 0x00000294a2c58f10 code [0x00000294a2c590a0, 0x00000294a2c59358]
Event: 14.787 Thread 0x00000294b66d8040 6574 %     4       java.math.BigInteger::implMultiplyToLen @ 135 (216 bytes)
Event: 14.790 Thread 0x00000294b24589b0 6595       3       sun.security.util.ObjectIdentifier::hashCode (8 bytes)
Event: 14.790 Thread 0x00000294b24589b0 nmethod 6595 0x000002949b097790 code [0x000002949b097920, 0x000002949b097a68]
Event: 14.794 Thread 0x00000294b24589b0 6596       1       java.util.stream.FindOps$FindSink::cancellationRequested (5 bytes)
Event: 14.794 Thread 0x00000294b24589b0 nmethod 6596 0x00000294a2ce2310 code [0x00000294a2ce24a0, 0x00000294a2ce2578]
Event: 14.800 Thread 0x00000294b66d8040 nmethod 6574% 0x00000294a2c58610 code [0x00000294a2c587a0, 0x00000294a2c58c58]
Event: 14.800 Thread 0x00000294b66d8040 6593 %     4       java.math.BigInteger::implSquareToLen @ 81 (154 bytes)

GC Heap History (20 events):
Event: 9.383 GC heap before
{Heap before GC invocations=15 (full 0):
 garbage-first heap   total 139264K, used 84824K [0x0000000080000000, 0x0000000100000000)
  region size 1024K, 28 young (28672K), 6 survivors (6144K)
 Metaspace       used 46649K, committed 47040K, reserved 1089536K
  class space    used 6179K, committed 6336K, reserved 1048576K
}
Event: 9.396 GC heap after
{Heap after GC invocations=16 (full 0):
 garbage-first heap   total 139264K, used 66252K [0x0000000080000000, 0x0000000100000000)
  region size 1024K, 3 young (3072K), 3 survivors (3072K)
 Metaspace       used 46649K, committed 47040K, reserved 1089536K
  class space    used 6179K, committed 6336K, reserved 1048576K
}
Event: 9.873 GC heap before
{Heap before GC invocations=17 (full 0):
 garbage-first heap   total 140288K, used 97996K [0x0000000080000000, 0x0000000100000000)
  region size 1024K, 15 young (15360K), 3 survivors (3072K)
 Metaspace       used 47325K, committed 47808K, reserved 1097728K
  class space    used 6262K, committed 6464K, reserved 1048576K
}
Event: 9.881 GC heap after
{Heap after GC invocations=18 (full 0):
 garbage-first heap   total 140288K, used 89804K [0x0000000080000000, 0x0000000100000000)
  region size 1024K, 5 young (5120K), 5 survivors (5120K)
 Metaspace       used 47325K, committed 47808K, reserved 1097728K
  class space    used 6262K, committed 6464K, reserved 1048576K
}
Event: 10.486 GC heap before
{Heap before GC invocations=19 (full 0):
 garbage-first heap   total 155648K, used 110284K [0x0000000080000000, 0x0000000100000000)
  region size 1024K, 24 young (24576K), 5 survivors (5120K)
 Metaspace       used 49154K, committed 49600K, reserved 1097728K
  class space    used 6417K, committed 6592K, reserved 1048576K
}
Event: 10.497 GC heap after
{Heap after GC invocations=20 (full 0):
 garbage-first heap   total 155648K, used 91299K [0x0000000080000000, 0x0000000100000000)
  region size 1024K, 3 young (3072K), 3 survivors (3072K)
 Metaspace       used 49154K, committed 49600K, reserved 1097728K
  class space    used 6417K, committed 6592K, reserved 1048576K
}
Event: 10.933 GC heap before
{Heap before GC invocations=20 (full 0):
 garbage-first heap   total 155648K, used 107683K [0x0000000080000000, 0x0000000100000000)
  region size 1024K, 21 young (21504K), 3 survivors (3072K)
 Metaspace       used 50780K, committed 51264K, reserved 1097728K
  class space    used 6704K, committed 6912K, reserved 1048576K
}
Event: 10.940 GC heap after
{Heap after GC invocations=21 (full 0):
 garbage-first heap   total 155648K, used 93061K [0x0000000080000000, 0x0000000100000000)
  region size 1024K, 2 young (2048K), 2 survivors (2048K)
 Metaspace       used 50780K, committed 51264K, reserved 1097728K
  class space    used 6704K, committed 6912K, reserved 1048576K
}
Event: 11.739 GC heap before
{Heap before GC invocations=22 (full 0):
 garbage-first heap   total 174080K, used 125829K [0x0000000080000000, 0x0000000100000000)
  region size 1024K, 27 young (27648K), 2 survivors (2048K)
 Metaspace       used 53695K, committed 54208K, reserved 1097728K
  class space    used 7181K, committed 7424K, reserved 1048576K
}
Event: 11.751 GC heap after
{Heap after GC invocations=23 (full 0):
 garbage-first heap   total 174080K, used 101840K [0x0000000080000000, 0x0000000100000000)
  region size 1024K, 4 young (4096K), 4 survivors (4096K)
 Metaspace       used 53695K, committed 54208K, reserved 1097728K
  class space    used 7181K, committed 7424K, reserved 1048576K
}
Event: 12.517 GC heap before
{Heap before GC invocations=23 (full 0):
 garbage-first heap   total 174080K, used 125392K [0x0000000080000000, 0x0000000100000000)
  region size 1024K, 29 young (29696K), 4 survivors (4096K)
 Metaspace       used 54660K, committed 55232K, reserved 1097728K
  class space    used 7268K, committed 7552K, reserved 1048576K
}
Event: 12.525 GC heap after
{Heap after GC invocations=24 (full 0):
 garbage-first heap   total 174080K, used 103874K [0x0000000080000000, 0x0000000100000000)
  region size 1024K, 4 young (4096K), 4 survivors (4096K)
 Metaspace       used 54660K, committed 55232K, reserved 1097728K
  class space    used 7268K, committed 7552K, reserved 1048576K
}
Event: 12.667 GC heap before
{Heap before GC invocations=25 (full 0):
 garbage-first heap   total 186368K, used 112066K [0x0000000080000000, 0x0000000100000000)
  region size 1024K, 12 young (12288K), 4 survivors (4096K)
 Metaspace       used 55003K, committed 55616K, reserved 1097728K
  class space    used 7326K, committed 7616K, reserved 1048576K
}
Event: 12.674 GC heap after
{Heap after GC invocations=26 (full 0):
 garbage-first heap   total 186368K, used 110253K [0x0000000080000000, 0x0000000100000000)
  region size 1024K, 5 young (5120K), 5 survivors (5120K)
 Metaspace       used 55003K, committed 55616K, reserved 1097728K
  class space    used 7326K, committed 7616K, reserved 1048576K
}
Event: 13.241 GC heap before
{Heap before GC invocations=27 (full 0):
 garbage-first heap   total 194560K, used 137901K [0x0000000080000000, 0x0000000100000000)
  region size 1024K, 31 young (31744K), 5 survivors (5120K)
 Metaspace       used 58285K, committed 58880K, reserved 1105920K
  class space    used 7789K, committed 8064K, reserved 1048576K
}
Event: 13.249 GC heap after
{Heap after GC invocations=28 (full 0):
 garbage-first heap   total 194560K, used 112753K [0x0000000080000000, 0x0000000100000000)
  region size 1024K, 3 young (3072K), 3 survivors (3072K)
 Metaspace       used 58285K, committed 58880K, reserved 1105920K
  class space    used 7789K, committed 8064K, reserved 1048576K
}
Event: 14.414 GC heap before
{Heap before GC invocations=28 (full 0):
 garbage-first heap   total 194560K, used 142449K [0x0000000080000000, 0x0000000100000000)
  region size 1024K, 32 young (32768K), 3 survivors (3072K)
 Metaspace       used 63421K, committed 64064K, reserved 1105920K
  class space    used 8462K, committed 8768K, reserved 1048576K
}
Event: 14.420 GC heap after
{Heap after GC invocations=29 (full 0):
 garbage-first heap   total 194560K, used 114171K [0x0000000080000000, 0x0000000100000000)
  region size 1024K, 2 young (2048K), 2 survivors (2048K)
 Metaspace       used 63421K, committed 64064K, reserved 1105920K
  class space    used 8462K, committed 8768K, reserved 1048576K
}
Event: 14.684 GC heap before
{Heap before GC invocations=30 (full 0):
 garbage-first heap   total 198656K, used 119291K [0x0000000080000000, 0x0000000100000000)
  region size 1024K, 8 young (8192K), 2 survivors (2048K)
 Metaspace       used 64947K, committed 65600K, reserved 1105920K
  class space    used 8636K, committed 8960K, reserved 1048576K
}
Event: 14.691 GC heap after
{Heap after GC invocations=31 (full 0):
 garbage-first heap   total 198656K, used 115238K [0x0000000080000000, 0x0000000100000000)
  region size 1024K, 3 young (3072K), 3 survivors (3072K)
 Metaspace       used 64947K, committed 65600K, reserved 1105920K
  class space    used 8636K, committed 8960K, reserved 1048576K
}

Dll operation events (2 events):
Event: 0.010 Loaded shared library C:\Program Files\Android\Android Studio\jbr\bin\java.dll
Event: 0.601 Loaded shared library C:\Program Files\Android\Android Studio\jbr\bin\verify.dll

Deoptimization events (20 events):
Event: 14.725 Thread 0x00000294b3c69360 DEOPT PACKING pc=0x000002949afdb000 sp=0x000000d7da9f29c0
Event: 14.725 Thread 0x00000294b3c69360 DEOPT UNPACKING pc=0x00000294a2537143 sp=0x000000d7da9f1e30 mode 0
Event: 14.726 Thread 0x00000294b3c69360 DEOPT PACKING pc=0x000002949afdb000 sp=0x000000d7da9f29c0
Event: 14.726 Thread 0x00000294b3c69360 DEOPT UNPACKING pc=0x00000294a2537143 sp=0x000000d7da9f1e30 mode 0
Event: 14.726 Thread 0x00000294b3c69360 DEOPT PACKING pc=0x000002949afdb000 sp=0x000000d7da9f29c0
Event: 14.726 Thread 0x00000294b3c69360 DEOPT UNPACKING pc=0x00000294a2537143 sp=0x000000d7da9f1e30 mode 0
Event: 14.726 Thread 0x00000294b3c69360 DEOPT PACKING pc=0x000002949afdb000 sp=0x000000d7da9f29c0
Event: 14.726 Thread 0x00000294b3c69360 DEOPT UNPACKING pc=0x00000294a2537143 sp=0x000000d7da9f1e30 mode 0
Event: 14.726 Thread 0x00000294b3c69360 DEOPT PACKING pc=0x000002949afdb000 sp=0x000000d7da9f29c0
Event: 14.726 Thread 0x00000294b3c69360 DEOPT UNPACKING pc=0x00000294a2537143 sp=0x000000d7da9f1e30 mode 0
Event: 14.726 Thread 0x00000294b3c69360 DEOPT PACKING pc=0x000002949afdb000 sp=0x000000d7da9f29c0
Event: 14.726 Thread 0x00000294b3c69360 DEOPT UNPACKING pc=0x00000294a2537143 sp=0x000000d7da9f1e30 mode 0
Event: 14.727 Thread 0x00000294b3c69360 DEOPT PACKING pc=0x000002949afdb000 sp=0x000000d7da9f29c0
Event: 14.727 Thread 0x00000294b3c69360 DEOPT UNPACKING pc=0x00000294a2537143 sp=0x000000d7da9f1e30 mode 0
Event: 14.727 Thread 0x00000294b3c69360 DEOPT PACKING pc=0x000002949afdb000 sp=0x000000d7da9f29c0
Event: 14.727 Thread 0x00000294b3c69360 DEOPT UNPACKING pc=0x00000294a2537143 sp=0x000000d7da9f1e30 mode 0
Event: 14.727 Thread 0x00000294b3c69360 DEOPT PACKING pc=0x000002949afdb000 sp=0x000000d7da9f29c0
Event: 14.727 Thread 0x00000294b3c69360 DEOPT UNPACKING pc=0x00000294a2537143 sp=0x000000d7da9f1e30 mode 0
Event: 14.728 Thread 0x00000294b3c69360 DEOPT PACKING pc=0x000002949afdb000 sp=0x000000d7da9f29c0
Event: 14.728 Thread 0x00000294b3c69360 DEOPT UNPACKING pc=0x00000294a2537143 sp=0x000000d7da9f1e30 mode 0

Classes unloaded (0 events):
No events

Classes redefined (0 events):
No events

Internal exceptions (20 events):
Event: 11.420 Thread 0x00000294b3c69360 Exception <a 'java/lang/ClassNotFoundException'{0x0000000089b95f48}: build_1cxbv36q8i7a79zv4v2svh9gvBeanInfo> (0x0000000089b95f48) 
thrown [s\src\hotspot\share\classfile\systemDictionary.cpp, line 256]
Event: 11.421 Thread 0x00000294b3c69360 Exception <a 'java/lang/ClassNotFoundException'{0x0000000089ba1518}: org/gradle/api/internal/project/ProjectScriptBeanInfo> (0x0000000089ba1518) 
thrown [s\src\hotspot\share\classfile\systemDictionary.cpp, line 256]
Event: 11.421 Thread 0x00000294b3c69360 Exception <a 'java/lang/ClassNotFoundException'{0x0000000089bac890}: org/gradle/api/internal/project/ProjectScriptCustomizer> (0x0000000089bac890) 
thrown [s\src\hotspot\share\classfile\systemDictionary.cpp, line 256]
Event: 11.423 Thread 0x00000294b3c69360 Exception <a 'java/lang/ClassNotFoundException'{0x0000000089bc3e60}: build_1cxbv36q8i7a79zv4v2svh9gvCustomizer> (0x0000000089bc3e60) 
thrown [s\src\hotspot\share\classfile\systemDictionary.cpp, line 256]
Event: 11.440 Thread 0x00000294b3c69360 Exception <a 'java/lang/ClassNotFoundException'{0x0000000089a38228}: org/gradle/plugin/use/internal/PluginRequestCollector$PluginDependenciesSpecImplBeanInfo> (0x0000000089a38228) 
thrown [s\src\hotspot\share\classfile\systemDictionary.cpp, line 256]
Event: 11.441 Thread 0x00000294b3c69360 Exception <a 'java/lang/ClassNotFoundException'{0x0000000089a4a660}: org/gradle/plugin/use/internal/PluginRequestCollector$PluginDependenciesSpecImplCustomizer> (0x0000000089a4a660) 
thrown [s\src\hotspot\share\classfile\systemDictionary.cpp, line 256]
Event: 11.447 Thread 0x00000294b3c69360 Exception <a 'java/lang/ClassNotFoundException'{0x0000000089a83b40}: org/gradle/plugin/use/internal/PluginRequestCollector$PluginDependencySpecImplBeanInfo> (0x0000000089a83b40) 
thrown [s\src\hotspot\share\classfile\systemDictionary.cpp, line 256]
Event: 11.449 Thread 0x00000294b3c69360 Exception <a 'java/lang/ClassNotFoundException'{0x0000000089a959c8}: org/gradle/plugin/use/internal/PluginRequestCollector$PluginDependencySpecImplCustomizer> (0x0000000089a959c8) 
thrown [s\src\hotspot\share\classfile\systemDictionary.cpp, line 256]
Event: 11.766 Thread 0x00000294b3c69360 Exception <a 'java/lang/NoSuchMethodError'{0x000000008bf67330}: 'java.lang.Object java.lang.invoke.DirectMethodHandle$Holder.newInvokeSpecial(java.lang.Object, java.lang.Object, java.lang.Object, java.lang.Object, java.lang.Object, int)'> (0x000000008bf67330) 
thrown [s\src\hotspot\share\interpreter\linkResolver.cpp, line 771]
Event: 11.766 Thread 0x00000294b3c69360 Exception <a 'java/lang/NoSuchMethodError'{0x000000008bf6c988}: 'java.lang.Object java.lang.invoke.DirectMethodHandle$Holder.invokeSpecial(java.lang.Object, java.lang.Object, java.lang.Object, java.lang.Object, java.lang.Object, java.lang.Object, int)'> (0x000000008bf6c988) 
thrown [s\src\hotspot\share\interpreter\linkResolver.cpp, line 771]
Event: 11.786 Thread 0x00000294b3c69360 Exception <a 'java/lang/NoSuchMethodError'{0x000000008a709700}: 'void java.lang.invoke.DirectMethodHandle$Holder.invokeStatic(java.lang.Object, java.lang.Object, java.lang.Object, int, java.lang.Object)'> (0x000000008a709700) 
thrown [s\src\hotspot\share\interpreter\linkResolver.cpp, line 771]
Event: 12.510 Thread 0x00000294b3c69360 Exception <a 'java/lang/ClassNotFoundException'{0x0000000089098508}: build_dc513tavk3gzrmkh0klxar38xBeanInfo> (0x0000000089098508) 
thrown [s\src\hotspot\share\classfile\systemDictionary.cpp, line 256]
Event: 12.510 Thread 0x00000294b3c69360 Exception <a 'java/lang/ClassNotFoundException'{0x000000008909ed40}: build_dc513tavk3gzrmkh0klxar38xCustomizer> (0x000000008909ed40) 
thrown [s\src\hotspot\share\classfile\systemDictionary.cpp, line 256]
Event: 12.884 Thread 0x00000294b3c69360 Exception <a 'java/lang/NoSuchMethodError'{0x000000008b536058}: 'java.lang.Object java.lang.invoke.DirectMethodHandle$Holder.newInvokeSpecial(java.lang.Object, java.lang.Object, java.lang.Object, java.lang.Object, int)'> (0x000000008b536058) 
thrown [s\src\hotspot\share\interpreter\linkResolver.cpp, line 771]
Event: 12.885 Thread 0x00000294b3c69360 Exception <a 'java/lang/NoSuchMethodError'{0x000000008b53b4a0}: 'java.lang.Object java.lang.invoke.DirectMethodHandle$Holder.invokeSpecial(java.lang.Object, java.lang.Object, java.lang.Object, java.lang.Object, java.lang.Object, int)'> (0x000000008b53b4a0) 
thrown [s\src\hotspot\share\interpreter\linkResolver.cpp, line 771]
Event: 12.886 Thread 0x00000294b3c69360 Exception <a 'java/lang/NoSuchMethodError'{0x000000008b540220}: 'java.lang.Object java.lang.invoke.Invokers$Holder.linkToTargetMethod(java.lang.Object, java.lang.Object, java.lang.Object, int, java.lang.Object)'> (0x000000008b540220) 
thrown [s\src\hotspot\share\interpreter\linkResolver.cpp, line 771]
Event: 13.215 Thread 0x00000294b3c69360 Exception <a 'java/lang/NoSuchMethodError'{0x0000000089ff8538}: 'int java.lang.invoke.DirectMethodHandle$Holder.invokeInterface(java.lang.Object, java.lang.Object, java.lang.Object, java.lang.Object)'> (0x0000000089ff8538) 
thrown [s\src\hotspot\share\interpreter\linkResolver.cpp, line 771]
Event: 14.037 Thread 0x00000294b3c69360 Exception <a 'java/lang/IncompatibleClassChangeError'{0x000000008a7d2dc0}: Found class java.lang.Object, but interface was expected> (0x000000008a7d2dc0) 
thrown [s\src\hotspot\share\interpreter\linkResolver.cpp, line 838]
Event: 14.252 Thread 0x00000294b3c69360 Implicit null exception at 0x00000294a2cca7d4 to 0x00000294a2cca97c
Event: 14.519 Thread 0x00000294b3c69360 Implicit null exception at 0x00000294a2c6468c to 0x00000294a2c647be

VM Operations (20 events):
Event: 13.148 Executing VM operation: HandshakeAllThreads done
Event: 13.201 Executing VM operation: HandshakeAllThreads
Event: 13.201 Executing VM operation: HandshakeAllThreads done
Event: 13.213 Executing VM operation: HandshakeAllThreads
Event: 13.213 Executing VM operation: HandshakeAllThreads done
Event: 13.241 Executing VM operation: G1CollectForAllocation
Event: 13.249 Executing VM operation: G1CollectForAllocation done
Event: 14.256 Executing VM operation: Cleanup
Event: 14.256 Executing VM operation: Cleanup done
Event: 14.414 Executing VM operation: G1CollectForAllocation
Event: 14.420 Executing VM operation: G1CollectForAllocation done
Event: 14.479 Executing VM operation: HandshakeAllThreads
Event: 14.479 Executing VM operation: HandshakeAllThreads done
Event: 14.524 Executing VM operation: G1Concurrent
Event: 14.528 Executing VM operation: G1Concurrent done
Event: 14.579 Executing VM operation: G1Concurrent
Event: 14.579 Executing VM operation: G1Concurrent done
Event: 14.683 Executing VM operation: G1TryInitiateConcMark
Event: 14.691 Executing VM operation: G1TryInitiateConcMark done
Event: 14.804 Executing VM operation: G1Concurrent

Events (20 events):
Event: 14.607 loading class java/security/cert/CertPathValidatorException$BasicReason
Event: 14.607 loading class java/security/cert/CertPathValidatorException$Reason
Event: 14.607 loading class java/security/cert/CertPathValidatorException$Reason done
Event: 14.607 loading class java/security/cert/CertPathValidatorException$BasicReason done
Event: 14.608 loading class java/security/SignatureException
Event: 14.608 loading class java/security/SignatureException done
Event: 14.617 loading class sun/security/rsa/RSASignature$SHA256withRSA
Event: 14.617 loading class sun/security/rsa/RSASignature$SHA256withRSA done
Event: 14.620 loading class sun/security/provider/DSA$SHA256withDSA
Event: 14.620 loading class sun/security/provider/DSA$SHA256withDSA done
Event: 14.673 loading class java/util/Base64
Event: 14.673 loading class java/util/Base64 done
Event: 14.673 loading class java/util/Base64$Decoder
Event: 14.673 loading class java/util/Base64$Decoder done
Event: 14.673 loading class java/util/Base64$Encoder
Event: 14.673 loading class java/util/Base64$Encoder done
Event: 14.675 loading class java/util/jar/JarVerifier$VerifierStream
Event: 14.675 loading class java/util/jar/JarVerifier$VerifierStream done
Event: 14.676 loading class sun/security/util/ManifestEntryVerifier$SunProviderHolder
Event: 14.676 loading class sun/security/util/ManifestEntryVerifier$SunProviderHolder done


Dynamic libraries:
0x00007ff6fa840000 - 0x00007ff6fa84a000 	C:\Program Files\Android\Android Studio\jbr\bin\java.exe
0x00007ffbc3090000 - 0x00007ffbc32a4000 	C:\Windows\SYSTEM32\ntdll.dll
0x00007ffbc2a10000 - 0x00007ffbc2ad2000 	C:\Windows\System32\KERNEL32.DLL
0x00007ffbc0860000 - 0x00007ffbc0bfc000 	C:\Windows\System32\KERNELBASE.dll
0x00007ffbc0600000 - 0x00007ffbc0711000 	C:\Windows\System32\ucrtbase.dll
0x00007ffbbc190000 - 0x00007ffbbc1ab000 	C:\Program Files\Android\Android Studio\jbr\bin\VCRUNTIME140.dll
0x00007ffbbc170000 - 0x00007ffbbc187000 	C:\Program Files\Android\Android Studio\jbr\bin\jli.dll
0x00007ffbc17b0000 - 0x00007ffbc195b000 	C:\Windows\System32\USER32.dll
0x00007ffbc0c70000 - 0x00007ffbc0c96000 	C:\Windows\System32\win32u.dll
0x00007ffbba060000 - 0x00007ffbba2ee000 	C:\Windows\WinSxS\amd64_microsoft.windows.common-controls_6595b64144ccf1df_6.0.22621.1_none_60e502bd9af5bef0\COMCTL32.dll
0x00007ffbc2ef0000 - 0x00007ffbc2f97000 	C:\Windows\System32\msvcrt.dll
0x00007ffbc2e30000 - 0x00007ffbc2e59000 	C:\Windows\System32\GDI32.dll
0x00007ffbc04e0000 - 0x00007ffbc05f2000 	C:\Windows\System32\gdi32full.dll
0x00007ffbc0e10000 - 0x00007ffbc0eaa000 	C:\Windows\System32\msvcp_win.dll
0x00007ffbc2bd0000 - 0x00007ffbc2c01000 	C:\Windows\System32\IMM32.DLL
0x00007ffbbc160000 - 0x00007ffbbc16c000 	C:\Program Files\Android\Android Studio\jbr\bin\vcruntime140_1.dll
0x00007ffbb4bd0000 - 0x00007ffbb4c5d000 	C:\Program Files\Android\Android Studio\jbr\bin\msvcp140.dll
0x00007ffb92a70000 - 0x00007ffb936dd000 	C:\Program Files\Android\Android Studio\jbr\bin\server\jvm.dll
0x00007ffbc2240000 - 0x00007ffbc22ee000 	C:\Windows\System32\ADVAPI32.dll
0x00007ffbc1dc0000 - 0x00007ffbc1e64000 	C:\Windows\System32\sechost.dll
0x00007ffbc0eb0000 - 0x00007ffbc0fc5000 	C:\Windows\System32\RPCRT4.dll
0x00007ffbbb250000 - 0x00007ffbbb259000 	C:\Windows\SYSTEM32\WSOCK32.dll
0x00007ffbba440000 - 0x00007ffbba474000 	C:\Windows\SYSTEM32\WINMM.dll
0x00007ffbba710000 - 0x00007ffbba71a000 	C:\Windows\SYSTEM32\VERSION.dll
0x00007ffbc2c30000 - 0x00007ffbc2ca1000 	C:\Windows\System32\WS2_32.dll
0x00007ffbbf550000 - 0x00007ffbbf568000 	C:\Windows\SYSTEM32\kernel.appcore.dll
0x00007ffbb8910000 - 0x00007ffbb891a000 	C:\Program Files\Android\Android Studio\jbr\bin\jimage.dll
0x00007ffbb3be0000 - 0x00007ffbb3e0e000 	C:\Windows\SYSTEM32\DBGHELP.DLL
0x00007ffbc1e70000 - 0x00007ffbc21f9000 	C:\Windows\System32\combase.dll
0x00007ffbc2af0000 - 0x00007ffbc2bc7000 	C:\Windows\System32\OLEAUT32.dll
0x00007ffbac780000 - 0x00007ffbac7b2000 	C:\Windows\SYSTEM32\dbgcore.DLL
0x00007ffbc0720000 - 0x00007ffbc079b000 	C:\Windows\System32\bcryptPrimitives.dll
0x00007ffbb4e30000 - 0x00007ffbb4e55000 	C:\Program Files\Android\Android Studio\jbr\bin\java.dll
0x00007ffbb8880000 - 0x00007ffbb8898000 	C:\Program Files\Android\Android Studio\jbr\bin\zip.dll
0x00007ffbc0fd0000 - 0x00007ffbc17a8000 	C:\Windows\System32\SHELL32.dll
0x00007ffbbe520000 - 0x00007ffbbedd8000 	C:\Windows\SYSTEM32\windows.storage.dll
0x00007ffbbe3e0000 - 0x00007ffbbe51d000 	C:\Windows\SYSTEM32\wintypes.dll
0x00007ffbc19f0000 - 0x00007ffbc1ae1000 	C:\Windows\System32\SHCORE.dll
0x00007ffbc1d10000 - 0x00007ffbc1d6e000 	C:\Windows\System32\shlwapi.dll
0x00007ffbc0410000 - 0x00007ffbc0431000 	C:\Windows\SYSTEM32\profapi.dll
0x00007ffbb81d0000 - 0x00007ffbb81e9000 	C:\Program Files\Android\Android Studio\jbr\bin\net.dll
0x00007ffbbabf0000 - 0x00007ffbbad1f000 	C:\Windows\SYSTEM32\WINHTTP.dll
0x00007ffbbf9b0000 - 0x00007ffbbfa19000 	C:\Windows\system32\mswsock.dll
0x00007ffbb1f50000 - 0x00007ffbb1f66000 	C:\Program Files\Android\Android Studio\jbr\bin\nio.dll
0x00007ffbb5470000 - 0x00007ffbb5480000 	C:\Program Files\Android\Android Studio\jbr\bin\verify.dll
0x00007ffba7420000 - 0x00007ffba7447000 	C:\Users\Admin\.gradle\native\68d5fa5c4cc2d200863cafc0d521ce42e7d3e7ee720ec0a83991735586a16f82\windows-amd64\native-platform.dll
0x00007ffba2d40000 - 0x00007ffba2e84000 	C:\Users\Admin\.gradle\native\e376f236ea51e6404a007f0833ffe2c6e607c4080706a723a18a27aeea778392\windows-amd64\native-platform-file-events.dll
0x00007ffbb8900000 - 0x00007ffbb8909000 	C:\Program Files\Android\Android Studio\jbr\bin\management.dll
0x00007ffbb7ba0000 - 0x00007ffbb7bab000 	C:\Program Files\Android\Android Studio\jbr\bin\management_ext.dll
0x00007ffbc2ae0000 - 0x00007ffbc2ae8000 	C:\Windows\System32\PSAPI.DLL
0x00007ffbbfc00000 - 0x00007ffbbfc1b000 	C:\Windows\SYSTEM32\CRYPTSP.dll
0x00007ffbbf4c0000 - 0x00007ffbbf4f5000 	C:\Windows\system32\rsaenh.dll
0x00007ffbbfab0000 - 0x00007ffbbfad8000 	C:\Windows\SYSTEM32\USERENV.dll
0x00007ffbbfda0000 - 0x00007ffbbfdc8000 	C:\Windows\SYSTEM32\bcrypt.dll
0x00007ffbbfc20000 - 0x00007ffbbfc2c000 	C:\Windows\SYSTEM32\CRYPTBASE.dll
0x00007ffbbf070000 - 0x00007ffbbf09d000 	C:\Windows\SYSTEM32\IPHLPAPI.DLL
0x00007ffbc1960000 - 0x00007ffbc1969000 	C:\Windows\System32\NSI.dll
0x00007ffbbabb0000 - 0x00007ffbbabc9000 	C:\Windows\SYSTEM32\dhcpcsvc6.DLL
0x00007ffbbab90000 - 0x00007ffbbabaf000 	C:\Windows\SYSTEM32\dhcpcsvc.DLL
0x00007ffbbf0f0000 - 0x00007ffbbf1e2000 	C:\Windows\SYSTEM32\DNSAPI.dll
0x00007ffbb46a0000 - 0x00007ffbb46a8000 	C:\Windows\system32\wshunix.dll

dbghelp: loaded successfully - version: 4.0.5 - missing functions: none
symbol engine: initialized successfully - sym options: 0x614 - pdb path: .;C:\Program Files\Android\Android Studio\jbr\bin;C:\Windows\SYSTEM32;C:\Windows\WinSxS\amd64_microsoft.windows.common-controls_6595b64144ccf1df_6.0.22621.1_none_60e502bd9af5bef0;C:\Program Files\Android\Android Studio\jbr\bin\server;C:\Users\Admin\.gradle\native\68d5fa5c4cc2d200863cafc0d521ce42e7d3e7ee720ec0a83991735586a16f82\windows-amd64;C:\Users\Admin\.gradle\native\e376f236ea51e6404a007f0833ffe2c6e607c4080706a723a18a27aeea778392\windows-amd64

VM Arguments:
jvm_args: --add-opens=java.base/java.util=ALL-UNNAMED --add-opens=java.base/java.lang=ALL-UNNAMED --add-opens=java.base/java.lang.invoke=ALL-UNNAMED --add-opens=java.prefs/java.util.prefs=ALL-UNNAMED --add-opens=java.base/java.nio.charset=ALL-UNNAMED --add-opens=java.base/java.net=ALL-UNNAMED --add-opens=java.base/java.util.concurrent.atomic=ALL-UNNAMED -Xmx2048m -Dfile.encoding=UTF-8 -Duser.country=US -Duser.language=en -Duser.variant 
java_command: org.gradle.launcher.daemon.bootstrap.GradleDaemon 8.0
java_class_path (initial): C:\Users\Admin\.gradle\wrapper\dists\gradle-8.0-bin\ca5e32bp14vu59qr306oxotwh\gradle-8.0\lib\gradle-launcher-8.0.jar
Launcher Type: SUN_STANDARD

[Global flags]
     intx CICompilerCount                          = 3                                         {product} {ergonomic}
     uint ConcGCThreads                            = 1                                         {product} {ergonomic}
     uint G1ConcRefinementThreads                  = 4                                         {product} {ergonomic}
   size_t G1HeapRegionSize                         = 1048576                                   {product} {ergonomic}
    uintx GCDrainStackTargetSize                   = 64                                        {product} {ergonomic}
   size_t InitialHeapSize                          = 201326592                                 {product} {ergonomic}
   size_t MarkStackSize                            = 4194304                                   {product} {ergonomic}
   size_t MaxHeapSize                              = 2147483648                                {product} {command line}
   size_t MaxNewSize                               = 1287651328                                {product} {ergonomic}
   size_t MinHeapDeltaBytes                        = 1048576                                   {product} {ergonomic}
   size_t MinHeapSize                              = 8388608                                   {product} {ergonomic}
    uintx NonNMethodCodeHeapSize                   = 5832780                                {pd product} {ergonomic}
    uintx NonProfiledCodeHeapSize                  = 122912730                              {pd product} {ergonomic}
    uintx ProfiledCodeHeapSize                     = 122912730                              {pd product} {ergonomic}
    uintx ReservedCodeCacheSize                    = 251658240                              {pd product} {ergonomic}
     bool SegmentedCodeCache                       = true                                      {product} {ergonomic}
   size_t SoftMaxHeapSize                          = 2147483648                             {manageable} {ergonomic}
     bool UseCompressedClassPointers               = true                           {product lp64_product} {ergonomic}
     bool UseCompressedOops                        = true                           {product lp64_product} {ergonomic}
     bool UseG1GC                                  = true                                      {product} {ergonomic}
     bool UseLargePagesIndividualAllocation        = false                                  {pd product} {ergonomic}

Logging:
Log output configuration:
 #0: stdout all=warning uptime,level,tags
 #1: stderr all=off uptime,level,tags

Environment Variables:
PATH=C:\Program Files\Common Files\Oracle\Java\javapath;C:\Windows\system32;C:\Windows;C:\Windows\System32\Wbem;C:\Windows\System32\WindowsPowerShell\v1.0\;C:\Windows\System32\OpenSSH\;C:\Program Files (x86)\NVIDIA Corporation\PhysX\Common;C:\Program Files\dotnet\;C:\Program Files\Git\cmd;C:\Users\Admin\AppData\Local\Microsoft\WindowsApps;C:\Users\Admin\.dotnet\tools
USERNAME=Admin
OS=Windows_NT
PROCESSOR_IDENTIFIER=Intel64 Family 6 Model 42 Stepping 7, GenuineIntel
TMP=C:\Users\Admin\AppData\Local\Temp
TEMP=C:\Users\Admin\AppData\Local\Temp



---------------  S Y S T E M  ---------------

OS:
 Windows 11 , 64 bit Build 22621 (10.0.22621.1)
OS uptime: 0 days 5:25 hours

CPU: total 4 (initial active 4) (2 cores per cpu, 2 threads per core) family 6 model 42 stepping 7 microcode 0x2f, cx8, cmov, fxsr, ht, mmx, sse, sse2, sse3, ssse3, sse4.1, sse4.2, popcnt, tsc, tscinvbit, avx, clmul, vzeroupper, clflush

Memory: 4k page, system-wide physical 12264M (2624M free)
TotalPageFile size 12264M (AvailPageFile size 9M)
current process WorkingSet (physical memory assigned to process): 403M, peak: 403M
current process commit charge ("private bytes"): 436M, peak: 458M

vm_info: OpenJDK 64-Bit Server VM (17.0.6+0-b2043.56-9586694) for windows-amd64 JRE (17.0.6+0-b2043.56-9586694), built on Feb  9 2023 20:06:20 by "androidbuild" with MS VC++ 16.10 / 16.11 (VS2019)

END.
